openlane/Peripheral_SPI\runs\Peripheral_SPI\logs\synthesis\1-synthesis.log[45]: Warning: Yosys has only limited support for tri-state logic at the moment. (/home/crab/windows/ASIC/ExperiarSoC/openlane/Peripheral_SPI/../../verilog/rtl/Peripherals/Registers/ConfigurationRegister.v:35)
openlane/Peripheral_SPI\runs\Peripheral_SPI\logs\synthesis\1-synthesis.log[46]: Warning: Yosys has only limited support for tri-state logic at the moment. (/home/crab/windows/ASIC/ExperiarSoC/openlane/Peripheral_SPI/../../verilog/rtl/Peripherals/Registers/ConfigurationRegister.v:38)
openlane/Peripheral_SPI\runs\Peripheral_SPI\logs\synthesis\1-synthesis.log[52]: Warning: Yosys has only limited support for tri-state logic at the moment. (/home/crab/windows/ASIC/ExperiarSoC/openlane/Peripheral_SPI/../../verilog/rtl/Peripherals/Registers/DataRegister.v:33)
openlane/Peripheral_SPI\runs\Peripheral_SPI\logs\synthesis\1-synthesis.log[53]: Warning: Yosys has only limited support for tri-state logic at the moment. (/home/crab/windows/ASIC/ExperiarSoC/openlane/Peripheral_SPI/../../verilog/rtl/Peripherals/Registers/DataRegister.v:36)
openlane/Peripheral_SPI\runs\Peripheral_SPI\logs\synthesis\1-synthesis.log[403]: Warning: multiple conflicting drivers for SPI.\peripheralBus_data [31]:
openlane/Peripheral_SPI\runs\Peripheral_SPI\logs\synthesis\1-synthesis.log[409]: Warning: multiple conflicting drivers for SPI.\peripheralBus_data [30]:
openlane/Peripheral_SPI\runs\Peripheral_SPI\logs\synthesis\1-synthesis.log[415]: Warning: multiple conflicting drivers for SPI.\peripheralBus_data [29]:
openlane/Peripheral_SPI\runs\Peripheral_SPI\logs\synthesis\1-synthesis.log[421]: Warning: multiple conflicting drivers for SPI.\peripheralBus_data [28]:
openlane/Peripheral_SPI\runs\Peripheral_SPI\logs\synthesis\1-synthesis.log[427]: Warning: multiple conflicting drivers for SPI.\peripheralBus_data [27]:
openlane/Peripheral_SPI\runs\Peripheral_SPI\logs\synthesis\1-synthesis.log[433]: Warning: multiple conflicting drivers for SPI.\peripheralBus_data [26]:
openlane/Peripheral_SPI\runs\Peripheral_SPI\logs\synthesis\1-synthesis.log[439]: Warning: multiple conflicting drivers for SPI.\peripheralBus_data [25]:
openlane/Peripheral_SPI\runs\Peripheral_SPI\logs\synthesis\1-synthesis.log[445]: Warning: multiple conflicting drivers for SPI.\peripheralBus_data [24]:
openlane/Peripheral_SPI\runs\Peripheral_SPI\logs\synthesis\1-synthesis.log[451]: Warning: multiple conflicting drivers for SPI.\peripheralBus_data [23]:
openlane/Peripheral_SPI\runs\Peripheral_SPI\logs\synthesis\1-synthesis.log[457]: Warning: multiple conflicting drivers for SPI.\peripheralBus_data [22]:
openlane/Peripheral_SPI\runs\Peripheral_SPI\logs\synthesis\1-synthesis.log[463]: Warning: multiple conflicting drivers for SPI.\peripheralBus_data [21]:
openlane/Peripheral_SPI\runs\Peripheral_SPI\logs\synthesis\1-synthesis.log[469]: Warning: multiple conflicting drivers for SPI.\peripheralBus_data [20]:
openlane/Peripheral_SPI\runs\Peripheral_SPI\logs\synthesis\1-synthesis.log[475]: Warning: multiple conflicting drivers for SPI.\peripheralBus_data [19]:
openlane/Peripheral_SPI\runs\Peripheral_SPI\logs\synthesis\1-synthesis.log[481]: Warning: multiple conflicting drivers for SPI.\peripheralBus_data [18]:
openlane/Peripheral_SPI\runs\Peripheral_SPI\logs\synthesis\1-synthesis.log[487]: Warning: multiple conflicting drivers for SPI.\peripheralBus_data [17]:
openlane/Peripheral_SPI\runs\Peripheral_SPI\logs\synthesis\1-synthesis.log[493]: Warning: multiple conflicting drivers for SPI.\peripheralBus_data [16]:
openlane/Peripheral_SPI\runs\Peripheral_SPI\logs\synthesis\1-synthesis.log[499]: Warning: multiple conflicting drivers for SPI.\peripheralBus_data [15]:
openlane/Peripheral_SPI\runs\Peripheral_SPI\logs\synthesis\1-synthesis.log[505]: Warning: multiple conflicting drivers for SPI.\peripheralBus_data [14]:
openlane/Peripheral_SPI\runs\Peripheral_SPI\logs\synthesis\1-synthesis.log[511]: Warning: multiple conflicting drivers for SPI.\peripheralBus_data [13]:
openlane/Peripheral_SPI\runs\Peripheral_SPI\logs\synthesis\1-synthesis.log[517]: Warning: multiple conflicting drivers for SPI.\peripheralBus_data [12]:
openlane/Peripheral_SPI\runs\Peripheral_SPI\logs\synthesis\1-synthesis.log[523]: Warning: multiple conflicting drivers for SPI.\peripheralBus_data [11]:
openlane/Peripheral_SPI\runs\Peripheral_SPI\logs\synthesis\1-synthesis.log[529]: Warning: multiple conflicting drivers for SPI.\peripheralBus_data [10]:
openlane/Peripheral_SPI\runs\Peripheral_SPI\logs\synthesis\1-synthesis.log[535]: Warning: multiple conflicting drivers for SPI.\peripheralBus_data [9]:
openlane/Peripheral_SPI\runs\Peripheral_SPI\logs\synthesis\1-synthesis.log[541]: Warning: multiple conflicting drivers for SPI.\peripheralBus_data [8]:
openlane/Peripheral_SPI\runs\Peripheral_SPI\logs\synthesis\1-synthesis.log[547]: Warning: multiple conflicting drivers for SPI.\peripheralBus_data [7]:
openlane/Peripheral_SPI\runs\Peripheral_SPI\logs\synthesis\1-synthesis.log[553]: Warning: multiple conflicting drivers for SPI.\peripheralBus_data [6]:
openlane/Peripheral_SPI\runs\Peripheral_SPI\logs\synthesis\1-synthesis.log[559]: Warning: multiple conflicting drivers for SPI.\peripheralBus_data [5]:
openlane/Peripheral_SPI\runs\Peripheral_SPI\logs\synthesis\1-synthesis.log[565]: Warning: multiple conflicting drivers for SPI.\peripheralBus_data [4]:
openlane/Peripheral_SPI\runs\Peripheral_SPI\logs\synthesis\1-synthesis.log[571]: Warning: multiple conflicting drivers for SPI.\peripheralBus_data [3]:
openlane/Peripheral_SPI\runs\Peripheral_SPI\logs\synthesis\1-synthesis.log[577]: Warning: multiple conflicting drivers for SPI.\peripheralBus_data [2]:
openlane/Peripheral_SPI\runs\Peripheral_SPI\logs\synthesis\1-synthesis.log[583]: Warning: multiple conflicting drivers for SPI.\peripheralBus_data [1]:
openlane/Peripheral_SPI\runs\Peripheral_SPI\logs\synthesis\1-synthesis.log[589]: Warning: multiple conflicting drivers for SPI.\peripheralBus_data [0]:
openlane/Peripheral_SPI\runs\Peripheral_SPI\logs\synthesis\1-synthesis.log[595]: Warning: Wire SPI.\spi_en [1] is used but has no driver.
openlane/Peripheral_SPI\runs\Peripheral_SPI\logs\synthesis\1-synthesis.log[596]: Warning: Wire SPI.\spi_en [0] is used but has no driver.
openlane/Peripheral_SPI\runs\Peripheral_SPI\logs\synthesis\1-synthesis.log[1207]: Warning: multiple conflicting drivers for SPI.\peripheralBus_data [31]:
openlane/Peripheral_SPI\runs\Peripheral_SPI\logs\synthesis\1-synthesis.log[1213]: Warning: multiple conflicting drivers for SPI.\peripheralBus_data [30]:
openlane/Peripheral_SPI\runs\Peripheral_SPI\logs\synthesis\1-synthesis.log[1219]: Warning: multiple conflicting drivers for SPI.\peripheralBus_data [29]:
openlane/Peripheral_SPI\runs\Peripheral_SPI\logs\synthesis\1-synthesis.log[1225]: Warning: multiple conflicting drivers for SPI.\peripheralBus_data [28]:
openlane/Peripheral_SPI\runs\Peripheral_SPI\logs\synthesis\1-synthesis.log[1231]: Warning: multiple conflicting drivers for SPI.\peripheralBus_data [27]:
openlane/Peripheral_SPI\runs\Peripheral_SPI\logs\synthesis\1-synthesis.log[1237]: Warning: multiple conflicting drivers for SPI.\peripheralBus_data [26]:
openlane/Peripheral_SPI\runs\Peripheral_SPI\logs\synthesis\1-synthesis.log[1243]: Warning: multiple conflicting drivers for SPI.\peripheralBus_data [25]:
openlane/Peripheral_SPI\runs\Peripheral_SPI\logs\synthesis\1-synthesis.log[1249]: Warning: multiple conflicting drivers for SPI.\peripheralBus_data [24]:
openlane/Peripheral_SPI\runs\Peripheral_SPI\logs\synthesis\1-synthesis.log[1255]: Warning: multiple conflicting drivers for SPI.\peripheralBus_data [23]:
openlane/Peripheral_SPI\runs\Peripheral_SPI\logs\synthesis\1-synthesis.log[1261]: Warning: multiple conflicting drivers for SPI.\peripheralBus_data [22]:
openlane/Peripheral_SPI\runs\Peripheral_SPI\logs\synthesis\1-synthesis.log[1267]: Warning: multiple conflicting drivers for SPI.\peripheralBus_data [21]:
openlane/Peripheral_SPI\runs\Peripheral_SPI\logs\synthesis\1-synthesis.log[1273]: Warning: multiple conflicting drivers for SPI.\peripheralBus_data [20]:
openlane/Peripheral_SPI\runs\Peripheral_SPI\logs\synthesis\1-synthesis.log[1279]: Warning: multiple conflicting drivers for SPI.\peripheralBus_data [19]:
openlane/Peripheral_SPI\runs\Peripheral_SPI\logs\synthesis\1-synthesis.log[1285]: Warning: multiple conflicting drivers for SPI.\peripheralBus_data [18]:
openlane/Peripheral_SPI\runs\Peripheral_SPI\logs\synthesis\1-synthesis.log[1291]: Warning: multiple conflicting drivers for SPI.\peripheralBus_data [17]:
openlane/Peripheral_SPI\runs\Peripheral_SPI\logs\synthesis\1-synthesis.log[1297]: Warning: multiple conflicting drivers for SPI.\peripheralBus_data [16]:
openlane/Peripheral_SPI\runs\Peripheral_SPI\logs\synthesis\1-synthesis.log[1303]: Warning: multiple conflicting drivers for SPI.\peripheralBus_data [15]:
openlane/Peripheral_SPI\runs\Peripheral_SPI\logs\synthesis\1-synthesis.log[1309]: Warning: multiple conflicting drivers for SPI.\peripheralBus_data [14]:
openlane/Peripheral_SPI\runs\Peripheral_SPI\logs\synthesis\1-synthesis.log[1315]: Warning: multiple conflicting drivers for SPI.\peripheralBus_data [13]:
openlane/Peripheral_SPI\runs\Peripheral_SPI\logs\synthesis\1-synthesis.log[1321]: Warning: multiple conflicting drivers for SPI.\peripheralBus_data [12]:
openlane/Peripheral_SPI\runs\Peripheral_SPI\logs\synthesis\1-synthesis.log[1327]: Warning: multiple conflicting drivers for SPI.\peripheralBus_data [11]:
openlane/Peripheral_SPI\runs\Peripheral_SPI\logs\synthesis\1-synthesis.log[1333]: Warning: multiple conflicting drivers for SPI.\peripheralBus_data [10]:
openlane/Peripheral_SPI\runs\Peripheral_SPI\logs\synthesis\1-synthesis.log[1339]: Warning: multiple conflicting drivers for SPI.\peripheralBus_data [9]:
openlane/Peripheral_SPI\runs\Peripheral_SPI\logs\synthesis\1-synthesis.log[1345]: Warning: multiple conflicting drivers for SPI.\peripheralBus_data [8]:
openlane/Peripheral_SPI\runs\Peripheral_SPI\logs\synthesis\1-synthesis.log[1351]: Warning: multiple conflicting drivers for SPI.\peripheralBus_data [7]:
openlane/Peripheral_SPI\runs\Peripheral_SPI\logs\synthesis\1-synthesis.log[1357]: Warning: multiple conflicting drivers for SPI.\peripheralBus_data [6]:
openlane/Peripheral_SPI\runs\Peripheral_SPI\logs\synthesis\1-synthesis.log[1363]: Warning: multiple conflicting drivers for SPI.\peripheralBus_data [5]:
openlane/Peripheral_SPI\runs\Peripheral_SPI\logs\synthesis\1-synthesis.log[1369]: Warning: multiple conflicting drivers for SPI.\peripheralBus_data [4]:
openlane/Peripheral_SPI\runs\Peripheral_SPI\logs\synthesis\1-synthesis.log[1375]: Warning: multiple conflicting drivers for SPI.\peripheralBus_data [3]:
openlane/Peripheral_SPI\runs\Peripheral_SPI\logs\synthesis\1-synthesis.log[1381]: Warning: multiple conflicting drivers for SPI.\peripheralBus_data [2]:
openlane/Peripheral_SPI\runs\Peripheral_SPI\logs\synthesis\1-synthesis.log[1387]: Warning: multiple conflicting drivers for SPI.\peripheralBus_data [1]:
openlane/Peripheral_SPI\runs\Peripheral_SPI\logs\synthesis\1-synthesis.log[1393]: Warning: multiple conflicting drivers for SPI.\peripheralBus_data [0]:
openlane/Peripheral_SPI\runs\Peripheral_SPI\logs\synthesis\1-synthesis.log[1717]: ABC: Warning: Detected 2 multi-output gates (for example, "sky130_fd_sc_hd__fa_1").
openlane/Peripheral_SPI\runs\Peripheral_SPI\logs\synthesis\1-synthesis.log[1845]: Warning: Wire SPI.\spi_mosi [1] is used but has no driver.
openlane/Peripheral_SPI\runs\Peripheral_SPI\logs\synthesis\1-synthesis.log[1846]: Warning: Wire SPI.\spi_mosi [0] is used but has no driver.
openlane/Peripheral_SPI\runs\Peripheral_SPI\logs\synthesis\1-synthesis.log[1847]: Warning: Wire SPI.\spi_en [1] is used but has no driver.
openlane/Peripheral_SPI\runs\Peripheral_SPI\logs\synthesis\1-synthesis.log[1848]: Warning: Wire SPI.\spi_en [0] is used but has no driver.
openlane/Peripheral_SPI\runs\Peripheral_SPI\logs\synthesis\1-synthesis.log[1849]: Warning: Wire SPI.\spi_cs [1] is used but has no driver.
openlane/Peripheral_SPI\runs\Peripheral_SPI\logs\synthesis\1-synthesis.log[1850]: Warning: Wire SPI.\spi_cs [0] is used but has no driver.
openlane/Peripheral_SPI\runs\Peripheral_SPI\logs\synthesis\1-synthesis.log[1851]: Warning: Wire SPI.\spi_clk [1] is used but has no driver.
openlane/Peripheral_SPI\runs\Peripheral_SPI\logs\synthesis\1-synthesis.log[1852]: Warning: Wire SPI.\spi_clk [0] is used but has no driver.
openlane/Peripheral_SPI\runs\Peripheral_SPI\logs\synthesis\1-synthesis.log[1853]: Warning: Wire SPI.\peripheralBus_busy is used but has no driver.
openlane/Peripheral_SPI\runs\Peripheral_SPI\logs\synthesis\1-synthesis.log[1898]: Warnings: 77 unique messages, 79 total
