openlane/Peripheral_IOMultiplexer\runs\Peripheral_IOMultiplexer\logs\synthesis\1-synthesis.log[161]: Warning: Wire IOMultiplexer.\uart_rx [0] is used but has no driver.
openlane/Peripheral_IOMultiplexer\runs\Peripheral_IOMultiplexer\logs\synthesis\1-synthesis.log[162]: Warning: Wire IOMultiplexer.\spi_miso [0] is used but has no driver.
openlane/Peripheral_IOMultiplexer\runs\Peripheral_IOMultiplexer\logs\synthesis\1-synthesis.log[163]: Warning: Wire IOMultiplexer.\uart_rx [1] is used but has no driver.
openlane/Peripheral_IOMultiplexer\runs\Peripheral_IOMultiplexer\logs\synthesis\1-synthesis.log[164]: Warning: Wire IOMultiplexer.\uart_rx [2] is used but has no driver.
openlane/Peripheral_IOMultiplexer\runs\Peripheral_IOMultiplexer\logs\synthesis\1-synthesis.log[165]: Warning: Wire IOMultiplexer.\spi_miso [1] is used but has no driver.
openlane/Peripheral_IOMultiplexer\runs\Peripheral_IOMultiplexer\logs\synthesis\1-synthesis.log[166]: Warning: Wire IOMultiplexer.\uart_rx [3] is used but has no driver.
openlane/Peripheral_IOMultiplexer\runs\Peripheral_IOMultiplexer\logs\synthesis\1-synthesis.log[794]: ABC: Warning: Detected 2 multi-output gates (for example, "sky130_fd_sc_hd__fa_1").
openlane/Peripheral_IOMultiplexer\runs\Peripheral_IOMultiplexer\logs\synthesis\1-synthesis.log[943]: Warning: Wire IOMultiplexer.\uart_rx [3] is used but has no driver.
openlane/Peripheral_IOMultiplexer\runs\Peripheral_IOMultiplexer\logs\synthesis\1-synthesis.log[944]: Warning: Wire IOMultiplexer.\uart_rx [2] is used but has no driver.
openlane/Peripheral_IOMultiplexer\runs\Peripheral_IOMultiplexer\logs\synthesis\1-synthesis.log[945]: Warning: Wire IOMultiplexer.\uart_rx [1] is used but has no driver.
openlane/Peripheral_IOMultiplexer\runs\Peripheral_IOMultiplexer\logs\synthesis\1-synthesis.log[946]: Warning: Wire IOMultiplexer.\uart_rx [0] is used but has no driver.
openlane/Peripheral_IOMultiplexer\runs\Peripheral_IOMultiplexer\logs\synthesis\1-synthesis.log[947]: Warning: Wire IOMultiplexer.\spi_miso [1] is used but has no driver.
openlane/Peripheral_IOMultiplexer\runs\Peripheral_IOMultiplexer\logs\synthesis\1-synthesis.log[948]: Warning: Wire IOMultiplexer.\spi_miso [0] is used but has no driver.
openlane/Peripheral_IOMultiplexer\runs\Peripheral_IOMultiplexer\logs\synthesis\1-synthesis.log[949]: Warning: Wire IOMultiplexer.\la_blink [1] is used but has no driver.
openlane/Peripheral_IOMultiplexer\runs\Peripheral_IOMultiplexer\logs\synthesis\1-synthesis.log[950]: Warning: Wire IOMultiplexer.\la_blink [0] is used but has no driver.
openlane/Peripheral_IOMultiplexer\runs\Peripheral_IOMultiplexer\logs\synthesis\1-synthesis.log[951]: Warning: Wire IOMultiplexer.\io_out [37] is used but has no driver.
openlane/Peripheral_IOMultiplexer\runs\Peripheral_IOMultiplexer\logs\synthesis\1-synthesis.log[952]: Warning: Wire IOMultiplexer.\io_out [36] is used but has no driver.
openlane/Peripheral_IOMultiplexer\runs\Peripheral_IOMultiplexer\logs\synthesis\1-synthesis.log[953]: Warning: Wire IOMultiplexer.\io_out [35] is used but has no driver.
openlane/Peripheral_IOMultiplexer\runs\Peripheral_IOMultiplexer\logs\synthesis\1-synthesis.log[954]: Warning: Wire IOMultiplexer.\io_out [34] is used but has no driver.
openlane/Peripheral_IOMultiplexer\runs\Peripheral_IOMultiplexer\logs\synthesis\1-synthesis.log[955]: Warning: Wire IOMultiplexer.\io_out [33] is used but has no driver.
openlane/Peripheral_IOMultiplexer\runs\Peripheral_IOMultiplexer\logs\synthesis\1-synthesis.log[956]: Warning: Wire IOMultiplexer.\io_out [32] is used but has no driver.
openlane/Peripheral_IOMultiplexer\runs\Peripheral_IOMultiplexer\logs\synthesis\1-synthesis.log[957]: Warning: Wire IOMultiplexer.\io_out [31] is used but has no driver.
openlane/Peripheral_IOMultiplexer\runs\Peripheral_IOMultiplexer\logs\synthesis\1-synthesis.log[958]: Warning: Wire IOMultiplexer.\io_out [30] is used but has no driver.
openlane/Peripheral_IOMultiplexer\runs\Peripheral_IOMultiplexer\logs\synthesis\1-synthesis.log[959]: Warning: Wire IOMultiplexer.\io_out [29] is used but has no driver.
openlane/Peripheral_IOMultiplexer\runs\Peripheral_IOMultiplexer\logs\synthesis\1-synthesis.log[960]: Warning: Wire IOMultiplexer.\io_out [28] is used but has no driver.
openlane/Peripheral_IOMultiplexer\runs\Peripheral_IOMultiplexer\logs\synthesis\1-synthesis.log[961]: Warning: Wire IOMultiplexer.\io_out [27] is used but has no driver.
openlane/Peripheral_IOMultiplexer\runs\Peripheral_IOMultiplexer\logs\synthesis\1-synthesis.log[962]: Warning: Wire IOMultiplexer.\io_out [26] is used but has no driver.
openlane/Peripheral_IOMultiplexer\runs\Peripheral_IOMultiplexer\logs\synthesis\1-synthesis.log[963]: Warning: Wire IOMultiplexer.\io_out [25] is used but has no driver.
openlane/Peripheral_IOMultiplexer\runs\Peripheral_IOMultiplexer\logs\synthesis\1-synthesis.log[964]: Warning: Wire IOMultiplexer.\io_out [24] is used but has no driver.
openlane/Peripheral_IOMultiplexer\runs\Peripheral_IOMultiplexer\logs\synthesis\1-synthesis.log[965]: Warning: Wire IOMultiplexer.\io_out [23] is used but has no driver.
openlane/Peripheral_IOMultiplexer\runs\Peripheral_IOMultiplexer\logs\synthesis\1-synthesis.log[966]: Warning: Wire IOMultiplexer.\io_out [22] is used but has no driver.
openlane/Peripheral_IOMultiplexer\runs\Peripheral_IOMultiplexer\logs\synthesis\1-synthesis.log[967]: Warning: Wire IOMultiplexer.\io_out [21] is used but has no driver.
openlane/Peripheral_IOMultiplexer\runs\Peripheral_IOMultiplexer\logs\synthesis\1-synthesis.log[968]: Warning: Wire IOMultiplexer.\io_out [20] is used but has no driver.
openlane/Peripheral_IOMultiplexer\runs\Peripheral_IOMultiplexer\logs\synthesis\1-synthesis.log[969]: Warning: Wire IOMultiplexer.\io_out [19] is used but has no driver.
openlane/Peripheral_IOMultiplexer\runs\Peripheral_IOMultiplexer\logs\synthesis\1-synthesis.log[970]: Warning: Wire IOMultiplexer.\io_out [18] is used but has no driver.
openlane/Peripheral_IOMultiplexer\runs\Peripheral_IOMultiplexer\logs\synthesis\1-synthesis.log[971]: Warning: Wire IOMultiplexer.\io_out [17] is used but has no driver.
openlane/Peripheral_IOMultiplexer\runs\Peripheral_IOMultiplexer\logs\synthesis\1-synthesis.log[972]: Warning: Wire IOMultiplexer.\io_out [16] is used but has no driver.
openlane/Peripheral_IOMultiplexer\runs\Peripheral_IOMultiplexer\logs\synthesis\1-synthesis.log[973]: Warning: Wire IOMultiplexer.\io_out [15] is used but has no driver.
openlane/Peripheral_IOMultiplexer\runs\Peripheral_IOMultiplexer\logs\synthesis\1-synthesis.log[974]: Warning: Wire IOMultiplexer.\io_out [14] is used but has no driver.
openlane/Peripheral_IOMultiplexer\runs\Peripheral_IOMultiplexer\logs\synthesis\1-synthesis.log[975]: Warning: Wire IOMultiplexer.\io_out [13] is used but has no driver.
openlane/Peripheral_IOMultiplexer\runs\Peripheral_IOMultiplexer\logs\synthesis\1-synthesis.log[976]: Warning: Wire IOMultiplexer.\io_out [12] is used but has no driver.
openlane/Peripheral_IOMultiplexer\runs\Peripheral_IOMultiplexer\logs\synthesis\1-synthesis.log[977]: Warning: Wire IOMultiplexer.\io_out [11] is used but has no driver.
openlane/Peripheral_IOMultiplexer\runs\Peripheral_IOMultiplexer\logs\synthesis\1-synthesis.log[978]: Warning: Wire IOMultiplexer.\io_out [10] is used but has no driver.
openlane/Peripheral_IOMultiplexer\runs\Peripheral_IOMultiplexer\logs\synthesis\1-synthesis.log[979]: Warning: Wire IOMultiplexer.\io_out [9] is used but has no driver.
openlane/Peripheral_IOMultiplexer\runs\Peripheral_IOMultiplexer\logs\synthesis\1-synthesis.log[980]: Warning: Wire IOMultiplexer.\io_out [8] is used but has no driver.
openlane/Peripheral_IOMultiplexer\runs\Peripheral_IOMultiplexer\logs\synthesis\1-synthesis.log[981]: Warning: Wire IOMultiplexer.\io_out [7] is used but has no driver.
openlane/Peripheral_IOMultiplexer\runs\Peripheral_IOMultiplexer\logs\synthesis\1-synthesis.log[982]: Warning: Wire IOMultiplexer.\io_out [6] is used but has no driver.
openlane/Peripheral_IOMultiplexer\runs\Peripheral_IOMultiplexer\logs\synthesis\1-synthesis.log[983]: Warning: Wire IOMultiplexer.\io_out [5] is used but has no driver.
openlane/Peripheral_IOMultiplexer\runs\Peripheral_IOMultiplexer\logs\synthesis\1-synthesis.log[984]: Warning: Wire IOMultiplexer.\io_out [4] is used but has no driver.
openlane/Peripheral_IOMultiplexer\runs\Peripheral_IOMultiplexer\logs\synthesis\1-synthesis.log[985]: Warning: Wire IOMultiplexer.\io_out [3] is used but has no driver.
openlane/Peripheral_IOMultiplexer\runs\Peripheral_IOMultiplexer\logs\synthesis\1-synthesis.log[986]: Warning: Wire IOMultiplexer.\io_out [2] is used but has no driver.
openlane/Peripheral_IOMultiplexer\runs\Peripheral_IOMultiplexer\logs\synthesis\1-synthesis.log[987]: Warning: Wire IOMultiplexer.\io_out [1] is used but has no driver.
openlane/Peripheral_IOMultiplexer\runs\Peripheral_IOMultiplexer\logs\synthesis\1-synthesis.log[988]: Warning: Wire IOMultiplexer.\io_out [0] is used but has no driver.
openlane/Peripheral_IOMultiplexer\runs\Peripheral_IOMultiplexer\logs\synthesis\1-synthesis.log[989]: Warning: Wire IOMultiplexer.\io_oeb [37] is used but has no driver.
openlane/Peripheral_IOMultiplexer\runs\Peripheral_IOMultiplexer\logs\synthesis\1-synthesis.log[990]: Warning: Wire IOMultiplexer.\io_oeb [36] is used but has no driver.
openlane/Peripheral_IOMultiplexer\runs\Peripheral_IOMultiplexer\logs\synthesis\1-synthesis.log[991]: Warning: Wire IOMultiplexer.\io_oeb [35] is used but has no driver.
openlane/Peripheral_IOMultiplexer\runs\Peripheral_IOMultiplexer\logs\synthesis\1-synthesis.log[992]: Warning: Wire IOMultiplexer.\io_oeb [34] is used but has no driver.
openlane/Peripheral_IOMultiplexer\runs\Peripheral_IOMultiplexer\logs\synthesis\1-synthesis.log[993]: Warning: Wire IOMultiplexer.\io_oeb [33] is used but has no driver.
openlane/Peripheral_IOMultiplexer\runs\Peripheral_IOMultiplexer\logs\synthesis\1-synthesis.log[994]: Warning: Wire IOMultiplexer.\io_oeb [32] is used but has no driver.
openlane/Peripheral_IOMultiplexer\runs\Peripheral_IOMultiplexer\logs\synthesis\1-synthesis.log[995]: Warning: Wire IOMultiplexer.\io_oeb [31] is used but has no driver.
openlane/Peripheral_IOMultiplexer\runs\Peripheral_IOMultiplexer\logs\synthesis\1-synthesis.log[996]: Warning: Wire IOMultiplexer.\io_oeb [30] is used but has no driver.
openlane/Peripheral_IOMultiplexer\runs\Peripheral_IOMultiplexer\logs\synthesis\1-synthesis.log[997]: Warning: Wire IOMultiplexer.\io_oeb [29] is used but has no driver.
openlane/Peripheral_IOMultiplexer\runs\Peripheral_IOMultiplexer\logs\synthesis\1-synthesis.log[998]: Warning: Wire IOMultiplexer.\io_oeb [28] is used but has no driver.
openlane/Peripheral_IOMultiplexer\runs\Peripheral_IOMultiplexer\logs\synthesis\1-synthesis.log[999]: Warning: Wire IOMultiplexer.\io_oeb [27] is used but has no driver.
openlane/Peripheral_IOMultiplexer\runs\Peripheral_IOMultiplexer\logs\synthesis\1-synthesis.log[1000]: Warning: Wire IOMultiplexer.\io_oeb [26] is used but has no driver.
openlane/Peripheral_IOMultiplexer\runs\Peripheral_IOMultiplexer\logs\synthesis\1-synthesis.log[1001]: Warning: Wire IOMultiplexer.\io_oeb [25] is used but has no driver.
openlane/Peripheral_IOMultiplexer\runs\Peripheral_IOMultiplexer\logs\synthesis\1-synthesis.log[1002]: Warning: Wire IOMultiplexer.\io_oeb [24] is used but has no driver.
openlane/Peripheral_IOMultiplexer\runs\Peripheral_IOMultiplexer\logs\synthesis\1-synthesis.log[1003]: Warning: Wire IOMultiplexer.\io_oeb [23] is used but has no driver.
openlane/Peripheral_IOMultiplexer\runs\Peripheral_IOMultiplexer\logs\synthesis\1-synthesis.log[1004]: Warning: Wire IOMultiplexer.\io_oeb [22] is used but has no driver.
openlane/Peripheral_IOMultiplexer\runs\Peripheral_IOMultiplexer\logs\synthesis\1-synthesis.log[1005]: Warning: Wire IOMultiplexer.\io_oeb [21] is used but has no driver.
openlane/Peripheral_IOMultiplexer\runs\Peripheral_IOMultiplexer\logs\synthesis\1-synthesis.log[1006]: Warning: Wire IOMultiplexer.\io_oeb [20] is used but has no driver.
openlane/Peripheral_IOMultiplexer\runs\Peripheral_IOMultiplexer\logs\synthesis\1-synthesis.log[1007]: Warning: Wire IOMultiplexer.\io_oeb [19] is used but has no driver.
openlane/Peripheral_IOMultiplexer\runs\Peripheral_IOMultiplexer\logs\synthesis\1-synthesis.log[1008]: Warning: Wire IOMultiplexer.\io_oeb [18] is used but has no driver.
openlane/Peripheral_IOMultiplexer\runs\Peripheral_IOMultiplexer\logs\synthesis\1-synthesis.log[1009]: Warning: Wire IOMultiplexer.\io_oeb [17] is used but has no driver.
openlane/Peripheral_IOMultiplexer\runs\Peripheral_IOMultiplexer\logs\synthesis\1-synthesis.log[1010]: Warning: Wire IOMultiplexer.\io_oeb [16] is used but has no driver.
openlane/Peripheral_IOMultiplexer\runs\Peripheral_IOMultiplexer\logs\synthesis\1-synthesis.log[1011]: Warning: Wire IOMultiplexer.\io_oeb [15] is used but has no driver.
openlane/Peripheral_IOMultiplexer\runs\Peripheral_IOMultiplexer\logs\synthesis\1-synthesis.log[1012]: Warning: Wire IOMultiplexer.\io_oeb [14] is used but has no driver.
openlane/Peripheral_IOMultiplexer\runs\Peripheral_IOMultiplexer\logs\synthesis\1-synthesis.log[1013]: Warning: Wire IOMultiplexer.\io_oeb [13] is used but has no driver.
openlane/Peripheral_IOMultiplexer\runs\Peripheral_IOMultiplexer\logs\synthesis\1-synthesis.log[1014]: Warning: Wire IOMultiplexer.\io_oeb [12] is used but has no driver.
openlane/Peripheral_IOMultiplexer\runs\Peripheral_IOMultiplexer\logs\synthesis\1-synthesis.log[1015]: Warning: Wire IOMultiplexer.\io_oeb [11] is used but has no driver.
openlane/Peripheral_IOMultiplexer\runs\Peripheral_IOMultiplexer\logs\synthesis\1-synthesis.log[1016]: Warning: Wire IOMultiplexer.\io_oeb [10] is used but has no driver.
openlane/Peripheral_IOMultiplexer\runs\Peripheral_IOMultiplexer\logs\synthesis\1-synthesis.log[1017]: Warning: Wire IOMultiplexer.\io_oeb [9] is used but has no driver.
openlane/Peripheral_IOMultiplexer\runs\Peripheral_IOMultiplexer\logs\synthesis\1-synthesis.log[1018]: Warning: Wire IOMultiplexer.\io_oeb [8] is used but has no driver.
openlane/Peripheral_IOMultiplexer\runs\Peripheral_IOMultiplexer\logs\synthesis\1-synthesis.log[1019]: Warning: Wire IOMultiplexer.\io_oeb [7] is used but has no driver.
openlane/Peripheral_IOMultiplexer\runs\Peripheral_IOMultiplexer\logs\synthesis\1-synthesis.log[1020]: Warning: Wire IOMultiplexer.\io_oeb [6] is used but has no driver.
openlane/Peripheral_IOMultiplexer\runs\Peripheral_IOMultiplexer\logs\synthesis\1-synthesis.log[1021]: Warning: Wire IOMultiplexer.\io_oeb [5] is used but has no driver.
openlane/Peripheral_IOMultiplexer\runs\Peripheral_IOMultiplexer\logs\synthesis\1-synthesis.log[1022]: Warning: Wire IOMultiplexer.\io_oeb [4] is used but has no driver.
openlane/Peripheral_IOMultiplexer\runs\Peripheral_IOMultiplexer\logs\synthesis\1-synthesis.log[1023]: Warning: Wire IOMultiplexer.\io_oeb [3] is used but has no driver.
openlane/Peripheral_IOMultiplexer\runs\Peripheral_IOMultiplexer\logs\synthesis\1-synthesis.log[1024]: Warning: Wire IOMultiplexer.\io_oeb [2] is used but has no driver.
openlane/Peripheral_IOMultiplexer\runs\Peripheral_IOMultiplexer\logs\synthesis\1-synthesis.log[1025]: Warning: Wire IOMultiplexer.\io_oeb [1] is used but has no driver.
openlane/Peripheral_IOMultiplexer\runs\Peripheral_IOMultiplexer\logs\synthesis\1-synthesis.log[1026]: Warning: Wire IOMultiplexer.\io_oeb [0] is used but has no driver.
openlane/Peripheral_IOMultiplexer\runs\Peripheral_IOMultiplexer\logs\synthesis\1-synthesis.log[1027]: Warning: Wire IOMultiplexer.\gpio1_input [18] is used but has no driver.
openlane/Peripheral_IOMultiplexer\runs\Peripheral_IOMultiplexer\logs\synthesis\1-synthesis.log[1028]: Warning: Wire IOMultiplexer.\gpio1_input [17] is used but has no driver.
openlane/Peripheral_IOMultiplexer\runs\Peripheral_IOMultiplexer\logs\synthesis\1-synthesis.log[1029]: Warning: Wire IOMultiplexer.\gpio1_input [16] is used but has no driver.
openlane/Peripheral_IOMultiplexer\runs\Peripheral_IOMultiplexer\logs\synthesis\1-synthesis.log[1030]: Warning: Wire IOMultiplexer.\gpio1_input [15] is used but has no driver.
openlane/Peripheral_IOMultiplexer\runs\Peripheral_IOMultiplexer\logs\synthesis\1-synthesis.log[1031]: Warning: Wire IOMultiplexer.\gpio1_input [14] is used but has no driver.
openlane/Peripheral_IOMultiplexer\runs\Peripheral_IOMultiplexer\logs\synthesis\1-synthesis.log[1032]: Warning: Wire IOMultiplexer.\gpio1_input [13] is used but has no driver.
openlane/Peripheral_IOMultiplexer\runs\Peripheral_IOMultiplexer\logs\synthesis\1-synthesis.log[1033]: Warning: Wire IOMultiplexer.\gpio1_input [12] is used but has no driver.
openlane/Peripheral_IOMultiplexer\runs\Peripheral_IOMultiplexer\logs\synthesis\1-synthesis.log[1034]: Warning: Wire IOMultiplexer.\gpio1_input [11] is used but has no driver.
openlane/Peripheral_IOMultiplexer\runs\Peripheral_IOMultiplexer\logs\synthesis\1-synthesis.log[1035]: Warning: Wire IOMultiplexer.\gpio1_input [10] is used but has no driver.
openlane/Peripheral_IOMultiplexer\runs\Peripheral_IOMultiplexer\logs\synthesis\1-synthesis.log[1036]: Warning: Wire IOMultiplexer.\gpio1_input [9] is used but has no driver.
openlane/Peripheral_IOMultiplexer\runs\Peripheral_IOMultiplexer\logs\synthesis\1-synthesis.log[1037]: Warning: Wire IOMultiplexer.\gpio1_input [8] is used but has no driver.
openlane/Peripheral_IOMultiplexer\runs\Peripheral_IOMultiplexer\logs\synthesis\1-synthesis.log[1038]: Warning: Wire IOMultiplexer.\gpio1_input [7] is used but has no driver.
openlane/Peripheral_IOMultiplexer\runs\Peripheral_IOMultiplexer\logs\synthesis\1-synthesis.log[1039]: Warning: Wire IOMultiplexer.\gpio1_input [6] is used but has no driver.
openlane/Peripheral_IOMultiplexer\runs\Peripheral_IOMultiplexer\logs\synthesis\1-synthesis.log[1040]: Warning: Wire IOMultiplexer.\gpio1_input [5] is used but has no driver.
openlane/Peripheral_IOMultiplexer\runs\Peripheral_IOMultiplexer\logs\synthesis\1-synthesis.log[1041]: Warning: Wire IOMultiplexer.\gpio1_input [4] is used but has no driver.
openlane/Peripheral_IOMultiplexer\runs\Peripheral_IOMultiplexer\logs\synthesis\1-synthesis.log[1042]: Warning: Wire IOMultiplexer.\gpio1_input [3] is used but has no driver.
openlane/Peripheral_IOMultiplexer\runs\Peripheral_IOMultiplexer\logs\synthesis\1-synthesis.log[1043]: Warning: Wire IOMultiplexer.\gpio1_input [2] is used but has no driver.
openlane/Peripheral_IOMultiplexer\runs\Peripheral_IOMultiplexer\logs\synthesis\1-synthesis.log[1044]: Warning: Wire IOMultiplexer.\gpio1_input [1] is used but has no driver.
openlane/Peripheral_IOMultiplexer\runs\Peripheral_IOMultiplexer\logs\synthesis\1-synthesis.log[1045]: Warning: Wire IOMultiplexer.\gpio1_input [0] is used but has no driver.
openlane/Peripheral_IOMultiplexer\runs\Peripheral_IOMultiplexer\logs\synthesis\1-synthesis.log[1046]: Warning: Wire IOMultiplexer.\gpio0_input [18] is used but has no driver.
openlane/Peripheral_IOMultiplexer\runs\Peripheral_IOMultiplexer\logs\synthesis\1-synthesis.log[1047]: Warning: Wire IOMultiplexer.\gpio0_input [17] is used but has no driver.
openlane/Peripheral_IOMultiplexer\runs\Peripheral_IOMultiplexer\logs\synthesis\1-synthesis.log[1048]: Warning: Wire IOMultiplexer.\gpio0_input [16] is used but has no driver.
openlane/Peripheral_IOMultiplexer\runs\Peripheral_IOMultiplexer\logs\synthesis\1-synthesis.log[1049]: Warning: Wire IOMultiplexer.\gpio0_input [15] is used but has no driver.
openlane/Peripheral_IOMultiplexer\runs\Peripheral_IOMultiplexer\logs\synthesis\1-synthesis.log[1050]: Warning: Wire IOMultiplexer.\gpio0_input [14] is used but has no driver.
openlane/Peripheral_IOMultiplexer\runs\Peripheral_IOMultiplexer\logs\synthesis\1-synthesis.log[1051]: Warning: Wire IOMultiplexer.\gpio0_input [13] is used but has no driver.
openlane/Peripheral_IOMultiplexer\runs\Peripheral_IOMultiplexer\logs\synthesis\1-synthesis.log[1052]: Warning: Wire IOMultiplexer.\gpio0_input [12] is used but has no driver.
openlane/Peripheral_IOMultiplexer\runs\Peripheral_IOMultiplexer\logs\synthesis\1-synthesis.log[1053]: Warning: Wire IOMultiplexer.\gpio0_input [11] is used but has no driver.
openlane/Peripheral_IOMultiplexer\runs\Peripheral_IOMultiplexer\logs\synthesis\1-synthesis.log[1054]: Warning: Wire IOMultiplexer.\gpio0_input [10] is used but has no driver.
openlane/Peripheral_IOMultiplexer\runs\Peripheral_IOMultiplexer\logs\synthesis\1-synthesis.log[1055]: Warning: Wire IOMultiplexer.\gpio0_input [9] is used but has no driver.
openlane/Peripheral_IOMultiplexer\runs\Peripheral_IOMultiplexer\logs\synthesis\1-synthesis.log[1056]: Warning: Wire IOMultiplexer.\gpio0_input [8] is used but has no driver.
openlane/Peripheral_IOMultiplexer\runs\Peripheral_IOMultiplexer\logs\synthesis\1-synthesis.log[1057]: Warning: Wire IOMultiplexer.\gpio0_input [7] is used but has no driver.
openlane/Peripheral_IOMultiplexer\runs\Peripheral_IOMultiplexer\logs\synthesis\1-synthesis.log[1058]: Warning: Wire IOMultiplexer.\gpio0_input [6] is used but has no driver.
openlane/Peripheral_IOMultiplexer\runs\Peripheral_IOMultiplexer\logs\synthesis\1-synthesis.log[1059]: Warning: Wire IOMultiplexer.\gpio0_input [5] is used but has no driver.
openlane/Peripheral_IOMultiplexer\runs\Peripheral_IOMultiplexer\logs\synthesis\1-synthesis.log[1060]: Warning: Wire IOMultiplexer.\gpio0_input [4] is used but has no driver.
openlane/Peripheral_IOMultiplexer\runs\Peripheral_IOMultiplexer\logs\synthesis\1-synthesis.log[1061]: Warning: Wire IOMultiplexer.\gpio0_input [3] is used but has no driver.
openlane/Peripheral_IOMultiplexer\runs\Peripheral_IOMultiplexer\logs\synthesis\1-synthesis.log[1062]: Warning: Wire IOMultiplexer.\gpio0_input [2] is used but has no driver.
openlane/Peripheral_IOMultiplexer\runs\Peripheral_IOMultiplexer\logs\synthesis\1-synthesis.log[1063]: Warning: Wire IOMultiplexer.\gpio0_input [1] is used but has no driver.
openlane/Peripheral_IOMultiplexer\runs\Peripheral_IOMultiplexer\logs\synthesis\1-synthesis.log[1064]: Warning: Wire IOMultiplexer.\gpio0_input [0] is used but has no driver.
openlane/Peripheral_IOMultiplexer\runs\Peripheral_IOMultiplexer\logs\synthesis\1-synthesis.log[1107]: Warnings: 122 unique messages, 128 total
openlane/Peripheral_IOMultiplexer\runs\Peripheral_IOMultiplexer\logs\synthesis\2-sta.log[8]: [WARNING ORD-1011] LEF master sky130_fd_sc_hd__and2b_2 has no liberty cell.
openlane/Peripheral_IOMultiplexer\runs\Peripheral_IOMultiplexer\logs\synthesis\2-sta.log[9]: [WARNING ORD-1011] LEF master sky130_fd_sc_hd__buf_1 has no liberty cell.
openlane/Peripheral_IOMultiplexer\runs\Peripheral_IOMultiplexer\logs\synthesis\2-sta.log[10]: [WARNING ORD-1011] LEF master sky130_fd_sc_hd__mux2_2 has no liberty cell.
openlane/Peripheral_IOMultiplexer\runs\Peripheral_IOMultiplexer\logs\synthesis\2-sta.log[11]: [WARNING ORD-1011] LEF master sky130_fd_sc_hd__and4_2 has no liberty cell.
openlane/Peripheral_IOMultiplexer\runs\Peripheral_IOMultiplexer\logs\synthesis\2-sta.log[12]: [WARNING ORD-1011] LEF master sky130_fd_sc_hd__and2_2 has no liberty cell.
openlane/Peripheral_IOMultiplexer\runs\Peripheral_IOMultiplexer\logs\synthesis\2-sta.log[13]: [WARNING ORD-1011] LEF master sky130_fd_sc_hd__a21oi_2 has no liberty cell.
openlane/Peripheral_IOMultiplexer\runs\Peripheral_IOMultiplexer\logs\synthesis\2-sta.log[14]: [WARNING ORD-1011] LEF master sky130_fd_sc_hd__a31o_2 has no liberty cell.
openlane/Peripheral_IOMultiplexer\runs\Peripheral_IOMultiplexer\logs\synthesis\2-sta.log[15]: [WARNING ORD-1011] LEF master sky130_fd_sc_hd__nor2_2 has no liberty cell.
openlane/Peripheral_IOMultiplexer\runs\Peripheral_IOMultiplexer\logs\synthesis\2-sta.log[16]: [WARNING ORD-1011] LEF master sky130_fd_sc_hd__a41o_2 has no liberty cell.
openlane/Peripheral_IOMultiplexer\runs\Peripheral_IOMultiplexer\logs\synthesis\2-sta.log[17]: [WARNING ORD-1011] LEF master sky130_fd_sc_hd__or2_2 has no liberty cell.
openlane/Peripheral_IOMultiplexer\runs\Peripheral_IOMultiplexer\logs\synthesis\2-sta.log[18]: [WARNING ORD-1011] LEF master sky130_fd_sc_hd__inv_2 has no liberty cell.
openlane/Peripheral_IOMultiplexer\runs\Peripheral_IOMultiplexer\logs\synthesis\2-sta.log[19]: [WARNING ORD-1011] LEF master sky130_fd_sc_hd__a21o_2 has no liberty cell.
openlane/Peripheral_IOMultiplexer\runs\Peripheral_IOMultiplexer\logs\synthesis\2-sta.log[20]: [WARNING ORD-1011] LEF master sky130_fd_sc_hd__o21a_2 has no liberty cell.
openlane/Peripheral_IOMultiplexer\runs\Peripheral_IOMultiplexer\logs\synthesis\2-sta.log[21]: [WARNING ORD-1011] LEF master sky130_fd_sc_hd__and3_2 has no liberty cell.
openlane/Peripheral_IOMultiplexer\runs\Peripheral_IOMultiplexer\logs\synthesis\2-sta.log[22]: [WARNING ORD-1011] LEF master sky130_fd_sc_hd__nor3_2 has no liberty cell.
openlane/Peripheral_IOMultiplexer\runs\Peripheral_IOMultiplexer\logs\synthesis\2-sta.log[23]: [WARNING ORD-1011] LEF master sky130_fd_sc_hd__nand2_2 has no liberty cell.
openlane/Peripheral_IOMultiplexer\runs\Peripheral_IOMultiplexer\logs\synthesis\2-sta.log[24]: [WARNING ORD-1011] LEF master sky130_fd_sc_hd__o21ba_2 has no liberty cell.
openlane/Peripheral_IOMultiplexer\runs\Peripheral_IOMultiplexer\logs\synthesis\2-sta.log[25]: [WARNING ORD-1011] LEF master sky130_fd_sc_hd__a221oi_2 has no liberty cell.
openlane/Peripheral_IOMultiplexer\runs\Peripheral_IOMultiplexer\logs\synthesis\2-sta.log[26]: [WARNING ORD-1011] LEF master sky130_fd_sc_hd__nor3b_2 has no liberty cell.
openlane/Peripheral_IOMultiplexer\runs\Peripheral_IOMultiplexer\logs\synthesis\2-sta.log[27]: [WARNING ORD-1011] LEF master sky130_fd_sc_hd__dfxtp_2 has no liberty cell.
openlane/Peripheral_IOMultiplexer\runs\Peripheral_IOMultiplexer\logs\synthesis\2-sta.log[28]: [WARNING ORD-1011] LEF master sky130_fd_sc_hd__conb_1 has no liberty cell.
openlane/Peripheral_IOMultiplexer\runs\Peripheral_IOMultiplexer\logs\synthesis\2-sta.log[29]: [WARNING ORD-1011] LEF master sky130_fd_sc_hd__buf_2 has no liberty cell.
