openlane/CaravelHost\runs\CaravelHost\logs\synthesis\1-synthesis.log[2053]: ABC: Error: The network is combinational.
openlane/CaravelHost\runs\CaravelHost\logs\routing\16-global.log[1092]: [INFO GRT-0012] Antenna violations: 32
openlane/CaravelHost\runs\CaravelHost\logs\routing\16-global.log[1551]: [INFO GRT-0012] Antenna violations: 10
openlane/CaravelHost\runs\CaravelHost\logs\routing\16-global_2.log[1062]: [INFO GRT-0012] Antenna violations: 8
openlane/CaravelHost\runs\CaravelHost\logs\routing\16-global_2.log[1531]: [INFO GRT-0012] Antenna violations: 1
openlane/CaravelHost\runs\CaravelHost\logs\routing\19-detailed.log[191]: [INFO DRT-0199]   Number of violations = 4573.
openlane/CaravelHost\runs\CaravelHost\logs\routing\19-detailed.log[235]: [INFO DRT-0199]   Number of violations = 1981.
openlane/CaravelHost\runs\CaravelHost\logs\routing\19-detailed.log[279]: [INFO DRT-0199]   Number of violations = 1702.
openlane/CaravelHost\runs\CaravelHost\logs\routing\19-detailed.log[323]: [INFO DRT-0199]   Number of violations = 446.
openlane/CaravelHost\runs\CaravelHost\logs\routing\19-detailed.log[367]: [INFO DRT-0199]   Number of violations = 40.
openlane/CaravelHost\runs\CaravelHost\logs\routing\25-parasitics_multi_corner_sta.log[177061]: -0.04   slack (VIOLATED)
openlane/CaravelHost\runs\CaravelHost\logs\routing\25-parasitics_multi_corner_sta.log[177119]: -0.03   slack (VIOLATED)
openlane/CaravelHost\runs\CaravelHost\logs\routing\25-parasitics_multi_corner_sta.log[177177]: -0.02   slack (VIOLATED)
openlane/CaravelHost\runs\CaravelHost\logs\routing\25-parasitics_multi_corner_sta.log[177235]: -0.02   slack (VIOLATED)
openlane/CaravelHost\runs\CaravelHost\logs\finishing\34-antenna.log[18]: [INFO ANT-0002] Found 14 net violations in 5499 nets.
openlane/CaravelHost\runs\CaravelHost\reports\routing\25-parasitics_multi_corner_sta.min.rpt[176500]: -0.04   slack (VIOLATED)
openlane/CaravelHost\runs\CaravelHost\reports\routing\25-parasitics_multi_corner_sta.min.rpt[176558]: -0.03   slack (VIOLATED)
openlane/CaravelHost\runs\CaravelHost\reports\routing\25-parasitics_multi_corner_sta.min.rpt[176616]: -0.02   slack (VIOLATED)
openlane/CaravelHost\runs\CaravelHost\reports\routing\25-parasitics_multi_corner_sta.min.rpt[176674]: -0.02   slack (VIOLATED)
openlane/CaravelHost\runs\CaravelHost\reports\finishing\antenna.rpt[300871]: Number of pins violated: 14
openlane/CaravelHost\runs\CaravelHost\reports\finishing\antenna.rpt[300872]: Number of nets violated: 14
