openlane/CaravelHost\runs\CaravelHost\logs\synthesis\1-synthesis.log[2053]: ABC: Warning: Detected 2 multi-output gates (for example, "sky130_fd_sc_hd__fa_1").
openlane/CaravelHost\runs\CaravelHost\logs\synthesis\1-synthesis.log[2221]: Warning: Wire CaravelHost.\wbs_data_o [31] is used but has no driver.
openlane/CaravelHost\runs\CaravelHost\logs\synthesis\1-synthesis.log[2222]: Warning: Wire CaravelHost.\wbs_data_o [30] is used but has no driver.
openlane/CaravelHost\runs\CaravelHost\logs\synthesis\1-synthesis.log[2223]: Warning: Wire CaravelHost.\wbs_data_o [29] is used but has no driver.
openlane/CaravelHost\runs\CaravelHost\logs\synthesis\1-synthesis.log[2224]: Warning: Wire CaravelHost.\wbs_data_o [28] is used but has no driver.
openlane/CaravelHost\runs\CaravelHost\logs\synthesis\1-synthesis.log[2225]: Warning: Wire CaravelHost.\wbs_data_o [27] is used but has no driver.
openlane/CaravelHost\runs\CaravelHost\logs\synthesis\1-synthesis.log[2226]: Warning: Wire CaravelHost.\wbs_data_o [26] is used but has no driver.
openlane/CaravelHost\runs\CaravelHost\logs\synthesis\1-synthesis.log[2227]: Warning: Wire CaravelHost.\wbs_data_o [25] is used but has no driver.
openlane/CaravelHost\runs\CaravelHost\logs\synthesis\1-synthesis.log[2228]: Warning: Wire CaravelHost.\wbs_data_o [24] is used but has no driver.
openlane/CaravelHost\runs\CaravelHost\logs\synthesis\1-synthesis.log[2229]: Warning: Wire CaravelHost.\wbs_data_o [23] is used but has no driver.
openlane/CaravelHost\runs\CaravelHost\logs\synthesis\1-synthesis.log[2230]: Warning: Wire CaravelHost.\wbs_data_o [22] is used but has no driver.
openlane/CaravelHost\runs\CaravelHost\logs\synthesis\1-synthesis.log[2231]: Warning: Wire CaravelHost.\wbs_data_o [21] is used but has no driver.
openlane/CaravelHost\runs\CaravelHost\logs\synthesis\1-synthesis.log[2232]: Warning: Wire CaravelHost.\wbs_data_o [20] is used but has no driver.
openlane/CaravelHost\runs\CaravelHost\logs\synthesis\1-synthesis.log[2233]: Warning: Wire CaravelHost.\wbs_data_o [19] is used but has no driver.
openlane/CaravelHost\runs\CaravelHost\logs\synthesis\1-synthesis.log[2234]: Warning: Wire CaravelHost.\wbs_data_o [18] is used but has no driver.
openlane/CaravelHost\runs\CaravelHost\logs\synthesis\1-synthesis.log[2235]: Warning: Wire CaravelHost.\wbs_data_o [17] is used but has no driver.
openlane/CaravelHost\runs\CaravelHost\logs\synthesis\1-synthesis.log[2236]: Warning: Wire CaravelHost.\wbs_data_o [16] is used but has no driver.
openlane/CaravelHost\runs\CaravelHost\logs\synthesis\1-synthesis.log[2237]: Warning: Wire CaravelHost.\wbs_data_o [15] is used but has no driver.
openlane/CaravelHost\runs\CaravelHost\logs\synthesis\1-synthesis.log[2238]: Warning: Wire CaravelHost.\wbs_data_o [14] is used but has no driver.
openlane/CaravelHost\runs\CaravelHost\logs\synthesis\1-synthesis.log[2239]: Warning: Wire CaravelHost.\wbs_data_o [13] is used but has no driver.
openlane/CaravelHost\runs\CaravelHost\logs\synthesis\1-synthesis.log[2240]: Warning: Wire CaravelHost.\wbs_data_o [12] is used but has no driver.
openlane/CaravelHost\runs\CaravelHost\logs\synthesis\1-synthesis.log[2241]: Warning: Wire CaravelHost.\wbs_data_o [11] is used but has no driver.
openlane/CaravelHost\runs\CaravelHost\logs\synthesis\1-synthesis.log[2242]: Warning: Wire CaravelHost.\wbs_data_o [10] is used but has no driver.
openlane/CaravelHost\runs\CaravelHost\logs\synthesis\1-synthesis.log[2243]: Warning: Wire CaravelHost.\wbs_data_o [9] is used but has no driver.
openlane/CaravelHost\runs\CaravelHost\logs\synthesis\1-synthesis.log[2244]: Warning: Wire CaravelHost.\wbs_data_o [8] is used but has no driver.
openlane/CaravelHost\runs\CaravelHost\logs\synthesis\1-synthesis.log[2245]: Warning: Wire CaravelHost.\wbs_data_o [7] is used but has no driver.
openlane/CaravelHost\runs\CaravelHost\logs\synthesis\1-synthesis.log[2246]: Warning: Wire CaravelHost.\wbs_data_o [6] is used but has no driver.
openlane/CaravelHost\runs\CaravelHost\logs\synthesis\1-synthesis.log[2247]: Warning: Wire CaravelHost.\wbs_data_o [5] is used but has no driver.
openlane/CaravelHost\runs\CaravelHost\logs\synthesis\1-synthesis.log[2248]: Warning: Wire CaravelHost.\wbs_data_o [4] is used but has no driver.
openlane/CaravelHost\runs\CaravelHost\logs\synthesis\1-synthesis.log[2249]: Warning: Wire CaravelHost.\wbs_data_o [3] is used but has no driver.
openlane/CaravelHost\runs\CaravelHost\logs\synthesis\1-synthesis.log[2250]: Warning: Wire CaravelHost.\wbs_data_o [2] is used but has no driver.
openlane/CaravelHost\runs\CaravelHost\logs\synthesis\1-synthesis.log[2251]: Warning: Wire CaravelHost.\wbs_data_o [1] is used but has no driver.
openlane/CaravelHost\runs\CaravelHost\logs\synthesis\1-synthesis.log[2252]: Warning: Wire CaravelHost.\wbs_data_o [0] is used but has no driver.
openlane/CaravelHost\runs\CaravelHost\logs\synthesis\1-synthesis.log[2253]: Warning: Wire CaravelHost.\wbs_ack_o is used but has no driver.
openlane/CaravelHost\runs\CaravelHost\logs\synthesis\1-synthesis.log[2254]: Warning: Wire CaravelHost.\versionID [3] is used but has no driver.
openlane/CaravelHost\runs\CaravelHost\logs\synthesis\1-synthesis.log[2255]: Warning: Wire CaravelHost.\versionID [2] is used but has no driver.
openlane/CaravelHost\runs\CaravelHost\logs\synthesis\1-synthesis.log[2256]: Warning: Wire CaravelHost.\versionID [1] is used but has no driver.
openlane/CaravelHost\runs\CaravelHost\logs\synthesis\1-synthesis.log[2257]: Warning: Wire CaravelHost.\versionID [0] is used but has no driver.
openlane/CaravelHost\runs\CaravelHost\logs\synthesis\1-synthesis.log[2258]: Warning: Wire CaravelHost.\partID [15] is used but has no driver.
openlane/CaravelHost\runs\CaravelHost\logs\synthesis\1-synthesis.log[2259]: Warning: Wire CaravelHost.\partID [14] is used but has no driver.
openlane/CaravelHost\runs\CaravelHost\logs\synthesis\1-synthesis.log[2260]: Warning: Wire CaravelHost.\partID [13] is used but has no driver.
openlane/CaravelHost\runs\CaravelHost\logs\synthesis\1-synthesis.log[2261]: Warning: Wire CaravelHost.\partID [12] is used but has no driver.
openlane/CaravelHost\runs\CaravelHost\logs\synthesis\1-synthesis.log[2262]: Warning: Wire CaravelHost.\partID [11] is used but has no driver.
openlane/CaravelHost\runs\CaravelHost\logs\synthesis\1-synthesis.log[2263]: Warning: Wire CaravelHost.\partID [10] is used but has no driver.
openlane/CaravelHost\runs\CaravelHost\logs\synthesis\1-synthesis.log[2264]: Warning: Wire CaravelHost.\partID [9] is used but has no driver.
openlane/CaravelHost\runs\CaravelHost\logs\synthesis\1-synthesis.log[2265]: Warning: Wire CaravelHost.\partID [8] is used but has no driver.
openlane/CaravelHost\runs\CaravelHost\logs\synthesis\1-synthesis.log[2266]: Warning: Wire CaravelHost.\partID [7] is used but has no driver.
openlane/CaravelHost\runs\CaravelHost\logs\synthesis\1-synthesis.log[2267]: Warning: Wire CaravelHost.\partID [6] is used but has no driver.
openlane/CaravelHost\runs\CaravelHost\logs\synthesis\1-synthesis.log[2268]: Warning: Wire CaravelHost.\partID [5] is used but has no driver.
openlane/CaravelHost\runs\CaravelHost\logs\synthesis\1-synthesis.log[2269]: Warning: Wire CaravelHost.\partID [4] is used but has no driver.
openlane/CaravelHost\runs\CaravelHost\logs\synthesis\1-synthesis.log[2270]: Warning: Wire CaravelHost.\partID [3] is used but has no driver.
openlane/CaravelHost\runs\CaravelHost\logs\synthesis\1-synthesis.log[2271]: Warning: Wire CaravelHost.\partID [2] is used but has no driver.
openlane/CaravelHost\runs\CaravelHost\logs\synthesis\1-synthesis.log[2272]: Warning: Wire CaravelHost.\partID [1] is used but has no driver.
openlane/CaravelHost\runs\CaravelHost\logs\synthesis\1-synthesis.log[2273]: Warning: Wire CaravelHost.\partID [0] is used but has no driver.
openlane/CaravelHost\runs\CaravelHost\logs\synthesis\1-synthesis.log[2274]: Warning: Wire CaravelHost.\manufacturerID [10] is used but has no driver.
openlane/CaravelHost\runs\CaravelHost\logs\synthesis\1-synthesis.log[2275]: Warning: Wire CaravelHost.\manufacturerID [9] is used but has no driver.
openlane/CaravelHost\runs\CaravelHost\logs\synthesis\1-synthesis.log[2276]: Warning: Wire CaravelHost.\manufacturerID [8] is used but has no driver.
openlane/CaravelHost\runs\CaravelHost\logs\synthesis\1-synthesis.log[2277]: Warning: Wire CaravelHost.\manufacturerID [7] is used but has no driver.
openlane/CaravelHost\runs\CaravelHost\logs\synthesis\1-synthesis.log[2278]: Warning: Wire CaravelHost.\manufacturerID [6] is used but has no driver.
openlane/CaravelHost\runs\CaravelHost\logs\synthesis\1-synthesis.log[2279]: Warning: Wire CaravelHost.\manufacturerID [5] is used but has no driver.
openlane/CaravelHost\runs\CaravelHost\logs\synthesis\1-synthesis.log[2280]: Warning: Wire CaravelHost.\manufacturerID [4] is used but has no driver.
openlane/CaravelHost\runs\CaravelHost\logs\synthesis\1-synthesis.log[2281]: Warning: Wire CaravelHost.\manufacturerID [3] is used but has no driver.
openlane/CaravelHost\runs\CaravelHost\logs\synthesis\1-synthesis.log[2282]: Warning: Wire CaravelHost.\manufacturerID [2] is used but has no driver.
openlane/CaravelHost\runs\CaravelHost\logs\synthesis\1-synthesis.log[2283]: Warning: Wire CaravelHost.\manufacturerID [1] is used but has no driver.
openlane/CaravelHost\runs\CaravelHost\logs\synthesis\1-synthesis.log[2284]: Warning: Wire CaravelHost.\manufacturerID [0] is used but has no driver.
openlane/CaravelHost\runs\CaravelHost\logs\synthesis\1-synthesis.log[2285]: Warning: Wire CaravelHost.\core1Index [7] is used but has no driver.
openlane/CaravelHost\runs\CaravelHost\logs\synthesis\1-synthesis.log[2286]: Warning: Wire CaravelHost.\core1Index [6] is used but has no driver.
openlane/CaravelHost\runs\CaravelHost\logs\synthesis\1-synthesis.log[2287]: Warning: Wire CaravelHost.\core1Index [5] is used but has no driver.
openlane/CaravelHost\runs\CaravelHost\logs\synthesis\1-synthesis.log[2288]: Warning: Wire CaravelHost.\core1Index [4] is used but has no driver.
openlane/CaravelHost\runs\CaravelHost\logs\synthesis\1-synthesis.log[2289]: Warning: Wire CaravelHost.\core1Index [3] is used but has no driver.
openlane/CaravelHost\runs\CaravelHost\logs\synthesis\1-synthesis.log[2290]: Warning: Wire CaravelHost.\core1Index [2] is used but has no driver.
openlane/CaravelHost\runs\CaravelHost\logs\synthesis\1-synthesis.log[2291]: Warning: Wire CaravelHost.\core1Index [1] is used but has no driver.
openlane/CaravelHost\runs\CaravelHost\logs\synthesis\1-synthesis.log[2292]: Warning: Wire CaravelHost.\core1Index [0] is used but has no driver.
openlane/CaravelHost\runs\CaravelHost\logs\synthesis\1-synthesis.log[2293]: Warning: Wire CaravelHost.\core0Index [7] is used but has no driver.
openlane/CaravelHost\runs\CaravelHost\logs\synthesis\1-synthesis.log[2294]: Warning: Wire CaravelHost.\core0Index [6] is used but has no driver.
openlane/CaravelHost\runs\CaravelHost\logs\synthesis\1-synthesis.log[2295]: Warning: Wire CaravelHost.\core0Index [5] is used but has no driver.
openlane/CaravelHost\runs\CaravelHost\logs\synthesis\1-synthesis.log[2296]: Warning: Wire CaravelHost.\core0Index [4] is used but has no driver.
openlane/CaravelHost\runs\CaravelHost\logs\synthesis\1-synthesis.log[2297]: Warning: Wire CaravelHost.\core0Index [3] is used but has no driver.
openlane/CaravelHost\runs\CaravelHost\logs\synthesis\1-synthesis.log[2298]: Warning: Wire CaravelHost.\core0Index [2] is used but has no driver.
openlane/CaravelHost\runs\CaravelHost\logs\synthesis\1-synthesis.log[2299]: Warning: Wire CaravelHost.\core0Index [1] is used but has no driver.
openlane/CaravelHost\runs\CaravelHost\logs\synthesis\1-synthesis.log[2300]: Warning: Wire CaravelHost.\core0Index [0] is used but has no driver.
openlane/CaravelHost\runs\CaravelHost\logs\synthesis\1-synthesis.log[2301]: Warning: Wire CaravelHost.\caravel_wb_we_o is used but has no driver.
openlane/CaravelHost\runs\CaravelHost\logs\synthesis\1-synthesis.log[2302]: Warning: Wire CaravelHost.\caravel_wb_stb_o is used but has no driver.
openlane/CaravelHost\runs\CaravelHost\logs\synthesis\1-synthesis.log[2303]: Warning: Wire CaravelHost.\caravel_wb_sel_o [3] is used but has no driver.
openlane/CaravelHost\runs\CaravelHost\logs\synthesis\1-synthesis.log[2304]: Warning: Wire CaravelHost.\caravel_wb_sel_o [2] is used but has no driver.
openlane/CaravelHost\runs\CaravelHost\logs\synthesis\1-synthesis.log[2305]: Warning: Wire CaravelHost.\caravel_wb_sel_o [1] is used but has no driver.
openlane/CaravelHost\runs\CaravelHost\logs\synthesis\1-synthesis.log[2306]: Warning: Wire CaravelHost.\caravel_wb_sel_o [0] is used but has no driver.
openlane/CaravelHost\runs\CaravelHost\logs\synthesis\1-synthesis.log[2307]: Warning: Wire CaravelHost.\caravel_wb_data_o [31] is used but has no driver.
openlane/CaravelHost\runs\CaravelHost\logs\synthesis\1-synthesis.log[2308]: Warning: Wire CaravelHost.\caravel_wb_data_o [30] is used but has no driver.
openlane/CaravelHost\runs\CaravelHost\logs\synthesis\1-synthesis.log[2309]: Warning: Wire CaravelHost.\caravel_wb_data_o [29] is used but has no driver.
openlane/CaravelHost\runs\CaravelHost\logs\synthesis\1-synthesis.log[2310]: Warning: Wire CaravelHost.\caravel_wb_data_o [28] is used but has no driver.
openlane/CaravelHost\runs\CaravelHost\logs\synthesis\1-synthesis.log[2311]: Warning: Wire CaravelHost.\caravel_wb_data_o [27] is used but has no driver.
openlane/CaravelHost\runs\CaravelHost\logs\synthesis\1-synthesis.log[2312]: Warning: Wire CaravelHost.\caravel_wb_data_o [26] is used but has no driver.
openlane/CaravelHost\runs\CaravelHost\logs\synthesis\1-synthesis.log[2313]: Warning: Wire CaravelHost.\caravel_wb_data_o [25] is used but has no driver.
openlane/CaravelHost\runs\CaravelHost\logs\synthesis\1-synthesis.log[2314]: Warning: Wire CaravelHost.\caravel_wb_data_o [24] is used but has no driver.
openlane/CaravelHost\runs\CaravelHost\logs\synthesis\1-synthesis.log[2315]: Warning: Wire CaravelHost.\caravel_wb_data_o [23] is used but has no driver.
openlane/CaravelHost\runs\CaravelHost\logs\synthesis\1-synthesis.log[2316]: Warning: Wire CaravelHost.\caravel_wb_data_o [22] is used but has no driver.
openlane/CaravelHost\runs\CaravelHost\logs\synthesis\1-synthesis.log[2317]: Warning: Wire CaravelHost.\caravel_wb_data_o [21] is used but has no driver.
openlane/CaravelHost\runs\CaravelHost\logs\synthesis\1-synthesis.log[2318]: Warning: Wire CaravelHost.\caravel_wb_data_o [20] is used but has no driver.
openlane/CaravelHost\runs\CaravelHost\logs\synthesis\1-synthesis.log[2319]: Warning: Wire CaravelHost.\caravel_wb_data_o [19] is used but has no driver.
openlane/CaravelHost\runs\CaravelHost\logs\synthesis\1-synthesis.log[2320]: Warning: Wire CaravelHost.\caravel_wb_data_o [18] is used but has no driver.
openlane/CaravelHost\runs\CaravelHost\logs\synthesis\1-synthesis.log[2321]: Warning: Wire CaravelHost.\caravel_wb_data_o [17] is used but has no driver.
openlane/CaravelHost\runs\CaravelHost\logs\synthesis\1-synthesis.log[2322]: Warning: Wire CaravelHost.\caravel_wb_data_o [16] is used but has no driver.
openlane/CaravelHost\runs\CaravelHost\logs\synthesis\1-synthesis.log[2323]: Warning: Wire CaravelHost.\caravel_wb_data_o [15] is used but has no driver.
openlane/CaravelHost\runs\CaravelHost\logs\synthesis\1-synthesis.log[2324]: Warning: Wire CaravelHost.\caravel_wb_data_o [14] is used but has no driver.
openlane/CaravelHost\runs\CaravelHost\logs\synthesis\1-synthesis.log[2325]: Warning: Wire CaravelHost.\caravel_wb_data_o [13] is used but has no driver.
openlane/CaravelHost\runs\CaravelHost\logs\synthesis\1-synthesis.log[2326]: Warning: Wire CaravelHost.\caravel_wb_data_o [12] is used but has no driver.
openlane/CaravelHost\runs\CaravelHost\logs\synthesis\1-synthesis.log[2327]: Warning: Wire CaravelHost.\caravel_wb_data_o [11] is used but has no driver.
openlane/CaravelHost\runs\CaravelHost\logs\synthesis\1-synthesis.log[2328]: Warning: Wire CaravelHost.\caravel_wb_data_o [10] is used but has no driver.
openlane/CaravelHost\runs\CaravelHost\logs\synthesis\1-synthesis.log[2329]: Warning: Wire CaravelHost.\caravel_wb_data_o [9] is used but has no driver.
openlane/CaravelHost\runs\CaravelHost\logs\synthesis\1-synthesis.log[2330]: Warning: Wire CaravelHost.\caravel_wb_data_o [8] is used but has no driver.
openlane/CaravelHost\runs\CaravelHost\logs\synthesis\1-synthesis.log[2331]: Warning: Wire CaravelHost.\caravel_wb_data_o [7] is used but has no driver.
openlane/CaravelHost\runs\CaravelHost\logs\synthesis\1-synthesis.log[2332]: Warning: Wire CaravelHost.\caravel_wb_data_o [6] is used but has no driver.
openlane/CaravelHost\runs\CaravelHost\logs\synthesis\1-synthesis.log[2333]: Warning: Wire CaravelHost.\caravel_wb_data_o [5] is used but has no driver.
openlane/CaravelHost\runs\CaravelHost\logs\synthesis\1-synthesis.log[2334]: Warning: Wire CaravelHost.\caravel_wb_data_o [4] is used but has no driver.
openlane/CaravelHost\runs\CaravelHost\logs\synthesis\1-synthesis.log[2335]: Warning: Wire CaravelHost.\caravel_wb_data_o [3] is used but has no driver.
openlane/CaravelHost\runs\CaravelHost\logs\synthesis\1-synthesis.log[2336]: Warning: Wire CaravelHost.\caravel_wb_data_o [2] is used but has no driver.
openlane/CaravelHost\runs\CaravelHost\logs\synthesis\1-synthesis.log[2337]: Warning: Wire CaravelHost.\caravel_wb_data_o [1] is used but has no driver.
openlane/CaravelHost\runs\CaravelHost\logs\synthesis\1-synthesis.log[2338]: Warning: Wire CaravelHost.\caravel_wb_data_o [0] is used but has no driver.
openlane/CaravelHost\runs\CaravelHost\logs\synthesis\1-synthesis.log[2339]: Warning: Wire CaravelHost.\caravel_wb_cyc_o is used but has no driver.
openlane/CaravelHost\runs\CaravelHost\logs\synthesis\1-synthesis.log[2340]: Warning: Wire CaravelHost.\caravel_wb_adr_o [27] is used but has no driver.
openlane/CaravelHost\runs\CaravelHost\logs\synthesis\1-synthesis.log[2341]: Warning: Wire CaravelHost.\caravel_wb_adr_o [26] is used but has no driver.
openlane/CaravelHost\runs\CaravelHost\logs\synthesis\1-synthesis.log[2342]: Warning: Wire CaravelHost.\caravel_wb_adr_o [25] is used but has no driver.
openlane/CaravelHost\runs\CaravelHost\logs\synthesis\1-synthesis.log[2343]: Warning: Wire CaravelHost.\caravel_wb_adr_o [24] is used but has no driver.
openlane/CaravelHost\runs\CaravelHost\logs\synthesis\1-synthesis.log[2344]: Warning: Wire CaravelHost.\caravel_wb_adr_o [23] is used but has no driver.
openlane/CaravelHost\runs\CaravelHost\logs\synthesis\1-synthesis.log[2345]: Warning: Wire CaravelHost.\caravel_wb_adr_o [22] is used but has no driver.
openlane/CaravelHost\runs\CaravelHost\logs\synthesis\1-synthesis.log[2346]: Warning: Wire CaravelHost.\caravel_wb_adr_o [21] is used but has no driver.
openlane/CaravelHost\runs\CaravelHost\logs\synthesis\1-synthesis.log[2347]: Warning: Wire CaravelHost.\caravel_wb_adr_o [20] is used but has no driver.
openlane/CaravelHost\runs\CaravelHost\logs\synthesis\1-synthesis.log[2348]: Warning: Wire CaravelHost.\caravel_wb_adr_o [19] is used but has no driver.
openlane/CaravelHost\runs\CaravelHost\logs\synthesis\1-synthesis.log[2349]: Warning: Wire CaravelHost.\caravel_wb_adr_o [18] is used but has no driver.
openlane/CaravelHost\runs\CaravelHost\logs\synthesis\1-synthesis.log[2350]: Warning: Wire CaravelHost.\caravel_wb_adr_o [17] is used but has no driver.
openlane/CaravelHost\runs\CaravelHost\logs\synthesis\1-synthesis.log[2351]: Warning: Wire CaravelHost.\caravel_wb_adr_o [16] is used but has no driver.
openlane/CaravelHost\runs\CaravelHost\logs\synthesis\1-synthesis.log[2352]: Warning: Wire CaravelHost.\caravel_wb_adr_o [15] is used but has no driver.
openlane/CaravelHost\runs\CaravelHost\logs\synthesis\1-synthesis.log[2353]: Warning: Wire CaravelHost.\caravel_wb_adr_o [14] is used but has no driver.
openlane/CaravelHost\runs\CaravelHost\logs\synthesis\1-synthesis.log[2354]: Warning: Wire CaravelHost.\caravel_wb_adr_o [13] is used but has no driver.
openlane/CaravelHost\runs\CaravelHost\logs\synthesis\1-synthesis.log[2355]: Warning: Wire CaravelHost.\caravel_wb_adr_o [12] is used but has no driver.
openlane/CaravelHost\runs\CaravelHost\logs\synthesis\1-synthesis.log[2356]: Warning: Wire CaravelHost.\caravel_wb_adr_o [11] is used but has no driver.
openlane/CaravelHost\runs\CaravelHost\logs\synthesis\1-synthesis.log[2357]: Warning: Wire CaravelHost.\caravel_wb_adr_o [10] is used but has no driver.
openlane/CaravelHost\runs\CaravelHost\logs\synthesis\1-synthesis.log[2358]: Warning: Wire CaravelHost.\caravel_wb_adr_o [9] is used but has no driver.
openlane/CaravelHost\runs\CaravelHost\logs\synthesis\1-synthesis.log[2359]: Warning: Wire CaravelHost.\caravel_wb_adr_o [8] is used but has no driver.
openlane/CaravelHost\runs\CaravelHost\logs\synthesis\1-synthesis.log[2360]: Warning: Wire CaravelHost.\caravel_wb_adr_o [7] is used but has no driver.
openlane/CaravelHost\runs\CaravelHost\logs\synthesis\1-synthesis.log[2361]: Warning: Wire CaravelHost.\caravel_wb_adr_o [6] is used but has no driver.
openlane/CaravelHost\runs\CaravelHost\logs\synthesis\1-synthesis.log[2362]: Warning: Wire CaravelHost.\caravel_wb_adr_o [5] is used but has no driver.
openlane/CaravelHost\runs\CaravelHost\logs\synthesis\1-synthesis.log[2363]: Warning: Wire CaravelHost.\caravel_wb_adr_o [4] is used but has no driver.
openlane/CaravelHost\runs\CaravelHost\logs\synthesis\1-synthesis.log[2364]: Warning: Wire CaravelHost.\caravel_wb_adr_o [3] is used but has no driver.
openlane/CaravelHost\runs\CaravelHost\logs\synthesis\1-synthesis.log[2365]: Warning: Wire CaravelHost.\caravel_wb_adr_o [2] is used but has no driver.
openlane/CaravelHost\runs\CaravelHost\logs\synthesis\1-synthesis.log[2366]: Warning: Wire CaravelHost.\caravel_wb_adr_o [1] is used but has no driver.
openlane/CaravelHost\runs\CaravelHost\logs\synthesis\1-synthesis.log[2367]: Warning: Wire CaravelHost.\caravel_wb_adr_o [0] is used but has no driver.
openlane/CaravelHost\runs\CaravelHost\logs\synthesis\1-synthesis.log[2368]: Warning: Wire CaravelHost.\caravel_uart_tx is used but has no driver.
openlane/CaravelHost\runs\CaravelHost\logs\synthesis\1-synthesis.log[2369]: Warning: Wire CaravelHost.\caravel_irq [3] is used but has no driver.
openlane/CaravelHost\runs\CaravelHost\logs\synthesis\1-synthesis.log[2370]: Warning: Wire CaravelHost.\caravel_irq [2] is used but has no driver.
openlane/CaravelHost\runs\CaravelHost\logs\synthesis\1-synthesis.log[2371]: Warning: Wire CaravelHost.\caravel_irq [1] is used but has no driver.
openlane/CaravelHost\runs\CaravelHost\logs\synthesis\1-synthesis.log[2372]: Warning: Wire CaravelHost.\caravel_irq [0] is used but has no driver.
openlane/CaravelHost\runs\CaravelHost\logs\synthesis\1-synthesis.log[2451]: Warnings: 152 unique messages, 152 total
openlane/CaravelHost\runs\CaravelHost\logs\finishing\27-gdsii-klayout.log[12]: WARNING: no fill config file specified
openlane/CaravelHost\runs\CaravelHost\logs\finishing\32-lef.log[1]: Warning: netgen command 'format' use fully-qualified name '::netgen::format'
openlane/CaravelHost\runs\CaravelHost\logs\finishing\32-lef.log[2]: Warning: netgen command 'global' use fully-qualified name '::netgen::global'
openlane/CaravelHost\runs\CaravelHost\logs\finishing\32-lef.log[6]: Warning:  A case-insensitive file has been read and so the	verilog file must be treated case-insensitive to match.
openlane/CaravelHost\runs\CaravelHost\reports\finishing\antenna.rpt[0]: Warning - class CORE ANTENNACELL is not found. This message can be ignored if not in the antenna-avoid flow
