
bringup.elf:     file format elf32-littleriscv


Disassembly of section .text:

10000000 <_ftext>:
10000000:	0b00006f          	j	100000b0 <crt_init>
10000004:	00000013          	nop
10000008:	00000013          	nop
1000000c:	00000013          	nop
10000010:	00000013          	nop
10000014:	00000013          	nop
10000018:	00000013          	nop
1000001c:	00000013          	nop

10000020 <trap_entry>:
10000020:	fe112e23          	sw	ra,-4(sp)
10000024:	fe512c23          	sw	t0,-8(sp)
10000028:	fe612a23          	sw	t1,-12(sp)
1000002c:	fe712823          	sw	t2,-16(sp)
10000030:	fea12623          	sw	a0,-20(sp)
10000034:	feb12423          	sw	a1,-24(sp)
10000038:	fec12223          	sw	a2,-28(sp)
1000003c:	fed12023          	sw	a3,-32(sp)
10000040:	fce12e23          	sw	a4,-36(sp)
10000044:	fcf12c23          	sw	a5,-40(sp)
10000048:	fd012a23          	sw	a6,-44(sp)
1000004c:	fd112823          	sw	a7,-48(sp)
10000050:	fdc12623          	sw	t3,-52(sp)
10000054:	fdd12423          	sw	t4,-56(sp)
10000058:	fde12223          	sw	t5,-60(sp)
1000005c:	fdf12023          	sw	t6,-64(sp)
10000060:	fc010113          	addi	sp,sp,-64
10000064:	110000ef          	jal	ra,10000174 <isr>
10000068:	03c12083          	lw	ra,60(sp)
1000006c:	03812283          	lw	t0,56(sp)
10000070:	03412303          	lw	t1,52(sp)
10000074:	03012383          	lw	t2,48(sp)
10000078:	02c12503          	lw	a0,44(sp)
1000007c:	02812583          	lw	a1,40(sp)
10000080:	02412603          	lw	a2,36(sp)
10000084:	02012683          	lw	a3,32(sp)
10000088:	01c12703          	lw	a4,28(sp)
1000008c:	01812783          	lw	a5,24(sp)
10000090:	01412803          	lw	a6,20(sp)
10000094:	01012883          	lw	a7,16(sp)
10000098:	00c12e03          	lw	t3,12(sp)
1000009c:	00812e83          	lw	t4,8(sp)
100000a0:	00412f03          	lw	t5,4(sp)
100000a4:	00012f83          	lw	t6,0(sp)
100000a8:	04010113          	addi	sp,sp,64
100000ac:	30200073          	mret

100000b0 <crt_init>:
100000b0:	40000113          	li	sp,1024
100000b4:	00000517          	auipc	a0,0x0
100000b8:	f6c50513          	addi	a0,a0,-148 # 10000020 <trap_entry>
100000bc:	30551073          	csrw	mtvec,a0

100000c0 <data_init>:
100000c0:	00000513          	li	a0,0
100000c4:	00800593          	li	a1,8
100000c8:	00002617          	auipc	a2,0x2
100000cc:	b3860613          	addi	a2,a2,-1224 # 10001c00 <_fdata_rom>

100000d0 <data_loop>:
100000d0:	00b50c63          	beq	a0,a1,100000e8 <bss_init>
100000d4:	00062683          	lw	a3,0(a2)
100000d8:	00d52023          	sw	a3,0(a0)
100000dc:	00450513          	addi	a0,a0,4
100000e0:	00460613          	addi	a2,a2,4
100000e4:	fedff06f          	j	100000d0 <data_loop>

100000e8 <bss_init>:
100000e8:	10000513          	li	a0,256
100000ec:	11800593          	li	a1,280

100000f0 <bss_loop>:
100000f0:	00b50863          	beq	a0,a1,10000100 <bss_done>
100000f4:	00052023          	sw	zero,0(a0)
100000f8:	00450513          	addi	a0,a0,4
100000fc:	ff5ff06f          	j	100000f0 <bss_loop>

10000100 <bss_done>:
10000100:	00001537          	lui	a0,0x1
10000104:	88050513          	addi	a0,a0,-1920 # 880 <_fstack+0x480>
10000108:	30451073          	csrw	mie,a0
1000010c:	690010ef          	jal	ra,1000179c <main>

10000110 <infinit_loop>:
10000110:	0000006f          	j	10000110 <infinit_loop>

10000114 <flush_cpu_icache>:
10000114:	ff010113          	addi	sp,sp,-16
10000118:	00812623          	sw	s0,12(sp)
1000011c:	01010413          	addi	s0,sp,16
10000120:	00000013          	nop
10000124:	00c12403          	lw	s0,12(sp)
10000128:	01010113          	addi	sp,sp,16
1000012c:	00008067          	ret

10000130 <flush_cpu_dcache>:
10000130:	ff010113          	addi	sp,sp,-16
10000134:	00812623          	sw	s0,12(sp)
10000138:	01010413          	addi	s0,sp,16
1000013c:	00000013          	nop
10000140:	00c12403          	lw	s0,12(sp)
10000144:	01010113          	addi	sp,sp,16
10000148:	00008067          	ret

1000014c <irq_setmask>:
1000014c:	fe010113          	addi	sp,sp,-32
10000150:	00812e23          	sw	s0,28(sp)
10000154:	02010413          	addi	s0,sp,32
10000158:	fea42623          	sw	a0,-20(s0)
1000015c:	fec42783          	lw	a5,-20(s0)
10000160:	bc079073          	csrw	0xbc0,a5
10000164:	00000013          	nop
10000168:	01c12403          	lw	s0,28(sp)
1000016c:	02010113          	addi	sp,sp,32
10000170:	00008067          	ret

10000174 <isr>:
10000174:	ff010113          	addi	sp,sp,-16
10000178:	00112623          	sw	ra,12(sp)
1000017c:	00812423          	sw	s0,8(sp)
10000180:	01010413          	addi	s0,sp,16
10000184:	00000513          	li	a0,0
10000188:	fc5ff0ef          	jal	ra,1000014c <irq_setmask>
1000018c:	f00057b7          	lui	a5,0xf0005
10000190:	01c78793          	addi	a5,a5,28 # f000501c <_fdata_rom+0xe000341c>
10000194:	0007a023          	sw	zero,0(a5)
10000198:	f00057b7          	lui	a5,0xf0005
1000019c:	00c78793          	addi	a5,a5,12 # f000500c <_fdata_rom+0xe000340c>
100001a0:	00100713          	li	a4,1
100001a4:	00e7a023          	sw	a4,0(a5)
100001a8:	f00057b7          	lui	a5,0xf0005
100001ac:	01078793          	addi	a5,a5,16 # f0005010 <_fdata_rom+0xe0003410>
100001b0:	0007a783          	lw	a5,0(a5)
100001b4:	00079863          	bnez	a5,100001c4 <isr+0x50>
100001b8:	00100713          	li	a4,1
100001bc:	10e01223          	sh	a4,260(zero) # 104 <flag>
100001c0:	0180006f          	j	100001d8 <isr+0x64>
100001c4:	f00057b7          	lui	a5,0xf0005
100001c8:	01c78793          	addi	a5,a5,28 # f000501c <_fdata_rom+0xe000341c>
100001cc:	00100713          	li	a4,1
100001d0:	00e7a023          	sw	a4,0(a5)
100001d4:	00000013          	nop
100001d8:	00c12083          	lw	ra,12(sp)
100001dc:	00812403          	lw	s0,8(sp)
100001e0:	01010113          	addi	sp,sp,16
100001e4:	00008067          	ret

100001e8 <flush_cpu_icache>:
100001e8:	ff010113          	addi	sp,sp,-16
100001ec:	00812623          	sw	s0,12(sp)
100001f0:	01010413          	addi	s0,sp,16
100001f4:	00000013          	nop
100001f8:	00c12403          	lw	s0,12(sp)
100001fc:	01010113          	addi	sp,sp,16
10000200:	00008067          	ret

10000204 <flush_cpu_dcache>:
10000204:	ff010113          	addi	sp,sp,-16
10000208:	00812623          	sw	s0,12(sp)
1000020c:	01010413          	addi	s0,sp,16
10000210:	00000013          	nop
10000214:	00c12403          	lw	s0,12(sp)
10000218:	01010113          	addi	sp,sp,16
1000021c:	00008067          	ret

10000220 <putchar>:
10000220:	fe010113          	addi	sp,sp,-32
10000224:	00112e23          	sw	ra,28(sp)
10000228:	00812c23          	sw	s0,24(sp)
1000022c:	02010413          	addi	s0,sp,32
10000230:	00050793          	mv	a5,a0
10000234:	fef407a3          	sb	a5,-17(s0)
10000238:	fef44703          	lbu	a4,-17(s0)
1000023c:	00a00793          	li	a5,10
10000240:	00f71663          	bne	a4,a5,1000024c <putchar+0x2c>
10000244:	00d00513          	li	a0,13
10000248:	fd9ff0ef          	jal	ra,10000220 <putchar>
1000024c:	00000013          	nop
10000250:	f00067b7          	lui	a5,0xf0006
10000254:	80478793          	addi	a5,a5,-2044 # f0005804 <_fdata_rom+0xe0003c04>
10000258:	0007a703          	lw	a4,0(a5)
1000025c:	00100793          	li	a5,1
10000260:	fef708e3          	beq	a4,a5,10000250 <putchar+0x30>
10000264:	f00067b7          	lui	a5,0xf0006
10000268:	80078793          	addi	a5,a5,-2048 # f0005800 <_fdata_rom+0xe0003c00>
1000026c:	fef44703          	lbu	a4,-17(s0)
10000270:	00e7a023          	sw	a4,0(a5)
10000274:	00000013          	nop
10000278:	01c12083          	lw	ra,28(sp)
1000027c:	01812403          	lw	s0,24(sp)
10000280:	02010113          	addi	sp,sp,32
10000284:	00008067          	ret

10000288 <print>:
10000288:	fe010113          	addi	sp,sp,-32
1000028c:	00112e23          	sw	ra,28(sp)
10000290:	00812c23          	sw	s0,24(sp)
10000294:	02010413          	addi	s0,sp,32
10000298:	fea42623          	sw	a0,-20(s0)
1000029c:	01c0006f          	j	100002b8 <print+0x30>
100002a0:	fec42783          	lw	a5,-20(s0)
100002a4:	00178713          	addi	a4,a5,1
100002a8:	fee42623          	sw	a4,-20(s0)
100002ac:	0007c783          	lbu	a5,0(a5)
100002b0:	00078513          	mv	a0,a5
100002b4:	f6dff0ef          	jal	ra,10000220 <putchar>
100002b8:	fec42783          	lw	a5,-20(s0)
100002bc:	0007c783          	lbu	a5,0(a5)
100002c0:	fe0790e3          	bnez	a5,100002a0 <print+0x18>
100002c4:	00000013          	nop
100002c8:	01c12083          	lw	ra,28(sp)
100002cc:	01812403          	lw	s0,24(sp)
100002d0:	02010113          	addi	sp,sp,32
100002d4:	00008067          	ret

100002d8 <print_hex>:
100002d8:	fd010113          	addi	sp,sp,-48
100002dc:	02112623          	sw	ra,44(sp)
100002e0:	02812423          	sw	s0,40(sp)
100002e4:	03010413          	addi	s0,sp,48
100002e8:	fca42e23          	sw	a0,-36(s0)
100002ec:	fcb42c23          	sw	a1,-40(s0)
100002f0:	fd842783          	lw	a5,-40(s0)
100002f4:	fff78793          	addi	a5,a5,-1
100002f8:	fef42623          	sw	a5,-20(s0)
100002fc:	0440006f          	j	10000340 <print_hex+0x68>
10000300:	fec42783          	lw	a5,-20(s0)
10000304:	00279793          	slli	a5,a5,0x2
10000308:	fdc42703          	lw	a4,-36(s0)
1000030c:	00f757b3          	srl	a5,a4,a5
10000310:	00f7f713          	andi	a4,a5,15
10000314:	100027b7          	lui	a5,0x10002
10000318:	a0078793          	addi	a5,a5,-1536 # 10001a00 <_etext>
1000031c:	00f707b3          	add	a5,a4,a5
10000320:	0007c783          	lbu	a5,0(a5)
10000324:	fef405a3          	sb	a5,-21(s0)
10000328:	feb44783          	lbu	a5,-21(s0)
1000032c:	00078513          	mv	a0,a5
10000330:	ef1ff0ef          	jal	ra,10000220 <putchar>
10000334:	fec42783          	lw	a5,-20(s0)
10000338:	fff78793          	addi	a5,a5,-1
1000033c:	fef42623          	sw	a5,-20(s0)
10000340:	fec42783          	lw	a5,-20(s0)
10000344:	fa07dee3          	bgez	a5,10000300 <print_hex+0x28>
10000348:	00000013          	nop
1000034c:	02c12083          	lw	ra,44(sp)
10000350:	02812403          	lw	s0,40(sp)
10000354:	03010113          	addi	sp,sp,48
10000358:	00008067          	ret

1000035c <print_dec>:
1000035c:	fe010113          	addi	sp,sp,-32
10000360:	00112e23          	sw	ra,28(sp)
10000364:	00812c23          	sw	s0,24(sp)
10000368:	02010413          	addi	s0,sp,32
1000036c:	fea42623          	sw	a0,-20(s0)
10000370:	fec42703          	lw	a4,-20(s0)
10000374:	7cf00793          	li	a5,1999
10000378:	00e7fa63          	bgeu	a5,a4,1000038c <print_dec+0x30>
1000037c:	100027b7          	lui	a5,0x10002
10000380:	a1478513          	addi	a0,a5,-1516 # 10001a14 <_etext+0x14>
10000384:	f05ff0ef          	jal	ra,10000288 <print>
10000388:	4100006f          	j	10000798 <print_dec+0x43c>
1000038c:	fec42703          	lw	a4,-20(s0)
10000390:	3e700793          	li	a5,999
10000394:	00e7fe63          	bgeu	a5,a4,100003b0 <print_dec+0x54>
10000398:	03100513          	li	a0,49
1000039c:	e85ff0ef          	jal	ra,10000220 <putchar>
100003a0:	fec42783          	lw	a5,-20(s0)
100003a4:	c1878793          	addi	a5,a5,-1000
100003a8:	fef42623          	sw	a5,-20(s0)
100003ac:	00c0006f          	j	100003b8 <print_dec+0x5c>
100003b0:	02000513          	li	a0,32
100003b4:	e6dff0ef          	jal	ra,10000220 <putchar>
100003b8:	fec42703          	lw	a4,-20(s0)
100003bc:	38300793          	li	a5,899
100003c0:	00e7fe63          	bgeu	a5,a4,100003dc <print_dec+0x80>
100003c4:	03900513          	li	a0,57
100003c8:	e59ff0ef          	jal	ra,10000220 <putchar>
100003cc:	fec42783          	lw	a5,-20(s0)
100003d0:	c7c78793          	addi	a5,a5,-900
100003d4:	fef42623          	sw	a5,-20(s0)
100003d8:	12c0006f          	j	10000504 <print_dec+0x1a8>
100003dc:	fec42703          	lw	a4,-20(s0)
100003e0:	31f00793          	li	a5,799
100003e4:	00e7fe63          	bgeu	a5,a4,10000400 <print_dec+0xa4>
100003e8:	03800513          	li	a0,56
100003ec:	e35ff0ef          	jal	ra,10000220 <putchar>
100003f0:	fec42783          	lw	a5,-20(s0)
100003f4:	ce078793          	addi	a5,a5,-800
100003f8:	fef42623          	sw	a5,-20(s0)
100003fc:	1080006f          	j	10000504 <print_dec+0x1a8>
10000400:	fec42703          	lw	a4,-20(s0)
10000404:	2bb00793          	li	a5,699
10000408:	00e7fe63          	bgeu	a5,a4,10000424 <print_dec+0xc8>
1000040c:	03700513          	li	a0,55
10000410:	e11ff0ef          	jal	ra,10000220 <putchar>
10000414:	fec42783          	lw	a5,-20(s0)
10000418:	d4478793          	addi	a5,a5,-700
1000041c:	fef42623          	sw	a5,-20(s0)
10000420:	0e40006f          	j	10000504 <print_dec+0x1a8>
10000424:	fec42703          	lw	a4,-20(s0)
10000428:	25700793          	li	a5,599
1000042c:	00e7fe63          	bgeu	a5,a4,10000448 <print_dec+0xec>
10000430:	03600513          	li	a0,54
10000434:	dedff0ef          	jal	ra,10000220 <putchar>
10000438:	fec42783          	lw	a5,-20(s0)
1000043c:	da878793          	addi	a5,a5,-600
10000440:	fef42623          	sw	a5,-20(s0)
10000444:	0c00006f          	j	10000504 <print_dec+0x1a8>
10000448:	fec42703          	lw	a4,-20(s0)
1000044c:	1f300793          	li	a5,499
10000450:	00e7fe63          	bgeu	a5,a4,1000046c <print_dec+0x110>
10000454:	03500513          	li	a0,53
10000458:	dc9ff0ef          	jal	ra,10000220 <putchar>
1000045c:	fec42783          	lw	a5,-20(s0)
10000460:	e0c78793          	addi	a5,a5,-500
10000464:	fef42623          	sw	a5,-20(s0)
10000468:	09c0006f          	j	10000504 <print_dec+0x1a8>
1000046c:	fec42703          	lw	a4,-20(s0)
10000470:	18f00793          	li	a5,399
10000474:	00e7fe63          	bgeu	a5,a4,10000490 <print_dec+0x134>
10000478:	03400513          	li	a0,52
1000047c:	da5ff0ef          	jal	ra,10000220 <putchar>
10000480:	fec42783          	lw	a5,-20(s0)
10000484:	e7078793          	addi	a5,a5,-400
10000488:	fef42623          	sw	a5,-20(s0)
1000048c:	0780006f          	j	10000504 <print_dec+0x1a8>
10000490:	fec42703          	lw	a4,-20(s0)
10000494:	12b00793          	li	a5,299
10000498:	00e7fe63          	bgeu	a5,a4,100004b4 <print_dec+0x158>
1000049c:	03300513          	li	a0,51
100004a0:	d81ff0ef          	jal	ra,10000220 <putchar>
100004a4:	fec42783          	lw	a5,-20(s0)
100004a8:	ed478793          	addi	a5,a5,-300
100004ac:	fef42623          	sw	a5,-20(s0)
100004b0:	0540006f          	j	10000504 <print_dec+0x1a8>
100004b4:	fec42703          	lw	a4,-20(s0)
100004b8:	0c700793          	li	a5,199
100004bc:	00e7fe63          	bgeu	a5,a4,100004d8 <print_dec+0x17c>
100004c0:	03200513          	li	a0,50
100004c4:	d5dff0ef          	jal	ra,10000220 <putchar>
100004c8:	fec42783          	lw	a5,-20(s0)
100004cc:	f3878793          	addi	a5,a5,-200
100004d0:	fef42623          	sw	a5,-20(s0)
100004d4:	0300006f          	j	10000504 <print_dec+0x1a8>
100004d8:	fec42703          	lw	a4,-20(s0)
100004dc:	06300793          	li	a5,99
100004e0:	00e7fe63          	bgeu	a5,a4,100004fc <print_dec+0x1a0>
100004e4:	03100513          	li	a0,49
100004e8:	d39ff0ef          	jal	ra,10000220 <putchar>
100004ec:	fec42783          	lw	a5,-20(s0)
100004f0:	f9c78793          	addi	a5,a5,-100
100004f4:	fef42623          	sw	a5,-20(s0)
100004f8:	00c0006f          	j	10000504 <print_dec+0x1a8>
100004fc:	03000513          	li	a0,48
10000500:	d21ff0ef          	jal	ra,10000220 <putchar>
10000504:	fec42703          	lw	a4,-20(s0)
10000508:	05900793          	li	a5,89
1000050c:	00e7fe63          	bgeu	a5,a4,10000528 <print_dec+0x1cc>
10000510:	03900513          	li	a0,57
10000514:	d0dff0ef          	jal	ra,10000220 <putchar>
10000518:	fec42783          	lw	a5,-20(s0)
1000051c:	fa678793          	addi	a5,a5,-90
10000520:	fef42623          	sw	a5,-20(s0)
10000524:	12c0006f          	j	10000650 <print_dec+0x2f4>
10000528:	fec42703          	lw	a4,-20(s0)
1000052c:	04f00793          	li	a5,79
10000530:	00e7fe63          	bgeu	a5,a4,1000054c <print_dec+0x1f0>
10000534:	03800513          	li	a0,56
10000538:	ce9ff0ef          	jal	ra,10000220 <putchar>
1000053c:	fec42783          	lw	a5,-20(s0)
10000540:	fb078793          	addi	a5,a5,-80
10000544:	fef42623          	sw	a5,-20(s0)
10000548:	1080006f          	j	10000650 <print_dec+0x2f4>
1000054c:	fec42703          	lw	a4,-20(s0)
10000550:	04500793          	li	a5,69
10000554:	00e7fe63          	bgeu	a5,a4,10000570 <print_dec+0x214>
10000558:	03700513          	li	a0,55
1000055c:	cc5ff0ef          	jal	ra,10000220 <putchar>
10000560:	fec42783          	lw	a5,-20(s0)
10000564:	fba78793          	addi	a5,a5,-70
10000568:	fef42623          	sw	a5,-20(s0)
1000056c:	0e40006f          	j	10000650 <print_dec+0x2f4>
10000570:	fec42703          	lw	a4,-20(s0)
10000574:	03b00793          	li	a5,59
10000578:	00e7fe63          	bgeu	a5,a4,10000594 <print_dec+0x238>
1000057c:	03600513          	li	a0,54
10000580:	ca1ff0ef          	jal	ra,10000220 <putchar>
10000584:	fec42783          	lw	a5,-20(s0)
10000588:	fc478793          	addi	a5,a5,-60
1000058c:	fef42623          	sw	a5,-20(s0)
10000590:	0c00006f          	j	10000650 <print_dec+0x2f4>
10000594:	fec42703          	lw	a4,-20(s0)
10000598:	03100793          	li	a5,49
1000059c:	00e7fe63          	bgeu	a5,a4,100005b8 <print_dec+0x25c>
100005a0:	03500513          	li	a0,53
100005a4:	c7dff0ef          	jal	ra,10000220 <putchar>
100005a8:	fec42783          	lw	a5,-20(s0)
100005ac:	fce78793          	addi	a5,a5,-50
100005b0:	fef42623          	sw	a5,-20(s0)
100005b4:	09c0006f          	j	10000650 <print_dec+0x2f4>
100005b8:	fec42703          	lw	a4,-20(s0)
100005bc:	02700793          	li	a5,39
100005c0:	00e7fe63          	bgeu	a5,a4,100005dc <print_dec+0x280>
100005c4:	03400513          	li	a0,52
100005c8:	c59ff0ef          	jal	ra,10000220 <putchar>
100005cc:	fec42783          	lw	a5,-20(s0)
100005d0:	fd878793          	addi	a5,a5,-40
100005d4:	fef42623          	sw	a5,-20(s0)
100005d8:	0780006f          	j	10000650 <print_dec+0x2f4>
100005dc:	fec42703          	lw	a4,-20(s0)
100005e0:	01d00793          	li	a5,29
100005e4:	00e7fe63          	bgeu	a5,a4,10000600 <print_dec+0x2a4>
100005e8:	03300513          	li	a0,51
100005ec:	c35ff0ef          	jal	ra,10000220 <putchar>
100005f0:	fec42783          	lw	a5,-20(s0)
100005f4:	fe278793          	addi	a5,a5,-30
100005f8:	fef42623          	sw	a5,-20(s0)
100005fc:	0540006f          	j	10000650 <print_dec+0x2f4>
10000600:	fec42703          	lw	a4,-20(s0)
10000604:	01300793          	li	a5,19
10000608:	00e7fe63          	bgeu	a5,a4,10000624 <print_dec+0x2c8>
1000060c:	03200513          	li	a0,50
10000610:	c11ff0ef          	jal	ra,10000220 <putchar>
10000614:	fec42783          	lw	a5,-20(s0)
10000618:	fec78793          	addi	a5,a5,-20
1000061c:	fef42623          	sw	a5,-20(s0)
10000620:	0300006f          	j	10000650 <print_dec+0x2f4>
10000624:	fec42703          	lw	a4,-20(s0)
10000628:	00900793          	li	a5,9
1000062c:	00e7fe63          	bgeu	a5,a4,10000648 <print_dec+0x2ec>
10000630:	03100513          	li	a0,49
10000634:	bedff0ef          	jal	ra,10000220 <putchar>
10000638:	fec42783          	lw	a5,-20(s0)
1000063c:	ff678793          	addi	a5,a5,-10
10000640:	fef42623          	sw	a5,-20(s0)
10000644:	00c0006f          	j	10000650 <print_dec+0x2f4>
10000648:	03000513          	li	a0,48
1000064c:	bd5ff0ef          	jal	ra,10000220 <putchar>
10000650:	fec42703          	lw	a4,-20(s0)
10000654:	00800793          	li	a5,8
10000658:	00e7fe63          	bgeu	a5,a4,10000674 <print_dec+0x318>
1000065c:	03900513          	li	a0,57
10000660:	bc1ff0ef          	jal	ra,10000220 <putchar>
10000664:	fec42783          	lw	a5,-20(s0)
10000668:	ff778793          	addi	a5,a5,-9
1000066c:	fef42623          	sw	a5,-20(s0)
10000670:	1280006f          	j	10000798 <print_dec+0x43c>
10000674:	fec42703          	lw	a4,-20(s0)
10000678:	00700793          	li	a5,7
1000067c:	00e7fe63          	bgeu	a5,a4,10000698 <print_dec+0x33c>
10000680:	03800513          	li	a0,56
10000684:	b9dff0ef          	jal	ra,10000220 <putchar>
10000688:	fec42783          	lw	a5,-20(s0)
1000068c:	ff878793          	addi	a5,a5,-8
10000690:	fef42623          	sw	a5,-20(s0)
10000694:	1040006f          	j	10000798 <print_dec+0x43c>
10000698:	fec42703          	lw	a4,-20(s0)
1000069c:	00600793          	li	a5,6
100006a0:	00e7fe63          	bgeu	a5,a4,100006bc <print_dec+0x360>
100006a4:	03700513          	li	a0,55
100006a8:	b79ff0ef          	jal	ra,10000220 <putchar>
100006ac:	fec42783          	lw	a5,-20(s0)
100006b0:	ff978793          	addi	a5,a5,-7
100006b4:	fef42623          	sw	a5,-20(s0)
100006b8:	0e00006f          	j	10000798 <print_dec+0x43c>
100006bc:	fec42703          	lw	a4,-20(s0)
100006c0:	00500793          	li	a5,5
100006c4:	00e7fe63          	bgeu	a5,a4,100006e0 <print_dec+0x384>
100006c8:	03600513          	li	a0,54
100006cc:	b55ff0ef          	jal	ra,10000220 <putchar>
100006d0:	fec42783          	lw	a5,-20(s0)
100006d4:	ffa78793          	addi	a5,a5,-6
100006d8:	fef42623          	sw	a5,-20(s0)
100006dc:	0bc0006f          	j	10000798 <print_dec+0x43c>
100006e0:	fec42703          	lw	a4,-20(s0)
100006e4:	00400793          	li	a5,4
100006e8:	00e7fe63          	bgeu	a5,a4,10000704 <print_dec+0x3a8>
100006ec:	03500513          	li	a0,53
100006f0:	b31ff0ef          	jal	ra,10000220 <putchar>
100006f4:	fec42783          	lw	a5,-20(s0)
100006f8:	ffb78793          	addi	a5,a5,-5
100006fc:	fef42623          	sw	a5,-20(s0)
10000700:	0980006f          	j	10000798 <print_dec+0x43c>
10000704:	fec42703          	lw	a4,-20(s0)
10000708:	00300793          	li	a5,3
1000070c:	00e7fe63          	bgeu	a5,a4,10000728 <print_dec+0x3cc>
10000710:	03400513          	li	a0,52
10000714:	b0dff0ef          	jal	ra,10000220 <putchar>
10000718:	fec42783          	lw	a5,-20(s0)
1000071c:	ffc78793          	addi	a5,a5,-4
10000720:	fef42623          	sw	a5,-20(s0)
10000724:	0740006f          	j	10000798 <print_dec+0x43c>
10000728:	fec42703          	lw	a4,-20(s0)
1000072c:	00200793          	li	a5,2
10000730:	00e7fe63          	bgeu	a5,a4,1000074c <print_dec+0x3f0>
10000734:	03300513          	li	a0,51
10000738:	ae9ff0ef          	jal	ra,10000220 <putchar>
1000073c:	fec42783          	lw	a5,-20(s0)
10000740:	ffd78793          	addi	a5,a5,-3
10000744:	fef42623          	sw	a5,-20(s0)
10000748:	0500006f          	j	10000798 <print_dec+0x43c>
1000074c:	fec42703          	lw	a4,-20(s0)
10000750:	00100793          	li	a5,1
10000754:	00e7fe63          	bgeu	a5,a4,10000770 <print_dec+0x414>
10000758:	03200513          	li	a0,50
1000075c:	ac5ff0ef          	jal	ra,10000220 <putchar>
10000760:	fec42783          	lw	a5,-20(s0)
10000764:	ffe78793          	addi	a5,a5,-2
10000768:	fef42623          	sw	a5,-20(s0)
1000076c:	02c0006f          	j	10000798 <print_dec+0x43c>
10000770:	fec42783          	lw	a5,-20(s0)
10000774:	00078e63          	beqz	a5,10000790 <print_dec+0x434>
10000778:	03100513          	li	a0,49
1000077c:	aa5ff0ef          	jal	ra,10000220 <putchar>
10000780:	fec42783          	lw	a5,-20(s0)
10000784:	fff78793          	addi	a5,a5,-1
10000788:	fef42623          	sw	a5,-20(s0)
1000078c:	00c0006f          	j	10000798 <print_dec+0x43c>
10000790:	03000513          	li	a0,48
10000794:	a8dff0ef          	jal	ra,10000220 <putchar>
10000798:	01c12083          	lw	ra,28(sp)
1000079c:	01812403          	lw	s0,24(sp)
100007a0:	02010113          	addi	sp,sp,32
100007a4:	00008067          	ret

100007a8 <print_digit>:
100007a8:	fe010113          	addi	sp,sp,-32
100007ac:	00112e23          	sw	ra,28(sp)
100007b0:	00812c23          	sw	s0,24(sp)
100007b4:	02010413          	addi	s0,sp,32
100007b8:	fea42623          	sw	a0,-20(s0)
100007bc:	fec42783          	lw	a5,-20(s0)
100007c0:	00f7f793          	andi	a5,a5,15
100007c4:	fef42623          	sw	a5,-20(s0)
100007c8:	fec42703          	lw	a4,-20(s0)
100007cc:	00900793          	li	a5,9
100007d0:	00f71863          	bne	a4,a5,100007e0 <print_digit+0x38>
100007d4:	03900513          	li	a0,57
100007d8:	a49ff0ef          	jal	ra,10000220 <putchar>
100007dc:	1700006f          	j	1000094c <print_digit+0x1a4>
100007e0:	fec42703          	lw	a4,-20(s0)
100007e4:	00800793          	li	a5,8
100007e8:	00f71863          	bne	a4,a5,100007f8 <print_digit+0x50>
100007ec:	03800513          	li	a0,56
100007f0:	a31ff0ef          	jal	ra,10000220 <putchar>
100007f4:	1580006f          	j	1000094c <print_digit+0x1a4>
100007f8:	fec42703          	lw	a4,-20(s0)
100007fc:	00700793          	li	a5,7
10000800:	00f71863          	bne	a4,a5,10000810 <print_digit+0x68>
10000804:	03700513          	li	a0,55
10000808:	a19ff0ef          	jal	ra,10000220 <putchar>
1000080c:	1400006f          	j	1000094c <print_digit+0x1a4>
10000810:	fec42703          	lw	a4,-20(s0)
10000814:	00600793          	li	a5,6
10000818:	00f71863          	bne	a4,a5,10000828 <print_digit+0x80>
1000081c:	03600513          	li	a0,54
10000820:	a01ff0ef          	jal	ra,10000220 <putchar>
10000824:	1280006f          	j	1000094c <print_digit+0x1a4>
10000828:	fec42703          	lw	a4,-20(s0)
1000082c:	00500793          	li	a5,5
10000830:	00f71863          	bne	a4,a5,10000840 <print_digit+0x98>
10000834:	03500513          	li	a0,53
10000838:	9e9ff0ef          	jal	ra,10000220 <putchar>
1000083c:	1100006f          	j	1000094c <print_digit+0x1a4>
10000840:	fec42703          	lw	a4,-20(s0)
10000844:	00400793          	li	a5,4
10000848:	00f71863          	bne	a4,a5,10000858 <print_digit+0xb0>
1000084c:	03400513          	li	a0,52
10000850:	9d1ff0ef          	jal	ra,10000220 <putchar>
10000854:	0f80006f          	j	1000094c <print_digit+0x1a4>
10000858:	fec42703          	lw	a4,-20(s0)
1000085c:	00300793          	li	a5,3
10000860:	00f71863          	bne	a4,a5,10000870 <print_digit+0xc8>
10000864:	03300513          	li	a0,51
10000868:	9b9ff0ef          	jal	ra,10000220 <putchar>
1000086c:	0e00006f          	j	1000094c <print_digit+0x1a4>
10000870:	fec42703          	lw	a4,-20(s0)
10000874:	00200793          	li	a5,2
10000878:	00f71863          	bne	a4,a5,10000888 <print_digit+0xe0>
1000087c:	03200513          	li	a0,50
10000880:	9a1ff0ef          	jal	ra,10000220 <putchar>
10000884:	0c80006f          	j	1000094c <print_digit+0x1a4>
10000888:	fec42703          	lw	a4,-20(s0)
1000088c:	00100793          	li	a5,1
10000890:	00f71863          	bne	a4,a5,100008a0 <print_digit+0xf8>
10000894:	03100513          	li	a0,49
10000898:	989ff0ef          	jal	ra,10000220 <putchar>
1000089c:	0b00006f          	j	1000094c <print_digit+0x1a4>
100008a0:	fec42783          	lw	a5,-20(s0)
100008a4:	00079863          	bnez	a5,100008b4 <print_digit+0x10c>
100008a8:	03000513          	li	a0,48
100008ac:	975ff0ef          	jal	ra,10000220 <putchar>
100008b0:	09c0006f          	j	1000094c <print_digit+0x1a4>
100008b4:	fec42703          	lw	a4,-20(s0)
100008b8:	00a00793          	li	a5,10
100008bc:	00f71863          	bne	a4,a5,100008cc <print_digit+0x124>
100008c0:	06100513          	li	a0,97
100008c4:	95dff0ef          	jal	ra,10000220 <putchar>
100008c8:	0840006f          	j	1000094c <print_digit+0x1a4>
100008cc:	fec42703          	lw	a4,-20(s0)
100008d0:	00b00793          	li	a5,11
100008d4:	00f71863          	bne	a4,a5,100008e4 <print_digit+0x13c>
100008d8:	06200513          	li	a0,98
100008dc:	945ff0ef          	jal	ra,10000220 <putchar>
100008e0:	06c0006f          	j	1000094c <print_digit+0x1a4>
100008e4:	fec42703          	lw	a4,-20(s0)
100008e8:	00c00793          	li	a5,12
100008ec:	00f71863          	bne	a4,a5,100008fc <print_digit+0x154>
100008f0:	06300513          	li	a0,99
100008f4:	92dff0ef          	jal	ra,10000220 <putchar>
100008f8:	0540006f          	j	1000094c <print_digit+0x1a4>
100008fc:	fec42703          	lw	a4,-20(s0)
10000900:	00d00793          	li	a5,13
10000904:	00f71863          	bne	a4,a5,10000914 <print_digit+0x16c>
10000908:	06400513          	li	a0,100
1000090c:	915ff0ef          	jal	ra,10000220 <putchar>
10000910:	03c0006f          	j	1000094c <print_digit+0x1a4>
10000914:	fec42703          	lw	a4,-20(s0)
10000918:	00e00793          	li	a5,14
1000091c:	00f71863          	bne	a4,a5,1000092c <print_digit+0x184>
10000920:	06500513          	li	a0,101
10000924:	8fdff0ef          	jal	ra,10000220 <putchar>
10000928:	0240006f          	j	1000094c <print_digit+0x1a4>
1000092c:	fec42703          	lw	a4,-20(s0)
10000930:	00f00793          	li	a5,15
10000934:	00f71863          	bne	a4,a5,10000944 <print_digit+0x19c>
10000938:	06600513          	li	a0,102
1000093c:	8e5ff0ef          	jal	ra,10000220 <putchar>
10000940:	00c0006f          	j	1000094c <print_digit+0x1a4>
10000944:	02a00513          	li	a0,42
10000948:	8d9ff0ef          	jal	ra,10000220 <putchar>
1000094c:	00000013          	nop
10000950:	01c12083          	lw	ra,28(sp)
10000954:	01812403          	lw	s0,24(sp)
10000958:	02010113          	addi	sp,sp,32
1000095c:	00008067          	ret

10000960 <core0>:
10000960:	00000063          	beqz	zero,10000960 <core0>
10000964:	00000117          	auipc	sp,0x0
10000968:	00100073          	ebreak

1000096c <flush_cpu_icache>:
1000096c:	ff010113          	addi	sp,sp,-16 # 10000954 <print_digit+0x1ac>
10000970:	00812623          	sw	s0,12(sp)
10000974:	01010413          	addi	s0,sp,16
10000978:	00000013          	nop
1000097c:	00c12403          	lw	s0,12(sp)
10000980:	01010113          	addi	sp,sp,16
10000984:	00008067          	ret

10000988 <flush_cpu_dcache>:
10000988:	ff010113          	addi	sp,sp,-16
1000098c:	00812623          	sw	s0,12(sp)
10000990:	01010413          	addi	s0,sp,16
10000994:	00000013          	nop
10000998:	00c12403          	lw	s0,12(sp)
1000099c:	01010113          	addi	sp,sp,16
100009a0:	00008067          	ret

100009a4 <configure_io>:
100009a4:	ff010113          	addi	sp,sp,-16
100009a8:	00812623          	sw	s0,12(sp)
100009ac:	01010413          	addi	s0,sp,16
100009b0:	260007b7          	lui	a5,0x26000
100009b4:	02478793          	addi	a5,a5,36 # 26000024 <_fdata_rom+0x15ffe424>
100009b8:	00b00713          	li	a4,11
100009bc:	00e7a023          	sw	a4,0(a5)
100009c0:	260007b7          	lui	a5,0x26000
100009c4:	02878793          	addi	a5,a5,40 # 26000028 <_fdata_rom+0x15ffe428>
100009c8:	00002737          	lui	a4,0x2
100009cc:	80970713          	addi	a4,a4,-2039 # 1809 <_fstack+0x1409>
100009d0:	00e7a023          	sw	a4,0(a5)
100009d4:	260007b7          	lui	a5,0x26000
100009d8:	02c78793          	addi	a5,a5,44 # 2600002c <_fdata_rom+0x15ffe42c>
100009dc:	40300713          	li	a4,1027
100009e0:	00e7a023          	sw	a4,0(a5)
100009e4:	260007b7          	lui	a5,0x26000
100009e8:	03078793          	addi	a5,a5,48 # 26000030 <_fdata_rom+0x15ffe430>
100009ec:	40300713          	li	a4,1027
100009f0:	00e7a023          	sw	a4,0(a5)
100009f4:	260007b7          	lui	a5,0x26000
100009f8:	03478793          	addi	a5,a5,52 # 26000034 <_fdata_rom+0x15ffe434>
100009fc:	40300713          	li	a4,1027
10000a00:	00e7a023          	sw	a4,0(a5)
10000a04:	260007b7          	lui	a5,0x26000
10000a08:	03878793          	addi	a5,a5,56 # 26000038 <_fdata_rom+0x15ffe438>
10000a0c:	40300713          	li	a4,1027
10000a10:	00e7a023          	sw	a4,0(a5)
10000a14:	260007b7          	lui	a5,0x26000
10000a18:	03c78793          	addi	a5,a5,60 # 2600003c <_fdata_rom+0x15ffe43c>
10000a1c:	00002737          	lui	a4,0x2
10000a20:	80970713          	addi	a4,a4,-2039 # 1809 <_fstack+0x1409>
10000a24:	00e7a023          	sw	a4,0(a5)
10000a28:	260007b7          	lui	a5,0x26000
10000a2c:	04078793          	addi	a5,a5,64 # 26000040 <_fdata_rom+0x15ffe440>
10000a30:	00002737          	lui	a4,0x2
10000a34:	80870713          	addi	a4,a4,-2040 # 1808 <_fstack+0x1408>
10000a38:	00e7a023          	sw	a4,0(a5)
10000a3c:	260007b7          	lui	a5,0x26000
10000a40:	04478793          	addi	a5,a5,68 # 26000044 <_fdata_rom+0x15ffe444>
10000a44:	00002737          	lui	a4,0x2
10000a48:	80870713          	addi	a4,a4,-2040 # 1808 <_fstack+0x1408>
10000a4c:	00e7a023          	sw	a4,0(a5)
10000a50:	260007b7          	lui	a5,0x26000
10000a54:	04878793          	addi	a5,a5,72 # 26000048 <_fdata_rom+0x15ffe448>
10000a58:	00002737          	lui	a4,0x2
10000a5c:	80870713          	addi	a4,a4,-2040 # 1808 <_fstack+0x1408>
10000a60:	00e7a023          	sw	a4,0(a5)
10000a64:	260007b7          	lui	a5,0x26000
10000a68:	04c78793          	addi	a5,a5,76 # 2600004c <_fdata_rom+0x15ffe44c>
10000a6c:	00002737          	lui	a4,0x2
10000a70:	80870713          	addi	a4,a4,-2040 # 1808 <_fstack+0x1408>
10000a74:	00e7a023          	sw	a4,0(a5)
10000a78:	260007b7          	lui	a5,0x26000
10000a7c:	05078793          	addi	a5,a5,80 # 26000050 <_fdata_rom+0x15ffe450>
10000a80:	00002737          	lui	a4,0x2
10000a84:	80870713          	addi	a4,a4,-2040 # 1808 <_fstack+0x1408>
10000a88:	00e7a023          	sw	a4,0(a5)
10000a8c:	260007b7          	lui	a5,0x26000
10000a90:	05478793          	addi	a5,a5,84 # 26000054 <_fdata_rom+0x15ffe454>
10000a94:	00002737          	lui	a4,0x2
10000a98:	80870713          	addi	a4,a4,-2040 # 1808 <_fstack+0x1408>
10000a9c:	00e7a023          	sw	a4,0(a5)
10000aa0:	260007b7          	lui	a5,0x26000
10000aa4:	05878793          	addi	a5,a5,88 # 26000058 <_fdata_rom+0x15ffe458>
10000aa8:	00002737          	lui	a4,0x2
10000aac:	80870713          	addi	a4,a4,-2040 # 1808 <_fstack+0x1408>
10000ab0:	00e7a023          	sw	a4,0(a5)
10000ab4:	260007b7          	lui	a5,0x26000
10000ab8:	05c78793          	addi	a5,a5,92 # 2600005c <_fdata_rom+0x15ffe45c>
10000abc:	00002737          	lui	a4,0x2
10000ac0:	80870713          	addi	a4,a4,-2040 # 1808 <_fstack+0x1408>
10000ac4:	00e7a023          	sw	a4,0(a5)
10000ac8:	260007b7          	lui	a5,0x26000
10000acc:	06078793          	addi	a5,a5,96 # 26000060 <_fdata_rom+0x15ffe460>
10000ad0:	00002737          	lui	a4,0x2
10000ad4:	80870713          	addi	a4,a4,-2040 # 1808 <_fstack+0x1408>
10000ad8:	00e7a023          	sw	a4,0(a5)
10000adc:	260007b7          	lui	a5,0x26000
10000ae0:	06478793          	addi	a5,a5,100 # 26000064 <_fdata_rom+0x15ffe464>
10000ae4:	00002737          	lui	a4,0x2
10000ae8:	80870713          	addi	a4,a4,-2040 # 1808 <_fstack+0x1408>
10000aec:	00e7a023          	sw	a4,0(a5)
10000af0:	260007b7          	lui	a5,0x26000
10000af4:	06878793          	addi	a5,a5,104 # 26000068 <_fdata_rom+0x15ffe468>
10000af8:	00002737          	lui	a4,0x2
10000afc:	80870713          	addi	a4,a4,-2040 # 1808 <_fstack+0x1408>
10000b00:	00e7a023          	sw	a4,0(a5)
10000b04:	260007b7          	lui	a5,0x26000
10000b08:	06c78793          	addi	a5,a5,108 # 2600006c <_fdata_rom+0x15ffe46c>
10000b0c:	00002737          	lui	a4,0x2
10000b10:	80870713          	addi	a4,a4,-2040 # 1808 <_fstack+0x1408>
10000b14:	00e7a023          	sw	a4,0(a5)
10000b18:	260007b7          	lui	a5,0x26000
10000b1c:	07078793          	addi	a5,a5,112 # 26000070 <_fdata_rom+0x15ffe470>
10000b20:	00002737          	lui	a4,0x2
10000b24:	80870713          	addi	a4,a4,-2040 # 1808 <_fstack+0x1408>
10000b28:	00e7a023          	sw	a4,0(a5)
10000b2c:	260007b7          	lui	a5,0x26000
10000b30:	07478793          	addi	a5,a5,116 # 26000074 <_fdata_rom+0x15ffe474>
10000b34:	00002737          	lui	a4,0x2
10000b38:	80870713          	addi	a4,a4,-2040 # 1808 <_fstack+0x1408>
10000b3c:	00e7a023          	sw	a4,0(a5)
10000b40:	260007b7          	lui	a5,0x26000
10000b44:	07878793          	addi	a5,a5,120 # 26000078 <_fdata_rom+0x15ffe478>
10000b48:	00002737          	lui	a4,0x2
10000b4c:	80870713          	addi	a4,a4,-2040 # 1808 <_fstack+0x1408>
10000b50:	00e7a023          	sw	a4,0(a5)
10000b54:	260007b7          	lui	a5,0x26000
10000b58:	07c78793          	addi	a5,a5,124 # 2600007c <_fdata_rom+0x15ffe47c>
10000b5c:	00002737          	lui	a4,0x2
10000b60:	80870713          	addi	a4,a4,-2040 # 1808 <_fstack+0x1408>
10000b64:	00e7a023          	sw	a4,0(a5)
10000b68:	260007b7          	lui	a5,0x26000
10000b6c:	08078793          	addi	a5,a5,128 # 26000080 <_fdata_rom+0x15ffe480>
10000b70:	00002737          	lui	a4,0x2
10000b74:	80870713          	addi	a4,a4,-2040 # 1808 <_fstack+0x1408>
10000b78:	00e7a023          	sw	a4,0(a5)
10000b7c:	260007b7          	lui	a5,0x26000
10000b80:	08478793          	addi	a5,a5,132 # 26000084 <_fdata_rom+0x15ffe484>
10000b84:	00002737          	lui	a4,0x2
10000b88:	80870713          	addi	a4,a4,-2040 # 1808 <_fstack+0x1408>
10000b8c:	00e7a023          	sw	a4,0(a5)
10000b90:	260007b7          	lui	a5,0x26000
10000b94:	08878793          	addi	a5,a5,136 # 26000088 <_fdata_rom+0x15ffe488>
10000b98:	00002737          	lui	a4,0x2
10000b9c:	80870713          	addi	a4,a4,-2040 # 1808 <_fstack+0x1408>
10000ba0:	00e7a023          	sw	a4,0(a5)
10000ba4:	260007b7          	lui	a5,0x26000
10000ba8:	08c78793          	addi	a5,a5,140 # 2600008c <_fdata_rom+0x15ffe48c>
10000bac:	00002737          	lui	a4,0x2
10000bb0:	80870713          	addi	a4,a4,-2040 # 1808 <_fstack+0x1408>
10000bb4:	00e7a023          	sw	a4,0(a5)
10000bb8:	260007b7          	lui	a5,0x26000
10000bbc:	09078793          	addi	a5,a5,144 # 26000090 <_fdata_rom+0x15ffe490>
10000bc0:	00002737          	lui	a4,0x2
10000bc4:	80870713          	addi	a4,a4,-2040 # 1808 <_fstack+0x1408>
10000bc8:	00e7a023          	sw	a4,0(a5)
10000bcc:	260007b7          	lui	a5,0x26000
10000bd0:	09478793          	addi	a5,a5,148 # 26000094 <_fdata_rom+0x15ffe494>
10000bd4:	00002737          	lui	a4,0x2
10000bd8:	80870713          	addi	a4,a4,-2040 # 1808 <_fstack+0x1408>
10000bdc:	00e7a023          	sw	a4,0(a5)
10000be0:	260007b7          	lui	a5,0x26000
10000be4:	09878793          	addi	a5,a5,152 # 26000098 <_fdata_rom+0x15ffe498>
10000be8:	00002737          	lui	a4,0x2
10000bec:	80870713          	addi	a4,a4,-2040 # 1808 <_fstack+0x1408>
10000bf0:	00e7a023          	sw	a4,0(a5)
10000bf4:	260007b7          	lui	a5,0x26000
10000bf8:	09c78793          	addi	a5,a5,156 # 2600009c <_fdata_rom+0x15ffe49c>
10000bfc:	00002737          	lui	a4,0x2
10000c00:	80870713          	addi	a4,a4,-2040 # 1808 <_fstack+0x1408>
10000c04:	00e7a023          	sw	a4,0(a5)
10000c08:	260007b7          	lui	a5,0x26000
10000c0c:	0a078793          	addi	a5,a5,160 # 260000a0 <_fdata_rom+0x15ffe4a0>
10000c10:	00002737          	lui	a4,0x2
10000c14:	80870713          	addi	a4,a4,-2040 # 1808 <_fstack+0x1408>
10000c18:	00e7a023          	sw	a4,0(a5)
10000c1c:	260007b7          	lui	a5,0x26000
10000c20:	0a478793          	addi	a5,a5,164 # 260000a4 <_fdata_rom+0x15ffe4a4>
10000c24:	00002737          	lui	a4,0x2
10000c28:	80870713          	addi	a4,a4,-2040 # 1808 <_fstack+0x1408>
10000c2c:	00e7a023          	sw	a4,0(a5)
10000c30:	260007b7          	lui	a5,0x26000
10000c34:	0a878793          	addi	a5,a5,168 # 260000a8 <_fdata_rom+0x15ffe4a8>
10000c38:	00002737          	lui	a4,0x2
10000c3c:	80870713          	addi	a4,a4,-2040 # 1808 <_fstack+0x1408>
10000c40:	00e7a023          	sw	a4,0(a5)
10000c44:	260007b7          	lui	a5,0x26000
10000c48:	0ac78793          	addi	a5,a5,172 # 260000ac <_fdata_rom+0x15ffe4ac>
10000c4c:	00002737          	lui	a4,0x2
10000c50:	80870713          	addi	a4,a4,-2040 # 1808 <_fstack+0x1408>
10000c54:	00e7a023          	sw	a4,0(a5)
10000c58:	260007b7          	lui	a5,0x26000
10000c5c:	0b078793          	addi	a5,a5,176 # 260000b0 <_fdata_rom+0x15ffe4b0>
10000c60:	00002737          	lui	a4,0x2
10000c64:	80870713          	addi	a4,a4,-2040 # 1808 <_fstack+0x1408>
10000c68:	00e7a023          	sw	a4,0(a5)
10000c6c:	260007b7          	lui	a5,0x26000
10000c70:	0b478793          	addi	a5,a5,180 # 260000b4 <_fdata_rom+0x15ffe4b4>
10000c74:	00002737          	lui	a4,0x2
10000c78:	80870713          	addi	a4,a4,-2040 # 1808 <_fstack+0x1408>
10000c7c:	00e7a023          	sw	a4,0(a5)
10000c80:	260007b7          	lui	a5,0x26000
10000c84:	0b878793          	addi	a5,a5,184 # 260000b8 <_fdata_rom+0x15ffe4b8>
10000c88:	00002737          	lui	a4,0x2
10000c8c:	80870713          	addi	a4,a4,-2040 # 1808 <_fstack+0x1408>
10000c90:	00e7a023          	sw	a4,0(a5)
10000c94:	260007b7          	lui	a5,0x26000
10000c98:	00100713          	li	a4,1
10000c9c:	00e7a023          	sw	a4,0(a5) # 26000000 <_fdata_rom+0x15ffe400>
10000ca0:	00000013          	nop
10000ca4:	260007b7          	lui	a5,0x26000
10000ca8:	0007a703          	lw	a4,0(a5) # 26000000 <_fdata_rom+0x15ffe400>
10000cac:	00100793          	li	a5,1
10000cb0:	fef70ae3          	beq	a4,a5,10000ca4 <configure_io+0x300>
10000cb4:	00000013          	nop
10000cb8:	00c12403          	lw	s0,12(sp)
10000cbc:	01010113          	addi	sp,sp,16
10000cc0:	00008067          	ret

10000cc4 <wbWrite>:
10000cc4:	fd010113          	addi	sp,sp,-48
10000cc8:	02812623          	sw	s0,44(sp)
10000ccc:	03010413          	addi	s0,sp,48
10000cd0:	fca42e23          	sw	a0,-36(s0)
10000cd4:	fcb42c23          	sw	a1,-40(s0)
10000cd8:	fdc42783          	lw	a5,-36(s0)
10000cdc:	fef42623          	sw	a5,-20(s0)
10000ce0:	300007b7          	lui	a5,0x30000
10000ce4:	fec42683          	lw	a3,-20(s0)
10000ce8:	ffff8737          	lui	a4,0xffff8
10000cec:	00e6f733          	and	a4,a3,a4
10000cf0:	00e7a023          	sw	a4,0(a5) # 30000000 <_fdata_rom+0x1fffe400>
10000cf4:	fec42703          	lw	a4,-20(s0)
10000cf8:	000107b7          	lui	a5,0x10
10000cfc:	fff78793          	addi	a5,a5,-1 # ffff <_fstack+0xfbff>
10000d00:	00f77733          	and	a4,a4,a5
10000d04:	300087b7          	lui	a5,0x30008
10000d08:	00f767b3          	or	a5,a4,a5
10000d0c:	fef42423          	sw	a5,-24(s0)
10000d10:	fe842783          	lw	a5,-24(s0)
10000d14:	fd842703          	lw	a4,-40(s0)
10000d18:	00e7a023          	sw	a4,0(a5) # 30008000 <_fdata_rom+0x20006400>
10000d1c:	00000013          	nop
10000d20:	02c12403          	lw	s0,44(sp)
10000d24:	03010113          	addi	sp,sp,48
10000d28:	00008067          	ret

10000d2c <wbRead>:
10000d2c:	fd010113          	addi	sp,sp,-48
10000d30:	02812623          	sw	s0,44(sp)
10000d34:	03010413          	addi	s0,sp,48
10000d38:	fca42e23          	sw	a0,-36(s0)
10000d3c:	fdc42783          	lw	a5,-36(s0)
10000d40:	fef42623          	sw	a5,-20(s0)
10000d44:	300007b7          	lui	a5,0x30000
10000d48:	fec42683          	lw	a3,-20(s0)
10000d4c:	ffff8737          	lui	a4,0xffff8
10000d50:	00e6f733          	and	a4,a3,a4
10000d54:	00e7a023          	sw	a4,0(a5) # 30000000 <_fdata_rom+0x1fffe400>
10000d58:	fec42703          	lw	a4,-20(s0)
10000d5c:	000107b7          	lui	a5,0x10
10000d60:	fff78793          	addi	a5,a5,-1 # ffff <_fstack+0xfbff>
10000d64:	00f77733          	and	a4,a4,a5
10000d68:	300087b7          	lui	a5,0x30008
10000d6c:	00f767b3          	or	a5,a4,a5
10000d70:	fef42423          	sw	a5,-24(s0)
10000d74:	fe842783          	lw	a5,-24(s0)
10000d78:	0007a783          	lw	a5,0(a5) # 30008000 <_fdata_rom+0x20006400>
10000d7c:	00078513          	mv	a0,a5
10000d80:	02c12403          	lw	s0,44(sp)
10000d84:	03010113          	addi	sp,sp,48
10000d88:	00008067          	ret

10000d8c <delay>:
10000d8c:	fe010113          	addi	sp,sp,-32
10000d90:	00812e23          	sw	s0,28(sp)
10000d94:	02010413          	addi	s0,sp,32
10000d98:	fea42623          	sw	a0,-20(s0)
10000d9c:	f00057b7          	lui	a5,0xf0005
10000da0:	00878793          	addi	a5,a5,8 # f0005008 <_fdata_rom+0xe0003408>
10000da4:	0007a023          	sw	zero,0(a5)
10000da8:	f00057b7          	lui	a5,0xf0005
10000dac:	fec42703          	lw	a4,-20(s0)
10000db0:	00e7a023          	sw	a4,0(a5) # f0005000 <_fdata_rom+0xe0003400>
10000db4:	f00057b7          	lui	a5,0xf0005
10000db8:	00878793          	addi	a5,a5,8 # f0005008 <_fdata_rom+0xe0003408>
10000dbc:	00100713          	li	a4,1
10000dc0:	00e7a023          	sw	a4,0(a5)
10000dc4:	f00057b7          	lui	a5,0xf0005
10000dc8:	00c78793          	addi	a5,a5,12 # f000500c <_fdata_rom+0xe000340c>
10000dcc:	00100713          	li	a4,1
10000dd0:	00e7a023          	sw	a4,0(a5)
10000dd4:	0140006f          	j	10000de8 <delay+0x5c>
10000dd8:	f00057b7          	lui	a5,0xf0005
10000ddc:	00c78793          	addi	a5,a5,12 # f000500c <_fdata_rom+0xe000340c>
10000de0:	00100713          	li	a4,1
10000de4:	00e7a023          	sw	a4,0(a5)
10000de8:	f00057b7          	lui	a5,0xf0005
10000dec:	01078793          	addi	a5,a5,16 # f0005010 <_fdata_rom+0xe0003410>
10000df0:	0007a783          	lw	a5,0(a5)
10000df4:	fe0792e3          	bnez	a5,10000dd8 <delay+0x4c>
10000df8:	00000013          	nop
10000dfc:	01c12403          	lw	s0,28(sp)
10000e00:	02010113          	addi	sp,sp,32
10000e04:	00008067          	ret

10000e08 <printWrite>:
10000e08:	fe010113          	addi	sp,sp,-32
10000e0c:	00112e23          	sw	ra,28(sp)
10000e10:	00812c23          	sw	s0,24(sp)
10000e14:	02010413          	addi	s0,sp,32
10000e18:	fea42623          	sw	a0,-20(s0)
10000e1c:	feb42423          	sw	a1,-24(s0)
10000e20:	fec42783          	lw	a5,-20(s0)
10000e24:	00800593          	li	a1,8
10000e28:	00078513          	mv	a0,a5
10000e2c:	cacff0ef          	jal	ra,100002d8 <print_hex>
10000e30:	100027b7          	lui	a5,0x10002
10000e34:	a1c78513          	addi	a0,a5,-1508 # 10001a1c <_etext+0x1c>
10000e38:	c50ff0ef          	jal	ra,10000288 <print>
10000e3c:	fe842583          	lw	a1,-24(s0)
10000e40:	fec42503          	lw	a0,-20(s0)
10000e44:	e81ff0ef          	jal	ra,10000cc4 <wbWrite>
10000e48:	00800593          	li	a1,8
10000e4c:	fe842503          	lw	a0,-24(s0)
10000e50:	c88ff0ef          	jal	ra,100002d8 <print_hex>
10000e54:	100027b7          	lui	a5,0x10002
10000e58:	a2478513          	addi	a0,a5,-1500 # 10001a24 <_etext+0x24>
10000e5c:	c2cff0ef          	jal	ra,10000288 <print>
10000e60:	00000013          	nop
10000e64:	01c12083          	lw	ra,28(sp)
10000e68:	01812403          	lw	s0,24(sp)
10000e6c:	02010113          	addi	sp,sp,32
10000e70:	00008067          	ret

10000e74 <printFetch>:
10000e74:	fd010113          	addi	sp,sp,-48
10000e78:	02112623          	sw	ra,44(sp)
10000e7c:	02812423          	sw	s0,40(sp)
10000e80:	03010413          	addi	s0,sp,48
10000e84:	fca42e23          	sw	a0,-36(s0)
10000e88:	fdc42783          	lw	a5,-36(s0)
10000e8c:	00800593          	li	a1,8
10000e90:	00078513          	mv	a0,a5
10000e94:	c44ff0ef          	jal	ra,100002d8 <print_hex>
10000e98:	100027b7          	lui	a5,0x10002
10000e9c:	a2878513          	addi	a0,a5,-1496 # 10001a28 <_etext+0x28>
10000ea0:	be8ff0ef          	jal	ra,10000288 <print>
10000ea4:	fdc42503          	lw	a0,-36(s0)
10000ea8:	e85ff0ef          	jal	ra,10000d2c <wbRead>
10000eac:	00050793          	mv	a5,a0
10000eb0:	fef42623          	sw	a5,-20(s0)
10000eb4:	fec42783          	lw	a5,-20(s0)
10000eb8:	00800593          	li	a1,8
10000ebc:	00078513          	mv	a0,a5
10000ec0:	c18ff0ef          	jal	ra,100002d8 <print_hex>
10000ec4:	100027b7          	lui	a5,0x10002
10000ec8:	a2478513          	addi	a0,a5,-1500 # 10001a24 <_etext+0x24>
10000ecc:	bbcff0ef          	jal	ra,10000288 <print>
10000ed0:	fec42783          	lw	a5,-20(s0)
10000ed4:	00078513          	mv	a0,a5
10000ed8:	02c12083          	lw	ra,44(sp)
10000edc:	02812403          	lw	s0,40(sp)
10000ee0:	03010113          	addi	sp,sp,48
10000ee4:	00008067          	ret

10000ee8 <printWriteFetch>:
10000ee8:	fe010113          	addi	sp,sp,-32
10000eec:	00112e23          	sw	ra,28(sp)
10000ef0:	00812c23          	sw	s0,24(sp)
10000ef4:	02010413          	addi	s0,sp,32
10000ef8:	fea42623          	sw	a0,-20(s0)
10000efc:	feb42423          	sw	a1,-24(s0)
10000f00:	fe842583          	lw	a1,-24(s0)
10000f04:	fec42503          	lw	a0,-20(s0)
10000f08:	f01ff0ef          	jal	ra,10000e08 <printWrite>
10000f0c:	fec42503          	lw	a0,-20(s0)
10000f10:	f65ff0ef          	jal	ra,10000e74 <printFetch>
10000f14:	00050793          	mv	a5,a0
10000f18:	00078513          	mv	a0,a5
10000f1c:	01c12083          	lw	ra,28(sp)
10000f20:	01812403          	lw	s0,24(sp)
10000f24:	02010113          	addi	sp,sp,32
10000f28:	00008067          	ret

10000f2c <testWrite>:
10000f2c:	fe010113          	addi	sp,sp,-32
10000f30:	00112e23          	sw	ra,28(sp)
10000f34:	00812c23          	sw	s0,24(sp)
10000f38:	02010413          	addi	s0,sp,32
10000f3c:	fea42623          	sw	a0,-20(s0)
10000f40:	feb42423          	sw	a1,-24(s0)
10000f44:	fe842583          	lw	a1,-24(s0)
10000f48:	fec42503          	lw	a0,-20(s0)
10000f4c:	f9dff0ef          	jal	ra,10000ee8 <printWriteFetch>
10000f50:	00050713          	mv	a4,a0
10000f54:	fe842783          	lw	a5,-24(s0)
10000f58:	00e78c63          	beq	a5,a4,10000f70 <testWrite+0x44>
10000f5c:	00002023          	sw	zero,0(zero) # 0 <__DYNAMIC>
10000f60:	100027b7          	lui	a5,0x10002
10000f64:	a3078513          	addi	a0,a5,-1488 # 10001a30 <_etext+0x30>
10000f68:	b20ff0ef          	jal	ra,10000288 <print>
10000f6c:	0100006f          	j	10000f7c <testWrite+0x50>
10000f70:	100027b7          	lui	a5,0x10002
10000f74:	a4078513          	addi	a0,a5,-1472 # 10001a40 <_etext+0x40>
10000f78:	b10ff0ef          	jal	ra,10000288 <print>
10000f7c:	10002783          	lw	a5,256(zero) # 100 <testIndex>
10000f80:	00178713          	addi	a4,a5,1
10000f84:	10e02023          	sw	a4,256(zero) # 100 <testIndex>
10000f88:	00000013          	nop
10000f8c:	01c12083          	lw	ra,28(sp)
10000f90:	01812403          	lw	s0,24(sp)
10000f94:	02010113          	addi	sp,sp,32
10000f98:	00008067          	ret

10000f9c <testRead>:
10000f9c:	fe010113          	addi	sp,sp,-32
10000fa0:	00112e23          	sw	ra,28(sp)
10000fa4:	00812c23          	sw	s0,24(sp)
10000fa8:	02010413          	addi	s0,sp,32
10000fac:	fea42623          	sw	a0,-20(s0)
10000fb0:	feb42423          	sw	a1,-24(s0)
10000fb4:	fec42503          	lw	a0,-20(s0)
10000fb8:	ebdff0ef          	jal	ra,10000e74 <printFetch>
10000fbc:	00050713          	mv	a4,a0
10000fc0:	fe842783          	lw	a5,-24(s0)
10000fc4:	00e78c63          	beq	a5,a4,10000fdc <testRead+0x40>
10000fc8:	00002023          	sw	zero,0(zero) # 0 <__DYNAMIC>
10000fcc:	100027b7          	lui	a5,0x10002
10000fd0:	a3078513          	addi	a0,a5,-1488 # 10001a30 <_etext+0x30>
10000fd4:	ab4ff0ef          	jal	ra,10000288 <print>
10000fd8:	0100006f          	j	10000fe8 <testRead+0x4c>
10000fdc:	100027b7          	lui	a5,0x10002
10000fe0:	a4078513          	addi	a0,a5,-1472 # 10001a40 <_etext+0x40>
10000fe4:	aa4ff0ef          	jal	ra,10000288 <print>
10000fe8:	10002783          	lw	a5,256(zero) # 100 <testIndex>
10000fec:	00178713          	addi	a4,a5,1
10000ff0:	10e02023          	sw	a4,256(zero) # 100 <testIndex>
10000ff4:	00000013          	nop
10000ff8:	01c12083          	lw	ra,28(sp)
10000ffc:	01812403          	lw	s0,24(sp)
10001000:	02010113          	addi	sp,sp,32
10001004:	00008067          	ret

10001008 <testWriteRead>:
10001008:	fe010113          	addi	sp,sp,-32
1000100c:	00112e23          	sw	ra,28(sp)
10001010:	00812c23          	sw	s0,24(sp)
10001014:	02010413          	addi	s0,sp,32
10001018:	fea42623          	sw	a0,-20(s0)
1000101c:	feb42423          	sw	a1,-24(s0)
10001020:	fec42223          	sw	a2,-28(s0)
10001024:	fe842583          	lw	a1,-24(s0)
10001028:	fec42503          	lw	a0,-20(s0)
1000102c:	ebdff0ef          	jal	ra,10000ee8 <printWriteFetch>
10001030:	00050713          	mv	a4,a0
10001034:	fe442783          	lw	a5,-28(s0)
10001038:	00e78c63          	beq	a5,a4,10001050 <testWriteRead+0x48>
1000103c:	00002023          	sw	zero,0(zero) # 0 <__DYNAMIC>
10001040:	100027b7          	lui	a5,0x10002
10001044:	a3078513          	addi	a0,a5,-1488 # 10001a30 <_etext+0x30>
10001048:	a40ff0ef          	jal	ra,10000288 <print>
1000104c:	0100006f          	j	1000105c <testWriteRead+0x54>
10001050:	100027b7          	lui	a5,0x10002
10001054:	a4078513          	addi	a0,a5,-1472 # 10001a40 <_etext+0x40>
10001058:	a30ff0ef          	jal	ra,10000288 <print>
1000105c:	10002783          	lw	a5,256(zero) # 100 <testIndex>
10001060:	00178713          	addi	a4,a5,1
10001064:	10e02023          	sw	a4,256(zero) # 100 <testIndex>
10001068:	00000013          	nop
1000106c:	01c12083          	lw	ra,28(sp)
10001070:	01812403          	lw	s0,24(sp)
10001074:	02010113          	addi	sp,sp,32
10001078:	00008067          	ret

1000107c <UART_Transmit>:
1000107c:	fe010113          	addi	sp,sp,-32
10001080:	00112e23          	sw	ra,28(sp)
10001084:	00812c23          	sw	s0,24(sp)
10001088:	02010413          	addi	s0,sp,32
1000108c:	fea42623          	sw	a0,-20(s0)
10001090:	feb42423          	sw	a1,-24(s0)
10001094:	0200006f          	j	100010b4 <UART_Transmit+0x38>
10001098:	fe842783          	lw	a5,-24(s0)
1000109c:	00178713          	addi	a4,a5,1
100010a0:	fee42423          	sw	a4,-24(s0)
100010a4:	0007c783          	lbu	a5,0(a5)
100010a8:	00078593          	mv	a1,a5
100010ac:	fec42503          	lw	a0,-20(s0)
100010b0:	d59ff0ef          	jal	ra,10000e08 <printWrite>
100010b4:	fe842783          	lw	a5,-24(s0)
100010b8:	0007c783          	lbu	a5,0(a5)
100010bc:	fc079ee3          	bnez	a5,10001098 <UART_Transmit+0x1c>
100010c0:	00000013          	nop
100010c4:	01c12083          	lw	ra,28(sp)
100010c8:	01812403          	lw	s0,24(sp)
100010cc:	02010113          	addi	sp,sp,32
100010d0:	00008067          	ret

100010d4 <UART_Receive>:
100010d4:	fd010113          	addi	sp,sp,-48
100010d8:	02112623          	sw	ra,44(sp)
100010dc:	02812423          	sw	s0,40(sp)
100010e0:	03010413          	addi	s0,sp,48
100010e4:	fca42e23          	sw	a0,-36(s0)
100010e8:	fcb42c23          	sw	a1,-40(s0)
100010ec:	fdc42503          	lw	a0,-36(s0)
100010f0:	d85ff0ef          	jal	ra,10000e74 <printFetch>
100010f4:	fea42623          	sw	a0,-20(s0)
100010f8:	fec42783          	lw	a5,-20(s0)
100010fc:	1007f793          	andi	a5,a5,256
10001100:	02078263          	beqz	a5,10001124 <UART_Receive+0x50>
10001104:	fec42783          	lw	a5,-20(s0)
10001108:	0ff7f713          	andi	a4,a5,255
1000110c:	fd842783          	lw	a5,-40(s0)
10001110:	00e78023          	sb	a4,0(a5)
10001114:	fd842783          	lw	a5,-40(s0)
10001118:	00178793          	addi	a5,a5,1
1000111c:	fcf42c23          	sw	a5,-40(s0)
10001120:	fcdff06f          	j	100010ec <UART_Receive+0x18>
10001124:	00000013          	nop
10001128:	fd842783          	lw	a5,-40(s0)
1000112c:	00078023          	sb	zero,0(a5)
10001130:	00000013          	nop
10001134:	02c12083          	lw	ra,44(sp)
10001138:	02812403          	lw	s0,40(sp)
1000113c:	03010113          	addi	sp,sp,48
10001140:	00008067          	ret

10001144 <CompareBuffers>:
10001144:	fe010113          	addi	sp,sp,-32
10001148:	00112e23          	sw	ra,28(sp)
1000114c:	00812c23          	sw	s0,24(sp)
10001150:	02010413          	addi	s0,sp,32
10001154:	fea42623          	sw	a0,-20(s0)
10001158:	feb42423          	sw	a1,-24(s0)
1000115c:	0440006f          	j	100011a0 <CompareBuffers+0x5c>
10001160:	fec42783          	lw	a5,-20(s0)
10001164:	0007c703          	lbu	a4,0(a5)
10001168:	fe842783          	lw	a5,-24(s0)
1000116c:	0007c783          	lbu	a5,0(a5)
10001170:	00f70c63          	beq	a4,a5,10001188 <CompareBuffers+0x44>
10001174:	00002023          	sw	zero,0(zero) # 0 <__DYNAMIC>
10001178:	100027b7          	lui	a5,0x10002
1000117c:	a3078513          	addi	a0,a5,-1488 # 10001a30 <_etext+0x30>
10001180:	908ff0ef          	jal	ra,10000288 <print>
10001184:	0340006f          	j	100011b8 <CompareBuffers+0x74>
10001188:	fec42783          	lw	a5,-20(s0)
1000118c:	00178793          	addi	a5,a5,1
10001190:	fef42623          	sw	a5,-20(s0)
10001194:	fe842783          	lw	a5,-24(s0)
10001198:	00178793          	addi	a5,a5,1
1000119c:	fef42423          	sw	a5,-24(s0)
100011a0:	fec42783          	lw	a5,-20(s0)
100011a4:	0007c783          	lbu	a5,0(a5)
100011a8:	fa079ce3          	bnez	a5,10001160 <CompareBuffers+0x1c>
100011ac:	100027b7          	lui	a5,0x10002
100011b0:	a4078513          	addi	a0,a5,-1472 # 10001a40 <_etext+0x40>
100011b4:	8d4ff0ef          	jal	ra,10000288 <print>
100011b8:	01c12083          	lw	ra,28(sp)
100011bc:	01812403          	lw	s0,24(sp)
100011c0:	02010113          	addi	sp,sp,32
100011c4:	00008067          	ret

100011c8 <testUART>:
100011c8:	fe010113          	addi	sp,sp,-32
100011cc:	00112e23          	sw	ra,28(sp)
100011d0:	00812c23          	sw	s0,24(sp)
100011d4:	02010413          	addi	s0,sp,32
100011d8:	100027b7          	lui	a5,0x10002
100011dc:	a5078513          	addi	a0,a5,-1456 # 10001a50 <_etext+0x50>
100011e0:	8a8ff0ef          	jal	ra,10000288 <print>
100011e4:	000217b7          	lui	a5,0x21
100011e8:	04778593          	addi	a1,a5,71 # 21047 <_fstack+0x20c47>
100011ec:	3f001537          	lui	a0,0x3f001
100011f0:	d3dff0ef          	jal	ra,10000f2c <testWrite>
100011f4:	00000593          	li	a1,0
100011f8:	3f0017b7          	lui	a5,0x3f001
100011fc:	00878513          	addi	a0,a5,8 # 3f001008 <_fdata_rom+0x2efff408>
10001200:	d9dff0ef          	jal	ra,10000f9c <testRead>
10001204:	000217b7          	lui	a5,0x21
10001208:	04778593          	addi	a1,a5,71 # 21047 <_fstack+0x20c47>
1000120c:	33001537          	lui	a0,0x33001
10001210:	d1dff0ef          	jal	ra,10000f2c <testWrite>
10001214:	00000593          	li	a1,0
10001218:	330017b7          	lui	a5,0x33001
1000121c:	00878513          	addi	a0,a5,8 # 33001008 <_fdata_rom+0x22fff408>
10001220:	d7dff0ef          	jal	ra,10000f9c <testRead>
10001224:	04800593          	li	a1,72
10001228:	3f0017b7          	lui	a5,0x3f001
1000122c:	01478513          	addi	a0,a5,20 # 3f001014 <_fdata_rom+0x2efff414>
10001230:	bd9ff0ef          	jal	ra,10000e08 <printWrite>
10001234:	00000593          	li	a1,0
10001238:	3f0017b7          	lui	a5,0x3f001
1000123c:	00878513          	addi	a0,a5,8 # 3f001008 <_fdata_rom+0x2efff408>
10001240:	d5dff0ef          	jal	ra,10000f9c <testRead>
10001244:	00100593          	li	a1,1
10001248:	330017b7          	lui	a5,0x33001
1000124c:	00878513          	addi	a0,a5,8 # 33001008 <_fdata_rom+0x22fff408>
10001250:	d4dff0ef          	jal	ra,10000f9c <testRead>
10001254:	14800593          	li	a1,328
10001258:	330017b7          	lui	a5,0x33001
1000125c:	01078513          	addi	a0,a5,16 # 33001010 <_fdata_rom+0x22fff410>
10001260:	d3dff0ef          	jal	ra,10000f9c <testRead>
10001264:	100027b7          	lui	a5,0x10002
10001268:	a6478793          	addi	a5,a5,-1436 # 10001a64 <_etext+0x64>
1000126c:	fef42623          	sw	a5,-20(s0)
10001270:	fec42583          	lw	a1,-20(s0)
10001274:	3f0017b7          	lui	a5,0x3f001
10001278:	01478513          	addi	a0,a5,20 # 3f001014 <_fdata_rom+0x2efff414>
1000127c:	e01ff0ef          	jal	ra,1000107c <UART_Transmit>
10001280:	10800593          	li	a1,264
10001284:	330017b7          	lui	a5,0x33001
10001288:	01078513          	addi	a0,a5,16 # 33001010 <_fdata_rom+0x22fff410>
1000128c:	e49ff0ef          	jal	ra,100010d4 <UART_Receive>
10001290:	10800593          	li	a1,264
10001294:	fec42503          	lw	a0,-20(s0)
10001298:	eadff0ef          	jal	ra,10001144 <CompareBuffers>
1000129c:	100027b7          	lui	a5,0x10002
100012a0:	a7078513          	addi	a0,a5,-1424 # 10001a70 <_etext+0x70>
100012a4:	fe5fe0ef          	jal	ra,10000288 <print>
100012a8:	10800513          	li	a0,264
100012ac:	fddfe0ef          	jal	ra,10000288 <print>
100012b0:	100027b7          	lui	a5,0x10002
100012b4:	a8c78793          	addi	a5,a5,-1396 # 10001a8c <_etext+0x8c>
100012b8:	fef42423          	sw	a5,-24(s0)
100012bc:	fe842583          	lw	a1,-24(s0)
100012c0:	330017b7          	lui	a5,0x33001
100012c4:	01478513          	addi	a0,a5,20 # 33001014 <_fdata_rom+0x22fff414>
100012c8:	db5ff0ef          	jal	ra,1000107c <UART_Transmit>
100012cc:	10800593          	li	a1,264
100012d0:	3f0017b7          	lui	a5,0x3f001
100012d4:	01078513          	addi	a0,a5,16 # 3f001010 <_fdata_rom+0x2efff410>
100012d8:	dfdff0ef          	jal	ra,100010d4 <UART_Receive>
100012dc:	10800593          	li	a1,264
100012e0:	fe842503          	lw	a0,-24(s0)
100012e4:	e61ff0ef          	jal	ra,10001144 <CompareBuffers>
100012e8:	100027b7          	lui	a5,0x10002
100012ec:	aa078513          	addi	a0,a5,-1376 # 10001aa0 <_etext+0xa0>
100012f0:	f99fe0ef          	jal	ra,10000288 <print>
100012f4:	10800513          	li	a0,264
100012f8:	f91fe0ef          	jal	ra,10000288 <print>
100012fc:	00000013          	nop
10001300:	01c12083          	lw	ra,28(sp)
10001304:	01812403          	lw	s0,24(sp)
10001308:	02010113          	addi	sp,sp,32
1000130c:	00008067          	ret

10001310 <printCore0Stats>:
10001310:	ff010113          	addi	sp,sp,-16
10001314:	00112623          	sw	ra,12(sp)
10001318:	00812423          	sw	s0,8(sp)
1000131c:	01010413          	addi	s0,sp,16
10001320:	100027b7          	lui	a5,0x10002
10001324:	ab878513          	addi	a0,a5,-1352 # 10001ab8 <_etext+0xb8>
10001328:	f61fe0ef          	jal	ra,10000288 <print>
1000132c:	308007b7          	lui	a5,0x30800
10001330:	00478513          	addi	a0,a5,4 # 30800004 <_fdata_rom+0x207fe404>
10001334:	b41ff0ef          	jal	ra,10000e74 <printFetch>
10001338:	100027b7          	lui	a5,0x10002
1000133c:	ac078513          	addi	a0,a5,-1344 # 10001ac0 <_etext+0xc0>
10001340:	f49fe0ef          	jal	ra,10000288 <print>
10001344:	30810537          	lui	a0,0x30810
10001348:	b2dff0ef          	jal	ra,10000e74 <printFetch>
1000134c:	100027b7          	lui	a5,0x10002
10001350:	ac878513          	addi	a0,a5,-1336 # 10001ac8 <_etext+0xc8>
10001354:	f35fe0ef          	jal	ra,10000288 <print>
10001358:	308107b7          	lui	a5,0x30810
1000135c:	01078513          	addi	a0,a5,16 # 30810010 <_fdata_rom+0x2080e410>
10001360:	b15ff0ef          	jal	ra,10000e74 <printFetch>
10001364:	100027b7          	lui	a5,0x10002
10001368:	ad078513          	addi	a0,a5,-1328 # 10001ad0 <_etext+0xd0>
1000136c:	f1dfe0ef          	jal	ra,10000288 <print>
10001370:	3081b537          	lui	a0,0x3081b
10001374:	b01ff0ef          	jal	ra,10000e74 <printFetch>
10001378:	100027b7          	lui	a5,0x10002
1000137c:	ad878513          	addi	a0,a5,-1320 # 10001ad8 <_etext+0xd8>
10001380:	f09fe0ef          	jal	ra,10000288 <print>
10001384:	3081b7b7          	lui	a5,0x3081b
10001388:	00878513          	addi	a0,a5,8 # 3081b008 <_fdata_rom+0x20819408>
1000138c:	ae9ff0ef          	jal	ra,10000e74 <printFetch>
10001390:	00000013          	nop
10001394:	00c12083          	lw	ra,12(sp)
10001398:	00812403          	lw	s0,8(sp)
1000139c:	01010113          	addi	sp,sp,16
100013a0:	00008067          	ret

100013a4 <runInstruction>:
100013a4:	fd010113          	addi	sp,sp,-48
100013a8:	02112623          	sw	ra,44(sp)
100013ac:	02812423          	sw	s0,40(sp)
100013b0:	03010413          	addi	s0,sp,48
100013b4:	fca42e23          	sw	a0,-36(s0)
100013b8:	318147b7          	lui	a5,0x31814
100013bc:	fef42623          	sw	a5,-20(s0)
100013c0:	fdc42583          	lw	a1,-36(s0)
100013c4:	fec42503          	lw	a0,-20(s0)
100013c8:	b65ff0ef          	jal	ra,10000f2c <testWrite>
100013cc:	fec42703          	lw	a4,-20(s0)
100013d0:	200007b7          	lui	a5,0x20000
100013d4:	fff78793          	addi	a5,a5,-1 # 1fffffff <_fdata_rom+0xfffe3ff>
100013d8:	00f777b3          	and	a5,a4,a5
100013dc:	00078593          	mv	a1,a5
100013e0:	30810537          	lui	a0,0x30810
100013e4:	b49ff0ef          	jal	ra,10000f2c <testWrite>
100013e8:	00100593          	li	a1,1
100013ec:	308107b7          	lui	a5,0x30810
100013f0:	00878513          	addi	a0,a5,8 # 30810008 <_fdata_rom+0x2080e408>
100013f4:	a15ff0ef          	jal	ra,10000e08 <printWrite>
100013f8:	30810537          	lui	a0,0x30810
100013fc:	a79ff0ef          	jal	ra,10000e74 <printFetch>
10001400:	00050713          	mv	a4,a0
10001404:	fec42783          	lw	a5,-20(s0)
10001408:	40f707b3          	sub	a5,a4,a5
1000140c:	fef42423          	sw	a5,-24(s0)
10001410:	f01ff0ef          	jal	ra,10001310 <printCore0Stats>
10001414:	fe842783          	lw	a5,-24(s0)
10001418:	00078513          	mv	a0,a5
1000141c:	02c12083          	lw	ra,44(sp)
10001420:	02812403          	lw	s0,40(sp)
10001424:	03010113          	addi	sp,sp,48
10001428:	00008067          	ret

1000142c <testCore>:
1000142c:	fd010113          	addi	sp,sp,-48
10001430:	02112623          	sw	ra,44(sp)
10001434:	02812423          	sw	s0,40(sp)
10001438:	03010413          	addi	s0,sp,48
1000143c:	100027b7          	lui	a5,0x10002
10001440:	ae078513          	addi	a0,a5,-1312 # 10001ae0 <_etext+0xe0>
10001444:	e45fe0ef          	jal	ra,10000288 <print>
10001448:	00000593          	li	a1,0
1000144c:	308007b7          	lui	a5,0x30800
10001450:	00478513          	addi	a0,a5,4 # 30800004 <_fdata_rom+0x207fe404>
10001454:	b49ff0ef          	jal	ra,10000f9c <testRead>
10001458:	318147b7          	lui	a5,0x31814
1000145c:	fef42223          	sw	a5,-28(s0)
10001460:	fe442703          	lw	a4,-28(s0)
10001464:	200007b7          	lui	a5,0x20000
10001468:	fff78793          	addi	a5,a5,-1 # 1fffffff <_fdata_rom+0xfffe3ff>
1000146c:	00f777b3          	and	a5,a4,a5
10001470:	fef42023          	sw	a5,-32(s0)
10001474:	06300593          	li	a1,99
10001478:	fe442503          	lw	a0,-28(s0)
1000147c:	ab1ff0ef          	jal	ra,10000f2c <testWrite>
10001480:	abcd17b7          	lui	a5,0xabcd1
10001484:	23478593          	addi	a1,a5,564 # abcd1234 <_fdata_rom+0x9bccf634>
10001488:	30814537          	lui	a0,0x30814
1000148c:	aa1ff0ef          	jal	ra,10000f2c <testWrite>
10001490:	e81ff0ef          	jal	ra,10001310 <printCore0Stats>
10001494:	fe042583          	lw	a1,-32(s0)
10001498:	30810537          	lui	a0,0x30810
1000149c:	a91ff0ef          	jal	ra,10000f2c <testWrite>
100014a0:	e71ff0ef          	jal	ra,10001310 <printCore0Stats>
100014a4:	fe042623          	sw	zero,-20(s0)
100014a8:	0280006f          	j	100014d0 <testCore+0xa4>
100014ac:	fe042603          	lw	a2,-32(s0)
100014b0:	00100593          	li	a1,1
100014b4:	308107b7          	lui	a5,0x30810
100014b8:	00878513          	addi	a0,a5,8 # 30810008 <_fdata_rom+0x2080e408>
100014bc:	b4dff0ef          	jal	ra,10001008 <testWriteRead>
100014c0:	e51ff0ef          	jal	ra,10001310 <printCore0Stats>
100014c4:	fec42783          	lw	a5,-20(s0)
100014c8:	00178793          	addi	a5,a5,1
100014cc:	fef42623          	sw	a5,-20(s0)
100014d0:	fec42703          	lw	a4,-20(s0)
100014d4:	00300793          	li	a5,3
100014d8:	fce7dae3          	bge	a5,a4,100014ac <testCore+0x80>
100014dc:	00000593          	li	a1,0
100014e0:	30800537          	lui	a0,0x30800
100014e4:	a49ff0ef          	jal	ra,10000f2c <testWrite>
100014e8:	e29ff0ef          	jal	ra,10001310 <printCore0Stats>
100014ec:	06300513          	li	a0,99
100014f0:	eb5ff0ef          	jal	ra,100013a4 <runInstruction>
100014f4:	fe042703          	lw	a4,-32(s0)
100014f8:	fffff7b7          	lui	a5,0xfffff
100014fc:	00f777b3          	and	a5,a4,a5
10001500:	0b77e793          	ori	a5,a5,183
10001504:	00078513          	mv	a0,a5
10001508:	e9dff0ef          	jal	ra,100013a4 <runInstruction>
1000150c:	fe042783          	lw	a5,-32(s0)
10001510:	01479713          	slli	a4,a5,0x14
10001514:	000087b7          	lui	a5,0x8
10001518:	09378793          	addi	a5,a5,147 # 8093 <_fstack+0x7c93>
1000151c:	00f767b3          	or	a5,a4,a5
10001520:	00078513          	mv	a0,a5
10001524:	e81ff0ef          	jal	ra,100013a4 <runInstruction>
10001528:	0010a7b7          	lui	a5,0x10a
1000152c:	02378513          	addi	a0,a5,35 # 10a023 <_fstack+0x109c23>
10001530:	e75ff0ef          	jal	ra,100013a4 <runInstruction>
10001534:	100027b7          	lui	a5,0x10002
10001538:	af478513          	addi	a0,a5,-1292 # 10001af4 <_etext+0xf4>
1000153c:	d4dfe0ef          	jal	ra,10000288 <print>
10001540:	fe042583          	lw	a1,-32(s0)
10001544:	fe442503          	lw	a0,-28(s0)
10001548:	a55ff0ef          	jal	ra,10000f9c <testRead>
1000154c:	123007b7          	lui	a5,0x12300
10001550:	11378513          	addi	a0,a5,275 # 12300113 <_fdata_rom+0x22fe513>
10001554:	e51ff0ef          	jal	ra,100013a4 <runInstruction>
10001558:	0020a7b7          	lui	a5,0x20a
1000155c:	02378513          	addi	a0,a5,35 # 20a023 <_fstack+0x209c23>
10001560:	e45ff0ef          	jal	ra,100013a4 <runInstruction>
10001564:	100027b7          	lui	a5,0x10002
10001568:	af478513          	addi	a0,a5,-1292 # 10001af4 <_etext+0xf4>
1000156c:	d1dfe0ef          	jal	ra,10000288 <print>
10001570:	12300593          	li	a1,291
10001574:	fe442503          	lw	a0,-28(s0)
10001578:	a25ff0ef          	jal	ra,10000f9c <testRead>
1000157c:	00000593          	li	a1,0
10001580:	30800537          	lui	a0,0x30800
10001584:	9a9ff0ef          	jal	ra,10000f2c <testWrite>
10001588:	100017b7          	lui	a5,0x10001
1000158c:	96078793          	addi	a5,a5,-1696 # 10000960 <core0>
10001590:	fcf42e23          	sw	a5,-36(s0)
10001594:	100027b7          	lui	a5,0x10002
10001598:	b0078513          	addi	a0,a5,-1280 # 10001b00 <_etext+0x100>
1000159c:	cedfe0ef          	jal	ra,10000288 <print>
100015a0:	fdc42783          	lw	a5,-36(s0)
100015a4:	00800593          	li	a1,8
100015a8:	00078513          	mv	a0,a5
100015ac:	d2dfe0ef          	jal	ra,100002d8 <print_hex>
100015b0:	100027b7          	lui	a5,0x10002
100015b4:	a2478513          	addi	a0,a5,-1500 # 10001a24 <_etext+0x24>
100015b8:	cd1fe0ef          	jal	ra,10000288 <print>
100015bc:	fe042423          	sw	zero,-24(s0)
100015c0:	fe842783          	lw	a5,-24(s0)
100015c4:	00279793          	slli	a5,a5,0x2
100015c8:	fdc42703          	lw	a4,-36(s0)
100015cc:	00f707b3          	add	a5,a4,a5
100015d0:	0007a783          	lw	a5,0(a5)
100015d4:	fcf42c23          	sw	a5,-40(s0)
100015d8:	fd842503          	lw	a0,-40(s0)
100015dc:	dc9ff0ef          	jal	ra,100013a4 <runInstruction>
100015e0:	fca42a23          	sw	a0,-44(s0)
100015e4:	fe842703          	lw	a4,-24(s0)
100015e8:	fd442783          	lw	a5,-44(s0)
100015ec:	00f707b3          	add	a5,a4,a5
100015f0:	fef42423          	sw	a5,-24(s0)
100015f4:	308007b7          	lui	a5,0x30800
100015f8:	00478513          	addi	a0,a5,4 # 30800004 <_fdata_rom+0x207fe404>
100015fc:	879ff0ef          	jal	ra,10000e74 <printFetch>
10001600:	fca42823          	sw	a0,-48(s0)
10001604:	fd042783          	lw	a5,-48(s0)
10001608:	0037f793          	andi	a5,a5,3
1000160c:	00078a63          	beqz	a5,10001620 <testCore+0x1f4>
10001610:	100027b7          	lui	a5,0x10002
10001614:	b1478513          	addi	a0,a5,-1260 # 10001b14 <_etext+0x114>
10001618:	c71fe0ef          	jal	ra,10000288 <print>
1000161c:	01c0006f          	j	10001638 <testCore+0x20c>
10001620:	fd042783          	lw	a5,-48(s0)
10001624:	00c7f793          	andi	a5,a5,12
10001628:	f8078ce3          	beqz	a5,100015c0 <testCore+0x194>
1000162c:	100027b7          	lui	a5,0x10002
10001630:	b2c78513          	addi	a0,a5,-1236 # 10001b2c <_etext+0x12c>
10001634:	c55fe0ef          	jal	ra,10000288 <print>
10001638:	00000013          	nop
1000163c:	02c12083          	lw	ra,44(sp)
10001640:	02812403          	lw	s0,40(sp)
10001644:	03010113          	addi	sp,sp,48
10001648:	00008067          	ret

1000164c <testSRAM>:
1000164c:	ff010113          	addi	sp,sp,-16
10001650:	00112623          	sw	ra,12(sp)
10001654:	00812423          	sw	s0,8(sp)
10001658:	01010413          	addi	s0,sp,16
1000165c:	100027b7          	lui	a5,0x10002
10001660:	b4078513          	addi	a0,a5,-1216 # 10001b40 <_etext+0x140>
10001664:	c25fe0ef          	jal	ra,10000288 <print>
10001668:	00000593          	li	a1,0
1000166c:	32000537          	lui	a0,0x32000
10001670:	8bdff0ef          	jal	ra,10000f2c <testWrite>
10001674:	00000593          	li	a1,0
10001678:	320007b7          	lui	a5,0x32000
1000167c:	00478513          	addi	a0,a5,4 # 32000004 <_fdata_rom+0x21ffe404>
10001680:	8adff0ef          	jal	ra,10000f2c <testWrite>
10001684:	00000593          	li	a1,0
10001688:	320007b7          	lui	a5,0x32000
1000168c:	00878513          	addi	a0,a5,8 # 32000008 <_fdata_rom+0x21ffe408>
10001690:	89dff0ef          	jal	ra,10000f2c <testWrite>
10001694:	00000593          	li	a1,0
10001698:	320007b7          	lui	a5,0x32000
1000169c:	00c78513          	addi	a0,a5,12 # 3200000c <_fdata_rom+0x21ffe40c>
100016a0:	88dff0ef          	jal	ra,10000f2c <testWrite>
100016a4:	000017b7          	lui	a5,0x1
100016a8:	abc78593          	addi	a1,a5,-1348 # abc <_fstack+0x6bc>
100016ac:	32000537          	lui	a0,0x32000
100016b0:	8edff0ef          	jal	ra,10000f9c <testRead>
100016b4:	123457b7          	lui	a5,0x12345
100016b8:	67878593          	addi	a1,a5,1656 # 12345678 <_fdata_rom+0x2343a78>
100016bc:	320007b7          	lui	a5,0x32000
100016c0:	00478513          	addi	a0,a5,4 # 32000004 <_fdata_rom+0x21ffe404>
100016c4:	8d9ff0ef          	jal	ra,10000f9c <testRead>
100016c8:	deadc7b7          	lui	a5,0xdeadc
100016cc:	eef78593          	addi	a1,a5,-273 # deadbeef <_fdata_rom+0xceada2ef>
100016d0:	320007b7          	lui	a5,0x32000
100016d4:	00878513          	addi	a0,a5,8 # 32000008 <_fdata_rom+0x21ffe408>
100016d8:	8c5ff0ef          	jal	ra,10000f9c <testRead>
100016dc:	abcd17b7          	lui	a5,0xabcd1
100016e0:	23478593          	addi	a1,a5,564 # abcd1234 <_fdata_rom+0x9bccf634>
100016e4:	320007b7          	lui	a5,0x32000
100016e8:	00c78513          	addi	a0,a5,12 # 3200000c <_fdata_rom+0x21ffe40c>
100016ec:	8b1ff0ef          	jal	ra,10000f9c <testRead>
100016f0:	000017b7          	lui	a5,0x1
100016f4:	abc78593          	addi	a1,a5,-1348 # abc <_fstack+0x6bc>
100016f8:	32000537          	lui	a0,0x32000
100016fc:	8a1ff0ef          	jal	ra,10000f9c <testRead>
10001700:	123457b7          	lui	a5,0x12345
10001704:	67878593          	addi	a1,a5,1656 # 12345678 <_fdata_rom+0x2343a78>
10001708:	320007b7          	lui	a5,0x32000
1000170c:	00478513          	addi	a0,a5,4 # 32000004 <_fdata_rom+0x21ffe404>
10001710:	88dff0ef          	jal	ra,10000f9c <testRead>
10001714:	deadc7b7          	lui	a5,0xdeadc
10001718:	eef78593          	addi	a1,a5,-273 # deadbeef <_fdata_rom+0xceada2ef>
1000171c:	320007b7          	lui	a5,0x32000
10001720:	00878513          	addi	a0,a5,8 # 32000008 <_fdata_rom+0x21ffe408>
10001724:	879ff0ef          	jal	ra,10000f9c <testRead>
10001728:	abcd17b7          	lui	a5,0xabcd1
1000172c:	23478593          	addi	a1,a5,564 # abcd1234 <_fdata_rom+0x9bccf634>
10001730:	320007b7          	lui	a5,0x32000
10001734:	00c78513          	addi	a0,a5,12 # 3200000c <_fdata_rom+0x21ffe40c>
10001738:	865ff0ef          	jal	ra,10000f9c <testRead>
1000173c:	000017b7          	lui	a5,0x1
10001740:	abc78593          	addi	a1,a5,-1348 # abc <_fstack+0x6bc>
10001744:	32000537          	lui	a0,0x32000
10001748:	855ff0ef          	jal	ra,10000f9c <testRead>
1000174c:	123457b7          	lui	a5,0x12345
10001750:	67878593          	addi	a1,a5,1656 # 12345678 <_fdata_rom+0x2343a78>
10001754:	320007b7          	lui	a5,0x32000
10001758:	00478513          	addi	a0,a5,4 # 32000004 <_fdata_rom+0x21ffe404>
1000175c:	841ff0ef          	jal	ra,10000f9c <testRead>
10001760:	deadc7b7          	lui	a5,0xdeadc
10001764:	eef78593          	addi	a1,a5,-273 # deadbeef <_fdata_rom+0xceada2ef>
10001768:	320007b7          	lui	a5,0x32000
1000176c:	00878513          	addi	a0,a5,8 # 32000008 <_fdata_rom+0x21ffe408>
10001770:	82dff0ef          	jal	ra,10000f9c <testRead>
10001774:	abcd17b7          	lui	a5,0xabcd1
10001778:	23478593          	addi	a1,a5,564 # abcd1234 <_fdata_rom+0x9bccf634>
1000177c:	320007b7          	lui	a5,0x32000
10001780:	00c78513          	addi	a0,a5,12 # 3200000c <_fdata_rom+0x21ffe40c>
10001784:	819ff0ef          	jal	ra,10000f9c <testRead>
10001788:	00000013          	nop
1000178c:	00c12083          	lw	ra,12(sp)
10001790:	00812403          	lw	s0,8(sp)
10001794:	01010113          	addi	sp,sp,16
10001798:	00008067          	ret

1000179c <main>:
1000179c:	ff010113          	addi	sp,sp,-16
100017a0:	00112623          	sw	ra,12(sp)
100017a4:	00812423          	sw	s0,8(sp)
100017a8:	01010413          	addi	s0,sp,16
100017ac:	f00037b7          	lui	a5,0xf0003
100017b0:	80078793          	addi	a5,a5,-2048 # f0002800 <_fdata_rom+0xe0000c00>
100017b4:	00100713          	li	a4,1
100017b8:	00e7a023          	sw	a4,0(a5)
100017bc:	f00037b7          	lui	a5,0xf0003
100017c0:	80478793          	addi	a5,a5,-2044 # f0002804 <_fdata_rom+0xe0000c04>
100017c4:	0007a023          	sw	zero,0(a5)
100017c8:	f00037b7          	lui	a5,0xf0003
100017cc:	80878793          	addi	a5,a5,-2040 # f0002808 <_fdata_rom+0xe0000c08>
100017d0:	00100713          	li	a4,1
100017d4:	00e7a023          	sw	a4,0(a5)
100017d8:	f00037b7          	lui	a5,0xf0003
100017dc:	80c78793          	addi	a5,a5,-2036 # f000280c <_fdata_rom+0xe0000c0c>
100017e0:	00100713          	li	a4,1
100017e4:	00e7a023          	sw	a4,0(a5)
100017e8:	9bcff0ef          	jal	ra,100009a4 <configure_io>
100017ec:	f00067b7          	lui	a5,0xf0006
100017f0:	00100713          	li	a4,1
100017f4:	00e7a023          	sw	a4,0(a5) # f0006000 <_fdata_rom+0xe0004400>
100017f8:	f00047b7          	lui	a5,0xf0004
100017fc:	80078793          	addi	a5,a5,-2048 # f0003800 <_fdata_rom+0xe0001c00>
10001800:	00100713          	li	a4,1
10001804:	00e7a023          	sw	a4,0(a5)
10001808:	f00037b7          	lui	a5,0xf0003
1000180c:	00c78713          	addi	a4,a5,12 # f000300c <_fdata_rom+0xe000140c>
10001810:	00000793          	li	a5,0
10001814:	00f72023          	sw	a5,0(a4) # ffff8000 <_fdata_rom+0xefff6400>
10001818:	f0003737          	lui	a4,0xf0003
1000181c:	01c70713          	addi	a4,a4,28 # f000301c <_fdata_rom+0xe000141c>
10001820:	00f72023          	sw	a5,0(a4)
10001824:	f00037b7          	lui	a5,0xf0003
10001828:	00878713          	addi	a4,a5,8 # f0003008 <_fdata_rom+0xe0001408>
1000182c:	00000793          	li	a5,0
10001830:	00f72023          	sw	a5,0(a4)
10001834:	f0003737          	lui	a4,0xf0003
10001838:	01870713          	addi	a4,a4,24 # f0003018 <_fdata_rom+0xe0001418>
1000183c:	00f72023          	sw	a5,0(a4)
10001840:	f00037b7          	lui	a5,0xf0003
10001844:	00478713          	addi	a4,a5,4 # f0003004 <_fdata_rom+0xe0001404>
10001848:	00000793          	li	a5,0
1000184c:	00f72023          	sw	a5,0(a4)
10001850:	f0003737          	lui	a4,0xf0003
10001854:	01470713          	addi	a4,a4,20 # f0003014 <_fdata_rom+0xe0001414>
10001858:	00f72023          	sw	a5,0(a4)
1000185c:	f0003737          	lui	a4,0xf0003
10001860:	00000793          	li	a5,0
10001864:	00f72023          	sw	a5,0(a4) # f0003000 <_fdata_rom+0xe0001400>
10001868:	f0003737          	lui	a4,0xf0003
1000186c:	01070713          	addi	a4,a4,16 # f0003010 <_fdata_rom+0xe0001410>
10001870:	00f72023          	sw	a5,0(a4)
10001874:	100027b7          	lui	a5,0x10002
10001878:	b5478513          	addi	a0,a5,-1196 # 10001b54 <_etext+0x154>
1000187c:	a0dfe0ef          	jal	ra,10000288 <print>
10001880:	949ff0ef          	jal	ra,100011c8 <testUART>
10001884:	ba9ff0ef          	jal	ra,1000142c <testCore>
10001888:	00002783          	lw	a5,0(zero) # 0 <__DYNAMIC>
1000188c:	00079a63          	bnez	a5,100018a0 <main+0x104>
10001890:	100027b7          	lui	a5,0x10002
10001894:	b6878513          	addi	a0,a5,-1176 # 10001b68 <_etext+0x168>
10001898:	9f1fe0ef          	jal	ra,10000288 <print>
1000189c:	0100006f          	j	100018ac <main+0x110>
100018a0:	100027b7          	lui	a5,0x10002
100018a4:	b8078513          	addi	a0,a5,-1152 # 10001b80 <_etext+0x180>
100018a8:	9e1fe0ef          	jal	ra,10000288 <print>
100018ac:	f00037b7          	lui	a5,0xf0003
100018b0:	81478793          	addi	a5,a5,-2028 # f0002814 <_fdata_rom+0xe0000c14>
100018b4:	00100713          	li	a4,1
100018b8:	00e7a023          	sw	a4,0(a5)
100018bc:	260007b7          	lui	a5,0x26000
100018c0:	00c78793          	addi	a5,a5,12 # 2600000c <_fdata_rom+0x15ffe40c>
100018c4:	0007a023          	sw	zero,0(a5)
100018c8:	260007b7          	lui	a5,0x26000
100018cc:	01078793          	addi	a5,a5,16 # 26000010 <_fdata_rom+0x15ffe410>
100018d0:	0007a023          	sw	zero,0(a5)
100018d4:	000317b7          	lui	a5,0x31
100018d8:	d4078513          	addi	a0,a5,-704 # 30d40 <_fstack+0x30940>
100018dc:	cb0ff0ef          	jal	ra,10000d8c <delay>
100018e0:	f00037b7          	lui	a5,0xf0003
100018e4:	81478793          	addi	a5,a5,-2028 # f0002814 <_fdata_rom+0xe0000c14>
100018e8:	0007a023          	sw	zero,0(a5)
100018ec:	260007b7          	lui	a5,0x26000
100018f0:	01078793          	addi	a5,a5,16 # 26000010 <_fdata_rom+0x15ffe410>
100018f4:	03f00713          	li	a4,63
100018f8:	00e7a023          	sw	a4,0(a5)
100018fc:	260007b7          	lui	a5,0x26000
10001900:	00c78793          	addi	a5,a5,12 # 2600000c <_fdata_rom+0x15ffe40c>
10001904:	fff00713          	li	a4,-1
10001908:	00e7a023          	sw	a4,0(a5)
1000190c:	000317b7          	lui	a5,0x31
10001910:	d4078513          	addi	a0,a5,-704 # 30d40 <_fstack+0x30940>
10001914:	c78ff0ef          	jal	ra,10000d8c <delay>
10001918:	f95ff06f          	j	100018ac <main+0x110>
	...

Disassembly of section .rodata:

10001a00 <_frodata>:
10001a00:	3130                	fld	fa2,96(a0)
10001a02:	3332                	fld	ft6,296(sp)
10001a04:	3534                	fld	fa3,104(a0)
10001a06:	3736                	fld	fa4,360(sp)
10001a08:	3938                	fld	fa4,112(a0)
10001a0a:	6261                	lui	tp,0x18
10001a0c:	66656463          	bltu	a0,t1,10002074 <_erodata+0x474>
10001a10:	0000                	unimp
10001a12:	0000                	unimp
10001a14:	5245564f          	fnmadd.d	fa2,fa0,ft4,fa0,unknown
10001a18:	0000                	unimp
10001a1a:	0000                	unimp
10001a1c:	3c20                	fld	fs0,120(s0)
10001a1e:	202d                	jal	10001a48 <_frodata+0x48>
10001a20:	0000                	unimp
10001a22:	0000                	unimp
10001a24:	000a                	c.slli	zero,0x2
10001a26:	0000                	unimp
10001a28:	2d20                	fld	fs0,88(a0)
10001a2a:	203e                	fld	ft0,456(sp)
10001a2c:	0000                	unimp
10001a2e:	0000                	unimp
10001a30:	6554                	flw	fa3,12(a0)
10001a32:	66207473          	csrrci	s0,0x662,0
10001a36:	6961                	lui	s2,0x18
10001a38:	656c                	flw	fa1,76(a0)
10001a3a:	0a64                	addi	s1,sp,284
10001a3c:	0000                	unimp
10001a3e:	0000                	unimp
10001a40:	6554                	flw	fa3,12(a0)
10001a42:	70207473          	csrrci	s0,0x702,0
10001a46:	7361                	lui	t1,0xffff8
10001a48:	0a646573          	csrrsi	a0,0xa6,8
10001a4c:	0000                	unimp
10001a4e:	0000                	unimp
10001a50:	72617453          	0x72617453
10001a54:	2074                	fld	fa3,192(s0)
10001a56:	4155                	li	sp,21
10001a58:	5452                	lw	s0,52(sp)
10001a5a:	7420                	flw	fs0,104(s0)
10001a5c:	7365                	lui	t1,0xffff9
10001a5e:	0a74                	addi	a3,sp,284
10001a60:	0000                	unimp
10001a62:	0000                	unimp
10001a64:	6548                	flw	fa0,12(a0)
10001a66:	6c6c                	flw	fa1,92(s0)
10001a68:	6f53206f          	j	1003495c <_erodata+0x32d5c>
10001a6c:	00000a43          	fmadd.s	fs4,ft0,ft0,ft0,rne
10001a70:	6e49                	lui	t3,0x12
10001a72:	6574                	flw	fa3,76(a0)
10001a74:	6e72                	flw	ft8,28(sp)
10001a76:	6c61                	lui	s8,0x18
10001a78:	5520                	lw	s0,104(a0)
10001a7a:	5241                	li	tp,-16
10001a7c:	2054                	fld	fa3,128(s0)
10001a7e:	6552                	flw	fa0,20(sp)
10001a80:	76696563          	bltu	s2,t1,100021ea <_erodata+0x5ea>
10001a84:	6465                	lui	s0,0x19
10001a86:	203a                	fld	ft0,392(sp)
10001a88:	0000                	unimp
10001a8a:	0000                	unimp
10001a8c:	6548                	flw	fa0,12(a0)
10001a8e:	6c6c                	flw	fa1,92(s0)
10001a90:	6143206f          	j	100340a4 <_erodata+0x324a4>
10001a94:	6172                	flw	ft2,28(sp)
10001a96:	6576                	flw	fa0,92(sp)
10001a98:	206c                	fld	fa1,192(s0)
10001a9a:	293a                	fld	fs2,392(sp)
10001a9c:	000a                	c.slli	zero,0x2
10001a9e:	0000                	unimp
10001aa0:	61726143          	fmadd.s	ft2,ft4,fs7,fa2,unknown
10001aa4:	6576                	flw	fa0,92(sp)
10001aa6:	206c                	fld	fa1,192(s0)
10001aa8:	4155                	li	sp,21
10001aaa:	5452                	lw	s0,52(sp)
10001aac:	5220                	lw	s0,96(a2)
10001aae:	6365                	lui	t1,0x19
10001ab0:	6965                	lui	s2,0x19
10001ab2:	6576                	flw	fa0,92(sp)
10001ab4:	3a64                	fld	fs1,240(a2)
10001ab6:	0020                	addi	s0,sp,8
10001ab8:	54415453          	0x54415453
10001abc:	3a45                	jal	1000146c <testCore+0x40>
10001abe:	0020                	addi	s0,sp,8
10001ac0:	4350                	lw	a2,4(a4)
10001ac2:	203a                	fld	ft0,392(sp)
10001ac4:	0000                	unimp
10001ac6:	0000                	unimp
10001ac8:	5249                	li	tp,-14
10001aca:	203a                	fld	ft0,392(sp)
10001acc:	0000                	unimp
10001ace:	0000                	unimp
10001ad0:	6954                	flw	fa3,20(a0)
10001ad2:	656d                	lui	a0,0x1b
10001ad4:	203a                	fld	ft0,392(sp)
10001ad6:	0000                	unimp
10001ad8:	6e756f43          	fmadd.q	ft10,fa0,ft7,fa3,unknown
10001adc:	3a74                	fld	fa3,240(a2)
10001ade:	0020                	addi	s0,sp,8
10001ae0:	72617453          	0x72617453
10001ae4:	2074                	fld	fa3,192(s0)
10001ae6:	65726f43          	0x65726f43
10001aea:	3020                	fld	fs0,96(s0)
10001aec:	7420                	flw	fs0,104(s0)
10001aee:	7365                	lui	t1,0xffff9
10001af0:	0a74                	addi	a3,sp,284
10001af2:	0000                	unimp
10001af4:	6552                	flw	fa0,20(sp)
10001af6:	746c7573          	csrrci	a0,0x746,24
10001afa:	203a                	fld	ft0,392(sp)
10001afc:	0000                	unimp
10001afe:	0000                	unimp
10001b00:	7552                	flw	fa0,52(sp)
10001b02:	6e6e                	flw	ft8,216(sp)
10001b04:	6e69                	lui	t3,0x1a
10001b06:	6f632067          	0x6f632067
10001b0a:	6564                	flw	fs1,76(a0)
10001b0c:	6120                	flw	fs0,64(a0)
10001b0e:	3a74                	fld	fa3,240(a2)
10001b10:	0020                	addi	s0,sp,8
10001b12:	0000                	unimp
10001b14:	6e45                	lui	t3,0x11
10001b16:	6574                	flw	fa3,76(a0)
10001b18:	6572                	flw	fa0,28(sp)
10001b1a:	2064                	fld	fs1,192(s0)
10001b1c:	7245                	lui	tp,0xffff1
10001b1e:	6f72                	flw	ft10,28(sp)
10001b20:	2072                	fld	ft0,280(sp)
10001b22:	74617453          	0x74617453
10001b26:	0a65                	addi	s4,s4,25
10001b28:	0000                	unimp
10001b2a:	0000                	unimp
10001b2c:	6e45                	lui	t3,0x11
10001b2e:	6574                	flw	fa3,76(a0)
10001b30:	6572                	flw	fa0,28(sp)
10001b32:	2064                	fld	fs1,192(s0)
10001b34:	6148                	flw	fa0,4(a0)
10001b36:	746c                	flw	fa1,108(s0)
10001b38:	5320                	lw	s0,96(a4)
10001b3a:	6174                	flw	fa3,68(a0)
10001b3c:	6574                	flw	fa3,76(a0)
10001b3e:	000a                	c.slli	zero,0x2
10001b40:	72617453          	0x72617453
10001b44:	2074                	fld	fa3,192(s0)
10001b46:	4d415253          	0x4d415253
10001b4a:	7420                	flw	fs0,104(s0)
10001b4c:	7365                	lui	t1,0xffff9
10001b4e:	0a74                	addi	a3,sp,284
10001b50:	0000                	unimp
10001b52:	0000                	unimp
10001b54:	480a                	lw	a6,128(sp)
10001b56:	6c65                	lui	s8,0x19
10001b58:	6f6c                	flw	fa1,92(a4)
10001b5a:	5720                	lw	s0,104(a4)
10001b5c:	646c726f          	jal	tp,100c91a2 <_erodata+0xc75a2>
10001b60:	2120                	fld	fs0,64(a0)
10001b62:	0a21                	addi	s4,s4,8
10001b64:	0000                	unimp
10001b66:	0000                	unimp
10001b68:	656d6f53          	0x656d6f53
10001b6c:	7420                	flw	fs0,104(s0)
10001b6e:	7365                	lui	t1,0xffff9
10001b70:	7374                	flw	fa3,100(a4)
10001b72:	6620                	flw	fs0,72(a2)
10001b74:	6961                	lui	s2,0x18
10001b76:	656c                	flw	fa1,76(a0)
10001b78:	2064                	fld	fs1,192(s0)
10001b7a:	283a                	fld	fa6,392(sp)
10001b7c:	000a                	c.slli	zero,0x2
10001b7e:	0000                	unimp
10001b80:	6c41                	lui	s8,0x10
10001b82:	206c                	fld	fa1,192(s0)
10001b84:	6554                	flw	fa3,12(a0)
10001b86:	70207473          	csrrci	s0,0x702,0
10001b8a:	7361                	lui	t1,0xffff8
10001b8c:	20646573          	csrrsi	a0,0x206,8
10001b90:	293a                	fld	fs2,392(sp)
10001b92:	000a                	c.slli	zero,0x2
	...

Disassembly of section .data:

00000000 <testStatus>:
   0:	0001                	nop
   2:	0000                	unimp
   4:	0000                	unimp
	...

Disassembly of section .bss:

00000008 <testIndex-0xf8>:
	...

00000100 <testIndex>:
 100:	0000                	unimp
	...

00000104 <flag>:
 104:	0000                	unimp
	...

00000108 <messageBuffer>:
	...

Disassembly of section .comment:

00000000 <.comment>:
   0:	3a434347          	fmsub.d	ft6,ft6,ft4,ft7,rmm
   4:	2820                	fld	fs0,80(s0)
   6:	29554e47          	fmsub.s	ft8,fa0,fs5,ft5,rmm
   a:	3820                	fld	fs0,112(s0)
   c:	322e                	fld	ft4,232(sp)
   e:	302e                	fld	ft0,232(sp)
	...
