openlane/ExperiarCore\runs\ExperiarCore\logs\synthesis\1-synthesis.log[1697]: ABC: Error: The network is combinational.
openlane/ExperiarCore\runs\ExperiarCore\logs\routing\16-global.log[1792]: [INFO GRT-0012] Antenna violations: 121
openlane/ExperiarCore\runs\ExperiarCore\logs\routing\16-global.log[2705]: [INFO GRT-0012] Antenna violations: 101
openlane/ExperiarCore\runs\ExperiarCore\logs\routing\16-global.log[3600]: [INFO GRT-0012] Antenna violations: 14
openlane/ExperiarCore\runs\ExperiarCore\logs\routing\16-global_2.log[1806]: [INFO GRT-0012] Antenna violations: 46
openlane/ExperiarCore\runs\ExperiarCore\logs\routing\16-global_2.log[2712]: [INFO GRT-0012] Antenna violations: 1
openlane/ExperiarCore\runs\ExperiarCore\logs\routing\19-detailed.log[206]: [INFO DRT-0199]   Number of violations = 16172.
openlane/ExperiarCore\runs\ExperiarCore\logs\routing\19-detailed.log[250]: [INFO DRT-0199]   Number of violations = 7252.
openlane/ExperiarCore\runs\ExperiarCore\logs\routing\19-detailed.log[294]: [INFO DRT-0199]   Number of violations = 6872.
openlane/ExperiarCore\runs\ExperiarCore\logs\routing\19-detailed.log[338]: [INFO DRT-0199]   Number of violations = 1386.
openlane/ExperiarCore\runs\ExperiarCore\logs\routing\19-detailed.log[382]: [INFO DRT-0199]   Number of violations = 335.
openlane/ExperiarCore\runs\ExperiarCore\logs\routing\19-detailed.log[426]: [INFO DRT-0199]   Number of violations = 298.
openlane/ExperiarCore\runs\ExperiarCore\logs\routing\19-detailed.log[470]: [INFO DRT-0199]   Number of violations = 222.
openlane/ExperiarCore\runs\ExperiarCore\logs\routing\19-detailed.log[514]: [INFO DRT-0199]   Number of violations = 30.
openlane/ExperiarCore\runs\ExperiarCore\logs\routing\19-detailed.log[558]: [INFO DRT-0199]   Number of violations = 28.
openlane/ExperiarCore\runs\ExperiarCore\logs\routing\19-detailed.log[602]: [INFO DRT-0199]   Number of violations = 24.
openlane/ExperiarCore\runs\ExperiarCore\logs\routing\19-detailed.log[646]: [INFO DRT-0199]   Number of violations = 24.
openlane/ExperiarCore\runs\ExperiarCore\logs\routing\19-detailed.log[690]: [INFO DRT-0199]   Number of violations = 2.
openlane/ExperiarCore\runs\ExperiarCore\logs\routing\25-parasitics_multi_corner_sta.log[246545]: -7.46   slack (VIOLATED)
openlane/ExperiarCore\runs\ExperiarCore\logs\routing\25-parasitics_multi_corner_sta.log[246711]: -7.45   slack (VIOLATED)
openlane/ExperiarCore\runs\ExperiarCore\logs\routing\25-parasitics_multi_corner_sta.log[246877]: -7.45   slack (VIOLATED)
openlane/ExperiarCore\runs\ExperiarCore\logs\routing\25-parasitics_multi_corner_sta.log[247043]: -7.45   slack (VIOLATED)
openlane/ExperiarCore\runs\ExperiarCore\logs\routing\25-parasitics_multi_corner_sta.log[247209]: -7.44   slack (VIOLATED)
openlane/ExperiarCore\runs\ExperiarCore\logs\routing\25-parasitics_multi_corner_sta.log[247375]: -7.37   slack (VIOLATED)
openlane/ExperiarCore\runs\ExperiarCore\logs\routing\25-parasitics_multi_corner_sta.log[247541]: -7.36   slack (VIOLATED)
openlane/ExperiarCore\runs\ExperiarCore\logs\routing\25-parasitics_multi_corner_sta.log[247707]: -7.33   slack (VIOLATED)
openlane/ExperiarCore\runs\ExperiarCore\logs\routing\25-parasitics_multi_corner_sta.log[247873]: -7.32   slack (VIOLATED)
openlane/ExperiarCore\runs\ExperiarCore\logs\routing\25-parasitics_multi_corner_sta.log[248039]: -7.32   slack (VIOLATED)
openlane/ExperiarCore\runs\ExperiarCore\logs\routing\25-parasitics_multi_corner_sta.log[248205]: -7.23   slack (VIOLATED)
openlane/ExperiarCore\runs\ExperiarCore\logs\routing\25-parasitics_multi_corner_sta.log[248371]: -7.18   slack (VIOLATED)
openlane/ExperiarCore\runs\ExperiarCore\logs\routing\25-parasitics_multi_corner_sta.log[248534]: -7.07   slack (VIOLATED)
openlane/ExperiarCore\runs\ExperiarCore\logs\routing\25-parasitics_multi_corner_sta.log[248700]: -7.05   slack (VIOLATED)
openlane/ExperiarCore\runs\ExperiarCore\logs\routing\25-parasitics_multi_corner_sta.log[248866]: -7.04   slack (VIOLATED)
openlane/ExperiarCore\runs\ExperiarCore\logs\routing\25-parasitics_multi_corner_sta.log[249032]: -7.04   slack (VIOLATED)
openlane/ExperiarCore\runs\ExperiarCore\logs\routing\25-parasitics_multi_corner_sta.log[249195]: -7.03   slack (VIOLATED)
openlane/ExperiarCore\runs\ExperiarCore\logs\routing\25-parasitics_multi_corner_sta.log[249361]: -7.02   slack (VIOLATED)
openlane/ExperiarCore\runs\ExperiarCore\logs\routing\25-parasitics_multi_corner_sta.log[249527]: -7.02   slack (VIOLATED)
openlane/ExperiarCore\runs\ExperiarCore\logs\routing\25-parasitics_multi_corner_sta.log[249690]: -6.98   slack (VIOLATED)
openlane/ExperiarCore\runs\ExperiarCore\logs\routing\25-parasitics_multi_corner_sta.log[249853]: -6.95   slack (VIOLATED)
openlane/ExperiarCore\runs\ExperiarCore\logs\routing\25-parasitics_multi_corner_sta.log[250016]: -6.80   slack (VIOLATED)
openlane/ExperiarCore\runs\ExperiarCore\logs\routing\25-parasitics_multi_corner_sta.log[250179]: -6.74   slack (VIOLATED)
openlane/ExperiarCore\runs\ExperiarCore\logs\routing\25-parasitics_multi_corner_sta.log[250342]: -6.73   slack (VIOLATED)
openlane/ExperiarCore\runs\ExperiarCore\logs\routing\25-parasitics_multi_corner_sta.log[250505]: -6.73   slack (VIOLATED)
openlane/ExperiarCore\runs\ExperiarCore\logs\routing\25-parasitics_multi_corner_sta.log[250668]: -6.72   slack (VIOLATED)
openlane/ExperiarCore\runs\ExperiarCore\logs\routing\25-parasitics_multi_corner_sta.log[250831]: -6.72   slack (VIOLATED)
openlane/ExperiarCore\runs\ExperiarCore\logs\routing\25-parasitics_multi_corner_sta.log[250994]: -6.71   slack (VIOLATED)
openlane/ExperiarCore\runs\ExperiarCore\logs\routing\25-parasitics_multi_corner_sta.log[251157]: -6.71   slack (VIOLATED)
openlane/ExperiarCore\runs\ExperiarCore\logs\routing\25-parasitics_multi_corner_sta.log[251320]: -6.68   slack (VIOLATED)
openlane/ExperiarCore\runs\ExperiarCore\logs\routing\25-parasitics_multi_corner_sta.log[251483]: -6.67   slack (VIOLATED)
openlane/ExperiarCore\runs\ExperiarCore\logs\routing\25-parasitics_multi_corner_sta.log[251646]: -6.65   slack (VIOLATED)
openlane/ExperiarCore\runs\ExperiarCore\logs\routing\25-parasitics_multi_corner_sta.log[251809]: -6.64   slack (VIOLATED)
openlane/ExperiarCore\runs\ExperiarCore\logs\routing\25-parasitics_multi_corner_sta.log[251972]: -6.64   slack (VIOLATED)
openlane/ExperiarCore\runs\ExperiarCore\logs\routing\25-parasitics_multi_corner_sta.log[252135]: -6.62   slack (VIOLATED)
openlane/ExperiarCore\runs\ExperiarCore\logs\routing\25-parasitics_multi_corner_sta.log[252298]: -6.60   slack (VIOLATED)
openlane/ExperiarCore\runs\ExperiarCore\logs\routing\25-parasitics_multi_corner_sta.log[252461]: -6.54   slack (VIOLATED)
openlane/ExperiarCore\runs\ExperiarCore\logs\routing\25-parasitics_multi_corner_sta.log[252621]: -6.40   slack (VIOLATED)
openlane/ExperiarCore\runs\ExperiarCore\logs\routing\25-parasitics_multi_corner_sta.log[252781]: -6.40   slack (VIOLATED)
openlane/ExperiarCore\runs\ExperiarCore\logs\routing\25-parasitics_multi_corner_sta.log[252941]: -6.38   slack (VIOLATED)
openlane/ExperiarCore\runs\ExperiarCore\logs\routing\25-parasitics_multi_corner_sta.log[253101]: -6.38   slack (VIOLATED)
openlane/ExperiarCore\runs\ExperiarCore\logs\routing\25-parasitics_multi_corner_sta.log[253261]: -6.28   slack (VIOLATED)
openlane/ExperiarCore\runs\ExperiarCore\logs\routing\25-parasitics_multi_corner_sta.log[253421]: -6.27   slack (VIOLATED)
openlane/ExperiarCore\runs\ExperiarCore\logs\routing\25-parasitics_multi_corner_sta.log[253581]: -6.27   slack (VIOLATED)
openlane/ExperiarCore\runs\ExperiarCore\logs\routing\25-parasitics_multi_corner_sta.log[253741]: -6.24   slack (VIOLATED)
openlane/ExperiarCore\runs\ExperiarCore\logs\routing\25-parasitics_multi_corner_sta.log[253901]: -6.20   slack (VIOLATED)
openlane/ExperiarCore\runs\ExperiarCore\logs\routing\25-parasitics_multi_corner_sta.log[254061]: -5.66   slack (VIOLATED)
openlane/ExperiarCore\runs\ExperiarCore\logs\routing\25-parasitics_multi_corner_sta.log[254221]: -5.62   slack (VIOLATED)
openlane/ExperiarCore\runs\ExperiarCore\logs\routing\25-parasitics_multi_corner_sta.log[254378]: -5.58   slack (VIOLATED)
openlane/ExperiarCore\runs\ExperiarCore\logs\routing\25-parasitics_multi_corner_sta.log[254538]: -5.58   slack (VIOLATED)
openlane/ExperiarCore\runs\ExperiarCore\logs\routing\25-parasitics_multi_corner_sta.log[254698]: -5.57   slack (VIOLATED)
openlane/ExperiarCore\runs\ExperiarCore\logs\routing\25-parasitics_multi_corner_sta.log[254858]: -5.57   slack (VIOLATED)
openlane/ExperiarCore\runs\ExperiarCore\logs\routing\25-parasitics_multi_corner_sta.log[255018]: -5.55   slack (VIOLATED)
openlane/ExperiarCore\runs\ExperiarCore\logs\routing\25-parasitics_multi_corner_sta.log[255178]: -5.55   slack (VIOLATED)
openlane/ExperiarCore\runs\ExperiarCore\logs\routing\25-parasitics_multi_corner_sta.log[255338]: -5.54   slack (VIOLATED)
openlane/ExperiarCore\runs\ExperiarCore\logs\routing\25-parasitics_multi_corner_sta.log[255498]: -5.54   slack (VIOLATED)
openlane/ExperiarCore\runs\ExperiarCore\logs\routing\25-parasitics_multi_corner_sta.log[255658]: -5.54   slack (VIOLATED)
openlane/ExperiarCore\runs\ExperiarCore\logs\routing\25-parasitics_multi_corner_sta.log[255818]: -5.54   slack (VIOLATED)
openlane/ExperiarCore\runs\ExperiarCore\logs\routing\25-parasitics_multi_corner_sta.log[255978]: -5.53   slack (VIOLATED)
openlane/ExperiarCore\runs\ExperiarCore\logs\routing\25-parasitics_multi_corner_sta.log[256138]: -5.53   slack (VIOLATED)
openlane/ExperiarCore\runs\ExperiarCore\logs\routing\25-parasitics_multi_corner_sta.log[256298]: -5.52   slack (VIOLATED)
openlane/ExperiarCore\runs\ExperiarCore\logs\routing\25-parasitics_multi_corner_sta.log[256458]: -5.52   slack (VIOLATED)
openlane/ExperiarCore\runs\ExperiarCore\logs\routing\25-parasitics_multi_corner_sta.log[256618]: -5.52   slack (VIOLATED)
openlane/ExperiarCore\runs\ExperiarCore\logs\routing\25-parasitics_multi_corner_sta.log[256778]: -5.50   slack (VIOLATED)
openlane/ExperiarCore\runs\ExperiarCore\logs\routing\25-parasitics_multi_corner_sta.log[256938]: -5.50   slack (VIOLATED)
openlane/ExperiarCore\runs\ExperiarCore\logs\routing\25-parasitics_multi_corner_sta.log[257098]: -5.50   slack (VIOLATED)
openlane/ExperiarCore\runs\ExperiarCore\logs\routing\25-parasitics_multi_corner_sta.log[257258]: -5.49   slack (VIOLATED)
openlane/ExperiarCore\runs\ExperiarCore\logs\routing\25-parasitics_multi_corner_sta.log[257418]: -5.49   slack (VIOLATED)
openlane/ExperiarCore\runs\ExperiarCore\logs\routing\25-parasitics_multi_corner_sta.log[257578]: -5.49   slack (VIOLATED)
openlane/ExperiarCore\runs\ExperiarCore\logs\routing\25-parasitics_multi_corner_sta.log[257738]: -5.49   slack (VIOLATED)
openlane/ExperiarCore\runs\ExperiarCore\logs\routing\25-parasitics_multi_corner_sta.log[257898]: -5.48   slack (VIOLATED)
openlane/ExperiarCore\runs\ExperiarCore\logs\routing\25-parasitics_multi_corner_sta.log[258058]: -5.48   slack (VIOLATED)
openlane/ExperiarCore\runs\ExperiarCore\logs\routing\25-parasitics_multi_corner_sta.log[258218]: -5.48   slack (VIOLATED)
openlane/ExperiarCore\runs\ExperiarCore\logs\routing\25-parasitics_multi_corner_sta.log[258378]: -5.48   slack (VIOLATED)
openlane/ExperiarCore\runs\ExperiarCore\logs\routing\25-parasitics_multi_corner_sta.log[258538]: -5.48   slack (VIOLATED)
openlane/ExperiarCore\runs\ExperiarCore\logs\routing\25-parasitics_multi_corner_sta.log[258698]: -5.47   slack (VIOLATED)
openlane/ExperiarCore\runs\ExperiarCore\logs\routing\25-parasitics_multi_corner_sta.log[258858]: -5.46   slack (VIOLATED)
openlane/ExperiarCore\runs\ExperiarCore\logs\routing\25-parasitics_multi_corner_sta.log[259018]: -5.45   slack (VIOLATED)
openlane/ExperiarCore\runs\ExperiarCore\logs\routing\25-parasitics_multi_corner_sta.log[259178]: -5.45   slack (VIOLATED)
openlane/ExperiarCore\runs\ExperiarCore\logs\routing\25-parasitics_multi_corner_sta.log[259338]: -5.44   slack (VIOLATED)
openlane/ExperiarCore\runs\ExperiarCore\logs\routing\25-parasitics_multi_corner_sta.log[259498]: -5.44   slack (VIOLATED)
openlane/ExperiarCore\runs\ExperiarCore\logs\routing\25-parasitics_multi_corner_sta.log[259658]: -5.44   slack (VIOLATED)
openlane/ExperiarCore\runs\ExperiarCore\logs\routing\25-parasitics_multi_corner_sta.log[259818]: -5.43   slack (VIOLATED)
openlane/ExperiarCore\runs\ExperiarCore\logs\routing\25-parasitics_multi_corner_sta.log[259978]: -5.42   slack (VIOLATED)
openlane/ExperiarCore\runs\ExperiarCore\logs\routing\25-parasitics_multi_corner_sta.log[260138]: -5.40   slack (VIOLATED)
openlane/ExperiarCore\runs\ExperiarCore\logs\routing\25-parasitics_multi_corner_sta.log[260298]: -5.40   slack (VIOLATED)
openlane/ExperiarCore\runs\ExperiarCore\logs\routing\25-parasitics_multi_corner_sta.log[260458]: -5.40   slack (VIOLATED)
openlane/ExperiarCore\runs\ExperiarCore\logs\routing\25-parasitics_multi_corner_sta.log[260618]: -5.40   slack (VIOLATED)
openlane/ExperiarCore\runs\ExperiarCore\logs\routing\25-parasitics_multi_corner_sta.log[260778]: -5.37   slack (VIOLATED)
openlane/ExperiarCore\runs\ExperiarCore\logs\routing\25-parasitics_multi_corner_sta.log[260938]: -5.36   slack (VIOLATED)
openlane/ExperiarCore\runs\ExperiarCore\logs\routing\25-parasitics_multi_corner_sta.log[261098]: -5.35   slack (VIOLATED)
openlane/ExperiarCore\runs\ExperiarCore\logs\routing\25-parasitics_multi_corner_sta.log[261258]: -5.34   slack (VIOLATED)
openlane/ExperiarCore\runs\ExperiarCore\logs\routing\25-parasitics_multi_corner_sta.log[261418]: -5.29   slack (VIOLATED)
openlane/ExperiarCore\runs\ExperiarCore\logs\routing\25-parasitics_multi_corner_sta.log[261578]: -5.24   slack (VIOLATED)
openlane/ExperiarCore\runs\ExperiarCore\logs\routing\25-parasitics_multi_corner_sta.log[261738]: -5.24   slack (VIOLATED)
openlane/ExperiarCore\runs\ExperiarCore\logs\routing\25-parasitics_multi_corner_sta.log[261898]: -5.22   slack (VIOLATED)
openlane/ExperiarCore\runs\ExperiarCore\logs\routing\25-parasitics_multi_corner_sta.log[262058]: -5.22   slack (VIOLATED)
openlane/ExperiarCore\runs\ExperiarCore\logs\routing\25-parasitics_multi_corner_sta.log[262215]: -5.17   slack (VIOLATED)
openlane/ExperiarCore\runs\ExperiarCore\logs\routing\25-parasitics_multi_corner_sta.log[262372]: -5.15   slack (VIOLATED)
openlane/ExperiarCore\runs\ExperiarCore\logs\routing\25-parasitics_multi_corner_sta.log[262529]: -5.12   slack (VIOLATED)
openlane/ExperiarCore\runs\ExperiarCore\logs\routing\25-parasitics_multi_corner_sta.log[262686]: -5.10   slack (VIOLATED)
openlane/ExperiarCore\runs\ExperiarCore\logs\routing\25-parasitics_multi_corner_sta.log[262843]: -5.10   slack (VIOLATED)
openlane/ExperiarCore\runs\ExperiarCore\logs\routing\25-parasitics_multi_corner_sta.log[263000]: -5.08   slack (VIOLATED)
openlane/ExperiarCore\runs\ExperiarCore\logs\routing\25-parasitics_multi_corner_sta.log[263157]: -5.03   slack (VIOLATED)
openlane/ExperiarCore\runs\ExperiarCore\logs\routing\25-parasitics_multi_corner_sta.log[263314]: -5.01   slack (VIOLATED)
openlane/ExperiarCore\runs\ExperiarCore\logs\routing\25-parasitics_multi_corner_sta.log[263471]: -4.97   slack (VIOLATED)
openlane/ExperiarCore\runs\ExperiarCore\logs\routing\25-parasitics_multi_corner_sta.log[263628]: -4.95   slack (VIOLATED)
openlane/ExperiarCore\runs\ExperiarCore\logs\routing\25-parasitics_multi_corner_sta.log[263785]: -4.93   slack (VIOLATED)
openlane/ExperiarCore\runs\ExperiarCore\logs\routing\25-parasitics_multi_corner_sta.log[263942]: -4.88   slack (VIOLATED)
openlane/ExperiarCore\runs\ExperiarCore\logs\routing\25-parasitics_multi_corner_sta.log[264066]: -4.64   slack (VIOLATED)
openlane/ExperiarCore\runs\ExperiarCore\logs\routing\25-parasitics_multi_corner_sta.log[264250]: -4.16   slack (VIOLATED)
openlane/ExperiarCore\runs\ExperiarCore\logs\routing\25-parasitics_multi_corner_sta.log[264434]: -4.10   slack (VIOLATED)
openlane/ExperiarCore\runs\ExperiarCore\logs\routing\25-parasitics_multi_corner_sta.log[264615]: -3.65   slack (VIOLATED)
openlane/ExperiarCore\runs\ExperiarCore\logs\routing\25-parasitics_multi_corner_sta.log[264799]: -3.50   slack (VIOLATED)
openlane/ExperiarCore\runs\ExperiarCore\logs\routing\25-parasitics_multi_corner_sta.log[264977]: -3.30   slack (VIOLATED)
openlane/ExperiarCore\runs\ExperiarCore\logs\routing\25-parasitics_multi_corner_sta.log[265161]: -3.29   slack (VIOLATED)
openlane/ExperiarCore\runs\ExperiarCore\logs\routing\25-parasitics_multi_corner_sta.log[265342]: -3.24   slack (VIOLATED)
openlane/ExperiarCore\runs\ExperiarCore\logs\routing\25-parasitics_multi_corner_sta.log[265523]: -3.05   slack (VIOLATED)
openlane/ExperiarCore\runs\ExperiarCore\logs\routing\25-parasitics_multi_corner_sta.log[265704]: -2.95   slack (VIOLATED)
openlane/ExperiarCore\runs\ExperiarCore\logs\routing\25-parasitics_multi_corner_sta.log[265888]: -2.83   slack (VIOLATED)
openlane/ExperiarCore\runs\ExperiarCore\logs\routing\25-parasitics_multi_corner_sta.log[266069]: -2.70   slack (VIOLATED)
openlane/ExperiarCore\runs\ExperiarCore\logs\routing\25-parasitics_multi_corner_sta.log[266250]: -2.66   slack (VIOLATED)
openlane/ExperiarCore\runs\ExperiarCore\logs\routing\25-parasitics_multi_corner_sta.log[266431]: -2.56   slack (VIOLATED)
openlane/ExperiarCore\runs\ExperiarCore\logs\routing\25-parasitics_multi_corner_sta.log[266606]: -2.41   slack (VIOLATED)
openlane/ExperiarCore\runs\ExperiarCore\logs\routing\25-parasitics_multi_corner_sta.log[266784]: -2.38   slack (VIOLATED)
openlane/ExperiarCore\runs\ExperiarCore\logs\routing\25-parasitics_multi_corner_sta.log[266962]: -2.37   slack (VIOLATED)
openlane/ExperiarCore\runs\ExperiarCore\logs\routing\25-parasitics_multi_corner_sta.log[267146]: -2.09   slack (VIOLATED)
openlane/ExperiarCore\runs\ExperiarCore\logs\routing\25-parasitics_multi_corner_sta.log[267327]: -1.84   slack (VIOLATED)
openlane/ExperiarCore\runs\ExperiarCore\logs\routing\25-parasitics_multi_corner_sta.log[267505]: -1.57   slack (VIOLATED)
openlane/ExperiarCore\runs\ExperiarCore\logs\routing\25-parasitics_multi_corner_sta.log[267683]: -1.45   slack (VIOLATED)
openlane/ExperiarCore\runs\ExperiarCore\logs\routing\25-parasitics_multi_corner_sta.log[267858]: -1.24   slack (VIOLATED)
openlane/ExperiarCore\runs\ExperiarCore\logs\routing\25-parasitics_multi_corner_sta.log[268039]: -1.20   slack (VIOLATED)
openlane/ExperiarCore\runs\ExperiarCore\logs\routing\25-parasitics_multi_corner_sta.log[268217]: -0.97   slack (VIOLATED)
openlane/ExperiarCore\runs\ExperiarCore\logs\routing\25-parasitics_multi_corner_sta.log[268389]: -0.92   slack (VIOLATED)
openlane/ExperiarCore\runs\ExperiarCore\logs\routing\25-parasitics_multi_corner_sta.log[268564]: -0.73   slack (VIOLATED)
openlane/ExperiarCore\runs\ExperiarCore\logs\routing\25-parasitics_multi_corner_sta.log[268736]: -0.44   slack (VIOLATED)
openlane/ExperiarCore\runs\ExperiarCore\logs\routing\25-parasitics_multi_corner_sta.log[268923]: -0.14   slack (VIOLATED)
openlane/ExperiarCore\runs\ExperiarCore\logs\routing\25-parasitics_multi_corner_sta.log[269110]: -0.11   slack (VIOLATED)
openlane/ExperiarCore\runs\ExperiarCore\logs\routing\25-parasitics_multi_corner_sta.log[269297]: -0.07   slack (VIOLATED)
openlane/ExperiarCore\runs\ExperiarCore\logs\routing\25-parasitics_multi_corner_sta.log[269484]: -0.07   slack (VIOLATED)
openlane/ExperiarCore\runs\ExperiarCore\logs\routing\25-parasitics_multi_corner_sta.log[269671]: -0.04   slack (VIOLATED)
openlane/ExperiarCore\runs\ExperiarCore\logs\routing\25-parasitics_multi_corner_sta.log[269858]: -0.01   slack (VIOLATED)
openlane/ExperiarCore\runs\ExperiarCore\logs\routing\25-parasitics_multi_corner_sta.log[270045]: -0.01   slack (VIOLATED)
openlane/ExperiarCore\runs\ExperiarCore\logs\routing\25-parasitics_multi_corner_sta.log[270232]: -0.01   slack (VIOLATED)
openlane/ExperiarCore\runs\ExperiarCore\logs\routing\25-parasitics_multi_corner_sta.log[270419]: -0.01   slack (VIOLATED)
openlane/ExperiarCore\runs\ExperiarCore\logs\routing\25-parasitics_multi_corner_sta.log[270606]: -0.01   slack (VIOLATED)
openlane/ExperiarCore\runs\ExperiarCore\logs\routing\25-parasitics_multi_corner_sta.log[786364]: -7.46   slack (VIOLATED)
openlane/ExperiarCore\runs\ExperiarCore\logs\routing\25-parasitics_multi_corner_sta.log[786653]: -7.46   slack (VIOLATED)
openlane/ExperiarCore\runs\ExperiarCore\logs\routing\25-parasitics_multi_corner_sta.log[786677]: _09596_/A                               1.50    2.21   -0.71 (VIOLATED)
openlane/ExperiarCore\runs\ExperiarCore\logs\routing\25-parasitics_multi_corner_sta.log[786678]: _09370_/A1                              1.50    2.21   -0.71 (VIOLATED)
openlane/ExperiarCore\runs\ExperiarCore\logs\routing\25-parasitics_multi_corner_sta.log[786679]: _07508_/A2                              1.50    2.21   -0.71 (VIOLATED)
openlane/ExperiarCore\runs\ExperiarCore\logs\routing\25-parasitics_multi_corner_sta.log[786680]: _07507_/Y                               1.50    2.21   -0.71 (VIOLATED)
openlane/ExperiarCore\runs\ExperiarCore\logs\routing\25-parasitics_multi_corner_sta.log[786681]: _09606_/A                               1.50    2.15   -0.65 (VIOLATED)
openlane/ExperiarCore\runs\ExperiarCore\logs\routing\25-parasitics_multi_corner_sta.log[786682]: _09379_/A1                              1.50    2.15   -0.65 (VIOLATED)
openlane/ExperiarCore\runs\ExperiarCore\logs\routing\25-parasitics_multi_corner_sta.log[786683]: _08726_/B                               1.50    2.15   -0.65 (VIOLATED)
openlane/ExperiarCore\runs\ExperiarCore\logs\routing\25-parasitics_multi_corner_sta.log[786684]: _08725_/Y                               1.50    2.15   -0.64 (VIOLATED)
openlane/ExperiarCore\runs\ExperiarCore\logs\routing\25-parasitics_multi_corner_sta.log[786685]: INSDIODE2_377/DIODE                     1.50    1.95   -0.45 (VIOLATED)
openlane/ExperiarCore\runs\ExperiarCore\logs\routing\25-parasitics_multi_corner_sta.log[786686]: _07564_/B                               1.50    1.95   -0.45 (VIOLATED)
openlane/ExperiarCore\runs\ExperiarCore\logs\routing\25-parasitics_multi_corner_sta.log[786687]: INSDIODE2_11/DIODE                      1.50    1.95   -0.45 (VIOLATED)
openlane/ExperiarCore\runs\ExperiarCore\logs\routing\25-parasitics_multi_corner_sta.log[786688]: _09592_/A                               1.50    1.95   -0.45 (VIOLATED)
openlane/ExperiarCore\runs\ExperiarCore\logs\routing\25-parasitics_multi_corner_sta.log[786689]: _09364_/A1                              1.50    1.95   -0.45 (VIOLATED)
openlane/ExperiarCore\runs\ExperiarCore\logs\routing\25-parasitics_multi_corner_sta.log[786690]: _07563_/Y                               1.50    1.95   -0.45 (VIOLATED)
openlane/ExperiarCore\runs\ExperiarCore\logs\routing\25-parasitics_multi_corner_sta.log[786691]: _09594_/A                               1.50    1.94   -0.44 (VIOLATED)
openlane/ExperiarCore\runs\ExperiarCore\logs\routing\25-parasitics_multi_corner_sta.log[786692]: _09366_/A1                              1.50    1.94   -0.44 (VIOLATED)
openlane/ExperiarCore\runs\ExperiarCore\logs\routing\25-parasitics_multi_corner_sta.log[786693]: INSDIODE2_18/DIODE                      1.50    1.94   -0.44 (VIOLATED)
openlane/ExperiarCore\runs\ExperiarCore\logs\routing\25-parasitics_multi_corner_sta.log[786694]: _08432_/A2                              1.50    1.94   -0.44 (VIOLATED)
openlane/ExperiarCore\runs\ExperiarCore\logs\routing\25-parasitics_multi_corner_sta.log[786695]: _08431_/Y                               1.50    1.94   -0.44 (VIOLATED)
openlane/ExperiarCore\runs\ExperiarCore\logs\routing\25-parasitics_multi_corner_sta.log[786696]: _09587_/A                               1.50    1.87   -0.37 (VIOLATED)
openlane/ExperiarCore\runs\ExperiarCore\logs\routing\25-parasitics_multi_corner_sta.log[786697]: _07619_/A2                              1.50    1.87   -0.37 (VIOLATED)
openlane/ExperiarCore\runs\ExperiarCore\logs\routing\25-parasitics_multi_corner_sta.log[786698]: _09360_/A1                              1.50    1.87   -0.37 (VIOLATED)
openlane/ExperiarCore\runs\ExperiarCore\logs\routing\25-parasitics_multi_corner_sta.log[786699]: _07618_/Y                               1.50    1.87   -0.37 (VIOLATED)
openlane/ExperiarCore\runs\ExperiarCore\logs\routing\25-parasitics_multi_corner_sta.log[786700]: _09347_/A1                              1.50    1.82   -0.32 (VIOLATED)
openlane/ExperiarCore\runs\ExperiarCore\logs\routing\25-parasitics_multi_corner_sta.log[786701]: _09579_/A                               1.50    1.82   -0.32 (VIOLATED)
openlane/ExperiarCore\runs\ExperiarCore\logs\routing\25-parasitics_multi_corner_sta.log[786702]: _08328_/A2                              1.50    1.82   -0.32 (VIOLATED)
openlane/ExperiarCore\runs\ExperiarCore\logs\routing\25-parasitics_multi_corner_sta.log[786703]: _08327_/Y                               1.50    1.82   -0.32 (VIOLATED)
openlane/ExperiarCore\runs\ExperiarCore\logs\routing\25-parasitics_multi_corner_sta.log[786704]: _09345_/A1                              1.50    1.72   -0.22 (VIOLATED)
openlane/ExperiarCore\runs\ExperiarCore\logs\routing\25-parasitics_multi_corner_sta.log[786705]: INSDIODE2_381/DIODE                     1.50    1.72   -0.22 (VIOLATED)
openlane/ExperiarCore\runs\ExperiarCore\logs\routing\25-parasitics_multi_corner_sta.log[786706]: _09577_/A                               1.50    1.72   -0.22 (VIOLATED)
openlane/ExperiarCore\runs\ExperiarCore\logs\routing\25-parasitics_multi_corner_sta.log[786707]: INSDIODE2_550/DIODE                     1.50    1.72   -0.22 (VIOLATED)
openlane/ExperiarCore\runs\ExperiarCore\logs\routing\25-parasitics_multi_corner_sta.log[786708]: _07917_/A0                              1.50    1.72   -0.22 (VIOLATED)
openlane/ExperiarCore\runs\ExperiarCore\logs\routing\25-parasitics_multi_corner_sta.log[786709]: _07916_/Y                               1.50    1.72   -0.22 (VIOLATED)
openlane/ExperiarCore\runs\ExperiarCore\logs\routing\25-parasitics_multi_corner_sta.log[786710]: _07005_/Y                               1.50    1.55   -0.06 (VIOLATED)
openlane/ExperiarCore\runs\ExperiarCore\logs\routing\25-parasitics_multi_corner_sta.log[786711]: _09317_/A                               1.50    1.56   -0.06 (VIOLATED)
openlane/ExperiarCore\runs\ExperiarCore\logs\routing\25-parasitics_multi_corner_sta.log[786712]: _09561_/A                               1.50    1.56   -0.06 (VIOLATED)
openlane/ExperiarCore\runs\ExperiarCore\logs\routing\25-parasitics_multi_corner_sta.log[786713]: _07018_/A1                              1.50    1.55   -0.05 (VIOLATED)
openlane/ExperiarCore\runs\ExperiarCore\logs\routing\25-parasitics_multi_corner_sta.log[786714]: _09894_/A1                              1.50    1.55   -0.05 (VIOLATED)
openlane/ExperiarCore\runs\ExperiarCore\logs\routing\25-parasitics_multi_corner_sta.log[786720]: _07507_/Y                               0.09    0.13   -0.05 (VIOLATED)
openlane/ExperiarCore\runs\ExperiarCore\logs\routing\25-parasitics_multi_corner_sta.log[786721]: _08725_/Y                               0.09    0.14   -0.05 (VIOLATED)
openlane/ExperiarCore\runs\ExperiarCore\logs\routing\25-parasitics_multi_corner_sta.log[786722]: _07563_/Y                               0.09    0.12   -0.03 (VIOLATED)
openlane/ExperiarCore\runs\ExperiarCore\logs\routing\25-parasitics_multi_corner_sta.log[786723]: _08431_/Y                               0.09    0.11   -0.03 (VIOLATED)
openlane/ExperiarCore\runs\ExperiarCore\logs\routing\25-parasitics_multi_corner_sta.log[786724]: _07618_/Y                               0.09    0.12   -0.03 (VIOLATED)
openlane/ExperiarCore\runs\ExperiarCore\logs\routing\25-parasitics_multi_corner_sta.log[786725]: _08327_/Y                               0.09    0.11   -0.02 (VIOLATED)
openlane/ExperiarCore\runs\ExperiarCore\logs\routing\25-parasitics_multi_corner_sta.log[786726]: _07916_/Y                               0.09    0.11   -0.02 (VIOLATED)
openlane/ExperiarCore\runs\ExperiarCore\logs\routing\25-parasitics_multi_corner_sta.log[786727]: _07005_/Y                               0.13    0.14   -0.01 (VIOLATED)
openlane/ExperiarCore\runs\ExperiarCore\logs\routing\25-parasitics_multi_corner_sta.log[786728]: _06929_/Y                               0.07    0.07   -0.00 (VIOLATED)
openlane/ExperiarCore\runs\ExperiarCore\logs\routing\25-parasitics_multi_corner_sta.log[786738]: max slew violation count 38
openlane/ExperiarCore\runs\ExperiarCore\logs\routing\25-parasitics_multi_corner_sta.log[786740]: max cap violation count 9
openlane/ExperiarCore\runs\ExperiarCore\logs\placement\7-global.log[1642]: _08932_/Y                               1.50    2.15   -0.65 (VIOLATED)
openlane/ExperiarCore\runs\ExperiarCore\logs\placement\7-global.log[1643]: _09617_/B                               1.50    2.15   -0.65 (VIOLATED)
openlane/ExperiarCore\runs\ExperiarCore\logs\placement\7-global.log[1644]: _09392_/A1                              1.50    2.15   -0.65 (VIOLATED)
openlane/ExperiarCore\runs\ExperiarCore\logs\placement\7-global.log[1645]: _08933_/A2                              1.50    2.15   -0.65 (VIOLATED)
openlane/ExperiarCore\runs\ExperiarCore\logs\placement\7-global.log[1646]: _08845_/Y                               1.50    2.13   -0.63 (VIOLATED)
openlane/ExperiarCore\runs\ExperiarCore\logs\placement\7-global.log[1647]: _09615_/B                               1.50    2.13   -0.63 (VIOLATED)
openlane/ExperiarCore\runs\ExperiarCore\logs\placement\7-global.log[1648]: _09390_/A1                              1.50    2.13   -0.63 (VIOLATED)
openlane/ExperiarCore\runs\ExperiarCore\logs\placement\7-global.log[1649]: _08846_/A2                              1.50    2.13   -0.63 (VIOLATED)
openlane/ExperiarCore\runs\ExperiarCore\logs\placement\7-global.log[1650]: _08884_/Y                               1.49    2.03   -0.53 (VIOLATED)
openlane/ExperiarCore\runs\ExperiarCore\logs\placement\7-global.log[1651]: _08629_/Y                               1.50    2.03   -0.53 (VIOLATED)
openlane/ExperiarCore\runs\ExperiarCore\logs\placement\7-global.log[1652]: _09619_/B                               1.50    2.03   -0.53 (VIOLATED)
openlane/ExperiarCore\runs\ExperiarCore\logs\placement\7-global.log[1653]: _09394_/A1                              1.50    2.03   -0.53 (VIOLATED)
openlane/ExperiarCore\runs\ExperiarCore\logs\placement\7-global.log[1654]: _09611_/A                               1.50    2.03   -0.53 (VIOLATED)
openlane/ExperiarCore\runs\ExperiarCore\logs\placement\7-global.log[1655]: _09386_/A1                              1.50    2.03   -0.53 (VIOLATED)
openlane/ExperiarCore\runs\ExperiarCore\logs\placement\7-global.log[1656]: _08885_/B                               1.50    2.03   -0.53 (VIOLATED)
openlane/ExperiarCore\runs\ExperiarCore\logs\placement\7-global.log[1657]: _08630_/A2                              1.50    2.03   -0.53 (VIOLATED)
openlane/ExperiarCore\runs\ExperiarCore\logs\placement\7-global.log[1658]: _09026_/Y                               1.50    1.93   -0.43 (VIOLATED)
openlane/ExperiarCore\runs\ExperiarCore\logs\placement\7-global.log[1659]: _09312_/B                               1.50    1.93   -0.43 (VIOLATED)
openlane/ExperiarCore\runs\ExperiarCore\logs\placement\7-global.log[1660]: _09029_/B                               1.50    1.93   -0.43 (VIOLATED)
openlane/ExperiarCore\runs\ExperiarCore\logs\placement\7-global.log[1661]: _09027_/B                               1.50    1.93   -0.43 (VIOLATED)
openlane/ExperiarCore\runs\ExperiarCore\logs\placement\7-global.log[1662]: _09448_/A                               1.50    1.93   -0.43 (VIOLATED)
openlane/ExperiarCore\runs\ExperiarCore\logs\placement\7-global.log[1663]: _09035_/A                               1.50    1.93   -0.43 (VIOLATED)
openlane/ExperiarCore\runs\ExperiarCore\logs\placement\7-global.log[1664]: _08556_/Y                               1.49    1.89   -0.40 (VIOLATED)
openlane/ExperiarCore\runs\ExperiarCore\logs\placement\7-global.log[1665]: _09613_/A                               1.50    1.89   -0.39 (VIOLATED)
openlane/ExperiarCore\runs\ExperiarCore\logs\placement\7-global.log[1666]: _09388_/A1                              1.50    1.89   -0.39 (VIOLATED)
openlane/ExperiarCore\runs\ExperiarCore\logs\placement\7-global.log[1667]: _08557_/B                               1.50    1.89   -0.39 (VIOLATED)
openlane/ExperiarCore\runs\ExperiarCore\logs\placement\7-global.log[1668]: _08725_/Y                               1.49    1.83   -0.34 (VIOLATED)
openlane/ExperiarCore\runs\ExperiarCore\logs\placement\7-global.log[1669]: _09606_/A                               1.50    1.83   -0.33 (VIOLATED)
openlane/ExperiarCore\runs\ExperiarCore\logs\placement\7-global.log[1670]: _09379_/A1                              1.50    1.83   -0.33 (VIOLATED)
openlane/ExperiarCore\runs\ExperiarCore\logs\placement\7-global.log[1671]: _08726_/B                               1.50    1.83   -0.33 (VIOLATED)
openlane/ExperiarCore\runs\ExperiarCore\logs\placement\7-global.log[1672]: _07507_/Y                               1.50    1.74   -0.24 (VIOLATED)
openlane/ExperiarCore\runs\ExperiarCore\logs\placement\7-global.log[1673]: _09596_/A                               1.50    1.74   -0.24 (VIOLATED)
openlane/ExperiarCore\runs\ExperiarCore\logs\placement\7-global.log[1674]: _09370_/A1                              1.50    1.74   -0.24 (VIOLATED)
openlane/ExperiarCore\runs\ExperiarCore\logs\placement\7-global.log[1675]: _07508_/A2                              1.50    1.74   -0.24 (VIOLATED)
openlane/ExperiarCore\runs\ExperiarCore\logs\placement\7-global.log[1676]: _11148_/A                               1.50    1.69   -0.19 (VIOLATED)
openlane/ExperiarCore\runs\ExperiarCore\logs\placement\7-global.log[1677]: _11159_/A                               1.50    1.69   -0.19 (VIOLATED)
openlane/ExperiarCore\runs\ExperiarCore\logs\placement\7-global.log[1678]: _11170_/A                               1.50    1.69   -0.19 (VIOLATED)
openlane/ExperiarCore\runs\ExperiarCore\logs\placement\7-global.log[1679]: _11216_/S                               1.50    1.69   -0.19 (VIOLATED)
openlane/ExperiarCore\runs\ExperiarCore\logs\placement\7-global.log[1680]: _11214_/S                               1.50    1.69   -0.19 (VIOLATED)
openlane/ExperiarCore\runs\ExperiarCore\logs\placement\7-global.log[1681]: _11147_/X                               1.51    1.69   -0.18 (VIOLATED)
openlane/ExperiarCore\runs\ExperiarCore\logs\placement\7-global.log[1682]: _11790_/A                               1.50    1.66   -0.16 (VIOLATED)
openlane/ExperiarCore\runs\ExperiarCore\logs\placement\7-global.log[1683]: _11858_/S                               1.50    1.66   -0.16 (VIOLATED)
openlane/ExperiarCore\runs\ExperiarCore\logs\placement\7-global.log[1684]: _11856_/S                               1.50    1.66   -0.16 (VIOLATED)
openlane/ExperiarCore\runs\ExperiarCore\logs\placement\7-global.log[1685]: _11801_/A                               1.50    1.66   -0.16 (VIOLATED)
openlane/ExperiarCore\runs\ExperiarCore\logs\placement\7-global.log[1686]: _11812_/A                               1.50    1.66   -0.16 (VIOLATED)
openlane/ExperiarCore\runs\ExperiarCore\logs\placement\7-global.log[1687]: _11789_/X                               1.51    1.66   -0.15 (VIOLATED)
openlane/ExperiarCore\runs\ExperiarCore\logs\placement\7-global.log[1688]: _11366_/A                               1.50    1.65   -0.15 (VIOLATED)
openlane/ExperiarCore\runs\ExperiarCore\logs\placement\7-global.log[1689]: _11377_/A                               1.50    1.65   -0.15 (VIOLATED)
openlane/ExperiarCore\runs\ExperiarCore\logs\placement\7-global.log[1690]: _11388_/A                               1.50    1.65   -0.15 (VIOLATED)
openlane/ExperiarCore\runs\ExperiarCore\logs\placement\7-global.log[1691]: _11434_/S                               1.50    1.65   -0.15 (VIOLATED)
openlane/ExperiarCore\runs\ExperiarCore\logs\placement\7-global.log[1692]: _11432_/S                               1.50    1.65   -0.15 (VIOLATED)
openlane/ExperiarCore\runs\ExperiarCore\logs\placement\7-global.log[1693]: _13805_/A                               1.50    1.65   -0.15 (VIOLATED)
openlane/ExperiarCore\runs\ExperiarCore\logs\placement\7-global.log[1694]: _13816_/A                               1.50    1.65   -0.15 (VIOLATED)
openlane/ExperiarCore\runs\ExperiarCore\logs\placement\7-global.log[1695]: _13827_/A                               1.50    1.65   -0.15 (VIOLATED)
openlane/ExperiarCore\runs\ExperiarCore\logs\placement\7-global.log[1696]: _13873_/S                               1.50    1.65   -0.15 (VIOLATED)
openlane/ExperiarCore\runs\ExperiarCore\logs\placement\7-global.log[1697]: _13871_/S                               1.50    1.65   -0.15 (VIOLATED)
openlane/ExperiarCore\runs\ExperiarCore\logs\placement\7-global.log[1698]: _11365_/X                               1.51    1.65   -0.15 (VIOLATED)
openlane/ExperiarCore\runs\ExperiarCore\logs\placement\7-global.log[1699]: _13804_/X                               1.51    1.65   -0.14 (VIOLATED)
openlane/ExperiarCore\runs\ExperiarCore\logs\placement\7-global.log[1700]: _09857_/A                               1.50    1.64   -0.14 (VIOLATED)
openlane/ExperiarCore\runs\ExperiarCore\logs\placement\7-global.log[1701]: _10126_/A                               1.50    1.64   -0.14 (VIOLATED)
openlane/ExperiarCore\runs\ExperiarCore\logs\placement\7-global.log[1702]: _10260_/A                               1.50    1.64   -0.14 (VIOLATED)
openlane/ExperiarCore\runs\ExperiarCore\logs\placement\7-global.log[1703]: _10648_/S                               1.50    1.64   -0.14 (VIOLATED)
openlane/ExperiarCore\runs\ExperiarCore\logs\placement\7-global.log[1704]: _10630_/S                               1.50    1.64   -0.14 (VIOLATED)
openlane/ExperiarCore\runs\ExperiarCore\logs\placement\7-global.log[1705]: _12335_/B1                              1.50    1.64   -0.14 (VIOLATED)
openlane/ExperiarCore\runs\ExperiarCore\logs\placement\7-global.log[1706]: _12322_/A                               1.50    1.64   -0.14 (VIOLATED)
openlane/ExperiarCore\runs\ExperiarCore\logs\placement\7-global.log[1707]: _12457_/B1                              1.50    1.64   -0.14 (VIOLATED)
openlane/ExperiarCore\runs\ExperiarCore\logs\placement\7-global.log[1708]: _13682_/A                               1.50    1.64   -0.14 (VIOLATED)
openlane/ExperiarCore\runs\ExperiarCore\logs\placement\7-global.log[1709]: _13460_/B1                              1.50    1.64   -0.14 (VIOLATED)
openlane/ExperiarCore\runs\ExperiarCore\logs\placement\7-global.log[1710]: _09856_/X                               1.51    1.64   -0.14 (VIOLATED)
openlane/ExperiarCore\runs\ExperiarCore\logs\placement\7-global.log[1711]: _10762_/A                               1.50    1.63   -0.13 (VIOLATED)
openlane/ExperiarCore\runs\ExperiarCore\logs\placement\7-global.log[1712]: _10778_/A                               1.50    1.63   -0.13 (VIOLATED)
openlane/ExperiarCore\runs\ExperiarCore\logs\placement\7-global.log[1713]: _10794_/A                               1.50    1.63   -0.13 (VIOLATED)
openlane/ExperiarCore\runs\ExperiarCore\logs\placement\7-global.log[1714]: _10861_/S                               1.50    1.63   -0.13 (VIOLATED)
openlane/ExperiarCore\runs\ExperiarCore\logs\placement\7-global.log[1715]: _10858_/S                               1.50    1.63   -0.13 (VIOLATED)
openlane/ExperiarCore\runs\ExperiarCore\logs\placement\7-global.log[1716]: _12320_/X                               1.51    1.64   -0.13 (VIOLATED)
openlane/ExperiarCore\runs\ExperiarCore\logs\placement\7-global.log[1717]: _10761_/X                               1.51    1.63   -0.13 (VIOLATED)
openlane/ExperiarCore\runs\ExperiarCore\logs\placement\7-global.log[1718]: _11076_/A                               1.50    1.63   -0.13 (VIOLATED)
openlane/ExperiarCore\runs\ExperiarCore\logs\placement\7-global.log[1719]: _11087_/A                               1.50    1.63   -0.13 (VIOLATED)
openlane/ExperiarCore\runs\ExperiarCore\logs\placement\7-global.log[1720]: _11098_/A                               1.50    1.63   -0.13 (VIOLATED)
openlane/ExperiarCore\runs\ExperiarCore\logs\placement\7-global.log[1721]: _11144_/S                               1.50    1.63   -0.13 (VIOLATED)
openlane/ExperiarCore\runs\ExperiarCore\logs\placement\7-global.log[1722]: _11142_/S                               1.50    1.63   -0.13 (VIOLATED)
openlane/ExperiarCore\runs\ExperiarCore\logs\placement\7-global.log[1723]: _11075_/X                               1.51    1.63   -0.12 (VIOLATED)
openlane/ExperiarCore\runs\ExperiarCore\logs\placement\7-global.log[1724]: _11945_/A                               1.50    1.61   -0.11 (VIOLATED)
openlane/ExperiarCore\runs\ExperiarCore\logs\placement\7-global.log[1725]: _11934_/A                               1.50    1.61   -0.11 (VIOLATED)
openlane/ExperiarCore\runs\ExperiarCore\logs\placement\7-global.log[1726]: _11956_/A                               1.50    1.61   -0.11 (VIOLATED)
openlane/ExperiarCore\runs\ExperiarCore\logs\placement\7-global.log[1727]: _12002_/S                               1.50    1.61   -0.11 (VIOLATED)
openlane/ExperiarCore\runs\ExperiarCore\logs\placement\7-global.log[1728]: _12000_/S                               1.50    1.61   -0.11 (VIOLATED)
openlane/ExperiarCore\runs\ExperiarCore\logs\placement\7-global.log[1729]: _11933_/X                               1.51    1.61   -0.11 (VIOLATED)
openlane/ExperiarCore\runs\ExperiarCore\logs\placement\7-global.log[1730]: _10865_/A                               1.50    1.60   -0.10 (VIOLATED)
openlane/ExperiarCore\runs\ExperiarCore\logs\placement\7-global.log[1731]: _10876_/A                               1.50    1.60   -0.10 (VIOLATED)
openlane/ExperiarCore\runs\ExperiarCore\logs\placement\7-global.log[1732]: _10887_/A                               1.50    1.60   -0.10 (VIOLATED)
openlane/ExperiarCore\runs\ExperiarCore\logs\placement\7-global.log[1733]: _10933_/S                               1.50    1.60   -0.10 (VIOLATED)
openlane/ExperiarCore\runs\ExperiarCore\logs\placement\7-global.log[1734]: _10931_/S                               1.50    1.60   -0.10 (VIOLATED)
openlane/ExperiarCore\runs\ExperiarCore\logs\placement\7-global.log[1735]: _10864_/X                               1.51    1.60   -0.09 (VIOLATED)
openlane/ExperiarCore\runs\ExperiarCore\logs\placement\7-global.log[1736]: _08431_/Y                               1.50    1.58   -0.08 (VIOLATED)
openlane/ExperiarCore\runs\ExperiarCore\logs\placement\7-global.log[1737]: _09594_/A                               1.50    1.58   -0.08 (VIOLATED)
openlane/ExperiarCore\runs\ExperiarCore\logs\placement\7-global.log[1738]: _09366_/A1                              1.50    1.58   -0.08 (VIOLATED)
openlane/ExperiarCore\runs\ExperiarCore\logs\placement\7-global.log[1739]: _08432_/A2                              1.50    1.58   -0.08 (VIOLATED)
openlane/ExperiarCore\runs\ExperiarCore\logs\placement\7-global.log[1740]: _11221_/A                               1.50    1.57   -0.07 (VIOLATED)
openlane/ExperiarCore\runs\ExperiarCore\logs\placement\7-global.log[1741]: _11232_/A                               1.50    1.57   -0.07 (VIOLATED)
openlane/ExperiarCore\runs\ExperiarCore\logs\placement\7-global.log[1742]: _11243_/A                               1.50    1.57   -0.07 (VIOLATED)
openlane/ExperiarCore\runs\ExperiarCore\logs\placement\7-global.log[1743]: _11289_/S                               1.50    1.57   -0.07 (VIOLATED)
openlane/ExperiarCore\runs\ExperiarCore\logs\placement\7-global.log[1744]: _11287_/S                               1.50    1.57   -0.07 (VIOLATED)
openlane/ExperiarCore\runs\ExperiarCore\logs\placement\7-global.log[1745]: _11220_/X                               1.51    1.57   -0.06 (VIOLATED)
openlane/ExperiarCore\runs\ExperiarCore\logs\placement\7-global.log[1746]: _11293_/A                               1.50    1.56   -0.06 (VIOLATED)
openlane/ExperiarCore\runs\ExperiarCore\logs\placement\7-global.log[1747]: _11304_/A                               1.50    1.56   -0.06 (VIOLATED)
openlane/ExperiarCore\runs\ExperiarCore\logs\placement\7-global.log[1748]: _11315_/A                               1.50    1.56   -0.06 (VIOLATED)
openlane/ExperiarCore\runs\ExperiarCore\logs\placement\7-global.log[1749]: _11361_/S                               1.50    1.56   -0.06 (VIOLATED)
openlane/ExperiarCore\runs\ExperiarCore\logs\placement\7-global.log[1750]: _11359_/S                               1.50    1.56   -0.06 (VIOLATED)
openlane/ExperiarCore\runs\ExperiarCore\logs\placement\7-global.log[1751]: _11292_/X                               1.51    1.56   -0.05 (VIOLATED)
openlane/ExperiarCore\runs\ExperiarCore\logs\placement\7-global.log[1752]: _11511_/A                               1.50    1.55   -0.05 (VIOLATED)
openlane/ExperiarCore\runs\ExperiarCore\logs\placement\7-global.log[1753]: _11527_/A                               1.50    1.55   -0.05 (VIOLATED)
openlane/ExperiarCore\runs\ExperiarCore\logs\placement\7-global.log[1754]: _11543_/A                               1.50    1.55   -0.05 (VIOLATED)
openlane/ExperiarCore\runs\ExperiarCore\logs\placement\7-global.log[1755]: _11610_/S                               1.50    1.55   -0.05 (VIOLATED)
openlane/ExperiarCore\runs\ExperiarCore\logs\placement\7-global.log[1756]: _11607_/S                               1.50    1.55   -0.05 (VIOLATED)
openlane/ExperiarCore\runs\ExperiarCore\logs\placement\7-global.log[1757]: _11718_/A                               1.50    1.55   -0.05 (VIOLATED)
openlane/ExperiarCore\runs\ExperiarCore\logs\placement\7-global.log[1758]: _11729_/A                               1.50    1.55   -0.05 (VIOLATED)
openlane/ExperiarCore\runs\ExperiarCore\logs\placement\7-global.log[1759]: _11740_/A                               1.50    1.55   -0.05 (VIOLATED)
openlane/ExperiarCore\runs\ExperiarCore\logs\placement\7-global.log[1760]: _11786_/S                               1.50    1.55   -0.05 (VIOLATED)
openlane/ExperiarCore\runs\ExperiarCore\logs\placement\7-global.log[1761]: _11784_/S                               1.50    1.55   -0.05 (VIOLATED)
openlane/ExperiarCore\runs\ExperiarCore\logs\placement\7-global.log[1762]: _11510_/X                               1.51    1.55   -0.04 (VIOLATED)
openlane/ExperiarCore\runs\ExperiarCore\logs\placement\7-global.log[1763]: _11717_/X                               1.51    1.55   -0.04 (VIOLATED)
openlane/ExperiarCore\runs\ExperiarCore\logs\placement\7-global.log[1764]: _11004_/A                               1.50    1.54   -0.04 (VIOLATED)
openlane/ExperiarCore\runs\ExperiarCore\logs\placement\7-global.log[1765]: _11015_/A                               1.50    1.54   -0.04 (VIOLATED)
openlane/ExperiarCore\runs\ExperiarCore\logs\placement\7-global.log[1766]: _11026_/A                               1.50    1.54   -0.04 (VIOLATED)
openlane/ExperiarCore\runs\ExperiarCore\logs\placement\7-global.log[1767]: _11072_/S                               1.50    1.54   -0.04 (VIOLATED)
openlane/ExperiarCore\runs\ExperiarCore\logs\placement\7-global.log[1768]: _11070_/S                               1.50    1.54   -0.04 (VIOLATED)
openlane/ExperiarCore\runs\ExperiarCore\logs\placement\7-global.log[1769]: _11003_/X                               1.51    1.54   -0.03 (VIOLATED)
openlane/ExperiarCore\runs\ExperiarCore\logs\placement\7-global.log[1770]: _11438_/A                               1.50    1.51   -0.01 (VIOLATED)
openlane/ExperiarCore\runs\ExperiarCore\logs\placement\7-global.log[1771]: _11449_/A                               1.50    1.51   -0.01 (VIOLATED)
openlane/ExperiarCore\runs\ExperiarCore\logs\placement\7-global.log[1772]: _11460_/A                               1.50    1.51   -0.01 (VIOLATED)
openlane/ExperiarCore\runs\ExperiarCore\logs\placement\7-global.log[1773]: _11506_/S                               1.50    1.51   -0.01 (VIOLATED)
openlane/ExperiarCore\runs\ExperiarCore\logs\placement\7-global.log[1774]: _11504_/S                               1.50    1.51   -0.01 (VIOLATED)
openlane/ExperiarCore\runs\ExperiarCore\logs\placement\7-global.log[1775]: _11862_/A                               1.50    1.51   -0.01 (VIOLATED)
openlane/ExperiarCore\runs\ExperiarCore\logs\placement\7-global.log[1776]: _11873_/A                               1.50    1.51   -0.01 (VIOLATED)
openlane/ExperiarCore\runs\ExperiarCore\logs\placement\7-global.log[1777]: _11884_/A                               1.50    1.51   -0.01 (VIOLATED)
openlane/ExperiarCore\runs\ExperiarCore\logs\placement\7-global.log[1778]: _11930_/S                               1.50    1.51   -0.01 (VIOLATED)
openlane/ExperiarCore\runs\ExperiarCore\logs\placement\7-global.log[1779]: _11928_/S                               1.50    1.51   -0.01 (VIOLATED)
openlane/ExperiarCore\runs\ExperiarCore\logs\placement\7-global.log[1780]: _07618_/Y                               1.49    1.50   -0.01 (VIOLATED)
openlane/ExperiarCore\runs\ExperiarCore\logs\placement\7-global.log[1781]: _11437_/X                               1.51    1.51   -0.01 (VIOLATED)
openlane/ExperiarCore\runs\ExperiarCore\logs\placement\7-global.log[1787]: _08932_/Y                               0.09    0.13   -0.04 (VIOLATED)
openlane/ExperiarCore\runs\ExperiarCore\logs\placement\7-global.log[1788]: _08845_/Y                               0.09    0.13   -0.04 (VIOLATED)
openlane/ExperiarCore\runs\ExperiarCore\logs\placement\7-global.log[1789]: _08884_/Y                               0.09    0.13   -0.04 (VIOLATED)
openlane/ExperiarCore\runs\ExperiarCore\logs\placement\7-global.log[1790]: _08629_/Y                               0.09    0.12   -0.04 (VIOLATED)
openlane/ExperiarCore\runs\ExperiarCore\logs\placement\7-global.log[1791]: _08556_/Y                               0.09    0.12   -0.03 (VIOLATED)
openlane/ExperiarCore\runs\ExperiarCore\logs\placement\7-global.log[1792]: _08725_/Y                               0.09    0.12   -0.02 (VIOLATED)
openlane/ExperiarCore\runs\ExperiarCore\logs\placement\7-global.log[1793]: _09026_/Y                               0.07    0.09   -0.02 (VIOLATED)
openlane/ExperiarCore\runs\ExperiarCore\logs\placement\7-global.log[1794]: _07507_/Y                               0.09    0.11   -0.02 (VIOLATED)
openlane/ExperiarCore\runs\ExperiarCore\logs\placement\7-global.log[1795]: _11147_/X                               0.13    0.15   -0.02 (VIOLATED)
openlane/ExperiarCore\runs\ExperiarCore\logs\placement\7-global.log[1796]: _11789_/X                               0.13    0.15   -0.02 (VIOLATED)
openlane/ExperiarCore\runs\ExperiarCore\logs\placement\7-global.log[1797]: _11365_/X                               0.13    0.14   -0.01 (VIOLATED)
openlane/ExperiarCore\runs\ExperiarCore\logs\placement\7-global.log[1798]: _13804_/X                               0.13    0.14   -0.01 (VIOLATED)
openlane/ExperiarCore\runs\ExperiarCore\logs\placement\7-global.log[1799]: _09856_/X                               0.13    0.14   -0.01 (VIOLATED)
openlane/ExperiarCore\runs\ExperiarCore\logs\placement\7-global.log[1800]: _12320_/X                               0.13    0.14   -0.01 (VIOLATED)
openlane/ExperiarCore\runs\ExperiarCore\logs\placement\7-global.log[1801]: _10761_/X                               0.13    0.14   -0.01 (VIOLATED)
openlane/ExperiarCore\runs\ExperiarCore\logs\placement\7-global.log[1802]: _11075_/X                               0.13    0.14   -0.01 (VIOLATED)
openlane/ExperiarCore\runs\ExperiarCore\logs\placement\7-global.log[1803]: _11933_/X                               0.13    0.14   -0.01 (VIOLATED)
openlane/ExperiarCore\runs\ExperiarCore\logs\placement\7-global.log[1804]: _10864_/X                               0.13    0.14   -0.01 (VIOLATED)
openlane/ExperiarCore\runs\ExperiarCore\logs\placement\7-global.log[1805]: _08431_/Y                               0.09    0.10   -0.01 (VIOLATED)
openlane/ExperiarCore\runs\ExperiarCore\logs\placement\7-global.log[1806]: _11220_/X                               0.13    0.14   -0.01 (VIOLATED)
openlane/ExperiarCore\runs\ExperiarCore\logs\placement\7-global.log[1807]: _11292_/X                               0.13    0.14   -0.01 (VIOLATED)
openlane/ExperiarCore\runs\ExperiarCore\logs\placement\7-global.log[1808]: _11510_/X                               0.13    0.14   -0.01 (VIOLATED)
openlane/ExperiarCore\runs\ExperiarCore\logs\placement\7-global.log[1809]: _11717_/X                               0.13    0.14   -0.01 (VIOLATED)
openlane/ExperiarCore\runs\ExperiarCore\logs\placement\7-global.log[1810]: _11003_/X                               0.13    0.13   -0.00 (VIOLATED)
openlane/ExperiarCore\runs\ExperiarCore\logs\placement\7-global.log[1811]: _07618_/Y                               0.09    0.10   -0.00 (VIOLATED)
openlane/ExperiarCore\runs\ExperiarCore\logs\placement\7-global.log[1812]: _11437_/X                               0.13    0.13   -0.00 (VIOLATED)
openlane/ExperiarCore\runs\ExperiarCore\logs\placement\7-global.log[1813]: _11861_/X                               0.13    0.13   -0.00 (VIOLATED)
openlane/ExperiarCore\runs\ExperiarCore\logs\placement\7-global.log[1814]: _07563_/Y                               0.09    0.09   -0.00 (VIOLATED)
openlane/ExperiarCore\runs\ExperiarCore\logs\placement\7-global.log[1818]: max slew violation count 140
openlane/ExperiarCore\runs\ExperiarCore\logs\placement\7-global.log[1820]: max cap violation count 28
openlane/ExperiarCore\runs\ExperiarCore\logs\finishing\34-antenna.log[18]: [INFO ANT-0002] Found 39 net violations in 9072 nets.
openlane/ExperiarCore\runs\ExperiarCore\reports\routing\25-parasitics_multi_corner_sta.max.rpt[170]: -7.46   slack (VIOLATED)
openlane/ExperiarCore\runs\ExperiarCore\reports\routing\25-parasitics_multi_corner_sta.max.rpt[336]: -7.45   slack (VIOLATED)
openlane/ExperiarCore\runs\ExperiarCore\reports\routing\25-parasitics_multi_corner_sta.max.rpt[502]: -7.45   slack (VIOLATED)
openlane/ExperiarCore\runs\ExperiarCore\reports\routing\25-parasitics_multi_corner_sta.max.rpt[668]: -7.45   slack (VIOLATED)
openlane/ExperiarCore\runs\ExperiarCore\reports\routing\25-parasitics_multi_corner_sta.max.rpt[834]: -7.44   slack (VIOLATED)
openlane/ExperiarCore\runs\ExperiarCore\reports\routing\25-parasitics_multi_corner_sta.max.rpt[1000]: -7.37   slack (VIOLATED)
openlane/ExperiarCore\runs\ExperiarCore\reports\routing\25-parasitics_multi_corner_sta.max.rpt[1166]: -7.36   slack (VIOLATED)
openlane/ExperiarCore\runs\ExperiarCore\reports\routing\25-parasitics_multi_corner_sta.max.rpt[1332]: -7.33   slack (VIOLATED)
openlane/ExperiarCore\runs\ExperiarCore\reports\routing\25-parasitics_multi_corner_sta.max.rpt[1498]: -7.32   slack (VIOLATED)
openlane/ExperiarCore\runs\ExperiarCore\reports\routing\25-parasitics_multi_corner_sta.max.rpt[1664]: -7.32   slack (VIOLATED)
openlane/ExperiarCore\runs\ExperiarCore\reports\routing\25-parasitics_multi_corner_sta.max.rpt[1830]: -7.23   slack (VIOLATED)
openlane/ExperiarCore\runs\ExperiarCore\reports\routing\25-parasitics_multi_corner_sta.max.rpt[1996]: -7.18   slack (VIOLATED)
openlane/ExperiarCore\runs\ExperiarCore\reports\routing\25-parasitics_multi_corner_sta.max.rpt[2159]: -7.07   slack (VIOLATED)
openlane/ExperiarCore\runs\ExperiarCore\reports\routing\25-parasitics_multi_corner_sta.max.rpt[2325]: -7.05   slack (VIOLATED)
openlane/ExperiarCore\runs\ExperiarCore\reports\routing\25-parasitics_multi_corner_sta.max.rpt[2491]: -7.04   slack (VIOLATED)
openlane/ExperiarCore\runs\ExperiarCore\reports\routing\25-parasitics_multi_corner_sta.max.rpt[2657]: -7.04   slack (VIOLATED)
openlane/ExperiarCore\runs\ExperiarCore\reports\routing\25-parasitics_multi_corner_sta.max.rpt[2820]: -7.03   slack (VIOLATED)
openlane/ExperiarCore\runs\ExperiarCore\reports\routing\25-parasitics_multi_corner_sta.max.rpt[2986]: -7.02   slack (VIOLATED)
openlane/ExperiarCore\runs\ExperiarCore\reports\routing\25-parasitics_multi_corner_sta.max.rpt[3152]: -7.02   slack (VIOLATED)
openlane/ExperiarCore\runs\ExperiarCore\reports\routing\25-parasitics_multi_corner_sta.max.rpt[3315]: -6.98   slack (VIOLATED)
openlane/ExperiarCore\runs\ExperiarCore\reports\routing\25-parasitics_multi_corner_sta.max.rpt[3478]: -6.95   slack (VIOLATED)
openlane/ExperiarCore\runs\ExperiarCore\reports\routing\25-parasitics_multi_corner_sta.max.rpt[3641]: -6.80   slack (VIOLATED)
openlane/ExperiarCore\runs\ExperiarCore\reports\routing\25-parasitics_multi_corner_sta.max.rpt[3804]: -6.74   slack (VIOLATED)
openlane/ExperiarCore\runs\ExperiarCore\reports\routing\25-parasitics_multi_corner_sta.max.rpt[3967]: -6.73   slack (VIOLATED)
openlane/ExperiarCore\runs\ExperiarCore\reports\routing\25-parasitics_multi_corner_sta.max.rpt[4130]: -6.73   slack (VIOLATED)
openlane/ExperiarCore\runs\ExperiarCore\reports\routing\25-parasitics_multi_corner_sta.max.rpt[4293]: -6.72   slack (VIOLATED)
openlane/ExperiarCore\runs\ExperiarCore\reports\routing\25-parasitics_multi_corner_sta.max.rpt[4456]: -6.72   slack (VIOLATED)
openlane/ExperiarCore\runs\ExperiarCore\reports\routing\25-parasitics_multi_corner_sta.max.rpt[4619]: -6.71   slack (VIOLATED)
openlane/ExperiarCore\runs\ExperiarCore\reports\routing\25-parasitics_multi_corner_sta.max.rpt[4782]: -6.71   slack (VIOLATED)
openlane/ExperiarCore\runs\ExperiarCore\reports\routing\25-parasitics_multi_corner_sta.max.rpt[4945]: -6.68   slack (VIOLATED)
openlane/ExperiarCore\runs\ExperiarCore\reports\routing\25-parasitics_multi_corner_sta.max.rpt[5108]: -6.67   slack (VIOLATED)
openlane/ExperiarCore\runs\ExperiarCore\reports\routing\25-parasitics_multi_corner_sta.max.rpt[5271]: -6.65   slack (VIOLATED)
openlane/ExperiarCore\runs\ExperiarCore\reports\routing\25-parasitics_multi_corner_sta.max.rpt[5434]: -6.64   slack (VIOLATED)
openlane/ExperiarCore\runs\ExperiarCore\reports\routing\25-parasitics_multi_corner_sta.max.rpt[5597]: -6.64   slack (VIOLATED)
openlane/ExperiarCore\runs\ExperiarCore\reports\routing\25-parasitics_multi_corner_sta.max.rpt[5760]: -6.62   slack (VIOLATED)
openlane/ExperiarCore\runs\ExperiarCore\reports\routing\25-parasitics_multi_corner_sta.max.rpt[5923]: -6.60   slack (VIOLATED)
openlane/ExperiarCore\runs\ExperiarCore\reports\routing\25-parasitics_multi_corner_sta.max.rpt[6086]: -6.54   slack (VIOLATED)
openlane/ExperiarCore\runs\ExperiarCore\reports\routing\25-parasitics_multi_corner_sta.max.rpt[6246]: -6.40   slack (VIOLATED)
openlane/ExperiarCore\runs\ExperiarCore\reports\routing\25-parasitics_multi_corner_sta.max.rpt[6406]: -6.40   slack (VIOLATED)
openlane/ExperiarCore\runs\ExperiarCore\reports\routing\25-parasitics_multi_corner_sta.max.rpt[6566]: -6.38   slack (VIOLATED)
openlane/ExperiarCore\runs\ExperiarCore\reports\routing\25-parasitics_multi_corner_sta.max.rpt[6726]: -6.38   slack (VIOLATED)
openlane/ExperiarCore\runs\ExperiarCore\reports\routing\25-parasitics_multi_corner_sta.max.rpt[6886]: -6.28   slack (VIOLATED)
openlane/ExperiarCore\runs\ExperiarCore\reports\routing\25-parasitics_multi_corner_sta.max.rpt[7046]: -6.27   slack (VIOLATED)
openlane/ExperiarCore\runs\ExperiarCore\reports\routing\25-parasitics_multi_corner_sta.max.rpt[7206]: -6.27   slack (VIOLATED)
openlane/ExperiarCore\runs\ExperiarCore\reports\routing\25-parasitics_multi_corner_sta.max.rpt[7366]: -6.24   slack (VIOLATED)
openlane/ExperiarCore\runs\ExperiarCore\reports\routing\25-parasitics_multi_corner_sta.max.rpt[7526]: -6.20   slack (VIOLATED)
openlane/ExperiarCore\runs\ExperiarCore\reports\routing\25-parasitics_multi_corner_sta.max.rpt[7686]: -5.66   slack (VIOLATED)
openlane/ExperiarCore\runs\ExperiarCore\reports\routing\25-parasitics_multi_corner_sta.max.rpt[7846]: -5.62   slack (VIOLATED)
openlane/ExperiarCore\runs\ExperiarCore\reports\routing\25-parasitics_multi_corner_sta.max.rpt[8003]: -5.58   slack (VIOLATED)
openlane/ExperiarCore\runs\ExperiarCore\reports\routing\25-parasitics_multi_corner_sta.max.rpt[8163]: -5.58   slack (VIOLATED)
openlane/ExperiarCore\runs\ExperiarCore\reports\routing\25-parasitics_multi_corner_sta.max.rpt[8323]: -5.57   slack (VIOLATED)
openlane/ExperiarCore\runs\ExperiarCore\reports\routing\25-parasitics_multi_corner_sta.max.rpt[8483]: -5.57   slack (VIOLATED)
openlane/ExperiarCore\runs\ExperiarCore\reports\routing\25-parasitics_multi_corner_sta.max.rpt[8643]: -5.55   slack (VIOLATED)
openlane/ExperiarCore\runs\ExperiarCore\reports\routing\25-parasitics_multi_corner_sta.max.rpt[8803]: -5.55   slack (VIOLATED)
openlane/ExperiarCore\runs\ExperiarCore\reports\routing\25-parasitics_multi_corner_sta.max.rpt[8963]: -5.54   slack (VIOLATED)
openlane/ExperiarCore\runs\ExperiarCore\reports\routing\25-parasitics_multi_corner_sta.max.rpt[9123]: -5.54   slack (VIOLATED)
openlane/ExperiarCore\runs\ExperiarCore\reports\routing\25-parasitics_multi_corner_sta.max.rpt[9283]: -5.54   slack (VIOLATED)
openlane/ExperiarCore\runs\ExperiarCore\reports\routing\25-parasitics_multi_corner_sta.max.rpt[9443]: -5.54   slack (VIOLATED)
openlane/ExperiarCore\runs\ExperiarCore\reports\routing\25-parasitics_multi_corner_sta.max.rpt[9603]: -5.53   slack (VIOLATED)
openlane/ExperiarCore\runs\ExperiarCore\reports\routing\25-parasitics_multi_corner_sta.max.rpt[9763]: -5.53   slack (VIOLATED)
openlane/ExperiarCore\runs\ExperiarCore\reports\routing\25-parasitics_multi_corner_sta.max.rpt[9923]: -5.52   slack (VIOLATED)
openlane/ExperiarCore\runs\ExperiarCore\reports\routing\25-parasitics_multi_corner_sta.max.rpt[10083]: -5.52   slack (VIOLATED)
openlane/ExperiarCore\runs\ExperiarCore\reports\routing\25-parasitics_multi_corner_sta.max.rpt[10243]: -5.52   slack (VIOLATED)
openlane/ExperiarCore\runs\ExperiarCore\reports\routing\25-parasitics_multi_corner_sta.max.rpt[10403]: -5.50   slack (VIOLATED)
openlane/ExperiarCore\runs\ExperiarCore\reports\routing\25-parasitics_multi_corner_sta.max.rpt[10563]: -5.50   slack (VIOLATED)
openlane/ExperiarCore\runs\ExperiarCore\reports\routing\25-parasitics_multi_corner_sta.max.rpt[10723]: -5.50   slack (VIOLATED)
openlane/ExperiarCore\runs\ExperiarCore\reports\routing\25-parasitics_multi_corner_sta.max.rpt[10883]: -5.49   slack (VIOLATED)
openlane/ExperiarCore\runs\ExperiarCore\reports\routing\25-parasitics_multi_corner_sta.max.rpt[11043]: -5.49   slack (VIOLATED)
openlane/ExperiarCore\runs\ExperiarCore\reports\routing\25-parasitics_multi_corner_sta.max.rpt[11203]: -5.49   slack (VIOLATED)
openlane/ExperiarCore\runs\ExperiarCore\reports\routing\25-parasitics_multi_corner_sta.max.rpt[11363]: -5.49   slack (VIOLATED)
openlane/ExperiarCore\runs\ExperiarCore\reports\routing\25-parasitics_multi_corner_sta.max.rpt[11523]: -5.48   slack (VIOLATED)
openlane/ExperiarCore\runs\ExperiarCore\reports\routing\25-parasitics_multi_corner_sta.max.rpt[11683]: -5.48   slack (VIOLATED)
openlane/ExperiarCore\runs\ExperiarCore\reports\routing\25-parasitics_multi_corner_sta.max.rpt[11843]: -5.48   slack (VIOLATED)
openlane/ExperiarCore\runs\ExperiarCore\reports\routing\25-parasitics_multi_corner_sta.max.rpt[12003]: -5.48   slack (VIOLATED)
openlane/ExperiarCore\runs\ExperiarCore\reports\routing\25-parasitics_multi_corner_sta.max.rpt[12163]: -5.48   slack (VIOLATED)
openlane/ExperiarCore\runs\ExperiarCore\reports\routing\25-parasitics_multi_corner_sta.max.rpt[12323]: -5.47   slack (VIOLATED)
openlane/ExperiarCore\runs\ExperiarCore\reports\routing\25-parasitics_multi_corner_sta.max.rpt[12483]: -5.46   slack (VIOLATED)
openlane/ExperiarCore\runs\ExperiarCore\reports\routing\25-parasitics_multi_corner_sta.max.rpt[12643]: -5.45   slack (VIOLATED)
openlane/ExperiarCore\runs\ExperiarCore\reports\routing\25-parasitics_multi_corner_sta.max.rpt[12803]: -5.45   slack (VIOLATED)
openlane/ExperiarCore\runs\ExperiarCore\reports\routing\25-parasitics_multi_corner_sta.max.rpt[12963]: -5.44   slack (VIOLATED)
openlane/ExperiarCore\runs\ExperiarCore\reports\routing\25-parasitics_multi_corner_sta.max.rpt[13123]: -5.44   slack (VIOLATED)
openlane/ExperiarCore\runs\ExperiarCore\reports\routing\25-parasitics_multi_corner_sta.max.rpt[13283]: -5.44   slack (VIOLATED)
openlane/ExperiarCore\runs\ExperiarCore\reports\routing\25-parasitics_multi_corner_sta.max.rpt[13443]: -5.43   slack (VIOLATED)
openlane/ExperiarCore\runs\ExperiarCore\reports\routing\25-parasitics_multi_corner_sta.max.rpt[13603]: -5.42   slack (VIOLATED)
openlane/ExperiarCore\runs\ExperiarCore\reports\routing\25-parasitics_multi_corner_sta.max.rpt[13763]: -5.40   slack (VIOLATED)
openlane/ExperiarCore\runs\ExperiarCore\reports\routing\25-parasitics_multi_corner_sta.max.rpt[13923]: -5.40   slack (VIOLATED)
openlane/ExperiarCore\runs\ExperiarCore\reports\routing\25-parasitics_multi_corner_sta.max.rpt[14083]: -5.40   slack (VIOLATED)
openlane/ExperiarCore\runs\ExperiarCore\reports\routing\25-parasitics_multi_corner_sta.max.rpt[14243]: -5.40   slack (VIOLATED)
openlane/ExperiarCore\runs\ExperiarCore\reports\routing\25-parasitics_multi_corner_sta.max.rpt[14403]: -5.37   slack (VIOLATED)
openlane/ExperiarCore\runs\ExperiarCore\reports\routing\25-parasitics_multi_corner_sta.max.rpt[14563]: -5.36   slack (VIOLATED)
openlane/ExperiarCore\runs\ExperiarCore\reports\routing\25-parasitics_multi_corner_sta.max.rpt[14723]: -5.35   slack (VIOLATED)
openlane/ExperiarCore\runs\ExperiarCore\reports\routing\25-parasitics_multi_corner_sta.max.rpt[14883]: -5.34   slack (VIOLATED)
openlane/ExperiarCore\runs\ExperiarCore\reports\routing\25-parasitics_multi_corner_sta.max.rpt[15043]: -5.29   slack (VIOLATED)
openlane/ExperiarCore\runs\ExperiarCore\reports\routing\25-parasitics_multi_corner_sta.max.rpt[15203]: -5.24   slack (VIOLATED)
openlane/ExperiarCore\runs\ExperiarCore\reports\routing\25-parasitics_multi_corner_sta.max.rpt[15363]: -5.24   slack (VIOLATED)
openlane/ExperiarCore\runs\ExperiarCore\reports\routing\25-parasitics_multi_corner_sta.max.rpt[15523]: -5.22   slack (VIOLATED)
openlane/ExperiarCore\runs\ExperiarCore\reports\routing\25-parasitics_multi_corner_sta.max.rpt[15683]: -5.22   slack (VIOLATED)
openlane/ExperiarCore\runs\ExperiarCore\reports\routing\25-parasitics_multi_corner_sta.max.rpt[15840]: -5.17   slack (VIOLATED)
openlane/ExperiarCore\runs\ExperiarCore\reports\routing\25-parasitics_multi_corner_sta.max.rpt[15997]: -5.15   slack (VIOLATED)
openlane/ExperiarCore\runs\ExperiarCore\reports\routing\25-parasitics_multi_corner_sta.max.rpt[16154]: -5.12   slack (VIOLATED)
openlane/ExperiarCore\runs\ExperiarCore\reports\routing\25-parasitics_multi_corner_sta.max.rpt[16311]: -5.10   slack (VIOLATED)
openlane/ExperiarCore\runs\ExperiarCore\reports\routing\25-parasitics_multi_corner_sta.max.rpt[16468]: -5.10   slack (VIOLATED)
openlane/ExperiarCore\runs\ExperiarCore\reports\routing\25-parasitics_multi_corner_sta.max.rpt[16625]: -5.08   slack (VIOLATED)
openlane/ExperiarCore\runs\ExperiarCore\reports\routing\25-parasitics_multi_corner_sta.max.rpt[16782]: -5.03   slack (VIOLATED)
openlane/ExperiarCore\runs\ExperiarCore\reports\routing\25-parasitics_multi_corner_sta.max.rpt[16939]: -5.01   slack (VIOLATED)
openlane/ExperiarCore\runs\ExperiarCore\reports\routing\25-parasitics_multi_corner_sta.max.rpt[17096]: -4.97   slack (VIOLATED)
openlane/ExperiarCore\runs\ExperiarCore\reports\routing\25-parasitics_multi_corner_sta.max.rpt[17253]: -4.95   slack (VIOLATED)
openlane/ExperiarCore\runs\ExperiarCore\reports\routing\25-parasitics_multi_corner_sta.max.rpt[17410]: -4.93   slack (VIOLATED)
openlane/ExperiarCore\runs\ExperiarCore\reports\routing\25-parasitics_multi_corner_sta.max.rpt[17567]: -4.88   slack (VIOLATED)
openlane/ExperiarCore\runs\ExperiarCore\reports\routing\25-parasitics_multi_corner_sta.max.rpt[17691]: -4.64   slack (VIOLATED)
openlane/ExperiarCore\runs\ExperiarCore\reports\routing\25-parasitics_multi_corner_sta.max.rpt[17875]: -4.16   slack (VIOLATED)
openlane/ExperiarCore\runs\ExperiarCore\reports\routing\25-parasitics_multi_corner_sta.max.rpt[18059]: -4.10   slack (VIOLATED)
openlane/ExperiarCore\runs\ExperiarCore\reports\routing\25-parasitics_multi_corner_sta.max.rpt[18240]: -3.65   slack (VIOLATED)
openlane/ExperiarCore\runs\ExperiarCore\reports\routing\25-parasitics_multi_corner_sta.max.rpt[18424]: -3.50   slack (VIOLATED)
openlane/ExperiarCore\runs\ExperiarCore\reports\routing\25-parasitics_multi_corner_sta.max.rpt[18602]: -3.30   slack (VIOLATED)
openlane/ExperiarCore\runs\ExperiarCore\reports\routing\25-parasitics_multi_corner_sta.max.rpt[18786]: -3.29   slack (VIOLATED)
openlane/ExperiarCore\runs\ExperiarCore\reports\routing\25-parasitics_multi_corner_sta.max.rpt[18967]: -3.24   slack (VIOLATED)
openlane/ExperiarCore\runs\ExperiarCore\reports\routing\25-parasitics_multi_corner_sta.max.rpt[19148]: -3.05   slack (VIOLATED)
openlane/ExperiarCore\runs\ExperiarCore\reports\routing\25-parasitics_multi_corner_sta.max.rpt[19329]: -2.95   slack (VIOLATED)
openlane/ExperiarCore\runs\ExperiarCore\reports\routing\25-parasitics_multi_corner_sta.max.rpt[19513]: -2.83   slack (VIOLATED)
openlane/ExperiarCore\runs\ExperiarCore\reports\routing\25-parasitics_multi_corner_sta.max.rpt[19694]: -2.70   slack (VIOLATED)
openlane/ExperiarCore\runs\ExperiarCore\reports\routing\25-parasitics_multi_corner_sta.max.rpt[19875]: -2.66   slack (VIOLATED)
openlane/ExperiarCore\runs\ExperiarCore\reports\routing\25-parasitics_multi_corner_sta.max.rpt[20056]: -2.56   slack (VIOLATED)
openlane/ExperiarCore\runs\ExperiarCore\reports\routing\25-parasitics_multi_corner_sta.max.rpt[20231]: -2.41   slack (VIOLATED)
openlane/ExperiarCore\runs\ExperiarCore\reports\routing\25-parasitics_multi_corner_sta.max.rpt[20409]: -2.38   slack (VIOLATED)
openlane/ExperiarCore\runs\ExperiarCore\reports\routing\25-parasitics_multi_corner_sta.max.rpt[20587]: -2.37   slack (VIOLATED)
openlane/ExperiarCore\runs\ExperiarCore\reports\routing\25-parasitics_multi_corner_sta.max.rpt[20771]: -2.09   slack (VIOLATED)
openlane/ExperiarCore\runs\ExperiarCore\reports\routing\25-parasitics_multi_corner_sta.max.rpt[20952]: -1.84   slack (VIOLATED)
openlane/ExperiarCore\runs\ExperiarCore\reports\routing\25-parasitics_multi_corner_sta.max.rpt[21130]: -1.57   slack (VIOLATED)
openlane/ExperiarCore\runs\ExperiarCore\reports\routing\25-parasitics_multi_corner_sta.max.rpt[21308]: -1.45   slack (VIOLATED)
openlane/ExperiarCore\runs\ExperiarCore\reports\routing\25-parasitics_multi_corner_sta.max.rpt[21483]: -1.24   slack (VIOLATED)
openlane/ExperiarCore\runs\ExperiarCore\reports\routing\25-parasitics_multi_corner_sta.max.rpt[21664]: -1.20   slack (VIOLATED)
openlane/ExperiarCore\runs\ExperiarCore\reports\routing\25-parasitics_multi_corner_sta.max.rpt[21842]: -0.97   slack (VIOLATED)
openlane/ExperiarCore\runs\ExperiarCore\reports\routing\25-parasitics_multi_corner_sta.max.rpt[22014]: -0.92   slack (VIOLATED)
openlane/ExperiarCore\runs\ExperiarCore\reports\routing\25-parasitics_multi_corner_sta.max.rpt[22189]: -0.73   slack (VIOLATED)
openlane/ExperiarCore\runs\ExperiarCore\reports\routing\25-parasitics_multi_corner_sta.max.rpt[22361]: -0.44   slack (VIOLATED)
openlane/ExperiarCore\runs\ExperiarCore\reports\routing\25-parasitics_multi_corner_sta.max.rpt[22548]: -0.14   slack (VIOLATED)
openlane/ExperiarCore\runs\ExperiarCore\reports\routing\25-parasitics_multi_corner_sta.max.rpt[22735]: -0.11   slack (VIOLATED)
openlane/ExperiarCore\runs\ExperiarCore\reports\routing\25-parasitics_multi_corner_sta.max.rpt[22922]: -0.07   slack (VIOLATED)
openlane/ExperiarCore\runs\ExperiarCore\reports\routing\25-parasitics_multi_corner_sta.max.rpt[23109]: -0.07   slack (VIOLATED)
openlane/ExperiarCore\runs\ExperiarCore\reports\routing\25-parasitics_multi_corner_sta.max.rpt[23296]: -0.04   slack (VIOLATED)
openlane/ExperiarCore\runs\ExperiarCore\reports\routing\25-parasitics_multi_corner_sta.max.rpt[23483]: -0.01   slack (VIOLATED)
openlane/ExperiarCore\runs\ExperiarCore\reports\routing\25-parasitics_multi_corner_sta.max.rpt[23670]: -0.01   slack (VIOLATED)
openlane/ExperiarCore\runs\ExperiarCore\reports\routing\25-parasitics_multi_corner_sta.max.rpt[23857]: -0.01   slack (VIOLATED)
openlane/ExperiarCore\runs\ExperiarCore\reports\routing\25-parasitics_multi_corner_sta.max.rpt[24044]: -0.01   slack (VIOLATED)
openlane/ExperiarCore\runs\ExperiarCore\reports\routing\25-parasitics_multi_corner_sta.max.rpt[24231]: -0.01   slack (VIOLATED)
openlane/ExperiarCore\runs\ExperiarCore\reports\routing\25-parasitics_multi_corner_sta.rpt[170]: -7.46   slack (VIOLATED)
openlane/ExperiarCore\runs\ExperiarCore\reports\routing\25-parasitics_multi_corner_sta.rpt[459]: -7.46   slack (VIOLATED)
openlane/ExperiarCore\runs\ExperiarCore\reports\routing\25-parasitics_multi_corner_sta.slew.rpt[11]: _09596_/A                               1.50    2.21   -0.71 (VIOLATED)
openlane/ExperiarCore\runs\ExperiarCore\reports\routing\25-parasitics_multi_corner_sta.slew.rpt[12]: _09370_/A1                              1.50    2.21   -0.71 (VIOLATED)
openlane/ExperiarCore\runs\ExperiarCore\reports\routing\25-parasitics_multi_corner_sta.slew.rpt[13]: _07508_/A2                              1.50    2.21   -0.71 (VIOLATED)
openlane/ExperiarCore\runs\ExperiarCore\reports\routing\25-parasitics_multi_corner_sta.slew.rpt[14]: _07507_/Y                               1.50    2.21   -0.71 (VIOLATED)
openlane/ExperiarCore\runs\ExperiarCore\reports\routing\25-parasitics_multi_corner_sta.slew.rpt[15]: _09606_/A                               1.50    2.15   -0.65 (VIOLATED)
openlane/ExperiarCore\runs\ExperiarCore\reports\routing\25-parasitics_multi_corner_sta.slew.rpt[16]: _09379_/A1                              1.50    2.15   -0.65 (VIOLATED)
openlane/ExperiarCore\runs\ExperiarCore\reports\routing\25-parasitics_multi_corner_sta.slew.rpt[17]: _08726_/B                               1.50    2.15   -0.65 (VIOLATED)
openlane/ExperiarCore\runs\ExperiarCore\reports\routing\25-parasitics_multi_corner_sta.slew.rpt[18]: _08725_/Y                               1.50    2.15   -0.64 (VIOLATED)
openlane/ExperiarCore\runs\ExperiarCore\reports\routing\25-parasitics_multi_corner_sta.slew.rpt[19]: INSDIODE2_377/DIODE                     1.50    1.95   -0.45 (VIOLATED)
openlane/ExperiarCore\runs\ExperiarCore\reports\routing\25-parasitics_multi_corner_sta.slew.rpt[20]: _07564_/B                               1.50    1.95   -0.45 (VIOLATED)
openlane/ExperiarCore\runs\ExperiarCore\reports\routing\25-parasitics_multi_corner_sta.slew.rpt[21]: INSDIODE2_11/DIODE                      1.50    1.95   -0.45 (VIOLATED)
openlane/ExperiarCore\runs\ExperiarCore\reports\routing\25-parasitics_multi_corner_sta.slew.rpt[22]: _09592_/A                               1.50    1.95   -0.45 (VIOLATED)
openlane/ExperiarCore\runs\ExperiarCore\reports\routing\25-parasitics_multi_corner_sta.slew.rpt[23]: _09364_/A1                              1.50    1.95   -0.45 (VIOLATED)
openlane/ExperiarCore\runs\ExperiarCore\reports\routing\25-parasitics_multi_corner_sta.slew.rpt[24]: _07563_/Y                               1.50    1.95   -0.45 (VIOLATED)
openlane/ExperiarCore\runs\ExperiarCore\reports\routing\25-parasitics_multi_corner_sta.slew.rpt[25]: _09594_/A                               1.50    1.94   -0.44 (VIOLATED)
openlane/ExperiarCore\runs\ExperiarCore\reports\routing\25-parasitics_multi_corner_sta.slew.rpt[26]: _09366_/A1                              1.50    1.94   -0.44 (VIOLATED)
openlane/ExperiarCore\runs\ExperiarCore\reports\routing\25-parasitics_multi_corner_sta.slew.rpt[27]: INSDIODE2_18/DIODE                      1.50    1.94   -0.44 (VIOLATED)
openlane/ExperiarCore\runs\ExperiarCore\reports\routing\25-parasitics_multi_corner_sta.slew.rpt[28]: _08432_/A2                              1.50    1.94   -0.44 (VIOLATED)
openlane/ExperiarCore\runs\ExperiarCore\reports\routing\25-parasitics_multi_corner_sta.slew.rpt[29]: _08431_/Y                               1.50    1.94   -0.44 (VIOLATED)
openlane/ExperiarCore\runs\ExperiarCore\reports\routing\25-parasitics_multi_corner_sta.slew.rpt[30]: _09587_/A                               1.50    1.87   -0.37 (VIOLATED)
openlane/ExperiarCore\runs\ExperiarCore\reports\routing\25-parasitics_multi_corner_sta.slew.rpt[31]: _07619_/A2                              1.50    1.87   -0.37 (VIOLATED)
openlane/ExperiarCore\runs\ExperiarCore\reports\routing\25-parasitics_multi_corner_sta.slew.rpt[32]: _09360_/A1                              1.50    1.87   -0.37 (VIOLATED)
openlane/ExperiarCore\runs\ExperiarCore\reports\routing\25-parasitics_multi_corner_sta.slew.rpt[33]: _07618_/Y                               1.50    1.87   -0.37 (VIOLATED)
openlane/ExperiarCore\runs\ExperiarCore\reports\routing\25-parasitics_multi_corner_sta.slew.rpt[34]: _09347_/A1                              1.50    1.82   -0.32 (VIOLATED)
openlane/ExperiarCore\runs\ExperiarCore\reports\routing\25-parasitics_multi_corner_sta.slew.rpt[35]: _09579_/A                               1.50    1.82   -0.32 (VIOLATED)
openlane/ExperiarCore\runs\ExperiarCore\reports\routing\25-parasitics_multi_corner_sta.slew.rpt[36]: _08328_/A2                              1.50    1.82   -0.32 (VIOLATED)
openlane/ExperiarCore\runs\ExperiarCore\reports\routing\25-parasitics_multi_corner_sta.slew.rpt[37]: _08327_/Y                               1.50    1.82   -0.32 (VIOLATED)
openlane/ExperiarCore\runs\ExperiarCore\reports\routing\25-parasitics_multi_corner_sta.slew.rpt[38]: _09345_/A1                              1.50    1.72   -0.22 (VIOLATED)
openlane/ExperiarCore\runs\ExperiarCore\reports\routing\25-parasitics_multi_corner_sta.slew.rpt[39]: INSDIODE2_381/DIODE                     1.50    1.72   -0.22 (VIOLATED)
openlane/ExperiarCore\runs\ExperiarCore\reports\routing\25-parasitics_multi_corner_sta.slew.rpt[40]: _09577_/A                               1.50    1.72   -0.22 (VIOLATED)
openlane/ExperiarCore\runs\ExperiarCore\reports\routing\25-parasitics_multi_corner_sta.slew.rpt[41]: INSDIODE2_550/DIODE                     1.50    1.72   -0.22 (VIOLATED)
openlane/ExperiarCore\runs\ExperiarCore\reports\routing\25-parasitics_multi_corner_sta.slew.rpt[42]: _07917_/A0                              1.50    1.72   -0.22 (VIOLATED)
openlane/ExperiarCore\runs\ExperiarCore\reports\routing\25-parasitics_multi_corner_sta.slew.rpt[43]: _07916_/Y                               1.50    1.72   -0.22 (VIOLATED)
openlane/ExperiarCore\runs\ExperiarCore\reports\routing\25-parasitics_multi_corner_sta.slew.rpt[44]: _07005_/Y                               1.50    1.55   -0.06 (VIOLATED)
openlane/ExperiarCore\runs\ExperiarCore\reports\routing\25-parasitics_multi_corner_sta.slew.rpt[45]: _09317_/A                               1.50    1.56   -0.06 (VIOLATED)
openlane/ExperiarCore\runs\ExperiarCore\reports\routing\25-parasitics_multi_corner_sta.slew.rpt[46]: _09561_/A                               1.50    1.56   -0.06 (VIOLATED)
openlane/ExperiarCore\runs\ExperiarCore\reports\routing\25-parasitics_multi_corner_sta.slew.rpt[47]: _07018_/A1                              1.50    1.55   -0.05 (VIOLATED)
openlane/ExperiarCore\runs\ExperiarCore\reports\routing\25-parasitics_multi_corner_sta.slew.rpt[48]: _09894_/A1                              1.50    1.55   -0.05 (VIOLATED)
openlane/ExperiarCore\runs\ExperiarCore\reports\routing\25-parasitics_multi_corner_sta.slew.rpt[54]: _07507_/Y                               0.09    0.13   -0.05 (VIOLATED)
openlane/ExperiarCore\runs\ExperiarCore\reports\routing\25-parasitics_multi_corner_sta.slew.rpt[55]: _08725_/Y                               0.09    0.14   -0.05 (VIOLATED)
openlane/ExperiarCore\runs\ExperiarCore\reports\routing\25-parasitics_multi_corner_sta.slew.rpt[56]: _07563_/Y                               0.09    0.12   -0.03 (VIOLATED)
openlane/ExperiarCore\runs\ExperiarCore\reports\routing\25-parasitics_multi_corner_sta.slew.rpt[57]: _08431_/Y                               0.09    0.11   -0.03 (VIOLATED)
openlane/ExperiarCore\runs\ExperiarCore\reports\routing\25-parasitics_multi_corner_sta.slew.rpt[58]: _07618_/Y                               0.09    0.12   -0.03 (VIOLATED)
openlane/ExperiarCore\runs\ExperiarCore\reports\routing\25-parasitics_multi_corner_sta.slew.rpt[59]: _08327_/Y                               0.09    0.11   -0.02 (VIOLATED)
openlane/ExperiarCore\runs\ExperiarCore\reports\routing\25-parasitics_multi_corner_sta.slew.rpt[60]: _07916_/Y                               0.09    0.11   -0.02 (VIOLATED)
openlane/ExperiarCore\runs\ExperiarCore\reports\routing\25-parasitics_multi_corner_sta.slew.rpt[61]: _07005_/Y                               0.13    0.14   -0.01 (VIOLATED)
openlane/ExperiarCore\runs\ExperiarCore\reports\routing\25-parasitics_multi_corner_sta.slew.rpt[62]: _06929_/Y                               0.07    0.07   -0.00 (VIOLATED)
openlane/ExperiarCore\runs\ExperiarCore\reports\routing\25-parasitics_multi_corner_sta.slew.rpt[72]: max slew violation count 38
openlane/ExperiarCore\runs\ExperiarCore\reports\routing\25-parasitics_multi_corner_sta.slew.rpt[74]: max cap violation count 9
openlane/ExperiarCore\runs\ExperiarCore\reports\finishing\antenna.rpt[598038]: Number of pins violated: 40
openlane/ExperiarCore\runs\ExperiarCore\reports\finishing\antenna.rpt[598039]: Number of nets violated: 39
