openlane/ExperiarCore\runs\ExperiarCore\logs\synthesis\1-synthesis.log[1676]: ABC: Warning: Detected 2 multi-output gates (for example, "sky130_fd_sc_hd__fa_1").
openlane/ExperiarCore\runs\ExperiarCore\logs\synthesis\1-synthesis.log[1875]: Warning: Wire ExperiarCore.\wmask0 [3] is used but has no driver.
openlane/ExperiarCore\runs\ExperiarCore\logs\synthesis\1-synthesis.log[1876]: Warning: Wire ExperiarCore.\wmask0 [2] is used but has no driver.
openlane/ExperiarCore\runs\ExperiarCore\logs\synthesis\1-synthesis.log[1877]: Warning: Wire ExperiarCore.\wmask0 [1] is used but has no driver.
openlane/ExperiarCore\runs\ExperiarCore\logs\synthesis\1-synthesis.log[1878]: Warning: Wire ExperiarCore.\wmask0 [0] is used but has no driver.
openlane/ExperiarCore\runs\ExperiarCore\logs\synthesis\1-synthesis.log[1879]: Warning: Wire ExperiarCore.\web0 is used but has no driver.
openlane/ExperiarCore\runs\ExperiarCore\logs\synthesis\1-synthesis.log[1880]: Warning: Wire ExperiarCore.\probe_takeBranch is used but has no driver.
openlane/ExperiarCore\runs\ExperiarCore\logs\synthesis\1-synthesis.log[1881]: Warning: Wire ExperiarCore.\probe_state [1] is used but has no driver.
openlane/ExperiarCore\runs\ExperiarCore\logs\synthesis\1-synthesis.log[1882]: Warning: Wire ExperiarCore.\probe_state [0] is used but has no driver.
openlane/ExperiarCore\runs\ExperiarCore\logs\synthesis\1-synthesis.log[1883]: Warning: Wire ExperiarCore.\probe_programCounter [31] is used but has no driver.
openlane/ExperiarCore\runs\ExperiarCore\logs\synthesis\1-synthesis.log[1884]: Warning: Wire ExperiarCore.\probe_programCounter [30] is used but has no driver.
openlane/ExperiarCore\runs\ExperiarCore\logs\synthesis\1-synthesis.log[1885]: Warning: Wire ExperiarCore.\probe_programCounter [29] is used but has no driver.
openlane/ExperiarCore\runs\ExperiarCore\logs\synthesis\1-synthesis.log[1886]: Warning: Wire ExperiarCore.\probe_programCounter [28] is used but has no driver.
openlane/ExperiarCore\runs\ExperiarCore\logs\synthesis\1-synthesis.log[1887]: Warning: Wire ExperiarCore.\probe_programCounter [27] is used but has no driver.
openlane/ExperiarCore\runs\ExperiarCore\logs\synthesis\1-synthesis.log[1888]: Warning: Wire ExperiarCore.\probe_programCounter [26] is used but has no driver.
openlane/ExperiarCore\runs\ExperiarCore\logs\synthesis\1-synthesis.log[1889]: Warning: Wire ExperiarCore.\probe_programCounter [25] is used but has no driver.
openlane/ExperiarCore\runs\ExperiarCore\logs\synthesis\1-synthesis.log[1890]: Warning: Wire ExperiarCore.\probe_programCounter [24] is used but has no driver.
openlane/ExperiarCore\runs\ExperiarCore\logs\synthesis\1-synthesis.log[1891]: Warning: Wire ExperiarCore.\probe_programCounter [23] is used but has no driver.
openlane/ExperiarCore\runs\ExperiarCore\logs\synthesis\1-synthesis.log[1892]: Warning: Wire ExperiarCore.\probe_programCounter [22] is used but has no driver.
openlane/ExperiarCore\runs\ExperiarCore\logs\synthesis\1-synthesis.log[1893]: Warning: Wire ExperiarCore.\probe_programCounter [21] is used but has no driver.
openlane/ExperiarCore\runs\ExperiarCore\logs\synthesis\1-synthesis.log[1894]: Warning: Wire ExperiarCore.\probe_programCounter [20] is used but has no driver.
openlane/ExperiarCore\runs\ExperiarCore\logs\synthesis\1-synthesis.log[1895]: Warning: Wire ExperiarCore.\probe_programCounter [19] is used but has no driver.
openlane/ExperiarCore\runs\ExperiarCore\logs\synthesis\1-synthesis.log[1896]: Warning: Wire ExperiarCore.\probe_programCounter [18] is used but has no driver.
openlane/ExperiarCore\runs\ExperiarCore\logs\synthesis\1-synthesis.log[1897]: Warning: Wire ExperiarCore.\probe_programCounter [17] is used but has no driver.
openlane/ExperiarCore\runs\ExperiarCore\logs\synthesis\1-synthesis.log[1898]: Warning: Wire ExperiarCore.\probe_programCounter [16] is used but has no driver.
openlane/ExperiarCore\runs\ExperiarCore\logs\synthesis\1-synthesis.log[1899]: Warning: Wire ExperiarCore.\probe_programCounter [15] is used but has no driver.
openlane/ExperiarCore\runs\ExperiarCore\logs\synthesis\1-synthesis.log[1900]: Warning: Wire ExperiarCore.\probe_programCounter [14] is used but has no driver.
openlane/ExperiarCore\runs\ExperiarCore\logs\synthesis\1-synthesis.log[1901]: Warning: Wire ExperiarCore.\probe_programCounter [13] is used but has no driver.
openlane/ExperiarCore\runs\ExperiarCore\logs\synthesis\1-synthesis.log[1902]: Warning: Wire ExperiarCore.\probe_programCounter [12] is used but has no driver.
openlane/ExperiarCore\runs\ExperiarCore\logs\synthesis\1-synthesis.log[1903]: Warning: Wire ExperiarCore.\probe_programCounter [11] is used but has no driver.
openlane/ExperiarCore\runs\ExperiarCore\logs\synthesis\1-synthesis.log[1904]: Warning: Wire ExperiarCore.\probe_programCounter [10] is used but has no driver.
openlane/ExperiarCore\runs\ExperiarCore\logs\synthesis\1-synthesis.log[1905]: Warning: Wire ExperiarCore.\probe_programCounter [9] is used but has no driver.
openlane/ExperiarCore\runs\ExperiarCore\logs\synthesis\1-synthesis.log[1906]: Warning: Wire ExperiarCore.\probe_programCounter [8] is used but has no driver.
openlane/ExperiarCore\runs\ExperiarCore\logs\synthesis\1-synthesis.log[1907]: Warning: Wire ExperiarCore.\probe_programCounter [7] is used but has no driver.
openlane/ExperiarCore\runs\ExperiarCore\logs\synthesis\1-synthesis.log[1908]: Warning: Wire ExperiarCore.\probe_programCounter [6] is used but has no driver.
openlane/ExperiarCore\runs\ExperiarCore\logs\synthesis\1-synthesis.log[1909]: Warning: Wire ExperiarCore.\probe_programCounter [5] is used but has no driver.
openlane/ExperiarCore\runs\ExperiarCore\logs\synthesis\1-synthesis.log[1910]: Warning: Wire ExperiarCore.\probe_programCounter [4] is used but has no driver.
openlane/ExperiarCore\runs\ExperiarCore\logs\synthesis\1-synthesis.log[1911]: Warning: Wire ExperiarCore.\probe_programCounter [3] is used but has no driver.
openlane/ExperiarCore\runs\ExperiarCore\logs\synthesis\1-synthesis.log[1912]: Warning: Wire ExperiarCore.\probe_programCounter [2] is used but has no driver.
openlane/ExperiarCore\runs\ExperiarCore\logs\synthesis\1-synthesis.log[1913]: Warning: Wire ExperiarCore.\probe_programCounter [1] is used but has no driver.
openlane/ExperiarCore\runs\ExperiarCore\logs\synthesis\1-synthesis.log[1914]: Warning: Wire ExperiarCore.\probe_programCounter [0] is used but has no driver.
openlane/ExperiarCore\runs\ExperiarCore\logs\synthesis\1-synthesis.log[1915]: Warning: Wire ExperiarCore.\probe_opcode [6] is used but has no driver.
openlane/ExperiarCore\runs\ExperiarCore\logs\synthesis\1-synthesis.log[1916]: Warning: Wire ExperiarCore.\probe_opcode [5] is used but has no driver.
openlane/ExperiarCore\runs\ExperiarCore\logs\synthesis\1-synthesis.log[1917]: Warning: Wire ExperiarCore.\probe_opcode [4] is used but has no driver.
openlane/ExperiarCore\runs\ExperiarCore\logs\synthesis\1-synthesis.log[1918]: Warning: Wire ExperiarCore.\probe_opcode [3] is used but has no driver.
openlane/ExperiarCore\runs\ExperiarCore\logs\synthesis\1-synthesis.log[1919]: Warning: Wire ExperiarCore.\probe_opcode [2] is used but has no driver.
openlane/ExperiarCore\runs\ExperiarCore\logs\synthesis\1-synthesis.log[1920]: Warning: Wire ExperiarCore.\probe_opcode [1] is used but has no driver.
openlane/ExperiarCore\runs\ExperiarCore\logs\synthesis\1-synthesis.log[1921]: Warning: Wire ExperiarCore.\probe_opcode [0] is used but has no driver.
openlane/ExperiarCore\runs\ExperiarCore\logs\synthesis\1-synthesis.log[1922]: Warning: Wire ExperiarCore.\probe_jtagInstruction [4] is used but has no driver.
openlane/ExperiarCore\runs\ExperiarCore\logs\synthesis\1-synthesis.log[1923]: Warning: Wire ExperiarCore.\probe_jtagInstruction [3] is used but has no driver.
openlane/ExperiarCore\runs\ExperiarCore\logs\synthesis\1-synthesis.log[1924]: Warning: Wire ExperiarCore.\probe_jtagInstruction [2] is used but has no driver.
openlane/ExperiarCore\runs\ExperiarCore\logs\synthesis\1-synthesis.log[1925]: Warning: Wire ExperiarCore.\probe_jtagInstruction [1] is used but has no driver.
openlane/ExperiarCore\runs\ExperiarCore\logs\synthesis\1-synthesis.log[1926]: Warning: Wire ExperiarCore.\probe_jtagInstruction [0] is used but has no driver.
openlane/ExperiarCore\runs\ExperiarCore\logs\synthesis\1-synthesis.log[1927]: Warning: Wire ExperiarCore.\probe_isStore is used but has no driver.
openlane/ExperiarCore\runs\ExperiarCore\logs\synthesis\1-synthesis.log[1928]: Warning: Wire ExperiarCore.\probe_isLoad is used but has no driver.
openlane/ExperiarCore\runs\ExperiarCore\logs\synthesis\1-synthesis.log[1929]: Warning: Wire ExperiarCore.\probe_isCompressed is used but has no driver.
openlane/ExperiarCore\runs\ExperiarCore\logs\synthesis\1-synthesis.log[1930]: Warning: Wire ExperiarCore.\probe_isBranch is used but has no driver.
openlane/ExperiarCore\runs\ExperiarCore\logs\synthesis\1-synthesis.log[1931]: Warning: Wire ExperiarCore.\probe_errorCode [3] is used but has no driver.
openlane/ExperiarCore\runs\ExperiarCore\logs\synthesis\1-synthesis.log[1932]: Warning: Wire ExperiarCore.\probe_errorCode [2] is used but has no driver.
openlane/ExperiarCore\runs\ExperiarCore\logs\synthesis\1-synthesis.log[1933]: Warning: Wire ExperiarCore.\probe_errorCode [1] is used but has no driver.
openlane/ExperiarCore\runs\ExperiarCore\logs\synthesis\1-synthesis.log[1934]: Warning: Wire ExperiarCore.\probe_errorCode [0] is used but has no driver.
openlane/ExperiarCore\runs\ExperiarCore\logs\synthesis\1-synthesis.log[1935]: Warning: Wire ExperiarCore.\localMemory_wb_stall_o is used but has no driver.
openlane/ExperiarCore\runs\ExperiarCore\logs\synthesis\1-synthesis.log[1936]: Warning: Wire ExperiarCore.\localMemory_wb_error_o is used but has no driver.
openlane/ExperiarCore\runs\ExperiarCore\logs\synthesis\1-synthesis.log[1937]: Warning: Wire ExperiarCore.\localMemory_wb_data_o [31] is used but has no driver.
openlane/ExperiarCore\runs\ExperiarCore\logs\synthesis\1-synthesis.log[1938]: Warning: Wire ExperiarCore.\localMemory_wb_data_o [30] is used but has no driver.
openlane/ExperiarCore\runs\ExperiarCore\logs\synthesis\1-synthesis.log[1939]: Warning: Wire ExperiarCore.\localMemory_wb_data_o [29] is used but has no driver.
openlane/ExperiarCore\runs\ExperiarCore\logs\synthesis\1-synthesis.log[1940]: Warning: Wire ExperiarCore.\localMemory_wb_data_o [28] is used but has no driver.
openlane/ExperiarCore\runs\ExperiarCore\logs\synthesis\1-synthesis.log[1941]: Warning: Wire ExperiarCore.\localMemory_wb_data_o [27] is used but has no driver.
openlane/ExperiarCore\runs\ExperiarCore\logs\synthesis\1-synthesis.log[1942]: Warning: Wire ExperiarCore.\localMemory_wb_data_o [26] is used but has no driver.
openlane/ExperiarCore\runs\ExperiarCore\logs\synthesis\1-synthesis.log[1943]: Warning: Wire ExperiarCore.\localMemory_wb_data_o [25] is used but has no driver.
openlane/ExperiarCore\runs\ExperiarCore\logs\synthesis\1-synthesis.log[1944]: Warning: Wire ExperiarCore.\localMemory_wb_data_o [24] is used but has no driver.
openlane/ExperiarCore\runs\ExperiarCore\logs\synthesis\1-synthesis.log[1945]: Warning: Wire ExperiarCore.\localMemory_wb_data_o [23] is used but has no driver.
openlane/ExperiarCore\runs\ExperiarCore\logs\synthesis\1-synthesis.log[1946]: Warning: Wire ExperiarCore.\localMemory_wb_data_o [22] is used but has no driver.
openlane/ExperiarCore\runs\ExperiarCore\logs\synthesis\1-synthesis.log[1947]: Warning: Wire ExperiarCore.\localMemory_wb_data_o [21] is used but has no driver.
openlane/ExperiarCore\runs\ExperiarCore\logs\synthesis\1-synthesis.log[1948]: Warning: Wire ExperiarCore.\localMemory_wb_data_o [20] is used but has no driver.
openlane/ExperiarCore\runs\ExperiarCore\logs\synthesis\1-synthesis.log[1949]: Warning: Wire ExperiarCore.\localMemory_wb_data_o [19] is used but has no driver.
openlane/ExperiarCore\runs\ExperiarCore\logs\synthesis\1-synthesis.log[1950]: Warning: Wire ExperiarCore.\localMemory_wb_data_o [18] is used but has no driver.
openlane/ExperiarCore\runs\ExperiarCore\logs\synthesis\1-synthesis.log[1951]: Warning: Wire ExperiarCore.\localMemory_wb_data_o [17] is used but has no driver.
openlane/ExperiarCore\runs\ExperiarCore\logs\synthesis\1-synthesis.log[1952]: Warning: Wire ExperiarCore.\localMemory_wb_data_o [16] is used but has no driver.
openlane/ExperiarCore\runs\ExperiarCore\logs\synthesis\1-synthesis.log[1953]: Warning: Wire ExperiarCore.\localMemory_wb_data_o [15] is used but has no driver.
openlane/ExperiarCore\runs\ExperiarCore\logs\synthesis\1-synthesis.log[1954]: Warning: Wire ExperiarCore.\localMemory_wb_data_o [14] is used but has no driver.
openlane/ExperiarCore\runs\ExperiarCore\logs\synthesis\1-synthesis.log[1955]: Warning: Wire ExperiarCore.\localMemory_wb_data_o [13] is used but has no driver.
openlane/ExperiarCore\runs\ExperiarCore\logs\synthesis\1-synthesis.log[1956]: Warning: Wire ExperiarCore.\localMemory_wb_data_o [12] is used but has no driver.
openlane/ExperiarCore\runs\ExperiarCore\logs\synthesis\1-synthesis.log[1957]: Warning: Wire ExperiarCore.\localMemory_wb_data_o [11] is used but has no driver.
openlane/ExperiarCore\runs\ExperiarCore\logs\synthesis\1-synthesis.log[1958]: Warning: Wire ExperiarCore.\localMemory_wb_data_o [10] is used but has no driver.
openlane/ExperiarCore\runs\ExperiarCore\logs\synthesis\1-synthesis.log[1959]: Warning: Wire ExperiarCore.\localMemory_wb_data_o [9] is used but has no driver.
openlane/ExperiarCore\runs\ExperiarCore\logs\synthesis\1-synthesis.log[1960]: Warning: Wire ExperiarCore.\localMemory_wb_data_o [8] is used but has no driver.
openlane/ExperiarCore\runs\ExperiarCore\logs\synthesis\1-synthesis.log[1961]: Warning: Wire ExperiarCore.\localMemory_wb_data_o [7] is used but has no driver.
openlane/ExperiarCore\runs\ExperiarCore\logs\synthesis\1-synthesis.log[1962]: Warning: Wire ExperiarCore.\localMemory_wb_data_o [6] is used but has no driver.
openlane/ExperiarCore\runs\ExperiarCore\logs\synthesis\1-synthesis.log[1963]: Warning: Wire ExperiarCore.\localMemory_wb_data_o [5] is used but has no driver.
openlane/ExperiarCore\runs\ExperiarCore\logs\synthesis\1-synthesis.log[1964]: Warning: Wire ExperiarCore.\localMemory_wb_data_o [4] is used but has no driver.
openlane/ExperiarCore\runs\ExperiarCore\logs\synthesis\1-synthesis.log[1965]: Warning: Wire ExperiarCore.\localMemory_wb_data_o [3] is used but has no driver.
openlane/ExperiarCore\runs\ExperiarCore\logs\synthesis\1-synthesis.log[1966]: Warning: Wire ExperiarCore.\localMemory_wb_data_o [2] is used but has no driver.
openlane/ExperiarCore\runs\ExperiarCore\logs\synthesis\1-synthesis.log[1967]: Warning: Wire ExperiarCore.\localMemory_wb_data_o [1] is used but has no driver.
openlane/ExperiarCore\runs\ExperiarCore\logs\synthesis\1-synthesis.log[1968]: Warning: Wire ExperiarCore.\localMemory_wb_data_o [0] is used but has no driver.
openlane/ExperiarCore\runs\ExperiarCore\logs\synthesis\1-synthesis.log[1969]: Warning: Wire ExperiarCore.\localMemory_wb_ack_o is used but has no driver.
openlane/ExperiarCore\runs\ExperiarCore\logs\synthesis\1-synthesis.log[1970]: Warning: Wire ExperiarCore.\jtag_tdo is used but has no driver.
openlane/ExperiarCore\runs\ExperiarCore\logs\synthesis\1-synthesis.log[1971]: Warning: Wire ExperiarCore.\din0 [31] is used but has no driver.
openlane/ExperiarCore\runs\ExperiarCore\logs\synthesis\1-synthesis.log[1972]: Warning: Wire ExperiarCore.\din0 [30] is used but has no driver.
openlane/ExperiarCore\runs\ExperiarCore\logs\synthesis\1-synthesis.log[1973]: Warning: Wire ExperiarCore.\din0 [29] is used but has no driver.
openlane/ExperiarCore\runs\ExperiarCore\logs\synthesis\1-synthesis.log[1974]: Warning: Wire ExperiarCore.\din0 [28] is used but has no driver.
openlane/ExperiarCore\runs\ExperiarCore\logs\synthesis\1-synthesis.log[1975]: Warning: Wire ExperiarCore.\din0 [27] is used but has no driver.
openlane/ExperiarCore\runs\ExperiarCore\logs\synthesis\1-synthesis.log[1976]: Warning: Wire ExperiarCore.\din0 [26] is used but has no driver.
openlane/ExperiarCore\runs\ExperiarCore\logs\synthesis\1-synthesis.log[1977]: Warning: Wire ExperiarCore.\din0 [25] is used but has no driver.
openlane/ExperiarCore\runs\ExperiarCore\logs\synthesis\1-synthesis.log[1978]: Warning: Wire ExperiarCore.\din0 [24] is used but has no driver.
openlane/ExperiarCore\runs\ExperiarCore\logs\synthesis\1-synthesis.log[1979]: Warning: Wire ExperiarCore.\din0 [23] is used but has no driver.
openlane/ExperiarCore\runs\ExperiarCore\logs\synthesis\1-synthesis.log[1980]: Warning: Wire ExperiarCore.\din0 [22] is used but has no driver.
openlane/ExperiarCore\runs\ExperiarCore\logs\synthesis\1-synthesis.log[1981]: Warning: Wire ExperiarCore.\din0 [21] is used but has no driver.
openlane/ExperiarCore\runs\ExperiarCore\logs\synthesis\1-synthesis.log[1982]: Warning: Wire ExperiarCore.\din0 [20] is used but has no driver.
openlane/ExperiarCore\runs\ExperiarCore\logs\synthesis\1-synthesis.log[1983]: Warning: Wire ExperiarCore.\din0 [19] is used but has no driver.
openlane/ExperiarCore\runs\ExperiarCore\logs\synthesis\1-synthesis.log[1984]: Warning: Wire ExperiarCore.\din0 [18] is used but has no driver.
openlane/ExperiarCore\runs\ExperiarCore\logs\synthesis\1-synthesis.log[1985]: Warning: Wire ExperiarCore.\din0 [17] is used but has no driver.
openlane/ExperiarCore\runs\ExperiarCore\logs\synthesis\1-synthesis.log[1986]: Warning: Wire ExperiarCore.\din0 [16] is used but has no driver.
openlane/ExperiarCore\runs\ExperiarCore\logs\synthesis\1-synthesis.log[1987]: Warning: Wire ExperiarCore.\din0 [15] is used but has no driver.
openlane/ExperiarCore\runs\ExperiarCore\logs\synthesis\1-synthesis.log[1988]: Warning: Wire ExperiarCore.\din0 [14] is used but has no driver.
openlane/ExperiarCore\runs\ExperiarCore\logs\synthesis\1-synthesis.log[1989]: Warning: Wire ExperiarCore.\din0 [13] is used but has no driver.
openlane/ExperiarCore\runs\ExperiarCore\logs\synthesis\1-synthesis.log[1990]: Warning: Wire ExperiarCore.\din0 [12] is used but has no driver.
openlane/ExperiarCore\runs\ExperiarCore\logs\synthesis\1-synthesis.log[1991]: Warning: Wire ExperiarCore.\din0 [11] is used but has no driver.
openlane/ExperiarCore\runs\ExperiarCore\logs\synthesis\1-synthesis.log[1992]: Warning: Wire ExperiarCore.\din0 [10] is used but has no driver.
openlane/ExperiarCore\runs\ExperiarCore\logs\synthesis\1-synthesis.log[1993]: Warning: Wire ExperiarCore.\din0 [9] is used but has no driver.
openlane/ExperiarCore\runs\ExperiarCore\logs\synthesis\1-synthesis.log[1994]: Warning: Wire ExperiarCore.\din0 [8] is used but has no driver.
openlane/ExperiarCore\runs\ExperiarCore\logs\synthesis\1-synthesis.log[1995]: Warning: Wire ExperiarCore.\din0 [7] is used but has no driver.
openlane/ExperiarCore\runs\ExperiarCore\logs\synthesis\1-synthesis.log[1996]: Warning: Wire ExperiarCore.\din0 [6] is used but has no driver.
openlane/ExperiarCore\runs\ExperiarCore\logs\synthesis\1-synthesis.log[1997]: Warning: Wire ExperiarCore.\din0 [5] is used but has no driver.
openlane/ExperiarCore\runs\ExperiarCore\logs\synthesis\1-synthesis.log[1998]: Warning: Wire ExperiarCore.\din0 [4] is used but has no driver.
openlane/ExperiarCore\runs\ExperiarCore\logs\synthesis\1-synthesis.log[1999]: Warning: Wire ExperiarCore.\din0 [3] is used but has no driver.
openlane/ExperiarCore\runs\ExperiarCore\logs\synthesis\1-synthesis.log[2000]: Warning: Wire ExperiarCore.\din0 [2] is used but has no driver.
openlane/ExperiarCore\runs\ExperiarCore\logs\synthesis\1-synthesis.log[2001]: Warning: Wire ExperiarCore.\din0 [1] is used but has no driver.
openlane/ExperiarCore\runs\ExperiarCore\logs\synthesis\1-synthesis.log[2002]: Warning: Wire ExperiarCore.\din0 [0] is used but has no driver.
openlane/ExperiarCore\runs\ExperiarCore\logs\synthesis\1-synthesis.log[2003]: Warning: Wire ExperiarCore.\csb1 is used but has no driver.
openlane/ExperiarCore\runs\ExperiarCore\logs\synthesis\1-synthesis.log[2004]: Warning: Wire ExperiarCore.\csb0 is used but has no driver.
openlane/ExperiarCore\runs\ExperiarCore\logs\synthesis\1-synthesis.log[2005]: Warning: Wire ExperiarCore.\core_wb_we_o is used but has no driver.
openlane/ExperiarCore\runs\ExperiarCore\logs\synthesis\1-synthesis.log[2006]: Warning: Wire ExperiarCore.\core_wb_stb_o is used but has no driver.
openlane/ExperiarCore\runs\ExperiarCore\logs\synthesis\1-synthesis.log[2007]: Warning: Wire ExperiarCore.\core_wb_sel_o [3] is used but has no driver.
openlane/ExperiarCore\runs\ExperiarCore\logs\synthesis\1-synthesis.log[2008]: Warning: Wire ExperiarCore.\core_wb_sel_o [2] is used but has no driver.
openlane/ExperiarCore\runs\ExperiarCore\logs\synthesis\1-synthesis.log[2009]: Warning: Wire ExperiarCore.\core_wb_sel_o [1] is used but has no driver.
openlane/ExperiarCore\runs\ExperiarCore\logs\synthesis\1-synthesis.log[2010]: Warning: Wire ExperiarCore.\core_wb_sel_o [0] is used but has no driver.
openlane/ExperiarCore\runs\ExperiarCore\logs\synthesis\1-synthesis.log[2011]: Warning: Wire ExperiarCore.\core_wb_data_o [31] is used but has no driver.
openlane/ExperiarCore\runs\ExperiarCore\logs\synthesis\1-synthesis.log[2012]: Warning: Wire ExperiarCore.\core_wb_data_o [30] is used but has no driver.
openlane/ExperiarCore\runs\ExperiarCore\logs\synthesis\1-synthesis.log[2013]: Warning: Wire ExperiarCore.\core_wb_data_o [29] is used but has no driver.
openlane/ExperiarCore\runs\ExperiarCore\logs\synthesis\1-synthesis.log[2014]: Warning: Wire ExperiarCore.\core_wb_data_o [28] is used but has no driver.
openlane/ExperiarCore\runs\ExperiarCore\logs\synthesis\1-synthesis.log[2015]: Warning: Wire ExperiarCore.\core_wb_data_o [27] is used but has no driver.
openlane/ExperiarCore\runs\ExperiarCore\logs\synthesis\1-synthesis.log[2016]: Warning: Wire ExperiarCore.\core_wb_data_o [26] is used but has no driver.
openlane/ExperiarCore\runs\ExperiarCore\logs\synthesis\1-synthesis.log[2017]: Warning: Wire ExperiarCore.\core_wb_data_o [25] is used but has no driver.
openlane/ExperiarCore\runs\ExperiarCore\logs\synthesis\1-synthesis.log[2018]: Warning: Wire ExperiarCore.\core_wb_data_o [24] is used but has no driver.
openlane/ExperiarCore\runs\ExperiarCore\logs\synthesis\1-synthesis.log[2019]: Warning: Wire ExperiarCore.\core_wb_data_o [23] is used but has no driver.
openlane/ExperiarCore\runs\ExperiarCore\logs\synthesis\1-synthesis.log[2020]: Warning: Wire ExperiarCore.\core_wb_data_o [22] is used but has no driver.
openlane/ExperiarCore\runs\ExperiarCore\logs\synthesis\1-synthesis.log[2021]: Warning: Wire ExperiarCore.\core_wb_data_o [21] is used but has no driver.
openlane/ExperiarCore\runs\ExperiarCore\logs\synthesis\1-synthesis.log[2022]: Warning: Wire ExperiarCore.\core_wb_data_o [20] is used but has no driver.
openlane/ExperiarCore\runs\ExperiarCore\logs\synthesis\1-synthesis.log[2023]: Warning: Wire ExperiarCore.\core_wb_data_o [19] is used but has no driver.
openlane/ExperiarCore\runs\ExperiarCore\logs\synthesis\1-synthesis.log[2024]: Warning: Wire ExperiarCore.\core_wb_data_o [18] is used but has no driver.
openlane/ExperiarCore\runs\ExperiarCore\logs\synthesis\1-synthesis.log[2025]: Warning: Wire ExperiarCore.\core_wb_data_o [17] is used but has no driver.
openlane/ExperiarCore\runs\ExperiarCore\logs\synthesis\1-synthesis.log[2026]: Warning: Wire ExperiarCore.\core_wb_data_o [16] is used but has no driver.
openlane/ExperiarCore\runs\ExperiarCore\logs\synthesis\1-synthesis.log[2027]: Warning: Wire ExperiarCore.\core_wb_data_o [15] is used but has no driver.
openlane/ExperiarCore\runs\ExperiarCore\logs\synthesis\1-synthesis.log[2028]: Warning: Wire ExperiarCore.\core_wb_data_o [14] is used but has no driver.
openlane/ExperiarCore\runs\ExperiarCore\logs\synthesis\1-synthesis.log[2029]: Warning: Wire ExperiarCore.\core_wb_data_o [13] is used but has no driver.
openlane/ExperiarCore\runs\ExperiarCore\logs\synthesis\1-synthesis.log[2030]: Warning: Wire ExperiarCore.\core_wb_data_o [12] is used but has no driver.
openlane/ExperiarCore\runs\ExperiarCore\logs\synthesis\1-synthesis.log[2031]: Warning: Wire ExperiarCore.\core_wb_data_o [11] is used but has no driver.
openlane/ExperiarCore\runs\ExperiarCore\logs\synthesis\1-synthesis.log[2032]: Warning: Wire ExperiarCore.\core_wb_data_o [10] is used but has no driver.
openlane/ExperiarCore\runs\ExperiarCore\logs\synthesis\1-synthesis.log[2033]: Warning: Wire ExperiarCore.\core_wb_data_o [9] is used but has no driver.
openlane/ExperiarCore\runs\ExperiarCore\logs\synthesis\1-synthesis.log[2034]: Warning: Wire ExperiarCore.\core_wb_data_o [8] is used but has no driver.
openlane/ExperiarCore\runs\ExperiarCore\logs\synthesis\1-synthesis.log[2035]: Warning: Wire ExperiarCore.\core_wb_data_o [7] is used but has no driver.
openlane/ExperiarCore\runs\ExperiarCore\logs\synthesis\1-synthesis.log[2036]: Warning: Wire ExperiarCore.\core_wb_data_o [6] is used but has no driver.
openlane/ExperiarCore\runs\ExperiarCore\logs\synthesis\1-synthesis.log[2037]: Warning: Wire ExperiarCore.\core_wb_data_o [5] is used but has no driver.
openlane/ExperiarCore\runs\ExperiarCore\logs\synthesis\1-synthesis.log[2038]: Warning: Wire ExperiarCore.\core_wb_data_o [4] is used but has no driver.
openlane/ExperiarCore\runs\ExperiarCore\logs\synthesis\1-synthesis.log[2039]: Warning: Wire ExperiarCore.\core_wb_data_o [3] is used but has no driver.
openlane/ExperiarCore\runs\ExperiarCore\logs\synthesis\1-synthesis.log[2040]: Warning: Wire ExperiarCore.\core_wb_data_o [2] is used but has no driver.
openlane/ExperiarCore\runs\ExperiarCore\logs\synthesis\1-synthesis.log[2041]: Warning: Wire ExperiarCore.\core_wb_data_o [1] is used but has no driver.
openlane/ExperiarCore\runs\ExperiarCore\logs\synthesis\1-synthesis.log[2042]: Warning: Wire ExperiarCore.\core_wb_data_o [0] is used but has no driver.
openlane/ExperiarCore\runs\ExperiarCore\logs\synthesis\1-synthesis.log[2043]: Warning: Wire ExperiarCore.\core_wb_cyc_o is used but has no driver.
openlane/ExperiarCore\runs\ExperiarCore\logs\synthesis\1-synthesis.log[2044]: Warning: Wire ExperiarCore.\core_wb_adr_o [27] is used but has no driver.
openlane/ExperiarCore\runs\ExperiarCore\logs\synthesis\1-synthesis.log[2045]: Warning: Wire ExperiarCore.\core_wb_adr_o [26] is used but has no driver.
openlane/ExperiarCore\runs\ExperiarCore\logs\synthesis\1-synthesis.log[2046]: Warning: Wire ExperiarCore.\core_wb_adr_o [25] is used but has no driver.
openlane/ExperiarCore\runs\ExperiarCore\logs\synthesis\1-synthesis.log[2047]: Warning: Wire ExperiarCore.\core_wb_adr_o [24] is used but has no driver.
openlane/ExperiarCore\runs\ExperiarCore\logs\synthesis\1-synthesis.log[2048]: Warning: Wire ExperiarCore.\core_wb_adr_o [23] is used but has no driver.
openlane/ExperiarCore\runs\ExperiarCore\logs\synthesis\1-synthesis.log[2049]: Warning: Wire ExperiarCore.\core_wb_adr_o [22] is used but has no driver.
openlane/ExperiarCore\runs\ExperiarCore\logs\synthesis\1-synthesis.log[2050]: Warning: Wire ExperiarCore.\core_wb_adr_o [21] is used but has no driver.
openlane/ExperiarCore\runs\ExperiarCore\logs\synthesis\1-synthesis.log[2051]: Warning: Wire ExperiarCore.\core_wb_adr_o [20] is used but has no driver.
openlane/ExperiarCore\runs\ExperiarCore\logs\synthesis\1-synthesis.log[2052]: Warning: Wire ExperiarCore.\core_wb_adr_o [19] is used but has no driver.
openlane/ExperiarCore\runs\ExperiarCore\logs\synthesis\1-synthesis.log[2053]: Warning: Wire ExperiarCore.\core_wb_adr_o [18] is used but has no driver.
openlane/ExperiarCore\runs\ExperiarCore\logs\synthesis\1-synthesis.log[2054]: Warning: Wire ExperiarCore.\core_wb_adr_o [17] is used but has no driver.
openlane/ExperiarCore\runs\ExperiarCore\logs\synthesis\1-synthesis.log[2055]: Warning: Wire ExperiarCore.\core_wb_adr_o [16] is used but has no driver.
openlane/ExperiarCore\runs\ExperiarCore\logs\synthesis\1-synthesis.log[2056]: Warning: Wire ExperiarCore.\core_wb_adr_o [15] is used but has no driver.
openlane/ExperiarCore\runs\ExperiarCore\logs\synthesis\1-synthesis.log[2057]: Warning: Wire ExperiarCore.\core_wb_adr_o [14] is used but has no driver.
openlane/ExperiarCore\runs\ExperiarCore\logs\synthesis\1-synthesis.log[2058]: Warning: Wire ExperiarCore.\core_wb_adr_o [13] is used but has no driver.
openlane/ExperiarCore\runs\ExperiarCore\logs\synthesis\1-synthesis.log[2059]: Warning: Wire ExperiarCore.\core_wb_adr_o [12] is used but has no driver.
openlane/ExperiarCore\runs\ExperiarCore\logs\synthesis\1-synthesis.log[2060]: Warning: Wire ExperiarCore.\core_wb_adr_o [11] is used but has no driver.
openlane/ExperiarCore\runs\ExperiarCore\logs\synthesis\1-synthesis.log[2061]: Warning: Wire ExperiarCore.\core_wb_adr_o [10] is used but has no driver.
openlane/ExperiarCore\runs\ExperiarCore\logs\synthesis\1-synthesis.log[2062]: Warning: Wire ExperiarCore.\core_wb_adr_o [9] is used but has no driver.
openlane/ExperiarCore\runs\ExperiarCore\logs\synthesis\1-synthesis.log[2063]: Warning: Wire ExperiarCore.\core_wb_adr_o [8] is used but has no driver.
openlane/ExperiarCore\runs\ExperiarCore\logs\synthesis\1-synthesis.log[2064]: Warning: Wire ExperiarCore.\core_wb_adr_o [7] is used but has no driver.
openlane/ExperiarCore\runs\ExperiarCore\logs\synthesis\1-synthesis.log[2065]: Warning: Wire ExperiarCore.\core_wb_adr_o [6] is used but has no driver.
openlane/ExperiarCore\runs\ExperiarCore\logs\synthesis\1-synthesis.log[2066]: Warning: Wire ExperiarCore.\core_wb_adr_o [5] is used but has no driver.
openlane/ExperiarCore\runs\ExperiarCore\logs\synthesis\1-synthesis.log[2067]: Warning: Wire ExperiarCore.\core_wb_adr_o [4] is used but has no driver.
openlane/ExperiarCore\runs\ExperiarCore\logs\synthesis\1-synthesis.log[2068]: Warning: Wire ExperiarCore.\core_wb_adr_o [3] is used but has no driver.
openlane/ExperiarCore\runs\ExperiarCore\logs\synthesis\1-synthesis.log[2069]: Warning: Wire ExperiarCore.\core_wb_adr_o [2] is used but has no driver.
openlane/ExperiarCore\runs\ExperiarCore\logs\synthesis\1-synthesis.log[2070]: Warning: Wire ExperiarCore.\core_wb_adr_o [1] is used but has no driver.
openlane/ExperiarCore\runs\ExperiarCore\logs\synthesis\1-synthesis.log[2071]: Warning: Wire ExperiarCore.\core_wb_adr_o [0] is used but has no driver.
openlane/ExperiarCore\runs\ExperiarCore\logs\synthesis\1-synthesis.log[2072]: Warning: Wire ExperiarCore.\clk1 is used but has no driver.
openlane/ExperiarCore\runs\ExperiarCore\logs\synthesis\1-synthesis.log[2073]: Warning: Wire ExperiarCore.\clk0 is used but has no driver.
openlane/ExperiarCore\runs\ExperiarCore\logs\synthesis\1-synthesis.log[2074]: Warning: Wire ExperiarCore.\addr1 [8] is used but has no driver.
openlane/ExperiarCore\runs\ExperiarCore\logs\synthesis\1-synthesis.log[2075]: Warning: Wire ExperiarCore.\addr1 [7] is used but has no driver.
openlane/ExperiarCore\runs\ExperiarCore\logs\synthesis\1-synthesis.log[2076]: Warning: Wire ExperiarCore.\addr1 [6] is used but has no driver.
openlane/ExperiarCore\runs\ExperiarCore\logs\synthesis\1-synthesis.log[2077]: Warning: Wire ExperiarCore.\addr1 [5] is used but has no driver.
openlane/ExperiarCore\runs\ExperiarCore\logs\synthesis\1-synthesis.log[2078]: Warning: Wire ExperiarCore.\addr1 [4] is used but has no driver.
openlane/ExperiarCore\runs\ExperiarCore\logs\synthesis\1-synthesis.log[2079]: Warning: Wire ExperiarCore.\addr1 [3] is used but has no driver.
openlane/ExperiarCore\runs\ExperiarCore\logs\synthesis\1-synthesis.log[2080]: Warning: Wire ExperiarCore.\addr1 [2] is used but has no driver.
openlane/ExperiarCore\runs\ExperiarCore\logs\synthesis\1-synthesis.log[2081]: Warning: Wire ExperiarCore.\addr1 [1] is used but has no driver.
openlane/ExperiarCore\runs\ExperiarCore\logs\synthesis\1-synthesis.log[2082]: Warning: Wire ExperiarCore.\addr1 [0] is used but has no driver.
openlane/ExperiarCore\runs\ExperiarCore\logs\synthesis\1-synthesis.log[2083]: Warning: Wire ExperiarCore.\addr0 [8] is used but has no driver.
openlane/ExperiarCore\runs\ExperiarCore\logs\synthesis\1-synthesis.log[2084]: Warning: Wire ExperiarCore.\addr0 [7] is used but has no driver.
openlane/ExperiarCore\runs\ExperiarCore\logs\synthesis\1-synthesis.log[2085]: Warning: Wire ExperiarCore.\addr0 [6] is used but has no driver.
openlane/ExperiarCore\runs\ExperiarCore\logs\synthesis\1-synthesis.log[2086]: Warning: Wire ExperiarCore.\addr0 [5] is used but has no driver.
openlane/ExperiarCore\runs\ExperiarCore\logs\synthesis\1-synthesis.log[2087]: Warning: Wire ExperiarCore.\addr0 [4] is used but has no driver.
openlane/ExperiarCore\runs\ExperiarCore\logs\synthesis\1-synthesis.log[2088]: Warning: Wire ExperiarCore.\addr0 [3] is used but has no driver.
openlane/ExperiarCore\runs\ExperiarCore\logs\synthesis\1-synthesis.log[2089]: Warning: Wire ExperiarCore.\addr0 [2] is used but has no driver.
openlane/ExperiarCore\runs\ExperiarCore\logs\synthesis\1-synthesis.log[2090]: Warning: Wire ExperiarCore.\addr0 [1] is used but has no driver.
openlane/ExperiarCore\runs\ExperiarCore\logs\synthesis\1-synthesis.log[2091]: Warning: Wire ExperiarCore.\addr0 [0] is used but has no driver.
openlane/ExperiarCore\runs\ExperiarCore\logs\synthesis\1-synthesis.log[2179]: Warnings: 217 unique messages, 217 total
openlane/ExperiarCore\runs\ExperiarCore\logs\floorplan\4-place_io_ol.log[15]: Warning: Some pins weren't matched by the config file
openlane/ExperiarCore\runs\ExperiarCore\logs\finishing\27-gdsii-klayout.log[12]: WARNING: no fill config file specified
openlane/ExperiarCore\runs\ExperiarCore\logs\finishing\32-lef.log[1]: Warning: netgen command 'format' use fully-qualified name '::netgen::format'
openlane/ExperiarCore\runs\ExperiarCore\logs\finishing\32-lef.log[2]: Warning: netgen command 'global' use fully-qualified name '::netgen::global'
openlane/ExperiarCore\runs\ExperiarCore\logs\finishing\32-lef.log[6]: Warning:  A case-insensitive file has been read and so the	verilog file must be treated case-insensitive to match.
openlane/ExperiarCore\runs\ExperiarCore\reports\finishing\antenna.rpt[0]: Warning - class CORE ANTENNACELL is not found. This message can be ignored if not in the antenna-avoid flow
