openlane/Video/runs/23_05_11_00_24/logs/synthesis\1-synthesis.log[3947]: ABC: Error: The network is combinational.
openlane/Video/runs/23_05_11_00_24/logs/synthesis\2-sta.log[2520]: wb_rst_i                                 10     73    -63 (VIOLATED)
openlane/Video/runs/23_05_11_00_24/logs/synthesis\2-sta.log[2521]: _1711_/Y                                 10     60    -50 (VIOLATED)
openlane/Video/runs/23_05_11_00_24/logs/synthesis\2-sta.log[2522]: _1459_/X                                 10     58    -48 (VIOLATED)
openlane/Video/runs/23_05_11_00_24/logs/synthesis\2-sta.log[2523]: _1398_/Y                                 10     52    -42 (VIOLATED)
openlane/Video/runs/23_05_11_00_24/logs/synthesis\2-sta.log[2524]: _1418_/X                                 10     43    -33 (VIOLATED)
openlane/Video/runs/23_05_11_00_24/logs/synthesis\2-sta.log[2525]: _1496_/Y                                 10     34    -24 (VIOLATED)
openlane/Video/runs/23_05_11_00_24/logs/synthesis\2-sta.log[2526]: _1481_/Y                                 10     33    -23 (VIOLATED)
openlane/Video/runs/23_05_11_00_24/logs/synthesis\2-sta.log[2527]: _1489_/X                                 10     33    -23 (VIOLATED)
openlane/Video/runs/23_05_11_00_24/logs/synthesis\2-sta.log[2528]: _1491_/X                                 10     33    -23 (VIOLATED)
openlane/Video/runs/23_05_11_00_24/logs/synthesis\2-sta.log[2529]: _1493_/X                                 10     33    -23 (VIOLATED)
openlane/Video/runs/23_05_11_00_24/logs/synthesis\2-sta.log[2530]: _1710_/X                                 10     33    -23 (VIOLATED)
openlane/Video/runs/23_05_11_00_24/logs/synthesis\2-sta.log[2531]: _1482_/X                                 10     32    -22 (VIOLATED)
openlane/Video/runs/23_05_11_00_24/logs/synthesis\2-sta.log[2532]: _1701_/X                                 10     32    -22 (VIOLATED)
openlane/Video/runs/23_05_11_00_24/logs/synthesis\2-sta.log[2533]: _1704_/X                                 10     32    -22 (VIOLATED)
openlane/Video/runs/23_05_11_00_24/logs/synthesis\2-sta.log[2534]: _1782_/X                                 10     32    -22 (VIOLATED)
openlane/Video/runs/23_05_11_00_24/logs/synthesis\2-sta.log[2535]: _1712_/X                                 10     31    -21 (VIOLATED)
openlane/Video/runs/23_05_11_00_24/logs/synthesis\2-sta.log[2536]: _2864_/Q                                 10     31    -21 (VIOLATED)
openlane/Video/runs/23_05_11_00_24/logs/synthesis\2-sta.log[2537]: _2946_/Q                                 10     31    -21 (VIOLATED)
openlane/Video/runs/23_05_11_00_24/logs/synthesis\2-sta.log[2538]: _1395_/Y                                 10     30    -20 (VIOLATED)
openlane/Video/runs/23_05_11_00_24/logs/synthesis\2-sta.log[2539]: _1700_/Y                                 10     30    -20 (VIOLATED)
openlane/Video/runs/23_05_11_00_24/logs/synthesis\2-sta.log[2540]: _1703_/Y                                 10     30    -20 (VIOLATED)
openlane/Video/runs/23_05_11_00_24/logs/synthesis\2-sta.log[2541]: _2163_/X                                 10     26    -16 (VIOLATED)
openlane/Video/runs/23_05_11_00_24/logs/synthesis\2-sta.log[2542]: _1434_/X                                 10     23    -13 (VIOLATED)
openlane/Video/runs/23_05_11_00_24/logs/synthesis\2-sta.log[2543]: _2865_/Q                                 10     23    -13 (VIOLATED)
openlane/Video/runs/23_05_11_00_24/logs/synthesis\2-sta.log[2544]: _2065_/X                                 10     21    -11 (VIOLATED)
openlane/Video/runs/23_05_11_00_24/logs/synthesis\2-sta.log[2545]: _1781_/Y                                 10     20    -10 (VIOLATED)
openlane/Video/runs/23_05_11_00_24/logs/synthesis\2-sta.log[2546]: _1484_/Y                                 10     19     -9 (VIOLATED)
openlane/Video/runs/23_05_11_00_24/logs/synthesis\2-sta.log[2547]: _1485_/X                                 10     19     -9 (VIOLATED)
openlane/Video/runs/23_05_11_00_24/logs/synthesis\2-sta.log[2548]: _2059_/X                                 10     19     -9 (VIOLATED)
openlane/Video/runs/23_05_11_00_24/logs/synthesis\2-sta.log[2549]: _1544_/Y                                 10     15     -5 (VIOLATED)
openlane/Video/runs/23_05_11_00_24/logs/synthesis\2-sta.log[2550]: _1458_/X                                 10     14     -4 (VIOLATED)
openlane/Video/runs/23_05_11_00_24/logs/synthesis\2-sta.log[2551]: _1526_/X                                 10     13     -3 (VIOLATED)
openlane/Video/runs/23_05_11_00_24/logs/synthesis\2-sta.log[2552]: _1850_/X                                 10     13     -3 (VIOLATED)
openlane/Video/runs/23_05_11_00_24/logs/synthesis\2-sta.log[2553]: _1483_/X                                 10     12     -2 (VIOLATED)
openlane/Video/runs/23_05_11_00_24/logs/synthesis\2-sta.log[2554]: _1790_/Y                                 10     12     -2 (VIOLATED)
openlane/Video/runs/23_05_11_00_24/logs/synthesis\2-sta.log[2555]: _1799_/Y                                 10     12     -2 (VIOLATED)
openlane/Video/runs/23_05_11_00_24/logs/synthesis\2-sta.log[2556]: _1805_/Y                                 10     12     -2 (VIOLATED)
openlane/Video/runs/23_05_11_00_24/logs/synthesis\2-sta.log[2557]: _1809_/Y                                 10     12     -2 (VIOLATED)
openlane/Video/runs/23_05_11_00_24/logs/synthesis\2-sta.log[2558]: _2771_/X                                 10     12     -2 (VIOLATED)
openlane/Video/runs/23_05_11_00_24/logs/synthesis\2-sta.log[2559]: _1527_/Y                                 10     11        (VIOLATED)
openlane/Video/runs/23_05_11_00_24/logs/synthesis\2-sta.log[2560]: _1697_/X                                 10     11        (VIOLATED)
openlane/Video/runs/23_05_11_00_24/logs/synthesis\2-sta.log[2561]: _1808_/X                                 10     11        (VIOLATED)
openlane/Video/runs/23_05_11_00_24/logs/synthesis\2-sta.log[2562]: _1819_/X                                 10     11        (VIOLATED)
openlane/Video/runs/23_05_11_00_24/logs/synthesis\2-sta.log[2563]: _1824_/Y                                 10     11        (VIOLATED)
openlane/Video/runs/23_05_11_00_24/logs/synthesis\2-sta.log[2564]: _1825_/X                                 10     11        (VIOLATED)
openlane/Video/runs/23_05_11_00_24/logs/synthesis\2-sta.log[2565]: _2679_/Y                                 10     11        (VIOLATED)
openlane/Video/runs/23_05_11_00_24/logs/synthesis\2-sta.log[2566]: _2888_/Q                                 10     11        (VIOLATED)
openlane/Video/runs/23_05_11_00_24/logs/synthesis\2-sta.log[2571]: max fanout violation count 47
openlane/Video/runs/23_05_11_00_24/logs/routing\12-resizer.log[3479]: clkbuf_3_0__f_wb_clk_i/X                 10     13     -3 (VIOLATED)
openlane/Video/runs/23_05_11_00_24/logs/routing\12-resizer.log[3484]: max fanout violation count 1
openlane/Video/runs/23_05_11_00_24/logs/routing\14-global.log[3480]: clkbuf_3_0__f_wb_clk_i/X                 10     13     -3 (VIOLATED)
openlane/Video/runs/23_05_11_00_24/logs/routing\14-global.log[3481]: input294/X                               10     12     -2 (VIOLATED)
openlane/Video/runs/23_05_11_00_24/logs/routing\14-global.log[3482]: fanout613/X                              10     11        (VIOLATED)
openlane/Video/runs/23_05_11_00_24/logs/routing\14-global.log[3483]: input283/X                               10     11        (VIOLATED)
openlane/Video/runs/23_05_11_00_24/logs/routing\14-global.log[3484]: input297/X                               10     11        (VIOLATED)
openlane/Video/runs/23_05_11_00_24/logs/routing\14-global.log[3485]: input298/X                               10     11        (VIOLATED)
openlane/Video/runs/23_05_11_00_24/logs/routing\14-global.log[3486]: input299/X                               10     11        (VIOLATED)
openlane/Video/runs/23_05_11_00_24/logs/routing\14-global.log[3487]: input300/X                               10     11        (VIOLATED)
openlane/Video/runs/23_05_11_00_24/logs/routing\14-global.log[3488]: input301/X                               10     11        (VIOLATED)
openlane/Video/runs/23_05_11_00_24/logs/routing\14-global.log[3493]: max fanout violation count 9
openlane/Video/runs/23_05_11_00_24/logs/routing\17-detailed.log[512]: [INFO DRT-0199]   Number of violations = 1052.
openlane/Video/runs/23_05_11_00_24/logs/routing\17-detailed.log[561]: [INFO DRT-0199]   Number of violations = 357.
openlane/Video/runs/23_05_11_00_24/logs/routing\17-detailed.log[608]: [INFO DRT-0199]   Number of violations = 275.
openlane/Video/runs/23_05_11_00_24/logs/routing\17-detailed.log[655]: [INFO DRT-0199]   Number of violations = 11.
openlane/Video/runs/23_05_11_00_24/logs/placement\7-global.log[2616]: _1544_/Y                                1.49    1.82   -0.34 (VIOLATED)
openlane/Video/runs/23_05_11_00_24/logs/placement\7-global.log[2617]: _2512_/A2_N                             1.50    1.83   -0.33 (VIOLATED)
openlane/Video/runs/23_05_11_00_24/logs/placement\7-global.log[2618]: _1734_/A2                               1.50    1.83   -0.33 (VIOLATED)
openlane/Video/runs/23_05_11_00_24/logs/placement\7-global.log[2619]: _1557_/A                                1.50    1.83   -0.33 (VIOLATED)
openlane/Video/runs/23_05_11_00_24/logs/placement\7-global.log[2620]: _1666_/A1                               1.50    1.83   -0.33 (VIOLATED)
openlane/Video/runs/23_05_11_00_24/logs/placement\7-global.log[2621]: _1669_/B                                1.50    1.83   -0.33 (VIOLATED)
openlane/Video/runs/23_05_11_00_24/logs/placement\7-global.log[2622]: _1647_/B1                               1.50    1.83   -0.33 (VIOLATED)
openlane/Video/runs/23_05_11_00_24/logs/placement\7-global.log[2623]: _1649_/A2                               1.50    1.83   -0.33 (VIOLATED)
openlane/Video/runs/23_05_11_00_24/logs/placement\7-global.log[2624]: _1662_/A1                               1.50    1.83   -0.33 (VIOLATED)
openlane/Video/runs/23_05_11_00_24/logs/placement\7-global.log[2625]: _2201_/S                                1.50    1.83   -0.33 (VIOLATED)
openlane/Video/runs/23_05_11_00_24/logs/placement\7-global.log[2626]: _1558_/A                                1.50    1.83   -0.33 (VIOLATED)
openlane/Video/runs/23_05_11_00_24/logs/placement\7-global.log[2627]: _1675_/A2                               1.50    1.83   -0.33 (VIOLATED)
openlane/Video/runs/23_05_11_00_24/logs/placement\7-global.log[2628]: _2196_/B                                1.50    1.83   -0.33 (VIOLATED)
openlane/Video/runs/23_05_11_00_24/logs/placement\7-global.log[2629]: _2197_/B                                1.50    1.83   -0.33 (VIOLATED)
openlane/Video/runs/23_05_11_00_24/logs/placement\7-global.log[2630]: _2204_/A2                               1.50    1.83   -0.33 (VIOLATED)
openlane/Video/runs/23_05_11_00_24/logs/placement\7-global.log[2631]: _2203_/A                                1.50    1.83   -0.33 (VIOLATED)
openlane/Video/runs/23_05_11_00_24/logs/placement\7-global.log[2632]: _2376_/B                                1.50    1.79   -0.29 (VIOLATED)
openlane/Video/runs/23_05_11_00_24/logs/placement\7-global.log[2633]: _2388_/B                                1.50    1.79   -0.29 (VIOLATED)
openlane/Video/runs/23_05_11_00_24/logs/placement\7-global.log[2634]: _2394_/B                                1.50    1.79   -0.29 (VIOLATED)
openlane/Video/runs/23_05_11_00_24/logs/placement\7-global.log[2635]: _2400_/B                                1.50    1.79   -0.29 (VIOLATED)
openlane/Video/runs/23_05_11_00_24/logs/placement\7-global.log[2636]: _2406_/B                                1.50    1.79   -0.29 (VIOLATED)
openlane/Video/runs/23_05_11_00_24/logs/placement\7-global.log[2637]: _2382_/B                                1.50    1.79   -0.29 (VIOLATED)
openlane/Video/runs/23_05_11_00_24/logs/placement\7-global.log[2638]: _2364_/B                                1.50    1.79   -0.29 (VIOLATED)
openlane/Video/runs/23_05_11_00_24/logs/placement\7-global.log[2639]: _2352_/B                                1.50    1.79   -0.29 (VIOLATED)
openlane/Video/runs/23_05_11_00_24/logs/placement\7-global.log[2640]: _2346_/B                                1.50    1.79   -0.29 (VIOLATED)
openlane/Video/runs/23_05_11_00_24/logs/placement\7-global.log[2641]: _2298_/B                                1.50    1.79   -0.29 (VIOLATED)
openlane/Video/runs/23_05_11_00_24/logs/placement\7-global.log[2642]: _2370_/B                                1.50    1.79   -0.29 (VIOLATED)
openlane/Video/runs/23_05_11_00_24/logs/placement\7-global.log[2643]: _2358_/B                                1.50    1.79   -0.29 (VIOLATED)
openlane/Video/runs/23_05_11_00_24/logs/placement\7-global.log[2644]: _2292_/B                                1.50    1.79   -0.29 (VIOLATED)
openlane/Video/runs/23_05_11_00_24/logs/placement\7-global.log[2645]: _2328_/B                                1.50    1.79   -0.29 (VIOLATED)
openlane/Video/runs/23_05_11_00_24/logs/placement\7-global.log[2646]: _2316_/B                                1.50    1.79   -0.29 (VIOLATED)
openlane/Video/runs/23_05_11_00_24/logs/placement\7-global.log[2647]: _2334_/B                                1.50    1.79   -0.29 (VIOLATED)
openlane/Video/runs/23_05_11_00_24/logs/placement\7-global.log[2648]: _2340_/B                                1.50    1.79   -0.29 (VIOLATED)
openlane/Video/runs/23_05_11_00_24/logs/placement\7-global.log[2649]: _2286_/B                                1.50    1.79   -0.29 (VIOLATED)
openlane/Video/runs/23_05_11_00_24/logs/placement\7-global.log[2650]: _2377_/B1                               1.50    1.79   -0.29 (VIOLATED)
openlane/Video/runs/23_05_11_00_24/logs/placement\7-global.log[2651]: _2389_/B1                               1.50    1.79   -0.29 (VIOLATED)
openlane/Video/runs/23_05_11_00_24/logs/placement\7-global.log[2652]: _2395_/B1                               1.50    1.79   -0.29 (VIOLATED)
openlane/Video/runs/23_05_11_00_24/logs/placement\7-global.log[2653]: _2401_/B1                               1.50    1.79   -0.29 (VIOLATED)
openlane/Video/runs/23_05_11_00_24/logs/placement\7-global.log[2654]: _2407_/B1                               1.50    1.79   -0.29 (VIOLATED)
openlane/Video/runs/23_05_11_00_24/logs/placement\7-global.log[2655]: _2365_/B1                               1.50    1.79   -0.29 (VIOLATED)
openlane/Video/runs/23_05_11_00_24/logs/placement\7-global.log[2656]: _2322_/B                                1.50    1.79   -0.29 (VIOLATED)
openlane/Video/runs/23_05_11_00_24/logs/placement\7-global.log[2657]: _2353_/B1                               1.50    1.79   -0.29 (VIOLATED)
openlane/Video/runs/23_05_11_00_24/logs/placement\7-global.log[2658]: _2341_/B1                               1.50    1.79   -0.29 (VIOLATED)
openlane/Video/runs/23_05_11_00_24/logs/placement\7-global.log[2659]: _2347_/B1                               1.50    1.79   -0.29 (VIOLATED)
openlane/Video/runs/23_05_11_00_24/logs/placement\7-global.log[2660]: _2335_/B1                               1.50    1.79   -0.29 (VIOLATED)
openlane/Video/runs/23_05_11_00_24/logs/placement\7-global.log[2661]: _2304_/B                                1.50    1.79   -0.29 (VIOLATED)
openlane/Video/runs/23_05_11_00_24/logs/placement\7-global.log[2662]: _2310_/B                                1.50    1.79   -0.29 (VIOLATED)
openlane/Video/runs/23_05_11_00_24/logs/placement\7-global.log[2663]: _2280_/B                                1.50    1.79   -0.29 (VIOLATED)
openlane/Video/runs/23_05_11_00_24/logs/placement\7-global.log[2664]: _2323_/B1                               1.50    1.79   -0.29 (VIOLATED)
openlane/Video/runs/23_05_11_00_24/logs/placement\7-global.log[2665]: _2329_/B1                               1.50    1.79   -0.29 (VIOLATED)
openlane/Video/runs/23_05_11_00_24/logs/placement\7-global.log[2666]: _2299_/B1                               1.50    1.79   -0.29 (VIOLATED)
openlane/Video/runs/23_05_11_00_24/logs/placement\7-global.log[2667]: _2311_/B1                               1.50    1.79   -0.29 (VIOLATED)
openlane/Video/runs/23_05_11_00_24/logs/placement\7-global.log[2668]: _2274_/B                                1.50    1.79   -0.29 (VIOLATED)
openlane/Video/runs/23_05_11_00_24/logs/placement\7-global.log[2669]: _2383_/B1                               1.50    1.79   -0.29 (VIOLATED)
openlane/Video/runs/23_05_11_00_24/logs/placement\7-global.log[2670]: _2359_/B1                               1.50    1.79   -0.29 (VIOLATED)
openlane/Video/runs/23_05_11_00_24/logs/placement\7-global.log[2671]: _2371_/B1                               1.50    1.79   -0.29 (VIOLATED)
openlane/Video/runs/23_05_11_00_24/logs/placement\7-global.log[2672]: _2268_/B                                1.50    1.79   -0.29 (VIOLATED)
openlane/Video/runs/23_05_11_00_24/logs/placement\7-global.log[2673]: _2287_/B1                               1.50    1.79   -0.29 (VIOLATED)
openlane/Video/runs/23_05_11_00_24/logs/placement\7-global.log[2674]: _2317_/B1                               1.50    1.79   -0.29 (VIOLATED)
openlane/Video/runs/23_05_11_00_24/logs/placement\7-global.log[2675]: _2262_/B                                1.50    1.79   -0.29 (VIOLATED)
openlane/Video/runs/23_05_11_00_24/logs/placement\7-global.log[2676]: _2305_/B1                               1.50    1.79   -0.29 (VIOLATED)
openlane/Video/runs/23_05_11_00_24/logs/placement\7-global.log[2677]: _2256_/B                                1.50    1.79   -0.29 (VIOLATED)
openlane/Video/runs/23_05_11_00_24/logs/placement\7-global.log[2678]: _2293_/B1                               1.50    1.79   -0.29 (VIOLATED)
openlane/Video/runs/23_05_11_00_24/logs/placement\7-global.log[2679]: _2263_/B1                               1.50    1.79   -0.29 (VIOLATED)
openlane/Video/runs/23_05_11_00_24/logs/placement\7-global.log[2680]: _2275_/B1                               1.50    1.79   -0.29 (VIOLATED)
openlane/Video/runs/23_05_11_00_24/logs/placement\7-global.log[2681]: _2281_/B1                               1.50    1.79   -0.29 (VIOLATED)
openlane/Video/runs/23_05_11_00_24/logs/placement\7-global.log[2682]: _2232_/B                                1.50    1.79   -0.29 (VIOLATED)
openlane/Video/runs/23_05_11_00_24/logs/placement\7-global.log[2683]: _2244_/B                                1.50    1.79   -0.29 (VIOLATED)
openlane/Video/runs/23_05_11_00_24/logs/placement\7-global.log[2684]: _2269_/B1                               1.50    1.79   -0.29 (VIOLATED)
openlane/Video/runs/23_05_11_00_24/logs/placement\7-global.log[2685]: _2251_/B1                               1.50    1.79   -0.29 (VIOLATED)
openlane/Video/runs/23_05_11_00_24/logs/placement\7-global.log[2686]: _2257_/B1                               1.50    1.79   -0.29 (VIOLATED)
openlane/Video/runs/23_05_11_00_24/logs/placement\7-global.log[2687]: _2245_/B1                               1.50    1.79   -0.29 (VIOLATED)
openlane/Video/runs/23_05_11_00_24/logs/placement\7-global.log[2688]: _2238_/B                                1.50    1.79   -0.29 (VIOLATED)
openlane/Video/runs/23_05_11_00_24/logs/placement\7-global.log[2689]: _2233_/B1                               1.50    1.79   -0.29 (VIOLATED)
openlane/Video/runs/23_05_11_00_24/logs/placement\7-global.log[2690]: _2239_/B1                               1.50    1.79   -0.29 (VIOLATED)
openlane/Video/runs/23_05_11_00_24/logs/placement\7-global.log[2691]: _2250_/B                                1.50    1.79   -0.29 (VIOLATED)
openlane/Video/runs/23_05_11_00_24/logs/placement\7-global.log[2692]: _1711_/Y                                1.50    1.79   -0.29 (VIOLATED)
openlane/Video/runs/23_05_11_00_24/logs/placement\7-global.log[2693]: _2103_/C1                               1.50    1.52   -0.02 (VIOLATED)
openlane/Video/runs/23_05_11_00_24/logs/placement\7-global.log[2694]: _2108_/C1                               1.50    1.52   -0.02 (VIOLATED)
openlane/Video/runs/23_05_11_00_24/logs/placement\7-global.log[2695]: _2072_/C1                               1.50    1.52   -0.02 (VIOLATED)
openlane/Video/runs/23_05_11_00_24/logs/placement\7-global.log[2696]: _2098_/C1                               1.50    1.52   -0.02 (VIOLATED)
openlane/Video/runs/23_05_11_00_24/logs/placement\7-global.log[2697]: _2060_/C1                               1.50    1.52   -0.02 (VIOLATED)
openlane/Video/runs/23_05_11_00_24/logs/placement\7-global.log[2698]: _2052_/C1                               1.50    1.52   -0.02 (VIOLATED)
openlane/Video/runs/23_05_11_00_24/logs/placement\7-global.log[2699]: _2045_/C1                               1.50    1.52   -0.02 (VIOLATED)
openlane/Video/runs/23_05_11_00_24/logs/placement\7-global.log[2700]: _2012_/C1                               1.50    1.52   -0.02 (VIOLATED)
openlane/Video/runs/23_05_11_00_24/logs/placement\7-global.log[2701]: _2083_/C1                               1.50    1.52   -0.02 (VIOLATED)
openlane/Video/runs/23_05_11_00_24/logs/placement\7-global.log[2702]: _2088_/C1                               1.50    1.52   -0.02 (VIOLATED)
openlane/Video/runs/23_05_11_00_24/logs/placement\7-global.log[2703]: _2003_/C1                               1.50    1.52   -0.02 (VIOLATED)
openlane/Video/runs/23_05_11_00_24/logs/placement\7-global.log[2704]: _2113_/C1                               1.50    1.52   -0.02 (VIOLATED)
openlane/Video/runs/23_05_11_00_24/logs/placement\7-global.log[2705]: _2149_/C1                               1.50    1.52   -0.02 (VIOLATED)
openlane/Video/runs/23_05_11_00_24/logs/placement\7-global.log[2706]: _2144_/C1                               1.50    1.52   -0.02 (VIOLATED)
openlane/Video/runs/23_05_11_00_24/logs/placement\7-global.log[2707]: _2154_/C1                               1.50    1.52   -0.02 (VIOLATED)
openlane/Video/runs/23_05_11_00_24/logs/placement\7-global.log[2708]: _1792_/C1                               1.50    1.52   -0.02 (VIOLATED)
openlane/Video/runs/23_05_11_00_24/logs/placement\7-global.log[2709]: _2119_/C1                               1.50    1.52   -0.02 (VIOLATED)
openlane/Video/runs/23_05_11_00_24/logs/placement\7-global.log[2710]: _2124_/C1                               1.50    1.52   -0.02 (VIOLATED)
openlane/Video/runs/23_05_11_00_24/logs/placement\7-global.log[2711]: _2093_/C1                               1.50    1.52   -0.02 (VIOLATED)
openlane/Video/runs/23_05_11_00_24/logs/placement\7-global.log[2712]: _2078_/C1                               1.50    1.52   -0.02 (VIOLATED)
openlane/Video/runs/23_05_11_00_24/logs/placement\7-global.log[2713]: _2067_/C1                               1.50    1.52   -0.02 (VIOLATED)
openlane/Video/runs/23_05_11_00_24/logs/placement\7-global.log[2714]: _2028_/C1                               1.50    1.52   -0.02 (VIOLATED)
openlane/Video/runs/23_05_11_00_24/logs/placement\7-global.log[2715]: _1876_/C1                               1.50    1.52   -0.02 (VIOLATED)
openlane/Video/runs/23_05_11_00_24/logs/placement\7-global.log[2716]: _1896_/C1                               1.50    1.52   -0.02 (VIOLATED)
openlane/Video/runs/23_05_11_00_24/logs/placement\7-global.log[2717]: _1954_/C1                               1.50    1.52   -0.02 (VIOLATED)
openlane/Video/runs/23_05_11_00_24/logs/placement\7-global.log[2718]: _1481_/Y                                1.50    1.52   -0.02 (VIOLATED)
openlane/Video/runs/23_05_11_00_24/logs/placement\7-global.log[2719]: _1916_/C1                               1.50    1.52   -0.02 (VIOLATED)
openlane/Video/runs/23_05_11_00_24/logs/placement\7-global.log[2720]: _1936_/C1                               1.50    1.52   -0.02 (VIOLATED)
openlane/Video/runs/23_05_11_00_24/logs/placement\7-global.log[2721]: _1972_/C1                               1.50    1.52   -0.02 (VIOLATED)
openlane/Video/runs/23_05_11_00_24/logs/placement\7-global.log[2722]: _1854_/C1                               1.50    1.52   -0.02 (VIOLATED)
openlane/Video/runs/23_05_11_00_24/logs/placement\7-global.log[2723]: _2140_/C1                               1.50    1.52   -0.02 (VIOLATED)
openlane/Video/runs/23_05_11_00_24/logs/placement\7-global.log[2724]: _2135_/C1                               1.50    1.52   -0.02 (VIOLATED)
openlane/Video/runs/23_05_11_00_24/logs/placement\7-global.log[2725]: _2130_/C1                               1.50    1.52   -0.02 (VIOLATED)
openlane/Video/runs/23_05_11_00_24/logs/placement\7-global.log[2726]: _1488_/A                                1.50    1.52   -0.02 (VIOLATED)
openlane/Video/runs/23_05_11_00_24/logs/placement\7-global.log[2732]: wb_rst_i                                 10     73    -63 (VIOLATED)
openlane/Video/runs/23_05_11_00_24/logs/placement\7-global.log[2733]: _1711_/Y                                 10     60    -50 (VIOLATED)
openlane/Video/runs/23_05_11_00_24/logs/placement\7-global.log[2734]: _1459_/X                                 10     58    -48 (VIOLATED)
openlane/Video/runs/23_05_11_00_24/logs/placement\7-global.log[2735]: _1398_/Y                                 10     52    -42 (VIOLATED)
openlane/Video/runs/23_05_11_00_24/logs/placement\7-global.log[2736]: _1418_/X                                 10     43    -33 (VIOLATED)
openlane/Video/runs/23_05_11_00_24/logs/placement\7-global.log[2737]: _1496_/Y                                 10     34    -24 (VIOLATED)
openlane/Video/runs/23_05_11_00_24/logs/placement\7-global.log[2738]: _1481_/Y                                 10     33    -23 (VIOLATED)
openlane/Video/runs/23_05_11_00_24/logs/placement\7-global.log[2739]: _1489_/X                                 10     33    -23 (VIOLATED)
openlane/Video/runs/23_05_11_00_24/logs/placement\7-global.log[2740]: _1491_/X                                 10     33    -23 (VIOLATED)
openlane/Video/runs/23_05_11_00_24/logs/placement\7-global.log[2741]: _1493_/X                                 10     33    -23 (VIOLATED)
openlane/Video/runs/23_05_11_00_24/logs/placement\7-global.log[2742]: _1710_/X                                 10     33    -23 (VIOLATED)
openlane/Video/runs/23_05_11_00_24/logs/placement\7-global.log[2743]: _1482_/X                                 10     32    -22 (VIOLATED)
openlane/Video/runs/23_05_11_00_24/logs/placement\7-global.log[2744]: _1701_/X                                 10     32    -22 (VIOLATED)
openlane/Video/runs/23_05_11_00_24/logs/placement\7-global.log[2745]: _1704_/X                                 10     32    -22 (VIOLATED)
openlane/Video/runs/23_05_11_00_24/logs/placement\7-global.log[2746]: _1782_/X                                 10     32    -22 (VIOLATED)
openlane/Video/runs/23_05_11_00_24/logs/placement\7-global.log[2747]: _1712_/X                                 10     31    -21 (VIOLATED)
openlane/Video/runs/23_05_11_00_24/logs/placement\7-global.log[2748]: _2864_/Q                                 10     31    -21 (VIOLATED)
openlane/Video/runs/23_05_11_00_24/logs/placement\7-global.log[2749]: _2946_/Q                                 10     31    -21 (VIOLATED)
openlane/Video/runs/23_05_11_00_24/logs/placement\7-global.log[2750]: _1395_/Y                                 10     30    -20 (VIOLATED)
openlane/Video/runs/23_05_11_00_24/logs/placement\7-global.log[2751]: _1700_/Y                                 10     30    -20 (VIOLATED)
openlane/Video/runs/23_05_11_00_24/logs/placement\7-global.log[2752]: _1703_/Y                                 10     30    -20 (VIOLATED)
openlane/Video/runs/23_05_11_00_24/logs/placement\7-global.log[2753]: _2163_/X                                 10     26    -16 (VIOLATED)
openlane/Video/runs/23_05_11_00_24/logs/placement\7-global.log[2754]: _1434_/X                                 10     23    -13 (VIOLATED)
openlane/Video/runs/23_05_11_00_24/logs/placement\7-global.log[2755]: _2865_/Q                                 10     23    -13 (VIOLATED)
openlane/Video/runs/23_05_11_00_24/logs/placement\7-global.log[2756]: _2065_/X                                 10     21    -11 (VIOLATED)
openlane/Video/runs/23_05_11_00_24/logs/placement\7-global.log[2757]: _1781_/Y                                 10     20    -10 (VIOLATED)
openlane/Video/runs/23_05_11_00_24/logs/placement\7-global.log[2758]: _1484_/Y                                 10     19     -9 (VIOLATED)
openlane/Video/runs/23_05_11_00_24/logs/placement\7-global.log[2759]: _1485_/X                                 10     19     -9 (VIOLATED)
openlane/Video/runs/23_05_11_00_24/logs/placement\7-global.log[2760]: _2059_/X                                 10     19     -9 (VIOLATED)
openlane/Video/runs/23_05_11_00_24/logs/placement\7-global.log[2761]: _1544_/Y                                 10     15     -5 (VIOLATED)
openlane/Video/runs/23_05_11_00_24/logs/placement\7-global.log[2762]: _1458_/X                                 10     14     -4 (VIOLATED)
openlane/Video/runs/23_05_11_00_24/logs/placement\7-global.log[2763]: _1526_/X                                 10     13     -3 (VIOLATED)
openlane/Video/runs/23_05_11_00_24/logs/placement\7-global.log[2764]: _1850_/X                                 10     13     -3 (VIOLATED)
openlane/Video/runs/23_05_11_00_24/logs/placement\7-global.log[2765]: _1483_/X                                 10     12     -2 (VIOLATED)
openlane/Video/runs/23_05_11_00_24/logs/placement\7-global.log[2766]: _1790_/Y                                 10     12     -2 (VIOLATED)
openlane/Video/runs/23_05_11_00_24/logs/placement\7-global.log[2767]: _1799_/Y                                 10     12     -2 (VIOLATED)
openlane/Video/runs/23_05_11_00_24/logs/placement\7-global.log[2768]: _1805_/Y                                 10     12     -2 (VIOLATED)
openlane/Video/runs/23_05_11_00_24/logs/placement\7-global.log[2769]: _1809_/Y                                 10     12     -2 (VIOLATED)
openlane/Video/runs/23_05_11_00_24/logs/placement\7-global.log[2770]: _2771_/X                                 10     12     -2 (VIOLATED)
openlane/Video/runs/23_05_11_00_24/logs/placement\7-global.log[2771]: _1527_/Y                                 10     11        (VIOLATED)
openlane/Video/runs/23_05_11_00_24/logs/placement\7-global.log[2772]: _1697_/X                                 10     11        (VIOLATED)
openlane/Video/runs/23_05_11_00_24/logs/placement\7-global.log[2773]: _1808_/X                                 10     11        (VIOLATED)
openlane/Video/runs/23_05_11_00_24/logs/placement\7-global.log[2774]: _1819_/X                                 10     11        (VIOLATED)
openlane/Video/runs/23_05_11_00_24/logs/placement\7-global.log[2775]: _1824_/Y                                 10     11        (VIOLATED)
openlane/Video/runs/23_05_11_00_24/logs/placement\7-global.log[2776]: _1825_/X                                 10     11        (VIOLATED)
openlane/Video/runs/23_05_11_00_24/logs/placement\7-global.log[2777]: _2679_/Y                                 10     11        (VIOLATED)
openlane/Video/runs/23_05_11_00_24/logs/placement\7-global.log[2778]: _2888_/Q                                 10     11        (VIOLATED)
openlane/Video/runs/23_05_11_00_24/logs/placement\7-global.log[2784]: _1711_/Y                                0.13    0.15   -0.03 (VIOLATED)
openlane/Video/runs/23_05_11_00_24/logs/placement\7-global.log[2785]: _1544_/Y                                0.06    0.08   -0.02 (VIOLATED)
openlane/Video/runs/23_05_11_00_24/logs/placement\7-global.log[2786]: _1481_/Y                                0.14    0.14   -0.00 (VIOLATED)
openlane/Video/runs/23_05_11_00_24/logs/placement\7-global.log[2787]: _1700_/Y                                0.09    0.09   -0.00 (VIOLATED)
openlane/Video/runs/23_05_11_00_24/logs/placement\7-global.log[2791]: max slew violation count 111
openlane/Video/runs/23_05_11_00_24/logs/placement\7-global.log[2792]: max fanout violation count 47
openlane/Video/runs/23_05_11_00_24/logs/placement\7-global.log[2793]: max cap violation count 4
openlane/Video/runs/23_05_11_00_24/logs/signoff\20-rcx_mcsta.min.log[159486]: clkbuf_3_0__f_wb_clk_i/X                 10     13     -3 (VIOLATED)
openlane/Video/runs/23_05_11_00_24/logs/signoff\20-rcx_mcsta.min.log[159487]: input294/X                               10     12     -2 (VIOLATED)
openlane/Video/runs/23_05_11_00_24/logs/signoff\20-rcx_mcsta.min.log[159488]: fanout613/X                              10     11        (VIOLATED)
openlane/Video/runs/23_05_11_00_24/logs/signoff\20-rcx_mcsta.min.log[159489]: input283/X                               10     11        (VIOLATED)
openlane/Video/runs/23_05_11_00_24/logs/signoff\20-rcx_mcsta.min.log[159490]: input297/X                               10     11        (VIOLATED)
openlane/Video/runs/23_05_11_00_24/logs/signoff\20-rcx_mcsta.min.log[159491]: input298/X                               10     11        (VIOLATED)
openlane/Video/runs/23_05_11_00_24/logs/signoff\20-rcx_mcsta.min.log[159492]: input299/X                               10     11        (VIOLATED)
openlane/Video/runs/23_05_11_00_24/logs/signoff\20-rcx_mcsta.min.log[159493]: input300/X                               10     11        (VIOLATED)
openlane/Video/runs/23_05_11_00_24/logs/signoff\20-rcx_mcsta.min.log[159494]: input301/X                               10     11        (VIOLATED)
openlane/Video/runs/23_05_11_00_24/logs/signoff\20-rcx_mcsta.min.log[159503]: clkbuf_3_0__f_wb_clk_i/X                 10     13     -3 (VIOLATED)
openlane/Video/runs/23_05_11_00_24/logs/signoff\20-rcx_mcsta.min.log[159504]: input294/X                               10     12     -2 (VIOLATED)
openlane/Video/runs/23_05_11_00_24/logs/signoff\20-rcx_mcsta.min.log[159505]: fanout613/X                              10     11        (VIOLATED)
openlane/Video/runs/23_05_11_00_24/logs/signoff\20-rcx_mcsta.min.log[159506]: input283/X                               10     11        (VIOLATED)
openlane/Video/runs/23_05_11_00_24/logs/signoff\20-rcx_mcsta.min.log[159507]: input297/X                               10     11        (VIOLATED)
openlane/Video/runs/23_05_11_00_24/logs/signoff\20-rcx_mcsta.min.log[159508]: input298/X                               10     11        (VIOLATED)
openlane/Video/runs/23_05_11_00_24/logs/signoff\20-rcx_mcsta.min.log[159509]: input299/X                               10     11        (VIOLATED)
openlane/Video/runs/23_05_11_00_24/logs/signoff\20-rcx_mcsta.min.log[159510]: input300/X                               10     11        (VIOLATED)
openlane/Video/runs/23_05_11_00_24/logs/signoff\20-rcx_mcsta.min.log[159511]: input301/X                               10     11        (VIOLATED)
openlane/Video/runs/23_05_11_00_24/logs/signoff\20-rcx_mcsta.min.log[159520]: clkbuf_3_0__f_wb_clk_i/X                 10     13     -3 (VIOLATED)
openlane/Video/runs/23_05_11_00_24/logs/signoff\20-rcx_mcsta.min.log[159521]: input294/X                               10     12     -2 (VIOLATED)
openlane/Video/runs/23_05_11_00_24/logs/signoff\20-rcx_mcsta.min.log[159522]: fanout613/X                              10     11        (VIOLATED)
openlane/Video/runs/23_05_11_00_24/logs/signoff\20-rcx_mcsta.min.log[159523]: input283/X                               10     11        (VIOLATED)
openlane/Video/runs/23_05_11_00_24/logs/signoff\20-rcx_mcsta.min.log[159524]: input297/X                               10     11        (VIOLATED)
openlane/Video/runs/23_05_11_00_24/logs/signoff\20-rcx_mcsta.min.log[159525]: input298/X                               10     11        (VIOLATED)
openlane/Video/runs/23_05_11_00_24/logs/signoff\20-rcx_mcsta.min.log[159526]: input299/X                               10     11        (VIOLATED)
openlane/Video/runs/23_05_11_00_24/logs/signoff\20-rcx_mcsta.min.log[159527]: input300/X                               10     11        (VIOLATED)
openlane/Video/runs/23_05_11_00_24/logs/signoff\20-rcx_mcsta.min.log[159528]: input301/X                               10     11        (VIOLATED)
openlane/Video/runs/23_05_11_00_24/logs/signoff\20-rcx_mcsta.min.log[159533]: max fanout violation count 9
openlane/Video/runs/23_05_11_00_24/logs/signoff\22-rcx_mcsta.max.log[159920]: _1785_/Y                                1.50    1.57   -0.08 (VIOLATED)
openlane/Video/runs/23_05_11_00_24/logs/signoff\22-rcx_mcsta.max.log[159921]: _1812_/C_N                              1.50    1.57   -0.07 (VIOLATED)
openlane/Video/runs/23_05_11_00_24/logs/signoff\22-rcx_mcsta.max.log[159922]: _1829_/C_N                              1.50    1.57   -0.07 (VIOLATED)
openlane/Video/runs/23_05_11_00_24/logs/signoff\22-rcx_mcsta.max.log[159923]: _1811_/C_N                              1.50    1.57   -0.07 (VIOLATED)
openlane/Video/runs/23_05_11_00_24/logs/signoff\22-rcx_mcsta.max.log[159924]: _1800_/A                                1.50    1.57   -0.07 (VIOLATED)
openlane/Video/runs/23_05_11_00_24/logs/signoff\22-rcx_mcsta.max.log[159925]: _1801_/A                                1.50    1.57   -0.07 (VIOLATED)
openlane/Video/runs/23_05_11_00_24/logs/signoff\22-rcx_mcsta.max.log[159926]: _1787_/C                                1.50    1.57   -0.07 (VIOLATED)
openlane/Video/runs/23_05_11_00_24/logs/signoff\22-rcx_mcsta.max.log[159927]: _1828_/C                                1.50    1.57   -0.07 (VIOLATED)
openlane/Video/runs/23_05_11_00_24/logs/signoff\22-rcx_mcsta.max.log[159933]: clkbuf_3_0__f_wb_clk_i/X                 10     13     -3 (VIOLATED)
openlane/Video/runs/23_05_11_00_24/logs/signoff\22-rcx_mcsta.max.log[159934]: input294/X                               10     12     -2 (VIOLATED)
openlane/Video/runs/23_05_11_00_24/logs/signoff\22-rcx_mcsta.max.log[159935]: fanout613/X                              10     11        (VIOLATED)
openlane/Video/runs/23_05_11_00_24/logs/signoff\22-rcx_mcsta.max.log[159936]: input283/X                               10     11        (VIOLATED)
openlane/Video/runs/23_05_11_00_24/logs/signoff\22-rcx_mcsta.max.log[159937]: input297/X                               10     11        (VIOLATED)
openlane/Video/runs/23_05_11_00_24/logs/signoff\22-rcx_mcsta.max.log[159938]: input298/X                               10     11        (VIOLATED)
openlane/Video/runs/23_05_11_00_24/logs/signoff\22-rcx_mcsta.max.log[159939]: input299/X                               10     11        (VIOLATED)
openlane/Video/runs/23_05_11_00_24/logs/signoff\22-rcx_mcsta.max.log[159940]: input300/X                               10     11        (VIOLATED)
openlane/Video/runs/23_05_11_00_24/logs/signoff\22-rcx_mcsta.max.log[159941]: input301/X                               10     11        (VIOLATED)
openlane/Video/runs/23_05_11_00_24/logs/signoff\22-rcx_mcsta.max.log[159947]: _1785_/Y                                0.06    0.07   -0.01 (VIOLATED)
openlane/Video/runs/23_05_11_00_24/logs/signoff\22-rcx_mcsta.max.log[159956]: clkbuf_3_0__f_wb_clk_i/X                 10     13     -3 (VIOLATED)
openlane/Video/runs/23_05_11_00_24/logs/signoff\22-rcx_mcsta.max.log[159957]: input294/X                               10     12     -2 (VIOLATED)
openlane/Video/runs/23_05_11_00_24/logs/signoff\22-rcx_mcsta.max.log[159958]: fanout613/X                              10     11        (VIOLATED)
openlane/Video/runs/23_05_11_00_24/logs/signoff\22-rcx_mcsta.max.log[159959]: input283/X                               10     11        (VIOLATED)
openlane/Video/runs/23_05_11_00_24/logs/signoff\22-rcx_mcsta.max.log[159960]: input297/X                               10     11        (VIOLATED)
openlane/Video/runs/23_05_11_00_24/logs/signoff\22-rcx_mcsta.max.log[159961]: input298/X                               10     11        (VIOLATED)
openlane/Video/runs/23_05_11_00_24/logs/signoff\22-rcx_mcsta.max.log[159962]: input299/X                               10     11        (VIOLATED)
openlane/Video/runs/23_05_11_00_24/logs/signoff\22-rcx_mcsta.max.log[159963]: input300/X                               10     11        (VIOLATED)
openlane/Video/runs/23_05_11_00_24/logs/signoff\22-rcx_mcsta.max.log[159964]: input301/X                               10     11        (VIOLATED)
openlane/Video/runs/23_05_11_00_24/logs/signoff\22-rcx_mcsta.max.log[159973]: clkbuf_3_0__f_wb_clk_i/X                 10     13     -3 (VIOLATED)
openlane/Video/runs/23_05_11_00_24/logs/signoff\22-rcx_mcsta.max.log[159974]: input294/X                               10     12     -2 (VIOLATED)
openlane/Video/runs/23_05_11_00_24/logs/signoff\22-rcx_mcsta.max.log[159975]: fanout613/X                              10     11        (VIOLATED)
openlane/Video/runs/23_05_11_00_24/logs/signoff\22-rcx_mcsta.max.log[159976]: input283/X                               10     11        (VIOLATED)
openlane/Video/runs/23_05_11_00_24/logs/signoff\22-rcx_mcsta.max.log[159977]: input297/X                               10     11        (VIOLATED)
openlane/Video/runs/23_05_11_00_24/logs/signoff\22-rcx_mcsta.max.log[159978]: input298/X                               10     11        (VIOLATED)
openlane/Video/runs/23_05_11_00_24/logs/signoff\22-rcx_mcsta.max.log[159979]: input299/X                               10     11        (VIOLATED)
openlane/Video/runs/23_05_11_00_24/logs/signoff\22-rcx_mcsta.max.log[159980]: input300/X                               10     11        (VIOLATED)
openlane/Video/runs/23_05_11_00_24/logs/signoff\22-rcx_mcsta.max.log[159981]: input301/X                               10     11        (VIOLATED)
openlane/Video/runs/23_05_11_00_24/logs/signoff\22-rcx_mcsta.max.log[159985]: max slew violation count 8
openlane/Video/runs/23_05_11_00_24/logs/signoff\22-rcx_mcsta.max.log[159986]: max fanout violation count 9
openlane/Video/runs/23_05_11_00_24/logs/signoff\22-rcx_mcsta.max.log[159987]: max cap violation count 1
openlane/Video/runs/23_05_11_00_24/logs/signoff\24-rcx_mcsta.nom.log[159623]: clkbuf_3_0__f_wb_clk_i/X                 10     13     -3 (VIOLATED)
openlane/Video/runs/23_05_11_00_24/logs/signoff\24-rcx_mcsta.nom.log[159624]: input294/X                               10     12     -2 (VIOLATED)
openlane/Video/runs/23_05_11_00_24/logs/signoff\24-rcx_mcsta.nom.log[159625]: fanout613/X                              10     11        (VIOLATED)
openlane/Video/runs/23_05_11_00_24/logs/signoff\24-rcx_mcsta.nom.log[159626]: input283/X                               10     11        (VIOLATED)
openlane/Video/runs/23_05_11_00_24/logs/signoff\24-rcx_mcsta.nom.log[159627]: input297/X                               10     11        (VIOLATED)
openlane/Video/runs/23_05_11_00_24/logs/signoff\24-rcx_mcsta.nom.log[159628]: input298/X                               10     11        (VIOLATED)
openlane/Video/runs/23_05_11_00_24/logs/signoff\24-rcx_mcsta.nom.log[159629]: input299/X                               10     11        (VIOLATED)
openlane/Video/runs/23_05_11_00_24/logs/signoff\24-rcx_mcsta.nom.log[159630]: input300/X                               10     11        (VIOLATED)
openlane/Video/runs/23_05_11_00_24/logs/signoff\24-rcx_mcsta.nom.log[159631]: input301/X                               10     11        (VIOLATED)
openlane/Video/runs/23_05_11_00_24/logs/signoff\24-rcx_mcsta.nom.log[159637]: _1785_/Y                                0.06    0.06   -0.00 (VIOLATED)
openlane/Video/runs/23_05_11_00_24/logs/signoff\24-rcx_mcsta.nom.log[159646]: clkbuf_3_0__f_wb_clk_i/X                 10     13     -3 (VIOLATED)
openlane/Video/runs/23_05_11_00_24/logs/signoff\24-rcx_mcsta.nom.log[159647]: input294/X                               10     12     -2 (VIOLATED)
openlane/Video/runs/23_05_11_00_24/logs/signoff\24-rcx_mcsta.nom.log[159648]: fanout613/X                              10     11        (VIOLATED)
openlane/Video/runs/23_05_11_00_24/logs/signoff\24-rcx_mcsta.nom.log[159649]: input283/X                               10     11        (VIOLATED)
openlane/Video/runs/23_05_11_00_24/logs/signoff\24-rcx_mcsta.nom.log[159650]: input297/X                               10     11        (VIOLATED)
openlane/Video/runs/23_05_11_00_24/logs/signoff\24-rcx_mcsta.nom.log[159651]: input298/X                               10     11        (VIOLATED)
openlane/Video/runs/23_05_11_00_24/logs/signoff\24-rcx_mcsta.nom.log[159652]: input299/X                               10     11        (VIOLATED)
openlane/Video/runs/23_05_11_00_24/logs/signoff\24-rcx_mcsta.nom.log[159653]: input300/X                               10     11        (VIOLATED)
openlane/Video/runs/23_05_11_00_24/logs/signoff\24-rcx_mcsta.nom.log[159654]: input301/X                               10     11        (VIOLATED)
openlane/Video/runs/23_05_11_00_24/logs/signoff\24-rcx_mcsta.nom.log[159663]: clkbuf_3_0__f_wb_clk_i/X                 10     13     -3 (VIOLATED)
openlane/Video/runs/23_05_11_00_24/logs/signoff\24-rcx_mcsta.nom.log[159664]: input294/X                               10     12     -2 (VIOLATED)
openlane/Video/runs/23_05_11_00_24/logs/signoff\24-rcx_mcsta.nom.log[159665]: fanout613/X                              10     11        (VIOLATED)
openlane/Video/runs/23_05_11_00_24/logs/signoff\24-rcx_mcsta.nom.log[159666]: input283/X                               10     11        (VIOLATED)
openlane/Video/runs/23_05_11_00_24/logs/signoff\24-rcx_mcsta.nom.log[159667]: input297/X                               10     11        (VIOLATED)
openlane/Video/runs/23_05_11_00_24/logs/signoff\24-rcx_mcsta.nom.log[159668]: input298/X                               10     11        (VIOLATED)
openlane/Video/runs/23_05_11_00_24/logs/signoff\24-rcx_mcsta.nom.log[159669]: input299/X                               10     11        (VIOLATED)
openlane/Video/runs/23_05_11_00_24/logs/signoff\24-rcx_mcsta.nom.log[159670]: input300/X                               10     11        (VIOLATED)
openlane/Video/runs/23_05_11_00_24/logs/signoff\24-rcx_mcsta.nom.log[159671]: input301/X                               10     11        (VIOLATED)
openlane/Video/runs/23_05_11_00_24/logs/signoff\24-rcx_mcsta.nom.log[159676]: max fanout violation count 9
openlane/Video/runs/23_05_11_00_24/logs/signoff\24-rcx_mcsta.nom.log[159677]: max cap violation count 1
openlane/Video/runs/23_05_11_00_24/logs/signoff\25-rcx_sta.log[647]: clkbuf_3_0__f_wb_clk_i/X                 10     13     -3 (VIOLATED)
openlane/Video/runs/23_05_11_00_24/logs/signoff\25-rcx_sta.log[648]: input294/X                               10     12     -2 (VIOLATED)
openlane/Video/runs/23_05_11_00_24/logs/signoff\25-rcx_sta.log[649]: fanout613/X                              10     11        (VIOLATED)
openlane/Video/runs/23_05_11_00_24/logs/signoff\25-rcx_sta.log[650]: input283/X                               10     11        (VIOLATED)
openlane/Video/runs/23_05_11_00_24/logs/signoff\25-rcx_sta.log[651]: input297/X                               10     11        (VIOLATED)
openlane/Video/runs/23_05_11_00_24/logs/signoff\25-rcx_sta.log[652]: input298/X                               10     11        (VIOLATED)
openlane/Video/runs/23_05_11_00_24/logs/signoff\25-rcx_sta.log[653]: input299/X                               10     11        (VIOLATED)
openlane/Video/runs/23_05_11_00_24/logs/signoff\25-rcx_sta.log[654]: input300/X                               10     11        (VIOLATED)
openlane/Video/runs/23_05_11_00_24/logs/signoff\25-rcx_sta.log[655]: input301/X                               10     11        (VIOLATED)
openlane/Video/runs/23_05_11_00_24/logs/signoff\25-rcx_sta.log[660]: max fanout violation count 9
openlane/Video/runs/23_05_11_00_24/logs/signoff\30-spice.log[190]: Video: 36027 errors
openlane/Video/runs/23_05_11_00_24/logs/signoff\30-spice.log[191]: Total of 36027 errors (check feedback entries).
openlane/Video/runs/23_05_11_00_24/logs/signoff\33-Video.lef.lvs.log[1198]: HI                                         |(no matching pin)
openlane/Video/runs/23_05_11_00_24/logs/signoff\35-antenna.log[20]: Required ratio:  400.00 (Side area) (VIOLATED)
openlane/Video/runs/23_05_11_00_24/logs/signoff\35-antenna.log[65]: Required ratio:  400.00 (Side area) (VIOLATED)
openlane/Video/runs/23_05_11_00_24/logs/signoff\35-antenna.log[110]: Required ratio:  400.00 (Side area) (VIOLATED)
openlane/Video/runs/23_05_11_00_24/logs/signoff\35-antenna.log[155]: Required ratio:  400.00 (Side area) (VIOLATED)
openlane/Video/runs/23_05_11_00_24/logs/signoff\35-antenna.log[200]: Required ratio:  400.00 (Side area) (VIOLATED)
openlane/Video/runs/23_05_11_00_24/logs/signoff\35-antenna.log[243]: Required ratio:  400.00 (Side area) (VIOLATED)
openlane/Video/runs/23_05_11_00_24/logs/signoff\35-antenna.log[364]: Required ratio:  400.00 (Side area) (VIOLATED)
openlane/Video/runs/23_05_11_00_24/logs/signoff\35-antenna.log[538]: Required ratio:  400.00 (Side area) (VIOLATED)
openlane/Video/runs/23_05_11_00_24/logs/signoff\35-antenna.log[755]: Required ratio:  400.00 (Side area) (VIOLATED)
openlane/Video/runs/23_05_11_00_24/logs/signoff\36-erc_screen.log[52]: Fatal error:could not find subcircuit: XFILLER_100_127(sky130_ef_sc_hd__decap_12) in Video
openlane/Video/runs/23_05_11_00_24/reports/synthesis\2-syn_sta.parasitics_check.rpt[2096]: wb_rst_i                                 10     73    -63 (VIOLATED)
openlane/Video/runs/23_05_11_00_24/reports/synthesis\2-syn_sta.parasitics_check.rpt[2097]: _1711_/Y                                 10     60    -50 (VIOLATED)
openlane/Video/runs/23_05_11_00_24/reports/synthesis\2-syn_sta.parasitics_check.rpt[2098]: _1459_/X                                 10     58    -48 (VIOLATED)
openlane/Video/runs/23_05_11_00_24/reports/synthesis\2-syn_sta.parasitics_check.rpt[2099]: _1398_/Y                                 10     52    -42 (VIOLATED)
openlane/Video/runs/23_05_11_00_24/reports/synthesis\2-syn_sta.parasitics_check.rpt[2100]: _1418_/X                                 10     43    -33 (VIOLATED)
openlane/Video/runs/23_05_11_00_24/reports/synthesis\2-syn_sta.parasitics_check.rpt[2101]: _1496_/Y                                 10     34    -24 (VIOLATED)
openlane/Video/runs/23_05_11_00_24/reports/synthesis\2-syn_sta.parasitics_check.rpt[2102]: _1481_/Y                                 10     33    -23 (VIOLATED)
openlane/Video/runs/23_05_11_00_24/reports/synthesis\2-syn_sta.parasitics_check.rpt[2103]: _1489_/X                                 10     33    -23 (VIOLATED)
openlane/Video/runs/23_05_11_00_24/reports/synthesis\2-syn_sta.parasitics_check.rpt[2104]: _1491_/X                                 10     33    -23 (VIOLATED)
openlane/Video/runs/23_05_11_00_24/reports/synthesis\2-syn_sta.parasitics_check.rpt[2105]: _1493_/X                                 10     33    -23 (VIOLATED)
openlane/Video/runs/23_05_11_00_24/reports/synthesis\2-syn_sta.parasitics_check.rpt[2106]: _1710_/X                                 10     33    -23 (VIOLATED)
openlane/Video/runs/23_05_11_00_24/reports/synthesis\2-syn_sta.parasitics_check.rpt[2107]: _1482_/X                                 10     32    -22 (VIOLATED)
openlane/Video/runs/23_05_11_00_24/reports/synthesis\2-syn_sta.parasitics_check.rpt[2108]: _1701_/X                                 10     32    -22 (VIOLATED)
openlane/Video/runs/23_05_11_00_24/reports/synthesis\2-syn_sta.parasitics_check.rpt[2109]: _1704_/X                                 10     32    -22 (VIOLATED)
openlane/Video/runs/23_05_11_00_24/reports/synthesis\2-syn_sta.parasitics_check.rpt[2110]: _1782_/X                                 10     32    -22 (VIOLATED)
openlane/Video/runs/23_05_11_00_24/reports/synthesis\2-syn_sta.parasitics_check.rpt[2111]: _1712_/X                                 10     31    -21 (VIOLATED)
openlane/Video/runs/23_05_11_00_24/reports/synthesis\2-syn_sta.parasitics_check.rpt[2112]: _2864_/Q                                 10     31    -21 (VIOLATED)
openlane/Video/runs/23_05_11_00_24/reports/synthesis\2-syn_sta.parasitics_check.rpt[2113]: _2946_/Q                                 10     31    -21 (VIOLATED)
openlane/Video/runs/23_05_11_00_24/reports/synthesis\2-syn_sta.parasitics_check.rpt[2114]: _1395_/Y                                 10     30    -20 (VIOLATED)
openlane/Video/runs/23_05_11_00_24/reports/synthesis\2-syn_sta.parasitics_check.rpt[2115]: _1700_/Y                                 10     30    -20 (VIOLATED)
openlane/Video/runs/23_05_11_00_24/reports/synthesis\2-syn_sta.parasitics_check.rpt[2116]: _1703_/Y                                 10     30    -20 (VIOLATED)
openlane/Video/runs/23_05_11_00_24/reports/synthesis\2-syn_sta.parasitics_check.rpt[2117]: _2163_/X                                 10     26    -16 (VIOLATED)
openlane/Video/runs/23_05_11_00_24/reports/synthesis\2-syn_sta.parasitics_check.rpt[2118]: _1434_/X                                 10     23    -13 (VIOLATED)
openlane/Video/runs/23_05_11_00_24/reports/synthesis\2-syn_sta.parasitics_check.rpt[2119]: _2865_/Q                                 10     23    -13 (VIOLATED)
openlane/Video/runs/23_05_11_00_24/reports/synthesis\2-syn_sta.parasitics_check.rpt[2120]: _2065_/X                                 10     21    -11 (VIOLATED)
openlane/Video/runs/23_05_11_00_24/reports/synthesis\2-syn_sta.parasitics_check.rpt[2121]: _1781_/Y                                 10     20    -10 (VIOLATED)
openlane/Video/runs/23_05_11_00_24/reports/synthesis\2-syn_sta.parasitics_check.rpt[2122]: _1484_/Y                                 10     19     -9 (VIOLATED)
openlane/Video/runs/23_05_11_00_24/reports/synthesis\2-syn_sta.parasitics_check.rpt[2123]: _1485_/X                                 10     19     -9 (VIOLATED)
openlane/Video/runs/23_05_11_00_24/reports/synthesis\2-syn_sta.parasitics_check.rpt[2124]: _2059_/X                                 10     19     -9 (VIOLATED)
openlane/Video/runs/23_05_11_00_24/reports/synthesis\2-syn_sta.parasitics_check.rpt[2125]: _1544_/Y                                 10     15     -5 (VIOLATED)
openlane/Video/runs/23_05_11_00_24/reports/synthesis\2-syn_sta.parasitics_check.rpt[2126]: _1458_/X                                 10     14     -4 (VIOLATED)
openlane/Video/runs/23_05_11_00_24/reports/synthesis\2-syn_sta.parasitics_check.rpt[2127]: _1526_/X                                 10     13     -3 (VIOLATED)
openlane/Video/runs/23_05_11_00_24/reports/synthesis\2-syn_sta.parasitics_check.rpt[2128]: _1850_/X                                 10     13     -3 (VIOLATED)
openlane/Video/runs/23_05_11_00_24/reports/synthesis\2-syn_sta.parasitics_check.rpt[2129]: _1483_/X                                 10     12     -2 (VIOLATED)
openlane/Video/runs/23_05_11_00_24/reports/synthesis\2-syn_sta.parasitics_check.rpt[2130]: _1790_/Y                                 10     12     -2 (VIOLATED)
openlane/Video/runs/23_05_11_00_24/reports/synthesis\2-syn_sta.parasitics_check.rpt[2131]: _1799_/Y                                 10     12     -2 (VIOLATED)
openlane/Video/runs/23_05_11_00_24/reports/synthesis\2-syn_sta.parasitics_check.rpt[2132]: _1805_/Y                                 10     12     -2 (VIOLATED)
openlane/Video/runs/23_05_11_00_24/reports/synthesis\2-syn_sta.parasitics_check.rpt[2133]: _1809_/Y                                 10     12     -2 (VIOLATED)
openlane/Video/runs/23_05_11_00_24/reports/synthesis\2-syn_sta.parasitics_check.rpt[2134]: _2771_/X                                 10     12     -2 (VIOLATED)
openlane/Video/runs/23_05_11_00_24/reports/synthesis\2-syn_sta.parasitics_check.rpt[2135]: _1527_/Y                                 10     11        (VIOLATED)
openlane/Video/runs/23_05_11_00_24/reports/synthesis\2-syn_sta.parasitics_check.rpt[2136]: _1697_/X                                 10     11        (VIOLATED)
openlane/Video/runs/23_05_11_00_24/reports/synthesis\2-syn_sta.parasitics_check.rpt[2137]: _1808_/X                                 10     11        (VIOLATED)
openlane/Video/runs/23_05_11_00_24/reports/synthesis\2-syn_sta.parasitics_check.rpt[2138]: _1819_/X                                 10     11        (VIOLATED)
openlane/Video/runs/23_05_11_00_24/reports/synthesis\2-syn_sta.parasitics_check.rpt[2139]: _1824_/Y                                 10     11        (VIOLATED)
openlane/Video/runs/23_05_11_00_24/reports/synthesis\2-syn_sta.parasitics_check.rpt[2140]: _1825_/X                                 10     11        (VIOLATED)
openlane/Video/runs/23_05_11_00_24/reports/synthesis\2-syn_sta.parasitics_check.rpt[2141]: _2679_/Y                                 10     11        (VIOLATED)
openlane/Video/runs/23_05_11_00_24/reports/synthesis\2-syn_sta.parasitics_check.rpt[2142]: _2888_/Q                                 10     11        (VIOLATED)
openlane/Video/runs/23_05_11_00_24/reports/synthesis\2-syn_sta.parasitics_check.rpt[2147]: max fanout violation count 47
openlane/Video/runs/23_05_11_00_24/reports/synthesis\2-syn_sta.slew.rpt[8]: wb_rst_i                                 10     73    -63 (VIOLATED)
openlane/Video/runs/23_05_11_00_24/reports/synthesis\2-syn_sta.slew.rpt[9]: _1711_/Y                                 10     60    -50 (VIOLATED)
openlane/Video/runs/23_05_11_00_24/reports/synthesis\2-syn_sta.slew.rpt[10]: _1459_/X                                 10     58    -48 (VIOLATED)
openlane/Video/runs/23_05_11_00_24/reports/synthesis\2-syn_sta.slew.rpt[11]: _1398_/Y                                 10     52    -42 (VIOLATED)
openlane/Video/runs/23_05_11_00_24/reports/synthesis\2-syn_sta.slew.rpt[12]: _1418_/X                                 10     43    -33 (VIOLATED)
openlane/Video/runs/23_05_11_00_24/reports/synthesis\2-syn_sta.slew.rpt[13]: _1496_/Y                                 10     34    -24 (VIOLATED)
openlane/Video/runs/23_05_11_00_24/reports/synthesis\2-syn_sta.slew.rpt[14]: _1481_/Y                                 10     33    -23 (VIOLATED)
openlane/Video/runs/23_05_11_00_24/reports/synthesis\2-syn_sta.slew.rpt[15]: _1489_/X                                 10     33    -23 (VIOLATED)
openlane/Video/runs/23_05_11_00_24/reports/synthesis\2-syn_sta.slew.rpt[16]: _1491_/X                                 10     33    -23 (VIOLATED)
openlane/Video/runs/23_05_11_00_24/reports/synthesis\2-syn_sta.slew.rpt[17]: _1493_/X                                 10     33    -23 (VIOLATED)
openlane/Video/runs/23_05_11_00_24/reports/synthesis\2-syn_sta.slew.rpt[18]: _1710_/X                                 10     33    -23 (VIOLATED)
openlane/Video/runs/23_05_11_00_24/reports/synthesis\2-syn_sta.slew.rpt[19]: _1482_/X                                 10     32    -22 (VIOLATED)
openlane/Video/runs/23_05_11_00_24/reports/synthesis\2-syn_sta.slew.rpt[20]: _1701_/X                                 10     32    -22 (VIOLATED)
openlane/Video/runs/23_05_11_00_24/reports/synthesis\2-syn_sta.slew.rpt[21]: _1704_/X                                 10     32    -22 (VIOLATED)
openlane/Video/runs/23_05_11_00_24/reports/synthesis\2-syn_sta.slew.rpt[22]: _1782_/X                                 10     32    -22 (VIOLATED)
openlane/Video/runs/23_05_11_00_24/reports/synthesis\2-syn_sta.slew.rpt[23]: _1712_/X                                 10     31    -21 (VIOLATED)
openlane/Video/runs/23_05_11_00_24/reports/synthesis\2-syn_sta.slew.rpt[24]: _2864_/Q                                 10     31    -21 (VIOLATED)
openlane/Video/runs/23_05_11_00_24/reports/synthesis\2-syn_sta.slew.rpt[25]: _2946_/Q                                 10     31    -21 (VIOLATED)
openlane/Video/runs/23_05_11_00_24/reports/synthesis\2-syn_sta.slew.rpt[26]: _1395_/Y                                 10     30    -20 (VIOLATED)
openlane/Video/runs/23_05_11_00_24/reports/synthesis\2-syn_sta.slew.rpt[27]: _1700_/Y                                 10     30    -20 (VIOLATED)
openlane/Video/runs/23_05_11_00_24/reports/synthesis\2-syn_sta.slew.rpt[28]: _1703_/Y                                 10     30    -20 (VIOLATED)
openlane/Video/runs/23_05_11_00_24/reports/synthesis\2-syn_sta.slew.rpt[29]: _2163_/X                                 10     26    -16 (VIOLATED)
openlane/Video/runs/23_05_11_00_24/reports/synthesis\2-syn_sta.slew.rpt[30]: _1434_/X                                 10     23    -13 (VIOLATED)
openlane/Video/runs/23_05_11_00_24/reports/synthesis\2-syn_sta.slew.rpt[31]: _2865_/Q                                 10     23    -13 (VIOLATED)
openlane/Video/runs/23_05_11_00_24/reports/synthesis\2-syn_sta.slew.rpt[32]: _2065_/X                                 10     21    -11 (VIOLATED)
openlane/Video/runs/23_05_11_00_24/reports/synthesis\2-syn_sta.slew.rpt[33]: _1781_/Y                                 10     20    -10 (VIOLATED)
openlane/Video/runs/23_05_11_00_24/reports/synthesis\2-syn_sta.slew.rpt[34]: _1484_/Y                                 10     19     -9 (VIOLATED)
openlane/Video/runs/23_05_11_00_24/reports/synthesis\2-syn_sta.slew.rpt[35]: _1485_/X                                 10     19     -9 (VIOLATED)
openlane/Video/runs/23_05_11_00_24/reports/synthesis\2-syn_sta.slew.rpt[36]: _2059_/X                                 10     19     -9 (VIOLATED)
openlane/Video/runs/23_05_11_00_24/reports/synthesis\2-syn_sta.slew.rpt[37]: _1544_/Y                                 10     15     -5 (VIOLATED)
openlane/Video/runs/23_05_11_00_24/reports/synthesis\2-syn_sta.slew.rpt[38]: _1458_/X                                 10     14     -4 (VIOLATED)
openlane/Video/runs/23_05_11_00_24/reports/synthesis\2-syn_sta.slew.rpt[39]: _1526_/X                                 10     13     -3 (VIOLATED)
openlane/Video/runs/23_05_11_00_24/reports/synthesis\2-syn_sta.slew.rpt[40]: _1850_/X                                 10     13     -3 (VIOLATED)
openlane/Video/runs/23_05_11_00_24/reports/synthesis\2-syn_sta.slew.rpt[41]: _1483_/X                                 10     12     -2 (VIOLATED)
openlane/Video/runs/23_05_11_00_24/reports/synthesis\2-syn_sta.slew.rpt[42]: _1790_/Y                                 10     12     -2 (VIOLATED)
openlane/Video/runs/23_05_11_00_24/reports/synthesis\2-syn_sta.slew.rpt[43]: _1799_/Y                                 10     12     -2 (VIOLATED)
openlane/Video/runs/23_05_11_00_24/reports/synthesis\2-syn_sta.slew.rpt[44]: _1805_/Y                                 10     12     -2 (VIOLATED)
openlane/Video/runs/23_05_11_00_24/reports/synthesis\2-syn_sta.slew.rpt[45]: _1809_/Y                                 10     12     -2 (VIOLATED)
openlane/Video/runs/23_05_11_00_24/reports/synthesis\2-syn_sta.slew.rpt[46]: _2771_/X                                 10     12     -2 (VIOLATED)
openlane/Video/runs/23_05_11_00_24/reports/synthesis\2-syn_sta.slew.rpt[47]: _1527_/Y                                 10     11        (VIOLATED)
openlane/Video/runs/23_05_11_00_24/reports/synthesis\2-syn_sta.slew.rpt[48]: _1697_/X                                 10     11        (VIOLATED)
openlane/Video/runs/23_05_11_00_24/reports/synthesis\2-syn_sta.slew.rpt[49]: _1808_/X                                 10     11        (VIOLATED)
openlane/Video/runs/23_05_11_00_24/reports/synthesis\2-syn_sta.slew.rpt[50]: _1819_/X                                 10     11        (VIOLATED)
openlane/Video/runs/23_05_11_00_24/reports/synthesis\2-syn_sta.slew.rpt[51]: _1824_/Y                                 10     11        (VIOLATED)
openlane/Video/runs/23_05_11_00_24/reports/synthesis\2-syn_sta.slew.rpt[52]: _1825_/X                                 10     11        (VIOLATED)
openlane/Video/runs/23_05_11_00_24/reports/synthesis\2-syn_sta.slew.rpt[53]: _2679_/Y                                 10     11        (VIOLATED)
openlane/Video/runs/23_05_11_00_24/reports/synthesis\2-syn_sta.slew.rpt[54]: _2888_/Q                                 10     11        (VIOLATED)
openlane/Video/runs/23_05_11_00_24/reports/synthesis\2-syn_sta.slew.rpt[59]: max fanout violation count 47
openlane/Video/runs/23_05_11_00_24/reports/routing\12-rt_rsz_sta.parasitics_check.rpt[2788]: clkbuf_3_0__f_wb_clk_i/X                 10     13     -3 (VIOLATED)
openlane/Video/runs/23_05_11_00_24/reports/routing\12-rt_rsz_sta.parasitics_check.rpt[2793]: max fanout violation count 1
openlane/Video/runs/23_05_11_00_24/reports/routing\12-rt_rsz_sta.slew.rpt[8]: clkbuf_3_0__f_wb_clk_i/X                 10     13     -3 (VIOLATED)
openlane/Video/runs/23_05_11_00_24/reports/routing\12-rt_rsz_sta.slew.rpt[13]: max fanout violation count 1
openlane/Video/runs/23_05_11_00_24/reports/routing\14-grt_sta.parasitics_check.rpt[2788]: clkbuf_3_0__f_wb_clk_i/X                 10     13     -3 (VIOLATED)
openlane/Video/runs/23_05_11_00_24/reports/routing\14-grt_sta.parasitics_check.rpt[2789]: input294/X                               10     12     -2 (VIOLATED)
openlane/Video/runs/23_05_11_00_24/reports/routing\14-grt_sta.parasitics_check.rpt[2790]: fanout613/X                              10     11        (VIOLATED)
openlane/Video/runs/23_05_11_00_24/reports/routing\14-grt_sta.parasitics_check.rpt[2791]: input283/X                               10     11        (VIOLATED)
openlane/Video/runs/23_05_11_00_24/reports/routing\14-grt_sta.parasitics_check.rpt[2792]: input297/X                               10     11        (VIOLATED)
openlane/Video/runs/23_05_11_00_24/reports/routing\14-grt_sta.parasitics_check.rpt[2793]: input298/X                               10     11        (VIOLATED)
openlane/Video/runs/23_05_11_00_24/reports/routing\14-grt_sta.parasitics_check.rpt[2794]: input299/X                               10     11        (VIOLATED)
openlane/Video/runs/23_05_11_00_24/reports/routing\14-grt_sta.parasitics_check.rpt[2795]: input300/X                               10     11        (VIOLATED)
openlane/Video/runs/23_05_11_00_24/reports/routing\14-grt_sta.parasitics_check.rpt[2796]: input301/X                               10     11        (VIOLATED)
openlane/Video/runs/23_05_11_00_24/reports/routing\14-grt_sta.parasitics_check.rpt[2801]: max fanout violation count 9
openlane/Video/runs/23_05_11_00_24/reports/placement\7-gpl_sta.parasitics_check.rpt[2096]: _1544_/Y                                1.49    1.82   -0.34 (VIOLATED)
openlane/Video/runs/23_05_11_00_24/reports/placement\7-gpl_sta.parasitics_check.rpt[2097]: _2512_/A2_N                             1.50    1.83   -0.33 (VIOLATED)
openlane/Video/runs/23_05_11_00_24/reports/placement\7-gpl_sta.parasitics_check.rpt[2098]: _1734_/A2                               1.50    1.83   -0.33 (VIOLATED)
openlane/Video/runs/23_05_11_00_24/reports/placement\7-gpl_sta.parasitics_check.rpt[2099]: _1557_/A                                1.50    1.83   -0.33 (VIOLATED)
openlane/Video/runs/23_05_11_00_24/reports/placement\7-gpl_sta.parasitics_check.rpt[2100]: _1666_/A1                               1.50    1.83   -0.33 (VIOLATED)
openlane/Video/runs/23_05_11_00_24/reports/placement\7-gpl_sta.parasitics_check.rpt[2101]: _1669_/B                                1.50    1.83   -0.33 (VIOLATED)
openlane/Video/runs/23_05_11_00_24/reports/placement\7-gpl_sta.parasitics_check.rpt[2102]: _1647_/B1                               1.50    1.83   -0.33 (VIOLATED)
openlane/Video/runs/23_05_11_00_24/reports/placement\7-gpl_sta.parasitics_check.rpt[2103]: _1649_/A2                               1.50    1.83   -0.33 (VIOLATED)
openlane/Video/runs/23_05_11_00_24/reports/placement\7-gpl_sta.parasitics_check.rpt[2104]: _1662_/A1                               1.50    1.83   -0.33 (VIOLATED)
openlane/Video/runs/23_05_11_00_24/reports/placement\7-gpl_sta.parasitics_check.rpt[2105]: _2201_/S                                1.50    1.83   -0.33 (VIOLATED)
openlane/Video/runs/23_05_11_00_24/reports/placement\7-gpl_sta.parasitics_check.rpt[2106]: _1558_/A                                1.50    1.83   -0.33 (VIOLATED)
openlane/Video/runs/23_05_11_00_24/reports/placement\7-gpl_sta.parasitics_check.rpt[2107]: _1675_/A2                               1.50    1.83   -0.33 (VIOLATED)
openlane/Video/runs/23_05_11_00_24/reports/placement\7-gpl_sta.parasitics_check.rpt[2108]: _2196_/B                                1.50    1.83   -0.33 (VIOLATED)
openlane/Video/runs/23_05_11_00_24/reports/placement\7-gpl_sta.parasitics_check.rpt[2109]: _2197_/B                                1.50    1.83   -0.33 (VIOLATED)
openlane/Video/runs/23_05_11_00_24/reports/placement\7-gpl_sta.parasitics_check.rpt[2110]: _2204_/A2                               1.50    1.83   -0.33 (VIOLATED)
openlane/Video/runs/23_05_11_00_24/reports/placement\7-gpl_sta.parasitics_check.rpt[2111]: _2203_/A                                1.50    1.83   -0.33 (VIOLATED)
openlane/Video/runs/23_05_11_00_24/reports/placement\7-gpl_sta.parasitics_check.rpt[2112]: _2376_/B                                1.50    1.79   -0.29 (VIOLATED)
openlane/Video/runs/23_05_11_00_24/reports/placement\7-gpl_sta.parasitics_check.rpt[2113]: _2388_/B                                1.50    1.79   -0.29 (VIOLATED)
openlane/Video/runs/23_05_11_00_24/reports/placement\7-gpl_sta.parasitics_check.rpt[2114]: _2394_/B                                1.50    1.79   -0.29 (VIOLATED)
openlane/Video/runs/23_05_11_00_24/reports/placement\7-gpl_sta.parasitics_check.rpt[2115]: _2400_/B                                1.50    1.79   -0.29 (VIOLATED)
openlane/Video/runs/23_05_11_00_24/reports/placement\7-gpl_sta.parasitics_check.rpt[2116]: _2406_/B                                1.50    1.79   -0.29 (VIOLATED)
openlane/Video/runs/23_05_11_00_24/reports/placement\7-gpl_sta.parasitics_check.rpt[2117]: _2382_/B                                1.50    1.79   -0.29 (VIOLATED)
openlane/Video/runs/23_05_11_00_24/reports/placement\7-gpl_sta.parasitics_check.rpt[2118]: _2364_/B                                1.50    1.79   -0.29 (VIOLATED)
openlane/Video/runs/23_05_11_00_24/reports/placement\7-gpl_sta.parasitics_check.rpt[2119]: _2352_/B                                1.50    1.79   -0.29 (VIOLATED)
openlane/Video/runs/23_05_11_00_24/reports/placement\7-gpl_sta.parasitics_check.rpt[2120]: _2346_/B                                1.50    1.79   -0.29 (VIOLATED)
openlane/Video/runs/23_05_11_00_24/reports/placement\7-gpl_sta.parasitics_check.rpt[2121]: _2298_/B                                1.50    1.79   -0.29 (VIOLATED)
openlane/Video/runs/23_05_11_00_24/reports/placement\7-gpl_sta.parasitics_check.rpt[2122]: _2370_/B                                1.50    1.79   -0.29 (VIOLATED)
openlane/Video/runs/23_05_11_00_24/reports/placement\7-gpl_sta.parasitics_check.rpt[2123]: _2358_/B                                1.50    1.79   -0.29 (VIOLATED)
openlane/Video/runs/23_05_11_00_24/reports/placement\7-gpl_sta.parasitics_check.rpt[2124]: _2292_/B                                1.50    1.79   -0.29 (VIOLATED)
openlane/Video/runs/23_05_11_00_24/reports/placement\7-gpl_sta.parasitics_check.rpt[2125]: _2328_/B                                1.50    1.79   -0.29 (VIOLATED)
openlane/Video/runs/23_05_11_00_24/reports/placement\7-gpl_sta.parasitics_check.rpt[2126]: _2316_/B                                1.50    1.79   -0.29 (VIOLATED)
openlane/Video/runs/23_05_11_00_24/reports/placement\7-gpl_sta.parasitics_check.rpt[2127]: _2334_/B                                1.50    1.79   -0.29 (VIOLATED)
openlane/Video/runs/23_05_11_00_24/reports/placement\7-gpl_sta.parasitics_check.rpt[2128]: _2340_/B                                1.50    1.79   -0.29 (VIOLATED)
openlane/Video/runs/23_05_11_00_24/reports/placement\7-gpl_sta.parasitics_check.rpt[2129]: _2286_/B                                1.50    1.79   -0.29 (VIOLATED)
openlane/Video/runs/23_05_11_00_24/reports/placement\7-gpl_sta.parasitics_check.rpt[2130]: _2377_/B1                               1.50    1.79   -0.29 (VIOLATED)
openlane/Video/runs/23_05_11_00_24/reports/placement\7-gpl_sta.parasitics_check.rpt[2131]: _2389_/B1                               1.50    1.79   -0.29 (VIOLATED)
openlane/Video/runs/23_05_11_00_24/reports/placement\7-gpl_sta.parasitics_check.rpt[2132]: _2395_/B1                               1.50    1.79   -0.29 (VIOLATED)
openlane/Video/runs/23_05_11_00_24/reports/placement\7-gpl_sta.parasitics_check.rpt[2133]: _2401_/B1                               1.50    1.79   -0.29 (VIOLATED)
openlane/Video/runs/23_05_11_00_24/reports/placement\7-gpl_sta.parasitics_check.rpt[2134]: _2407_/B1                               1.50    1.79   -0.29 (VIOLATED)
openlane/Video/runs/23_05_11_00_24/reports/placement\7-gpl_sta.parasitics_check.rpt[2135]: _2365_/B1                               1.50    1.79   -0.29 (VIOLATED)
openlane/Video/runs/23_05_11_00_24/reports/placement\7-gpl_sta.parasitics_check.rpt[2136]: _2322_/B                                1.50    1.79   -0.29 (VIOLATED)
openlane/Video/runs/23_05_11_00_24/reports/placement\7-gpl_sta.parasitics_check.rpt[2137]: _2353_/B1                               1.50    1.79   -0.29 (VIOLATED)
openlane/Video/runs/23_05_11_00_24/reports/placement\7-gpl_sta.parasitics_check.rpt[2138]: _2341_/B1                               1.50    1.79   -0.29 (VIOLATED)
openlane/Video/runs/23_05_11_00_24/reports/placement\7-gpl_sta.parasitics_check.rpt[2139]: _2347_/B1                               1.50    1.79   -0.29 (VIOLATED)
openlane/Video/runs/23_05_11_00_24/reports/placement\7-gpl_sta.parasitics_check.rpt[2140]: _2335_/B1                               1.50    1.79   -0.29 (VIOLATED)
openlane/Video/runs/23_05_11_00_24/reports/placement\7-gpl_sta.parasitics_check.rpt[2141]: _2304_/B                                1.50    1.79   -0.29 (VIOLATED)
openlane/Video/runs/23_05_11_00_24/reports/placement\7-gpl_sta.parasitics_check.rpt[2142]: _2310_/B                                1.50    1.79   -0.29 (VIOLATED)
openlane/Video/runs/23_05_11_00_24/reports/placement\7-gpl_sta.parasitics_check.rpt[2143]: _2280_/B                                1.50    1.79   -0.29 (VIOLATED)
openlane/Video/runs/23_05_11_00_24/reports/placement\7-gpl_sta.parasitics_check.rpt[2144]: _2323_/B1                               1.50    1.79   -0.29 (VIOLATED)
openlane/Video/runs/23_05_11_00_24/reports/placement\7-gpl_sta.parasitics_check.rpt[2145]: _2329_/B1                               1.50    1.79   -0.29 (VIOLATED)
openlane/Video/runs/23_05_11_00_24/reports/placement\7-gpl_sta.parasitics_check.rpt[2146]: _2299_/B1                               1.50    1.79   -0.29 (VIOLATED)
openlane/Video/runs/23_05_11_00_24/reports/placement\7-gpl_sta.parasitics_check.rpt[2147]: _2311_/B1                               1.50    1.79   -0.29 (VIOLATED)
openlane/Video/runs/23_05_11_00_24/reports/placement\7-gpl_sta.parasitics_check.rpt[2148]: _2274_/B                                1.50    1.79   -0.29 (VIOLATED)
openlane/Video/runs/23_05_11_00_24/reports/placement\7-gpl_sta.parasitics_check.rpt[2149]: _2383_/B1                               1.50    1.79   -0.29 (VIOLATED)
openlane/Video/runs/23_05_11_00_24/reports/placement\7-gpl_sta.parasitics_check.rpt[2150]: _2359_/B1                               1.50    1.79   -0.29 (VIOLATED)
openlane/Video/runs/23_05_11_00_24/reports/placement\7-gpl_sta.parasitics_check.rpt[2151]: _2371_/B1                               1.50    1.79   -0.29 (VIOLATED)
openlane/Video/runs/23_05_11_00_24/reports/placement\7-gpl_sta.parasitics_check.rpt[2152]: _2268_/B                                1.50    1.79   -0.29 (VIOLATED)
openlane/Video/runs/23_05_11_00_24/reports/placement\7-gpl_sta.parasitics_check.rpt[2153]: _2287_/B1                               1.50    1.79   -0.29 (VIOLATED)
openlane/Video/runs/23_05_11_00_24/reports/placement\7-gpl_sta.parasitics_check.rpt[2154]: _2317_/B1                               1.50    1.79   -0.29 (VIOLATED)
openlane/Video/runs/23_05_11_00_24/reports/placement\7-gpl_sta.parasitics_check.rpt[2155]: _2262_/B                                1.50    1.79   -0.29 (VIOLATED)
openlane/Video/runs/23_05_11_00_24/reports/placement\7-gpl_sta.parasitics_check.rpt[2156]: _2305_/B1                               1.50    1.79   -0.29 (VIOLATED)
openlane/Video/runs/23_05_11_00_24/reports/placement\7-gpl_sta.parasitics_check.rpt[2157]: _2256_/B                                1.50    1.79   -0.29 (VIOLATED)
openlane/Video/runs/23_05_11_00_24/reports/placement\7-gpl_sta.parasitics_check.rpt[2158]: _2293_/B1                               1.50    1.79   -0.29 (VIOLATED)
openlane/Video/runs/23_05_11_00_24/reports/placement\7-gpl_sta.parasitics_check.rpt[2159]: _2263_/B1                               1.50    1.79   -0.29 (VIOLATED)
openlane/Video/runs/23_05_11_00_24/reports/placement\7-gpl_sta.parasitics_check.rpt[2160]: _2275_/B1                               1.50    1.79   -0.29 (VIOLATED)
openlane/Video/runs/23_05_11_00_24/reports/placement\7-gpl_sta.parasitics_check.rpt[2161]: _2281_/B1                               1.50    1.79   -0.29 (VIOLATED)
openlane/Video/runs/23_05_11_00_24/reports/placement\7-gpl_sta.parasitics_check.rpt[2162]: _2232_/B                                1.50    1.79   -0.29 (VIOLATED)
openlane/Video/runs/23_05_11_00_24/reports/placement\7-gpl_sta.parasitics_check.rpt[2163]: _2244_/B                                1.50    1.79   -0.29 (VIOLATED)
openlane/Video/runs/23_05_11_00_24/reports/placement\7-gpl_sta.parasitics_check.rpt[2164]: _2269_/B1                               1.50    1.79   -0.29 (VIOLATED)
openlane/Video/runs/23_05_11_00_24/reports/placement\7-gpl_sta.parasitics_check.rpt[2165]: _2251_/B1                               1.50    1.79   -0.29 (VIOLATED)
openlane/Video/runs/23_05_11_00_24/reports/placement\7-gpl_sta.parasitics_check.rpt[2166]: _2257_/B1                               1.50    1.79   -0.29 (VIOLATED)
openlane/Video/runs/23_05_11_00_24/reports/placement\7-gpl_sta.parasitics_check.rpt[2167]: _2245_/B1                               1.50    1.79   -0.29 (VIOLATED)
openlane/Video/runs/23_05_11_00_24/reports/placement\7-gpl_sta.parasitics_check.rpt[2168]: _2238_/B                                1.50    1.79   -0.29 (VIOLATED)
openlane/Video/runs/23_05_11_00_24/reports/placement\7-gpl_sta.parasitics_check.rpt[2169]: _2233_/B1                               1.50    1.79   -0.29 (VIOLATED)
openlane/Video/runs/23_05_11_00_24/reports/placement\7-gpl_sta.parasitics_check.rpt[2170]: _2239_/B1                               1.50    1.79   -0.29 (VIOLATED)
openlane/Video/runs/23_05_11_00_24/reports/placement\7-gpl_sta.parasitics_check.rpt[2171]: _2250_/B                                1.50    1.79   -0.29 (VIOLATED)
openlane/Video/runs/23_05_11_00_24/reports/placement\7-gpl_sta.parasitics_check.rpt[2172]: _1711_/Y                                1.50    1.79   -0.29 (VIOLATED)
openlane/Video/runs/23_05_11_00_24/reports/placement\7-gpl_sta.parasitics_check.rpt[2173]: _2103_/C1                               1.50    1.52   -0.02 (VIOLATED)
openlane/Video/runs/23_05_11_00_24/reports/placement\7-gpl_sta.parasitics_check.rpt[2174]: _2108_/C1                               1.50    1.52   -0.02 (VIOLATED)
openlane/Video/runs/23_05_11_00_24/reports/placement\7-gpl_sta.parasitics_check.rpt[2175]: _2072_/C1                               1.50    1.52   -0.02 (VIOLATED)
openlane/Video/runs/23_05_11_00_24/reports/placement\7-gpl_sta.parasitics_check.rpt[2176]: _2098_/C1                               1.50    1.52   -0.02 (VIOLATED)
openlane/Video/runs/23_05_11_00_24/reports/placement\7-gpl_sta.parasitics_check.rpt[2177]: _2060_/C1                               1.50    1.52   -0.02 (VIOLATED)
openlane/Video/runs/23_05_11_00_24/reports/placement\7-gpl_sta.parasitics_check.rpt[2178]: _2052_/C1                               1.50    1.52   -0.02 (VIOLATED)
openlane/Video/runs/23_05_11_00_24/reports/placement\7-gpl_sta.parasitics_check.rpt[2179]: _2045_/C1                               1.50    1.52   -0.02 (VIOLATED)
openlane/Video/runs/23_05_11_00_24/reports/placement\7-gpl_sta.parasitics_check.rpt[2180]: _2012_/C1                               1.50    1.52   -0.02 (VIOLATED)
openlane/Video/runs/23_05_11_00_24/reports/placement\7-gpl_sta.parasitics_check.rpt[2181]: _2083_/C1                               1.50    1.52   -0.02 (VIOLATED)
openlane/Video/runs/23_05_11_00_24/reports/placement\7-gpl_sta.parasitics_check.rpt[2182]: _2088_/C1                               1.50    1.52   -0.02 (VIOLATED)
openlane/Video/runs/23_05_11_00_24/reports/placement\7-gpl_sta.parasitics_check.rpt[2183]: _2003_/C1                               1.50    1.52   -0.02 (VIOLATED)
openlane/Video/runs/23_05_11_00_24/reports/placement\7-gpl_sta.parasitics_check.rpt[2184]: _2113_/C1                               1.50    1.52   -0.02 (VIOLATED)
openlane/Video/runs/23_05_11_00_24/reports/placement\7-gpl_sta.parasitics_check.rpt[2185]: _2149_/C1                               1.50    1.52   -0.02 (VIOLATED)
openlane/Video/runs/23_05_11_00_24/reports/placement\7-gpl_sta.parasitics_check.rpt[2186]: _2144_/C1                               1.50    1.52   -0.02 (VIOLATED)
openlane/Video/runs/23_05_11_00_24/reports/placement\7-gpl_sta.parasitics_check.rpt[2187]: _2154_/C1                               1.50    1.52   -0.02 (VIOLATED)
openlane/Video/runs/23_05_11_00_24/reports/placement\7-gpl_sta.parasitics_check.rpt[2188]: _1792_/C1                               1.50    1.52   -0.02 (VIOLATED)
openlane/Video/runs/23_05_11_00_24/reports/placement\7-gpl_sta.parasitics_check.rpt[2189]: _2119_/C1                               1.50    1.52   -0.02 (VIOLATED)
openlane/Video/runs/23_05_11_00_24/reports/placement\7-gpl_sta.parasitics_check.rpt[2190]: _2124_/C1                               1.50    1.52   -0.02 (VIOLATED)
openlane/Video/runs/23_05_11_00_24/reports/placement\7-gpl_sta.parasitics_check.rpt[2191]: _2093_/C1                               1.50    1.52   -0.02 (VIOLATED)
openlane/Video/runs/23_05_11_00_24/reports/placement\7-gpl_sta.parasitics_check.rpt[2192]: _2078_/C1                               1.50    1.52   -0.02 (VIOLATED)
openlane/Video/runs/23_05_11_00_24/reports/placement\7-gpl_sta.parasitics_check.rpt[2193]: _2067_/C1                               1.50    1.52   -0.02 (VIOLATED)
openlane/Video/runs/23_05_11_00_24/reports/placement\7-gpl_sta.parasitics_check.rpt[2194]: _2028_/C1                               1.50    1.52   -0.02 (VIOLATED)
openlane/Video/runs/23_05_11_00_24/reports/placement\7-gpl_sta.parasitics_check.rpt[2195]: _1876_/C1                               1.50    1.52   -0.02 (VIOLATED)
openlane/Video/runs/23_05_11_00_24/reports/placement\7-gpl_sta.parasitics_check.rpt[2196]: _1896_/C1                               1.50    1.52   -0.02 (VIOLATED)
openlane/Video/runs/23_05_11_00_24/reports/placement\7-gpl_sta.parasitics_check.rpt[2197]: _1954_/C1                               1.50    1.52   -0.02 (VIOLATED)
openlane/Video/runs/23_05_11_00_24/reports/placement\7-gpl_sta.parasitics_check.rpt[2198]: _1481_/Y                                1.50    1.52   -0.02 (VIOLATED)
openlane/Video/runs/23_05_11_00_24/reports/placement\7-gpl_sta.parasitics_check.rpt[2199]: _1916_/C1                               1.50    1.52   -0.02 (VIOLATED)
openlane/Video/runs/23_05_11_00_24/reports/placement\7-gpl_sta.parasitics_check.rpt[2200]: _1936_/C1                               1.50    1.52   -0.02 (VIOLATED)
openlane/Video/runs/23_05_11_00_24/reports/placement\7-gpl_sta.parasitics_check.rpt[2201]: _1972_/C1                               1.50    1.52   -0.02 (VIOLATED)
openlane/Video/runs/23_05_11_00_24/reports/placement\7-gpl_sta.parasitics_check.rpt[2202]: _1854_/C1                               1.50    1.52   -0.02 (VIOLATED)
openlane/Video/runs/23_05_11_00_24/reports/placement\7-gpl_sta.parasitics_check.rpt[2203]: _2140_/C1                               1.50    1.52   -0.02 (VIOLATED)
openlane/Video/runs/23_05_11_00_24/reports/placement\7-gpl_sta.parasitics_check.rpt[2204]: _2135_/C1                               1.50    1.52   -0.02 (VIOLATED)
openlane/Video/runs/23_05_11_00_24/reports/placement\7-gpl_sta.parasitics_check.rpt[2205]: _2130_/C1                               1.50    1.52   -0.02 (VIOLATED)
openlane/Video/runs/23_05_11_00_24/reports/placement\7-gpl_sta.parasitics_check.rpt[2206]: _1488_/A                                1.50    1.52   -0.02 (VIOLATED)
openlane/Video/runs/23_05_11_00_24/reports/placement\7-gpl_sta.parasitics_check.rpt[2212]: wb_rst_i                                 10     73    -63 (VIOLATED)
openlane/Video/runs/23_05_11_00_24/reports/placement\7-gpl_sta.parasitics_check.rpt[2213]: _1711_/Y                                 10     60    -50 (VIOLATED)
openlane/Video/runs/23_05_11_00_24/reports/placement\7-gpl_sta.parasitics_check.rpt[2214]: _1459_/X                                 10     58    -48 (VIOLATED)
openlane/Video/runs/23_05_11_00_24/reports/placement\7-gpl_sta.parasitics_check.rpt[2215]: _1398_/Y                                 10     52    -42 (VIOLATED)
openlane/Video/runs/23_05_11_00_24/reports/placement\7-gpl_sta.parasitics_check.rpt[2216]: _1418_/X                                 10     43    -33 (VIOLATED)
openlane/Video/runs/23_05_11_00_24/reports/placement\7-gpl_sta.parasitics_check.rpt[2217]: _1496_/Y                                 10     34    -24 (VIOLATED)
openlane/Video/runs/23_05_11_00_24/reports/placement\7-gpl_sta.parasitics_check.rpt[2218]: _1481_/Y                                 10     33    -23 (VIOLATED)
openlane/Video/runs/23_05_11_00_24/reports/placement\7-gpl_sta.parasitics_check.rpt[2219]: _1489_/X                                 10     33    -23 (VIOLATED)
openlane/Video/runs/23_05_11_00_24/reports/placement\7-gpl_sta.parasitics_check.rpt[2220]: _1491_/X                                 10     33    -23 (VIOLATED)
openlane/Video/runs/23_05_11_00_24/reports/placement\7-gpl_sta.parasitics_check.rpt[2221]: _1493_/X                                 10     33    -23 (VIOLATED)
openlane/Video/runs/23_05_11_00_24/reports/placement\7-gpl_sta.parasitics_check.rpt[2222]: _1710_/X                                 10     33    -23 (VIOLATED)
openlane/Video/runs/23_05_11_00_24/reports/placement\7-gpl_sta.parasitics_check.rpt[2223]: _1482_/X                                 10     32    -22 (VIOLATED)
openlane/Video/runs/23_05_11_00_24/reports/placement\7-gpl_sta.parasitics_check.rpt[2224]: _1701_/X                                 10     32    -22 (VIOLATED)
openlane/Video/runs/23_05_11_00_24/reports/placement\7-gpl_sta.parasitics_check.rpt[2225]: _1704_/X                                 10     32    -22 (VIOLATED)
openlane/Video/runs/23_05_11_00_24/reports/placement\7-gpl_sta.parasitics_check.rpt[2226]: _1782_/X                                 10     32    -22 (VIOLATED)
openlane/Video/runs/23_05_11_00_24/reports/placement\7-gpl_sta.parasitics_check.rpt[2227]: _1712_/X                                 10     31    -21 (VIOLATED)
openlane/Video/runs/23_05_11_00_24/reports/placement\7-gpl_sta.parasitics_check.rpt[2228]: _2864_/Q                                 10     31    -21 (VIOLATED)
openlane/Video/runs/23_05_11_00_24/reports/placement\7-gpl_sta.parasitics_check.rpt[2229]: _2946_/Q                                 10     31    -21 (VIOLATED)
openlane/Video/runs/23_05_11_00_24/reports/placement\7-gpl_sta.parasitics_check.rpt[2230]: _1395_/Y                                 10     30    -20 (VIOLATED)
openlane/Video/runs/23_05_11_00_24/reports/placement\7-gpl_sta.parasitics_check.rpt[2231]: _1700_/Y                                 10     30    -20 (VIOLATED)
openlane/Video/runs/23_05_11_00_24/reports/placement\7-gpl_sta.parasitics_check.rpt[2232]: _1703_/Y                                 10     30    -20 (VIOLATED)
openlane/Video/runs/23_05_11_00_24/reports/placement\7-gpl_sta.parasitics_check.rpt[2233]: _2163_/X                                 10     26    -16 (VIOLATED)
openlane/Video/runs/23_05_11_00_24/reports/placement\7-gpl_sta.parasitics_check.rpt[2234]: _1434_/X                                 10     23    -13 (VIOLATED)
openlane/Video/runs/23_05_11_00_24/reports/placement\7-gpl_sta.parasitics_check.rpt[2235]: _2865_/Q                                 10     23    -13 (VIOLATED)
openlane/Video/runs/23_05_11_00_24/reports/placement\7-gpl_sta.parasitics_check.rpt[2236]: _2065_/X                                 10     21    -11 (VIOLATED)
openlane/Video/runs/23_05_11_00_24/reports/placement\7-gpl_sta.parasitics_check.rpt[2237]: _1781_/Y                                 10     20    -10 (VIOLATED)
openlane/Video/runs/23_05_11_00_24/reports/placement\7-gpl_sta.parasitics_check.rpt[2238]: _1484_/Y                                 10     19     -9 (VIOLATED)
openlane/Video/runs/23_05_11_00_24/reports/placement\7-gpl_sta.parasitics_check.rpt[2239]: _1485_/X                                 10     19     -9 (VIOLATED)
openlane/Video/runs/23_05_11_00_24/reports/placement\7-gpl_sta.parasitics_check.rpt[2240]: _2059_/X                                 10     19     -9 (VIOLATED)
openlane/Video/runs/23_05_11_00_24/reports/placement\7-gpl_sta.parasitics_check.rpt[2241]: _1544_/Y                                 10     15     -5 (VIOLATED)
openlane/Video/runs/23_05_11_00_24/reports/placement\7-gpl_sta.parasitics_check.rpt[2242]: _1458_/X                                 10     14     -4 (VIOLATED)
openlane/Video/runs/23_05_11_00_24/reports/placement\7-gpl_sta.parasitics_check.rpt[2243]: _1526_/X                                 10     13     -3 (VIOLATED)
openlane/Video/runs/23_05_11_00_24/reports/placement\7-gpl_sta.parasitics_check.rpt[2244]: _1850_/X                                 10     13     -3 (VIOLATED)
openlane/Video/runs/23_05_11_00_24/reports/placement\7-gpl_sta.parasitics_check.rpt[2245]: _1483_/X                                 10     12     -2 (VIOLATED)
openlane/Video/runs/23_05_11_00_24/reports/placement\7-gpl_sta.parasitics_check.rpt[2246]: _1790_/Y                                 10     12     -2 (VIOLATED)
openlane/Video/runs/23_05_11_00_24/reports/placement\7-gpl_sta.parasitics_check.rpt[2247]: _1799_/Y                                 10     12     -2 (VIOLATED)
openlane/Video/runs/23_05_11_00_24/reports/placement\7-gpl_sta.parasitics_check.rpt[2248]: _1805_/Y                                 10     12     -2 (VIOLATED)
openlane/Video/runs/23_05_11_00_24/reports/placement\7-gpl_sta.parasitics_check.rpt[2249]: _1809_/Y                                 10     12     -2 (VIOLATED)
openlane/Video/runs/23_05_11_00_24/reports/placement\7-gpl_sta.parasitics_check.rpt[2250]: _2771_/X                                 10     12     -2 (VIOLATED)
openlane/Video/runs/23_05_11_00_24/reports/placement\7-gpl_sta.parasitics_check.rpt[2251]: _1527_/Y                                 10     11        (VIOLATED)
openlane/Video/runs/23_05_11_00_24/reports/placement\7-gpl_sta.parasitics_check.rpt[2252]: _1697_/X                                 10     11        (VIOLATED)
openlane/Video/runs/23_05_11_00_24/reports/placement\7-gpl_sta.parasitics_check.rpt[2253]: _1808_/X                                 10     11        (VIOLATED)
openlane/Video/runs/23_05_11_00_24/reports/placement\7-gpl_sta.parasitics_check.rpt[2254]: _1819_/X                                 10     11        (VIOLATED)
openlane/Video/runs/23_05_11_00_24/reports/placement\7-gpl_sta.parasitics_check.rpt[2255]: _1824_/Y                                 10     11        (VIOLATED)
openlane/Video/runs/23_05_11_00_24/reports/placement\7-gpl_sta.parasitics_check.rpt[2256]: _1825_/X                                 10     11        (VIOLATED)
openlane/Video/runs/23_05_11_00_24/reports/placement\7-gpl_sta.parasitics_check.rpt[2257]: _2679_/Y                                 10     11        (VIOLATED)
openlane/Video/runs/23_05_11_00_24/reports/placement\7-gpl_sta.parasitics_check.rpt[2258]: _2888_/Q                                 10     11        (VIOLATED)
openlane/Video/runs/23_05_11_00_24/reports/placement\7-gpl_sta.parasitics_check.rpt[2264]: _1711_/Y                                0.13    0.15   -0.03 (VIOLATED)
openlane/Video/runs/23_05_11_00_24/reports/placement\7-gpl_sta.parasitics_check.rpt[2265]: _1544_/Y                                0.06    0.08   -0.02 (VIOLATED)
openlane/Video/runs/23_05_11_00_24/reports/placement\7-gpl_sta.parasitics_check.rpt[2266]: _1481_/Y                                0.14    0.14   -0.00 (VIOLATED)
openlane/Video/runs/23_05_11_00_24/reports/placement\7-gpl_sta.parasitics_check.rpt[2267]: _1700_/Y                                0.09    0.09   -0.00 (VIOLATED)
openlane/Video/runs/23_05_11_00_24/reports/placement\7-gpl_sta.parasitics_check.rpt[2271]: max slew violation count 111
openlane/Video/runs/23_05_11_00_24/reports/placement\7-gpl_sta.parasitics_check.rpt[2272]: max fanout violation count 47
openlane/Video/runs/23_05_11_00_24/reports/placement\7-gpl_sta.parasitics_check.rpt[2273]: max cap violation count 4
openlane/Video/runs/23_05_11_00_24/reports/signoff\25-rcx_sta.parasitics_check.rpt[27]: clkbuf_3_0__f_wb_clk_i/X                 10     13     -3 (VIOLATED)
openlane/Video/runs/23_05_11_00_24/reports/signoff\25-rcx_sta.parasitics_check.rpt[28]: input294/X                               10     12     -2 (VIOLATED)
openlane/Video/runs/23_05_11_00_24/reports/signoff\25-rcx_sta.parasitics_check.rpt[29]: fanout613/X                              10     11        (VIOLATED)
openlane/Video/runs/23_05_11_00_24/reports/signoff\25-rcx_sta.parasitics_check.rpt[30]: input283/X                               10     11        (VIOLATED)
openlane/Video/runs/23_05_11_00_24/reports/signoff\25-rcx_sta.parasitics_check.rpt[31]: input297/X                               10     11        (VIOLATED)
openlane/Video/runs/23_05_11_00_24/reports/signoff\25-rcx_sta.parasitics_check.rpt[32]: input298/X                               10     11        (VIOLATED)
openlane/Video/runs/23_05_11_00_24/reports/signoff\25-rcx_sta.parasitics_check.rpt[33]: input299/X                               10     11        (VIOLATED)
openlane/Video/runs/23_05_11_00_24/reports/signoff\25-rcx_sta.parasitics_check.rpt[34]: input300/X                               10     11        (VIOLATED)
openlane/Video/runs/23_05_11_00_24/reports/signoff\25-rcx_sta.parasitics_check.rpt[35]: input301/X                               10     11        (VIOLATED)
openlane/Video/runs/23_05_11_00_24/reports/signoff\25-rcx_sta.parasitics_check.rpt[40]: max fanout violation count 9
openlane/Video/runs/23_05_11_00_24/reports/signoff\25-rcx_sta.slew.rpt[8]: clkbuf_3_0__f_wb_clk_i/X                 10     13     -3 (VIOLATED)
openlane/Video/runs/23_05_11_00_24/reports/signoff\25-rcx_sta.slew.rpt[9]: input294/X                               10     12     -2 (VIOLATED)
openlane/Video/runs/23_05_11_00_24/reports/signoff\25-rcx_sta.slew.rpt[10]: fanout613/X                              10     11        (VIOLATED)
openlane/Video/runs/23_05_11_00_24/reports/signoff\25-rcx_sta.slew.rpt[11]: input283/X                               10     11        (VIOLATED)
openlane/Video/runs/23_05_11_00_24/reports/signoff\25-rcx_sta.slew.rpt[12]: input297/X                               10     11        (VIOLATED)
openlane/Video/runs/23_05_11_00_24/reports/signoff\25-rcx_sta.slew.rpt[13]: input298/X                               10     11        (VIOLATED)
openlane/Video/runs/23_05_11_00_24/reports/signoff\25-rcx_sta.slew.rpt[14]: input299/X                               10     11        (VIOLATED)
openlane/Video/runs/23_05_11_00_24/reports/signoff\25-rcx_sta.slew.rpt[15]: input300/X                               10     11        (VIOLATED)
openlane/Video/runs/23_05_11_00_24/reports/signoff\25-rcx_sta.slew.rpt[16]: input301/X                               10     11        (VIOLATED)
openlane/Video/runs/23_05_11_00_24/reports/signoff\25-rcx_sta.slew.rpt[21]: max fanout violation count 9
