openlane/Video\runs\Video\logs\synthesis\1-synthesis.log[1778]: ABC: Warning: Detected 2 multi-output gates (for example, "sky130_fd_sc_hd__fa_1").
openlane/Video\runs\Video\logs\synthesis\1-synthesis.log[1999]: Warning: Wire Video.\wb_stall_o is used but has no driver.
openlane/Video\runs\Video\logs\synthesis\1-synthesis.log[2000]: Warning: Wire Video.\wb_error_o is used but has no driver.
openlane/Video\runs\Video\logs\synthesis\1-synthesis.log[2001]: Warning: Wire Video.\wb_data_o [31] is used but has no driver.
openlane/Video\runs\Video\logs\synthesis\1-synthesis.log[2002]: Warning: Wire Video.\wb_data_o [30] is used but has no driver.
openlane/Video\runs\Video\logs\synthesis\1-synthesis.log[2003]: Warning: Wire Video.\wb_data_o [29] is used but has no driver.
openlane/Video\runs\Video\logs\synthesis\1-synthesis.log[2004]: Warning: Wire Video.\wb_data_o [28] is used but has no driver.
openlane/Video\runs\Video\logs\synthesis\1-synthesis.log[2005]: Warning: Wire Video.\wb_data_o [27] is used but has no driver.
openlane/Video\runs\Video\logs\synthesis\1-synthesis.log[2006]: Warning: Wire Video.\wb_data_o [26] is used but has no driver.
openlane/Video\runs\Video\logs\synthesis\1-synthesis.log[2007]: Warning: Wire Video.\wb_data_o [25] is used but has no driver.
openlane/Video\runs\Video\logs\synthesis\1-synthesis.log[2008]: Warning: Wire Video.\wb_data_o [24] is used but has no driver.
openlane/Video\runs\Video\logs\synthesis\1-synthesis.log[2009]: Warning: Wire Video.\wb_data_o [23] is used but has no driver.
openlane/Video\runs\Video\logs\synthesis\1-synthesis.log[2010]: Warning: Wire Video.\wb_data_o [22] is used but has no driver.
openlane/Video\runs\Video\logs\synthesis\1-synthesis.log[2011]: Warning: Wire Video.\wb_data_o [21] is used but has no driver.
openlane/Video\runs\Video\logs\synthesis\1-synthesis.log[2012]: Warning: Wire Video.\wb_data_o [20] is used but has no driver.
openlane/Video\runs\Video\logs\synthesis\1-synthesis.log[2013]: Warning: Wire Video.\wb_data_o [19] is used but has no driver.
openlane/Video\runs\Video\logs\synthesis\1-synthesis.log[2014]: Warning: Wire Video.\wb_data_o [18] is used but has no driver.
openlane/Video\runs\Video\logs\synthesis\1-synthesis.log[2015]: Warning: Wire Video.\wb_data_o [17] is used but has no driver.
openlane/Video\runs\Video\logs\synthesis\1-synthesis.log[2016]: Warning: Wire Video.\wb_data_o [16] is used but has no driver.
openlane/Video\runs\Video\logs\synthesis\1-synthesis.log[2017]: Warning: Wire Video.\wb_data_o [15] is used but has no driver.
openlane/Video\runs\Video\logs\synthesis\1-synthesis.log[2018]: Warning: Wire Video.\wb_data_o [14] is used but has no driver.
openlane/Video\runs\Video\logs\synthesis\1-synthesis.log[2019]: Warning: Wire Video.\wb_data_o [13] is used but has no driver.
openlane/Video\runs\Video\logs\synthesis\1-synthesis.log[2020]: Warning: Wire Video.\wb_data_o [12] is used but has no driver.
openlane/Video\runs\Video\logs\synthesis\1-synthesis.log[2021]: Warning: Wire Video.\wb_data_o [11] is used but has no driver.
openlane/Video\runs\Video\logs\synthesis\1-synthesis.log[2022]: Warning: Wire Video.\wb_data_o [10] is used but has no driver.
openlane/Video\runs\Video\logs\synthesis\1-synthesis.log[2023]: Warning: Wire Video.\wb_data_o [9] is used but has no driver.
openlane/Video\runs\Video\logs\synthesis\1-synthesis.log[2024]: Warning: Wire Video.\wb_data_o [8] is used but has no driver.
openlane/Video\runs\Video\logs\synthesis\1-synthesis.log[2025]: Warning: Wire Video.\wb_data_o [7] is used but has no driver.
openlane/Video\runs\Video\logs\synthesis\1-synthesis.log[2026]: Warning: Wire Video.\wb_data_o [6] is used but has no driver.
openlane/Video\runs\Video\logs\synthesis\1-synthesis.log[2027]: Warning: Wire Video.\wb_data_o [5] is used but has no driver.
openlane/Video\runs\Video\logs\synthesis\1-synthesis.log[2028]: Warning: Wire Video.\wb_data_o [4] is used but has no driver.
openlane/Video\runs\Video\logs\synthesis\1-synthesis.log[2029]: Warning: Wire Video.\wb_data_o [3] is used but has no driver.
openlane/Video\runs\Video\logs\synthesis\1-synthesis.log[2030]: Warning: Wire Video.\wb_data_o [2] is used but has no driver.
openlane/Video\runs\Video\logs\synthesis\1-synthesis.log[2031]: Warning: Wire Video.\wb_data_o [1] is used but has no driver.
openlane/Video\runs\Video\logs\synthesis\1-synthesis.log[2032]: Warning: Wire Video.\wb_data_o [0] is used but has no driver.
openlane/Video\runs\Video\logs\synthesis\1-synthesis.log[2033]: Warning: Wire Video.\wb_ack_o is used but has no driver.
openlane/Video\runs\Video\logs\synthesis\1-synthesis.log[2034]: Warning: Wire Video.\vga_vsync is used but has no driver.
openlane/Video\runs\Video\logs\synthesis\1-synthesis.log[2035]: Warning: Wire Video.\vga_r [1] is used but has no driver.
openlane/Video\runs\Video\logs\synthesis\1-synthesis.log[2036]: Warning: Wire Video.\vga_r [0] is used but has no driver.
openlane/Video\runs\Video\logs\synthesis\1-synthesis.log[2037]: Warning: Wire Video.\vga_hsync is used but has no driver.
openlane/Video\runs\Video\logs\synthesis\1-synthesis.log[2038]: Warning: Wire Video.\vga_g [1] is used but has no driver.
openlane/Video\runs\Video\logs\synthesis\1-synthesis.log[2039]: Warning: Wire Video.\vga_g [0] is used but has no driver.
openlane/Video\runs\Video\logs\synthesis\1-synthesis.log[2040]: Warning: Wire Video.\vga_b [1] is used but has no driver.
openlane/Video\runs\Video\logs\synthesis\1-synthesis.log[2041]: Warning: Wire Video.\vga_b [0] is used but has no driver.
openlane/Video\runs\Video\logs\synthesis\1-synthesis.log[2042]: Warning: Wire Video.\sram1_wmask0 [3] is used but has no driver.
openlane/Video\runs\Video\logs\synthesis\1-synthesis.log[2043]: Warning: Wire Video.\sram1_wmask0 [2] is used but has no driver.
openlane/Video\runs\Video\logs\synthesis\1-synthesis.log[2044]: Warning: Wire Video.\sram1_wmask0 [1] is used but has no driver.
openlane/Video\runs\Video\logs\synthesis\1-synthesis.log[2045]: Warning: Wire Video.\sram1_wmask0 [0] is used but has no driver.
openlane/Video\runs\Video\logs\synthesis\1-synthesis.log[2046]: Warning: Wire Video.\sram1_web0 is used but has no driver.
openlane/Video\runs\Video\logs\synthesis\1-synthesis.log[2047]: Warning: Wire Video.\sram1_din0 [31] is used but has no driver.
openlane/Video\runs\Video\logs\synthesis\1-synthesis.log[2048]: Warning: Wire Video.\sram1_din0 [30] is used but has no driver.
openlane/Video\runs\Video\logs\synthesis\1-synthesis.log[2049]: Warning: Wire Video.\sram1_din0 [29] is used but has no driver.
openlane/Video\runs\Video\logs\synthesis\1-synthesis.log[2050]: Warning: Wire Video.\sram1_din0 [28] is used but has no driver.
openlane/Video\runs\Video\logs\synthesis\1-synthesis.log[2051]: Warning: Wire Video.\sram1_din0 [27] is used but has no driver.
openlane/Video\runs\Video\logs\synthesis\1-synthesis.log[2052]: Warning: Wire Video.\sram1_din0 [26] is used but has no driver.
openlane/Video\runs\Video\logs\synthesis\1-synthesis.log[2053]: Warning: Wire Video.\sram1_din0 [25] is used but has no driver.
openlane/Video\runs\Video\logs\synthesis\1-synthesis.log[2054]: Warning: Wire Video.\sram1_din0 [24] is used but has no driver.
openlane/Video\runs\Video\logs\synthesis\1-synthesis.log[2055]: Warning: Wire Video.\sram1_din0 [23] is used but has no driver.
openlane/Video\runs\Video\logs\synthesis\1-synthesis.log[2056]: Warning: Wire Video.\sram1_din0 [22] is used but has no driver.
openlane/Video\runs\Video\logs\synthesis\1-synthesis.log[2057]: Warning: Wire Video.\sram1_din0 [21] is used but has no driver.
openlane/Video\runs\Video\logs\synthesis\1-synthesis.log[2058]: Warning: Wire Video.\sram1_din0 [20] is used but has no driver.
openlane/Video\runs\Video\logs\synthesis\1-synthesis.log[2059]: Warning: Wire Video.\sram1_din0 [19] is used but has no driver.
openlane/Video\runs\Video\logs\synthesis\1-synthesis.log[2060]: Warning: Wire Video.\sram1_din0 [18] is used but has no driver.
openlane/Video\runs\Video\logs\synthesis\1-synthesis.log[2061]: Warning: Wire Video.\sram1_din0 [17] is used but has no driver.
openlane/Video\runs\Video\logs\synthesis\1-synthesis.log[2062]: Warning: Wire Video.\sram1_din0 [16] is used but has no driver.
openlane/Video\runs\Video\logs\synthesis\1-synthesis.log[2063]: Warning: Wire Video.\sram1_din0 [15] is used but has no driver.
openlane/Video\runs\Video\logs\synthesis\1-synthesis.log[2064]: Warning: Wire Video.\sram1_din0 [14] is used but has no driver.
openlane/Video\runs\Video\logs\synthesis\1-synthesis.log[2065]: Warning: Wire Video.\sram1_din0 [13] is used but has no driver.
openlane/Video\runs\Video\logs\synthesis\1-synthesis.log[2066]: Warning: Wire Video.\sram1_din0 [12] is used but has no driver.
openlane/Video\runs\Video\logs\synthesis\1-synthesis.log[2067]: Warning: Wire Video.\sram1_din0 [11] is used but has no driver.
openlane/Video\runs\Video\logs\synthesis\1-synthesis.log[2068]: Warning: Wire Video.\sram1_din0 [10] is used but has no driver.
openlane/Video\runs\Video\logs\synthesis\1-synthesis.log[2069]: Warning: Wire Video.\sram1_din0 [9] is used but has no driver.
openlane/Video\runs\Video\logs\synthesis\1-synthesis.log[2070]: Warning: Wire Video.\sram1_din0 [8] is used but has no driver.
openlane/Video\runs\Video\logs\synthesis\1-synthesis.log[2071]: Warning: Wire Video.\sram1_din0 [7] is used but has no driver.
openlane/Video\runs\Video\logs\synthesis\1-synthesis.log[2072]: Warning: Wire Video.\sram1_din0 [6] is used but has no driver.
openlane/Video\runs\Video\logs\synthesis\1-synthesis.log[2073]: Warning: Wire Video.\sram1_din0 [5] is used but has no driver.
openlane/Video\runs\Video\logs\synthesis\1-synthesis.log[2074]: Warning: Wire Video.\sram1_din0 [4] is used but has no driver.
openlane/Video\runs\Video\logs\synthesis\1-synthesis.log[2075]: Warning: Wire Video.\sram1_din0 [3] is used but has no driver.
openlane/Video\runs\Video\logs\synthesis\1-synthesis.log[2076]: Warning: Wire Video.\sram1_din0 [2] is used but has no driver.
openlane/Video\runs\Video\logs\synthesis\1-synthesis.log[2077]: Warning: Wire Video.\sram1_din0 [1] is used but has no driver.
openlane/Video\runs\Video\logs\synthesis\1-synthesis.log[2078]: Warning: Wire Video.\sram1_din0 [0] is used but has no driver.
openlane/Video\runs\Video\logs\synthesis\1-synthesis.log[2079]: Warning: Wire Video.\sram1_csb1 [1] is used but has no driver.
openlane/Video\runs\Video\logs\synthesis\1-synthesis.log[2080]: Warning: Wire Video.\sram1_csb1 [0] is used but has no driver.
openlane/Video\runs\Video\logs\synthesis\1-synthesis.log[2081]: Warning: Wire Video.\sram1_csb0 [1] is used but has no driver.
openlane/Video\runs\Video\logs\synthesis\1-synthesis.log[2082]: Warning: Wire Video.\sram1_csb0 [0] is used but has no driver.
openlane/Video\runs\Video\logs\synthesis\1-synthesis.log[2083]: Warning: Wire Video.\sram1_clk1 is used but has no driver.
openlane/Video\runs\Video\logs\synthesis\1-synthesis.log[2084]: Warning: Wire Video.\sram1_clk0 is used but has no driver.
openlane/Video\runs\Video\logs\synthesis\1-synthesis.log[2085]: Warning: Wire Video.\sram1_addr1 [8] is used but has no driver.
openlane/Video\runs\Video\logs\synthesis\1-synthesis.log[2086]: Warning: Wire Video.\sram1_addr1 [7] is used but has no driver.
openlane/Video\runs\Video\logs\synthesis\1-synthesis.log[2087]: Warning: Wire Video.\sram1_addr1 [6] is used but has no driver.
openlane/Video\runs\Video\logs\synthesis\1-synthesis.log[2088]: Warning: Wire Video.\sram1_addr1 [5] is used but has no driver.
openlane/Video\runs\Video\logs\synthesis\1-synthesis.log[2089]: Warning: Wire Video.\sram1_addr1 [4] is used but has no driver.
openlane/Video\runs\Video\logs\synthesis\1-synthesis.log[2090]: Warning: Wire Video.\sram1_addr1 [3] is used but has no driver.
openlane/Video\runs\Video\logs\synthesis\1-synthesis.log[2091]: Warning: Wire Video.\sram1_addr1 [2] is used but has no driver.
openlane/Video\runs\Video\logs\synthesis\1-synthesis.log[2092]: Warning: Wire Video.\sram1_addr1 [1] is used but has no driver.
openlane/Video\runs\Video\logs\synthesis\1-synthesis.log[2093]: Warning: Wire Video.\sram1_addr1 [0] is used but has no driver.
openlane/Video\runs\Video\logs\synthesis\1-synthesis.log[2094]: Warning: Wire Video.\sram1_addr0 [8] is used but has no driver.
openlane/Video\runs\Video\logs\synthesis\1-synthesis.log[2095]: Warning: Wire Video.\sram1_addr0 [7] is used but has no driver.
openlane/Video\runs\Video\logs\synthesis\1-synthesis.log[2096]: Warning: Wire Video.\sram1_addr0 [6] is used but has no driver.
openlane/Video\runs\Video\logs\synthesis\1-synthesis.log[2097]: Warning: Wire Video.\sram1_addr0 [5] is used but has no driver.
openlane/Video\runs\Video\logs\synthesis\1-synthesis.log[2098]: Warning: Wire Video.\sram1_addr0 [4] is used but has no driver.
openlane/Video\runs\Video\logs\synthesis\1-synthesis.log[2099]: Warning: Wire Video.\sram1_addr0 [3] is used but has no driver.
openlane/Video\runs\Video\logs\synthesis\1-synthesis.log[2100]: Warning: Wire Video.\sram1_addr0 [2] is used but has no driver.
openlane/Video\runs\Video\logs\synthesis\1-synthesis.log[2101]: Warning: Wire Video.\sram1_addr0 [1] is used but has no driver.
openlane/Video\runs\Video\logs\synthesis\1-synthesis.log[2102]: Warning: Wire Video.\sram1_addr0 [0] is used but has no driver.
openlane/Video\runs\Video\logs\synthesis\1-synthesis.log[2103]: Warning: Wire Video.\sram0_wmask0 [3] is used but has no driver.
openlane/Video\runs\Video\logs\synthesis\1-synthesis.log[2104]: Warning: Wire Video.\sram0_wmask0 [2] is used but has no driver.
openlane/Video\runs\Video\logs\synthesis\1-synthesis.log[2105]: Warning: Wire Video.\sram0_wmask0 [1] is used but has no driver.
openlane/Video\runs\Video\logs\synthesis\1-synthesis.log[2106]: Warning: Wire Video.\sram0_wmask0 [0] is used but has no driver.
openlane/Video\runs\Video\logs\synthesis\1-synthesis.log[2107]: Warning: Wire Video.\sram0_web0 is used but has no driver.
openlane/Video\runs\Video\logs\synthesis\1-synthesis.log[2108]: Warning: Wire Video.\sram0_din0 [31] is used but has no driver.
openlane/Video\runs\Video\logs\synthesis\1-synthesis.log[2109]: Warning: Wire Video.\sram0_din0 [30] is used but has no driver.
openlane/Video\runs\Video\logs\synthesis\1-synthesis.log[2110]: Warning: Wire Video.\sram0_din0 [29] is used but has no driver.
openlane/Video\runs\Video\logs\synthesis\1-synthesis.log[2111]: Warning: Wire Video.\sram0_din0 [28] is used but has no driver.
openlane/Video\runs\Video\logs\synthesis\1-synthesis.log[2112]: Warning: Wire Video.\sram0_din0 [27] is used but has no driver.
openlane/Video\runs\Video\logs\synthesis\1-synthesis.log[2113]: Warning: Wire Video.\sram0_din0 [26] is used but has no driver.
openlane/Video\runs\Video\logs\synthesis\1-synthesis.log[2114]: Warning: Wire Video.\sram0_din0 [25] is used but has no driver.
openlane/Video\runs\Video\logs\synthesis\1-synthesis.log[2115]: Warning: Wire Video.\sram0_din0 [24] is used but has no driver.
openlane/Video\runs\Video\logs\synthesis\1-synthesis.log[2116]: Warning: Wire Video.\sram0_din0 [23] is used but has no driver.
openlane/Video\runs\Video\logs\synthesis\1-synthesis.log[2117]: Warning: Wire Video.\sram0_din0 [22] is used but has no driver.
openlane/Video\runs\Video\logs\synthesis\1-synthesis.log[2118]: Warning: Wire Video.\sram0_din0 [21] is used but has no driver.
openlane/Video\runs\Video\logs\synthesis\1-synthesis.log[2119]: Warning: Wire Video.\sram0_din0 [20] is used but has no driver.
openlane/Video\runs\Video\logs\synthesis\1-synthesis.log[2120]: Warning: Wire Video.\sram0_din0 [19] is used but has no driver.
openlane/Video\runs\Video\logs\synthesis\1-synthesis.log[2121]: Warning: Wire Video.\sram0_din0 [18] is used but has no driver.
openlane/Video\runs\Video\logs\synthesis\1-synthesis.log[2122]: Warning: Wire Video.\sram0_din0 [17] is used but has no driver.
openlane/Video\runs\Video\logs\synthesis\1-synthesis.log[2123]: Warning: Wire Video.\sram0_din0 [16] is used but has no driver.
openlane/Video\runs\Video\logs\synthesis\1-synthesis.log[2124]: Warning: Wire Video.\sram0_din0 [15] is used but has no driver.
openlane/Video\runs\Video\logs\synthesis\1-synthesis.log[2125]: Warning: Wire Video.\sram0_din0 [14] is used but has no driver.
openlane/Video\runs\Video\logs\synthesis\1-synthesis.log[2126]: Warning: Wire Video.\sram0_din0 [13] is used but has no driver.
openlane/Video\runs\Video\logs\synthesis\1-synthesis.log[2127]: Warning: Wire Video.\sram0_din0 [12] is used but has no driver.
openlane/Video\runs\Video\logs\synthesis\1-synthesis.log[2128]: Warning: Wire Video.\sram0_din0 [11] is used but has no driver.
openlane/Video\runs\Video\logs\synthesis\1-synthesis.log[2129]: Warning: Wire Video.\sram0_din0 [10] is used but has no driver.
openlane/Video\runs\Video\logs\synthesis\1-synthesis.log[2130]: Warning: Wire Video.\sram0_din0 [9] is used but has no driver.
openlane/Video\runs\Video\logs\synthesis\1-synthesis.log[2131]: Warning: Wire Video.\sram0_din0 [8] is used but has no driver.
openlane/Video\runs\Video\logs\synthesis\1-synthesis.log[2132]: Warning: Wire Video.\sram0_din0 [7] is used but has no driver.
openlane/Video\runs\Video\logs\synthesis\1-synthesis.log[2133]: Warning: Wire Video.\sram0_din0 [6] is used but has no driver.
openlane/Video\runs\Video\logs\synthesis\1-synthesis.log[2134]: Warning: Wire Video.\sram0_din0 [5] is used but has no driver.
openlane/Video\runs\Video\logs\synthesis\1-synthesis.log[2135]: Warning: Wire Video.\sram0_din0 [4] is used but has no driver.
openlane/Video\runs\Video\logs\synthesis\1-synthesis.log[2136]: Warning: Wire Video.\sram0_din0 [3] is used but has no driver.
openlane/Video\runs\Video\logs\synthesis\1-synthesis.log[2137]: Warning: Wire Video.\sram0_din0 [2] is used but has no driver.
openlane/Video\runs\Video\logs\synthesis\1-synthesis.log[2138]: Warning: Wire Video.\sram0_din0 [1] is used but has no driver.
openlane/Video\runs\Video\logs\synthesis\1-synthesis.log[2139]: Warning: Wire Video.\sram0_din0 [0] is used but has no driver.
openlane/Video\runs\Video\logs\synthesis\1-synthesis.log[2140]: Warning: Wire Video.\sram0_csb1 [1] is used but has no driver.
openlane/Video\runs\Video\logs\synthesis\1-synthesis.log[2141]: Warning: Wire Video.\sram0_csb1 [0] is used but has no driver.
openlane/Video\runs\Video\logs\synthesis\1-synthesis.log[2142]: Warning: Wire Video.\sram0_csb0 [1] is used but has no driver.
openlane/Video\runs\Video\logs\synthesis\1-synthesis.log[2143]: Warning: Wire Video.\sram0_csb0 [0] is used but has no driver.
openlane/Video\runs\Video\logs\synthesis\1-synthesis.log[2144]: Warning: Wire Video.\sram0_clk1 is used but has no driver.
openlane/Video\runs\Video\logs\synthesis\1-synthesis.log[2145]: Warning: Wire Video.\sram0_clk0 is used but has no driver.
openlane/Video\runs\Video\logs\synthesis\1-synthesis.log[2146]: Warning: Wire Video.\sram0_addr1 [8] is used but has no driver.
openlane/Video\runs\Video\logs\synthesis\1-synthesis.log[2147]: Warning: Wire Video.\sram0_addr1 [7] is used but has no driver.
openlane/Video\runs\Video\logs\synthesis\1-synthesis.log[2148]: Warning: Wire Video.\sram0_addr1 [6] is used but has no driver.
openlane/Video\runs\Video\logs\synthesis\1-synthesis.log[2149]: Warning: Wire Video.\sram0_addr1 [5] is used but has no driver.
openlane/Video\runs\Video\logs\synthesis\1-synthesis.log[2150]: Warning: Wire Video.\sram0_addr1 [4] is used but has no driver.
openlane/Video\runs\Video\logs\synthesis\1-synthesis.log[2151]: Warning: Wire Video.\sram0_addr1 [3] is used but has no driver.
openlane/Video\runs\Video\logs\synthesis\1-synthesis.log[2152]: Warning: Wire Video.\sram0_addr1 [2] is used but has no driver.
openlane/Video\runs\Video\logs\synthesis\1-synthesis.log[2153]: Warning: Wire Video.\sram0_addr1 [1] is used but has no driver.
openlane/Video\runs\Video\logs\synthesis\1-synthesis.log[2154]: Warning: Wire Video.\sram0_addr1 [0] is used but has no driver.
openlane/Video\runs\Video\logs\synthesis\1-synthesis.log[2155]: Warning: Wire Video.\sram0_addr0 [8] is used but has no driver.
openlane/Video\runs\Video\logs\synthesis\1-synthesis.log[2156]: Warning: Wire Video.\sram0_addr0 [7] is used but has no driver.
openlane/Video\runs\Video\logs\synthesis\1-synthesis.log[2157]: Warning: Wire Video.\sram0_addr0 [6] is used but has no driver.
openlane/Video\runs\Video\logs\synthesis\1-synthesis.log[2158]: Warning: Wire Video.\sram0_addr0 [5] is used but has no driver.
openlane/Video\runs\Video\logs\synthesis\1-synthesis.log[2159]: Warning: Wire Video.\sram0_addr0 [4] is used but has no driver.
openlane/Video\runs\Video\logs\synthesis\1-synthesis.log[2160]: Warning: Wire Video.\sram0_addr0 [3] is used but has no driver.
openlane/Video\runs\Video\logs\synthesis\1-synthesis.log[2161]: Warning: Wire Video.\sram0_addr0 [2] is used but has no driver.
openlane/Video\runs\Video\logs\synthesis\1-synthesis.log[2162]: Warning: Wire Video.\sram0_addr0 [1] is used but has no driver.
openlane/Video\runs\Video\logs\synthesis\1-synthesis.log[2163]: Warning: Wire Video.\sram0_addr0 [0] is used but has no driver.
openlane/Video\runs\Video\logs\synthesis\1-synthesis.log[2239]: Warnings: 165 unique messages, 165 total
openlane/Video\runs\Video\logs\finishing\27-gdsii-klayout.log[12]: WARNING: no fill config file specified
openlane/Video\runs\Video\logs\finishing\32-lef.log[1]: Warning: netgen command 'format' use fully-qualified name '::netgen::format'
openlane/Video\runs\Video\logs\finishing\32-lef.log[2]: Warning: netgen command 'global' use fully-qualified name '::netgen::global'
openlane/Video\runs\Video\logs\finishing\32-lef.log[6]: Warning:  A case-insensitive file has been read and so the	verilog file must be treated case-insensitive to match.
openlane/Video\runs\Video\reports\finishing\antenna.rpt[0]: Warning - class CORE ANTENNACELL is not found. This message can be ignored if not in the antenna-avoid flow
