openlane/Flash/runs/23_05_12_10_06/logs/synthesis\1-synthesis.log[1993]: ABC: Error: The network is combinational.
openlane/Flash/runs/23_05_12_10_06/logs/synthesis\2-sta.log[1227]: _0518_/Y                                1.49    2.33   -0.84 (VIOLATED)
openlane/Flash/runs/23_05_12_10_06/logs/synthesis\2-sta.log[1228]: _0519_/A2                               1.50    2.33   -0.83 (VIOLATED)
openlane/Flash/runs/23_05_12_10_06/logs/synthesis\2-sta.log[1229]: _0520_/B                                1.50    2.33   -0.83 (VIOLATED)
openlane/Flash/runs/23_05_12_10_06/logs/synthesis\2-sta.log[1230]: _0521_/B                                1.50    2.33   -0.83 (VIOLATED)
openlane/Flash/runs/23_05_12_10_06/logs/synthesis\2-sta.log[1231]: _0548_/C                                1.50    2.33   -0.83 (VIOLATED)
openlane/Flash/runs/23_05_12_10_06/logs/synthesis\2-sta.log[1232]: _0550_/C                                1.50    2.33   -0.83 (VIOLATED)
openlane/Flash/runs/23_05_12_10_06/logs/synthesis\2-sta.log[1233]: _0552_/C                                1.50    2.33   -0.83 (VIOLATED)
openlane/Flash/runs/23_05_12_10_06/logs/synthesis\2-sta.log[1234]: _0554_/C                                1.50    2.33   -0.83 (VIOLATED)
openlane/Flash/runs/23_05_12_10_06/logs/synthesis\2-sta.log[1235]: _0556_/C                                1.50    2.33   -0.83 (VIOLATED)
openlane/Flash/runs/23_05_12_10_06/logs/synthesis\2-sta.log[1236]: _0558_/B                                1.50    2.33   -0.83 (VIOLATED)
openlane/Flash/runs/23_05_12_10_06/logs/synthesis\2-sta.log[1237]: _0560_/C                                1.50    2.33   -0.83 (VIOLATED)
openlane/Flash/runs/23_05_12_10_06/logs/synthesis\2-sta.log[1238]: _0562_/C                                1.50    2.33   -0.83 (VIOLATED)
openlane/Flash/runs/23_05_12_10_06/logs/synthesis\2-sta.log[1239]: _0564_/C                                1.50    2.33   -0.83 (VIOLATED)
openlane/Flash/runs/23_05_12_10_06/logs/synthesis\2-sta.log[1240]: _0566_/C                                1.50    2.33   -0.83 (VIOLATED)
openlane/Flash/runs/23_05_12_10_06/logs/synthesis\2-sta.log[1241]: _0568_/C                                1.50    2.33   -0.83 (VIOLATED)
openlane/Flash/runs/23_05_12_10_06/logs/synthesis\2-sta.log[1242]: _0570_/B                                1.50    2.33   -0.83 (VIOLATED)
openlane/Flash/runs/23_05_12_10_06/logs/synthesis\2-sta.log[1243]: _0572_/B                                1.50    2.33   -0.83 (VIOLATED)
openlane/Flash/runs/23_05_12_10_06/logs/synthesis\2-sta.log[1244]: _0574_/C                                1.50    2.33   -0.83 (VIOLATED)
openlane/Flash/runs/23_05_12_10_06/logs/synthesis\2-sta.log[1245]: _0576_/B                                1.50    2.33   -0.83 (VIOLATED)
openlane/Flash/runs/23_05_12_10_06/logs/synthesis\2-sta.log[1246]: _0578_/B                                1.50    2.33   -0.83 (VIOLATED)
openlane/Flash/runs/23_05_12_10_06/logs/synthesis\2-sta.log[1247]: _0580_/B                                1.50    2.33   -0.83 (VIOLATED)
openlane/Flash/runs/23_05_12_10_06/logs/synthesis\2-sta.log[1248]: _0582_/C                                1.50    2.33   -0.83 (VIOLATED)
openlane/Flash/runs/23_05_12_10_06/logs/synthesis\2-sta.log[1249]: _0584_/B                                1.50    2.33   -0.83 (VIOLATED)
openlane/Flash/runs/23_05_12_10_06/logs/synthesis\2-sta.log[1250]: _0586_/B                                1.50    2.33   -0.83 (VIOLATED)
openlane/Flash/runs/23_05_12_10_06/logs/synthesis\2-sta.log[1251]: _0588_/C                                1.50    2.33   -0.83 (VIOLATED)
openlane/Flash/runs/23_05_12_10_06/logs/synthesis\2-sta.log[1252]: _0590_/C                                1.50    2.33   -0.83 (VIOLATED)
openlane/Flash/runs/23_05_12_10_06/logs/synthesis\2-sta.log[1253]: _0592_/C                                1.50    2.33   -0.83 (VIOLATED)
openlane/Flash/runs/23_05_12_10_06/logs/synthesis\2-sta.log[1254]: _0594_/C                                1.50    2.33   -0.83 (VIOLATED)
openlane/Flash/runs/23_05_12_10_06/logs/synthesis\2-sta.log[1255]: _0599_/A2                               1.50    2.33   -0.83 (VIOLATED)
openlane/Flash/runs/23_05_12_10_06/logs/synthesis\2-sta.log[1256]: _0613_/A2                               1.50    2.33   -0.83 (VIOLATED)
openlane/Flash/runs/23_05_12_10_06/logs/synthesis\2-sta.log[1257]: _0617_/A2                               1.50    2.33   -0.83 (VIOLATED)
openlane/Flash/runs/23_05_12_10_06/logs/synthesis\2-sta.log[1258]: _0620_/A                                1.50    2.33   -0.83 (VIOLATED)
openlane/Flash/runs/23_05_12_10_06/logs/synthesis\2-sta.log[1259]: _0676_/A1                               1.50    2.33   -0.83 (VIOLATED)
openlane/Flash/runs/23_05_12_10_06/logs/synthesis\2-sta.log[1260]: _0698_/A1                               1.50    2.33   -0.83 (VIOLATED)
openlane/Flash/runs/23_05_12_10_06/logs/synthesis\2-sta.log[1261]: _0700_/C                                1.50    2.33   -0.83 (VIOLATED)
openlane/Flash/runs/23_05_12_10_06/logs/synthesis\2-sta.log[1262]: _0713_/C                                1.50    2.33   -0.83 (VIOLATED)
openlane/Flash/runs/23_05_12_10_06/logs/synthesis\2-sta.log[1263]: _0743_/A1                               1.50    2.33   -0.83 (VIOLATED)
openlane/Flash/runs/23_05_12_10_06/logs/synthesis\2-sta.log[1264]: _0764_/C1                               1.50    2.33   -0.83 (VIOLATED)
openlane/Flash/runs/23_05_12_10_06/logs/synthesis\2-sta.log[1265]: _0778_/A1                               1.50    2.33   -0.83 (VIOLATED)
openlane/Flash/runs/23_05_12_10_06/logs/synthesis\2-sta.log[1266]: _0782_/A1                               1.50    2.33   -0.83 (VIOLATED)
openlane/Flash/runs/23_05_12_10_06/logs/synthesis\2-sta.log[1267]: _0789_/A1                               1.50    2.33   -0.83 (VIOLATED)
openlane/Flash/runs/23_05_12_10_06/logs/synthesis\2-sta.log[1268]: _0793_/A1                               1.50    2.33   -0.83 (VIOLATED)
openlane/Flash/runs/23_05_12_10_06/logs/synthesis\2-sta.log[1274]: _0485_/Y                                 10     47    -37 (VIOLATED)
openlane/Flash/runs/23_05_12_10_06/logs/synthesis\2-sta.log[1275]: _0520_/Y                                 10     45    -35 (VIOLATED)
openlane/Flash/runs/23_05_12_10_06/logs/synthesis\2-sta.log[1276]: _0518_/Y                                 10     41    -31 (VIOLATED)
openlane/Flash/runs/23_05_12_10_06/logs/synthesis\2-sta.log[1277]: _0487_/X                                 10     38    -28 (VIOLATED)
openlane/Flash/runs/23_05_12_10_06/logs/synthesis\2-sta.log[1278]: wb_rst_i                                 10     34    -24 (VIOLATED)
openlane/Flash/runs/23_05_12_10_06/logs/synthesis\2-sta.log[1279]: _0816_/Y                                 10     33    -23 (VIOLATED)
openlane/Flash/runs/23_05_12_10_06/logs/synthesis\2-sta.log[1280]: _0822_/X                                 10     33    -23 (VIOLATED)
openlane/Flash/runs/23_05_12_10_06/logs/synthesis\2-sta.log[1281]: _0934_/X                                 10     25    -15 (VIOLATED)
openlane/Flash/runs/23_05_12_10_06/logs/synthesis\2-sta.log[1282]: _0599_/Y                                 10     24    -14 (VIOLATED)
openlane/Flash/runs/23_05_12_10_06/logs/synthesis\2-sta.log[1283]: _0812_/X                                 10     24    -14 (VIOLATED)
openlane/Flash/runs/23_05_12_10_06/logs/synthesis\2-sta.log[1284]: _0814_/X                                 10     24    -14 (VIOLATED)
openlane/Flash/runs/23_05_12_10_06/logs/synthesis\2-sta.log[1285]: _0813_/Y                                 10     23    -13 (VIOLATED)
openlane/Flash/runs/23_05_12_10_06/logs/synthesis\2-sta.log[1286]: _0818_/Y                                 10     23    -13 (VIOLATED)
openlane/Flash/runs/23_05_12_10_06/logs/synthesis\2-sta.log[1287]: _0601_/X                                 10     16     -6 (VIOLATED)
openlane/Flash/runs/23_05_12_10_06/logs/synthesis\2-sta.log[1288]: _0610_/Y                                 10     15     -5 (VIOLATED)
openlane/Flash/runs/23_05_12_10_06/logs/synthesis\2-sta.log[1289]: _1033_/Q                                 10     13     -3 (VIOLATED)
openlane/Flash/runs/23_05_12_10_06/logs/synthesis\2-sta.log[1290]: _0605_/Y                                 10     11        (VIOLATED)
openlane/Flash/runs/23_05_12_10_06/logs/synthesis\2-sta.log[1291]: _0620_/X                                 10     11        (VIOLATED)
openlane/Flash/runs/23_05_12_10_06/logs/synthesis\2-sta.log[1292]: _1034_/Q                                 10     11        (VIOLATED)
openlane/Flash/runs/23_05_12_10_06/logs/synthesis\2-sta.log[1293]: _1126_/Q                                 10     11        (VIOLATED)
openlane/Flash/runs/23_05_12_10_06/logs/synthesis\2-sta.log[1299]: _0518_/Y                                0.06    0.11   -0.04 (VIOLATED)
openlane/Flash/runs/23_05_12_10_06/logs/synthesis\2-sta.log[1303]: max slew violation count 42
openlane/Flash/runs/23_05_12_10_06/logs/synthesis\2-sta.log[1304]: max fanout violation count 20
openlane/Flash/runs/23_05_12_10_06/logs/synthesis\2-sta.log[1305]: max cap violation count 1
openlane/Flash/runs/23_05_12_10_06/logs/routing\12-resizer.log[1683]: clkbuf_0_wb_clk_i/X                      10     16     -6 (VIOLATED)
openlane/Flash/runs/23_05_12_10_06/logs/routing\12-resizer.log[1684]: clkbuf_4_0_0_wb_clk_i/X                  10     13     -3 (VIOLATED)
openlane/Flash/runs/23_05_12_10_06/logs/routing\12-resizer.log[1685]: clkbuf_4_10_0_wb_clk_i/X                 10     13     -3 (VIOLATED)
openlane/Flash/runs/23_05_12_10_06/logs/routing\12-resizer.log[1686]: clkbuf_4_5_0_wb_clk_i/X                  10     13     -3 (VIOLATED)
openlane/Flash/runs/23_05_12_10_06/logs/routing\12-resizer.log[1687]: clkbuf_4_7_0_wb_clk_i/X                  10     13     -3 (VIOLATED)
openlane/Flash/runs/23_05_12_10_06/logs/routing\12-resizer.log[1688]: clkbuf_4_13_0_wb_clk_i/X                 10     12     -2 (VIOLATED)
openlane/Flash/runs/23_05_12_10_06/logs/routing\12-resizer.log[1689]: clkbuf_4_8_0_wb_clk_i/X                  10     12     -2 (VIOLATED)
openlane/Flash/runs/23_05_12_10_06/logs/routing\12-resizer.log[1690]: clkbuf_4_15_0_wb_clk_i/X                 10     11        (VIOLATED)
openlane/Flash/runs/23_05_12_10_06/logs/routing\12-resizer.log[1691]: clkbuf_4_2_0_wb_clk_i/X                  10     11        (VIOLATED)
openlane/Flash/runs/23_05_12_10_06/logs/routing\12-resizer.log[1696]: max fanout violation count 9
openlane/Flash/runs/23_05_12_10_06/logs/routing\14-global.log[1684]: clkbuf_0_wb_clk_i/X                      10     16     -6 (VIOLATED)
openlane/Flash/runs/23_05_12_10_06/logs/routing\14-global.log[1685]: clkbuf_4_0_0_wb_clk_i/X                  10     13     -3 (VIOLATED)
openlane/Flash/runs/23_05_12_10_06/logs/routing\14-global.log[1686]: clkbuf_4_10_0_wb_clk_i/X                 10     13     -3 (VIOLATED)
openlane/Flash/runs/23_05_12_10_06/logs/routing\14-global.log[1687]: clkbuf_4_5_0_wb_clk_i/X                  10     13     -3 (VIOLATED)
openlane/Flash/runs/23_05_12_10_06/logs/routing\14-global.log[1688]: clkbuf_4_7_0_wb_clk_i/X                  10     13     -3 (VIOLATED)
openlane/Flash/runs/23_05_12_10_06/logs/routing\14-global.log[1689]: clkbuf_4_13_0_wb_clk_i/X                 10     12     -2 (VIOLATED)
openlane/Flash/runs/23_05_12_10_06/logs/routing\14-global.log[1690]: clkbuf_4_8_0_wb_clk_i/X                  10     12     -2 (VIOLATED)
openlane/Flash/runs/23_05_12_10_06/logs/routing\14-global.log[1691]: clkbuf_4_15_0_wb_clk_i/X                 10     11        (VIOLATED)
openlane/Flash/runs/23_05_12_10_06/logs/routing\14-global.log[1692]: clkbuf_4_2_0_wb_clk_i/X                  10     11        (VIOLATED)
openlane/Flash/runs/23_05_12_10_06/logs/routing\14-global.log[1697]: max fanout violation count 9
openlane/Flash/runs/23_05_12_10_06/logs/routing\17-detailed.log[267]: [INFO DRT-0199]   Number of violations = 479.
openlane/Flash/runs/23_05_12_10_06/logs/routing\17-detailed.log[316]: [INFO DRT-0199]   Number of violations = 142.
openlane/Flash/runs/23_05_12_10_06/logs/routing\17-detailed.log[363]: [INFO DRT-0199]   Number of violations = 124.
openlane/Flash/runs/23_05_12_10_06/logs/routing\17-detailed.log[411]: [INFO DRT-0199]   Number of violations = 7.
openlane/Flash/runs/23_05_12_10_06/logs/placement\7-global.log[1381]: _0518_/Y                                1.49    3.66   -2.17 (VIOLATED)
openlane/Flash/runs/23_05_12_10_06/logs/placement\7-global.log[1382]: _0578_/B                                1.50    3.66   -2.16 (VIOLATED)
openlane/Flash/runs/23_05_12_10_06/logs/placement\7-global.log[1383]: _0588_/C                                1.50    3.66   -2.16 (VIOLATED)
openlane/Flash/runs/23_05_12_10_06/logs/placement\7-global.log[1384]: _0778_/A1                               1.50    3.66   -2.16 (VIOLATED)
openlane/Flash/runs/23_05_12_10_06/logs/placement\7-global.log[1385]: _0789_/A1                               1.50    3.66   -2.16 (VIOLATED)
openlane/Flash/runs/23_05_12_10_06/logs/placement\7-global.log[1386]: _0793_/A1                               1.50    3.66   -2.16 (VIOLATED)
openlane/Flash/runs/23_05_12_10_06/logs/placement\7-global.log[1387]: _0782_/A1                               1.50    3.66   -2.16 (VIOLATED)
openlane/Flash/runs/23_05_12_10_06/logs/placement\7-global.log[1388]: _0580_/B                                1.50    3.66   -2.16 (VIOLATED)
openlane/Flash/runs/23_05_12_10_06/logs/placement\7-global.log[1389]: _0584_/B                                1.50    3.66   -2.16 (VIOLATED)
openlane/Flash/runs/23_05_12_10_06/logs/placement\7-global.log[1390]: _0599_/A2                               1.50    3.66   -2.16 (VIOLATED)
openlane/Flash/runs/23_05_12_10_06/logs/placement\7-global.log[1391]: _0582_/C                                1.50    3.66   -2.16 (VIOLATED)
openlane/Flash/runs/23_05_12_10_06/logs/placement\7-global.log[1392]: _0586_/B                                1.50    3.66   -2.16 (VIOLATED)
openlane/Flash/runs/23_05_12_10_06/logs/placement\7-global.log[1393]: _0576_/B                                1.50    3.66   -2.16 (VIOLATED)
openlane/Flash/runs/23_05_12_10_06/logs/placement\7-global.log[1394]: _0613_/A2                               1.50    3.66   -2.16 (VIOLATED)
openlane/Flash/runs/23_05_12_10_06/logs/placement\7-global.log[1395]: _0617_/A2                               1.50    3.66   -2.16 (VIOLATED)
openlane/Flash/runs/23_05_12_10_06/logs/placement\7-global.log[1396]: _0620_/A                                1.50    3.66   -2.16 (VIOLATED)
openlane/Flash/runs/23_05_12_10_06/logs/placement\7-global.log[1397]: _0568_/C                                1.50    3.66   -2.16 (VIOLATED)
openlane/Flash/runs/23_05_12_10_06/logs/placement\7-global.log[1398]: _0572_/B                                1.50    3.66   -2.16 (VIOLATED)
openlane/Flash/runs/23_05_12_10_06/logs/placement\7-global.log[1399]: _0676_/A1                               1.50    3.66   -2.16 (VIOLATED)
openlane/Flash/runs/23_05_12_10_06/logs/placement\7-global.log[1400]: _0764_/C1                               1.50    3.66   -2.16 (VIOLATED)
openlane/Flash/runs/23_05_12_10_06/logs/placement\7-global.log[1401]: _0570_/B                                1.50    3.66   -2.16 (VIOLATED)
openlane/Flash/runs/23_05_12_10_06/logs/placement\7-global.log[1402]: _0562_/C                                1.50    3.66   -2.16 (VIOLATED)
openlane/Flash/runs/23_05_12_10_06/logs/placement\7-global.log[1403]: _0560_/C                                1.50    3.66   -2.16 (VIOLATED)
openlane/Flash/runs/23_05_12_10_06/logs/placement\7-global.log[1404]: _0550_/C                                1.50    3.66   -2.16 (VIOLATED)
openlane/Flash/runs/23_05_12_10_06/logs/placement\7-global.log[1405]: _0552_/C                                1.50    3.66   -2.16 (VIOLATED)
openlane/Flash/runs/23_05_12_10_06/logs/placement\7-global.log[1406]: _0558_/B                                1.50    3.66   -2.16 (VIOLATED)
openlane/Flash/runs/23_05_12_10_06/logs/placement\7-global.log[1407]: _0698_/A1                               1.50    3.66   -2.16 (VIOLATED)
openlane/Flash/runs/23_05_12_10_06/logs/placement\7-global.log[1408]: _0700_/C                                1.50    3.66   -2.16 (VIOLATED)
openlane/Flash/runs/23_05_12_10_06/logs/placement\7-global.log[1409]: _0713_/C                                1.50    3.66   -2.16 (VIOLATED)
openlane/Flash/runs/23_05_12_10_06/logs/placement\7-global.log[1410]: _0743_/A1                               1.50    3.66   -2.16 (VIOLATED)
openlane/Flash/runs/23_05_12_10_06/logs/placement\7-global.log[1411]: _0519_/A2                               1.50    3.66   -2.16 (VIOLATED)
openlane/Flash/runs/23_05_12_10_06/logs/placement\7-global.log[1412]: _0520_/B                                1.50    3.66   -2.16 (VIOLATED)
openlane/Flash/runs/23_05_12_10_06/logs/placement\7-global.log[1413]: _0521_/B                                1.50    3.66   -2.16 (VIOLATED)
openlane/Flash/runs/23_05_12_10_06/logs/placement\7-global.log[1414]: _0548_/C                                1.50    3.66   -2.16 (VIOLATED)
openlane/Flash/runs/23_05_12_10_06/logs/placement\7-global.log[1415]: _0554_/C                                1.50    3.66   -2.16 (VIOLATED)
openlane/Flash/runs/23_05_12_10_06/logs/placement\7-global.log[1416]: _0556_/C                                1.50    3.66   -2.16 (VIOLATED)
openlane/Flash/runs/23_05_12_10_06/logs/placement\7-global.log[1417]: _0564_/C                                1.50    3.66   -2.16 (VIOLATED)
openlane/Flash/runs/23_05_12_10_06/logs/placement\7-global.log[1418]: _0566_/C                                1.50    3.66   -2.16 (VIOLATED)
openlane/Flash/runs/23_05_12_10_06/logs/placement\7-global.log[1419]: _0574_/C                                1.50    3.66   -2.16 (VIOLATED)
openlane/Flash/runs/23_05_12_10_06/logs/placement\7-global.log[1420]: _0590_/C                                1.50    3.66   -2.16 (VIOLATED)
openlane/Flash/runs/23_05_12_10_06/logs/placement\7-global.log[1421]: _0592_/C                                1.50    3.66   -2.16 (VIOLATED)
openlane/Flash/runs/23_05_12_10_06/logs/placement\7-global.log[1422]: _0594_/C                                1.50    3.66   -2.16 (VIOLATED)
openlane/Flash/runs/23_05_12_10_06/logs/placement\7-global.log[1423]: _0520_/Y                                1.50    1.78   -0.28 (VIOLATED)
openlane/Flash/runs/23_05_12_10_06/logs/placement\7-global.log[1424]: _0549_/A2                               1.50    1.78   -0.28 (VIOLATED)
openlane/Flash/runs/23_05_12_10_06/logs/placement\7-global.log[1425]: _0551_/A2                               1.50    1.78   -0.28 (VIOLATED)
openlane/Flash/runs/23_05_12_10_06/logs/placement\7-global.log[1426]: _0553_/A2                               1.50    1.78   -0.28 (VIOLATED)
openlane/Flash/runs/23_05_12_10_06/logs/placement\7-global.log[1427]: _0555_/A2                               1.50    1.78   -0.28 (VIOLATED)
openlane/Flash/runs/23_05_12_10_06/logs/placement\7-global.log[1428]: _0559_/B1                               1.50    1.78   -0.28 (VIOLATED)
openlane/Flash/runs/23_05_12_10_06/logs/placement\7-global.log[1429]: _0740_/A1                               1.50    1.78   -0.28 (VIOLATED)
openlane/Flash/runs/23_05_12_10_06/logs/placement\7-global.log[1430]: _0748_/A1                               1.50    1.78   -0.28 (VIOLATED)
openlane/Flash/runs/23_05_12_10_06/logs/placement\7-global.log[1431]: _0800_/A1                               1.50    1.78   -0.28 (VIOLATED)
openlane/Flash/runs/23_05_12_10_06/logs/placement\7-global.log[1432]: _0785_/C1                               1.50    1.78   -0.28 (VIOLATED)
openlane/Flash/runs/23_05_12_10_06/logs/placement\7-global.log[1433]: _0796_/C1                               1.50    1.78   -0.28 (VIOLATED)
openlane/Flash/runs/23_05_12_10_06/logs/placement\7-global.log[1434]: _0737_/A1                               1.50    1.78   -0.28 (VIOLATED)
openlane/Flash/runs/23_05_12_10_06/logs/placement\7-global.log[1435]: _0750_/A1                               1.50    1.78   -0.28 (VIOLATED)
openlane/Flash/runs/23_05_12_10_06/logs/placement\7-global.log[1436]: _0754_/A1                               1.50    1.78   -0.28 (VIOLATED)
openlane/Flash/runs/23_05_12_10_06/logs/placement\7-global.log[1437]: _0805_/A1                               1.50    1.78   -0.28 (VIOLATED)
openlane/Flash/runs/23_05_12_10_06/logs/placement\7-global.log[1438]: _0589_/A2                               1.50    1.78   -0.28 (VIOLATED)
openlane/Flash/runs/23_05_12_10_06/logs/placement\7-global.log[1439]: _0758_/A1                               1.50    1.78   -0.28 (VIOLATED)
openlane/Flash/runs/23_05_12_10_06/logs/placement\7-global.log[1440]: _0803_/A1                               1.50    1.78   -0.28 (VIOLATED)
openlane/Flash/runs/23_05_12_10_06/logs/placement\7-global.log[1441]: _0561_/A2                               1.50    1.78   -0.28 (VIOLATED)
openlane/Flash/runs/23_05_12_10_06/logs/placement\7-global.log[1442]: _0563_/A2                               1.50    1.78   -0.28 (VIOLATED)
openlane/Flash/runs/23_05_12_10_06/logs/placement\7-global.log[1443]: _0587_/B1                               1.50    1.78   -0.28 (VIOLATED)
openlane/Flash/runs/23_05_12_10_06/logs/placement\7-global.log[1444]: _0557_/A2                               1.50    1.78   -0.28 (VIOLATED)
openlane/Flash/runs/23_05_12_10_06/logs/placement\7-global.log[1445]: _0569_/A2                               1.50    1.78   -0.28 (VIOLATED)
openlane/Flash/runs/23_05_12_10_06/logs/placement\7-global.log[1446]: _0760_/C1                               1.50    1.78   -0.28 (VIOLATED)
openlane/Flash/runs/23_05_12_10_06/logs/placement\7-global.log[1447]: _0571_/B1                               1.50    1.78   -0.28 (VIOLATED)
openlane/Flash/runs/23_05_12_10_06/logs/placement\7-global.log[1448]: _0565_/A2                               1.50    1.78   -0.28 (VIOLATED)
openlane/Flash/runs/23_05_12_10_06/logs/placement\7-global.log[1449]: _0579_/B1                               1.50    1.78   -0.28 (VIOLATED)
openlane/Flash/runs/23_05_12_10_06/logs/placement\7-global.log[1450]: _0581_/B1                               1.50    1.78   -0.28 (VIOLATED)
openlane/Flash/runs/23_05_12_10_06/logs/placement\7-global.log[1451]: _0585_/B1                               1.50    1.78   -0.28 (VIOLATED)
openlane/Flash/runs/23_05_12_10_06/logs/placement\7-global.log[1452]: _0766_/B1                               1.50    1.78   -0.28 (VIOLATED)
openlane/Flash/runs/23_05_12_10_06/logs/placement\7-global.log[1453]: _0583_/A2                               1.50    1.78   -0.28 (VIOLATED)
openlane/Flash/runs/23_05_12_10_06/logs/placement\7-global.log[1454]: _0591_/A2                               1.50    1.78   -0.28 (VIOLATED)
openlane/Flash/runs/23_05_12_10_06/logs/placement\7-global.log[1455]: _0573_/B1                               1.50    1.78   -0.28 (VIOLATED)
openlane/Flash/runs/23_05_12_10_06/logs/placement\7-global.log[1456]: _0577_/B1                               1.50    1.78   -0.28 (VIOLATED)
openlane/Flash/runs/23_05_12_10_06/logs/placement\7-global.log[1457]: _0526_/B                                1.50    1.78   -0.28 (VIOLATED)
openlane/Flash/runs/23_05_12_10_06/logs/placement\7-global.log[1458]: _0528_/B1                               1.50    1.78   -0.28 (VIOLATED)
openlane/Flash/runs/23_05_12_10_06/logs/placement\7-global.log[1459]: _0531_/B1                               1.50    1.78   -0.28 (VIOLATED)
openlane/Flash/runs/23_05_12_10_06/logs/placement\7-global.log[1460]: _0534_/B1                               1.50    1.78   -0.28 (VIOLATED)
openlane/Flash/runs/23_05_12_10_06/logs/placement\7-global.log[1461]: _0536_/B1                               1.50    1.78   -0.28 (VIOLATED)
openlane/Flash/runs/23_05_12_10_06/logs/placement\7-global.log[1462]: _0540_/A                                1.50    1.78   -0.28 (VIOLATED)
openlane/Flash/runs/23_05_12_10_06/logs/placement\7-global.log[1463]: _0545_/A                                1.50    1.78   -0.28 (VIOLATED)
openlane/Flash/runs/23_05_12_10_06/logs/placement\7-global.log[1464]: _0567_/A2                               1.50    1.78   -0.28 (VIOLATED)
openlane/Flash/runs/23_05_12_10_06/logs/placement\7-global.log[1465]: _0575_/A2                               1.50    1.78   -0.28 (VIOLATED)
openlane/Flash/runs/23_05_12_10_06/logs/placement\7-global.log[1466]: _0593_/A2                               1.50    1.78   -0.28 (VIOLATED)
openlane/Flash/runs/23_05_12_10_06/logs/placement\7-global.log[1467]: _0595_/A2                               1.50    1.78   -0.28 (VIOLATED)
openlane/Flash/runs/23_05_12_10_06/logs/placement\7-global.log[1468]: _0733_/A1                               1.50    1.78   -0.28 (VIOLATED)
openlane/Flash/runs/23_05_12_10_06/logs/placement\7-global.log[1474]: _0485_/Y                                 10     47    -37 (VIOLATED)
openlane/Flash/runs/23_05_12_10_06/logs/placement\7-global.log[1475]: _0520_/Y                                 10     45    -35 (VIOLATED)
openlane/Flash/runs/23_05_12_10_06/logs/placement\7-global.log[1476]: _0518_/Y                                 10     41    -31 (VIOLATED)
openlane/Flash/runs/23_05_12_10_06/logs/placement\7-global.log[1477]: _0487_/X                                 10     38    -28 (VIOLATED)
openlane/Flash/runs/23_05_12_10_06/logs/placement\7-global.log[1478]: wb_rst_i                                 10     34    -24 (VIOLATED)
openlane/Flash/runs/23_05_12_10_06/logs/placement\7-global.log[1479]: _0816_/Y                                 10     33    -23 (VIOLATED)
openlane/Flash/runs/23_05_12_10_06/logs/placement\7-global.log[1480]: _0822_/X                                 10     33    -23 (VIOLATED)
openlane/Flash/runs/23_05_12_10_06/logs/placement\7-global.log[1481]: _0934_/X                                 10     25    -15 (VIOLATED)
openlane/Flash/runs/23_05_12_10_06/logs/placement\7-global.log[1482]: _0599_/Y                                 10     24    -14 (VIOLATED)
openlane/Flash/runs/23_05_12_10_06/logs/placement\7-global.log[1483]: _0812_/X                                 10     24    -14 (VIOLATED)
openlane/Flash/runs/23_05_12_10_06/logs/placement\7-global.log[1484]: _0814_/X                                 10     24    -14 (VIOLATED)
openlane/Flash/runs/23_05_12_10_06/logs/placement\7-global.log[1485]: _0813_/Y                                 10     23    -13 (VIOLATED)
openlane/Flash/runs/23_05_12_10_06/logs/placement\7-global.log[1486]: _0818_/Y                                 10     23    -13 (VIOLATED)
openlane/Flash/runs/23_05_12_10_06/logs/placement\7-global.log[1487]: _0601_/X                                 10     16     -6 (VIOLATED)
openlane/Flash/runs/23_05_12_10_06/logs/placement\7-global.log[1488]: _0610_/Y                                 10     15     -5 (VIOLATED)
openlane/Flash/runs/23_05_12_10_06/logs/placement\7-global.log[1489]: _1033_/Q                                 10     13     -3 (VIOLATED)
openlane/Flash/runs/23_05_12_10_06/logs/placement\7-global.log[1490]: _0605_/Y                                 10     11        (VIOLATED)
openlane/Flash/runs/23_05_12_10_06/logs/placement\7-global.log[1491]: _0620_/X                                 10     11        (VIOLATED)
openlane/Flash/runs/23_05_12_10_06/logs/placement\7-global.log[1492]: _1034_/Q                                 10     11        (VIOLATED)
openlane/Flash/runs/23_05_12_10_06/logs/placement\7-global.log[1493]: _1126_/Q                                 10     11        (VIOLATED)
openlane/Flash/runs/23_05_12_10_06/logs/placement\7-global.log[1499]: _0518_/Y                                0.06    0.17   -0.10 (VIOLATED)
openlane/Flash/runs/23_05_12_10_06/logs/placement\7-global.log[1500]: _0520_/Y                                0.14    0.17   -0.03 (VIOLATED)
openlane/Flash/runs/23_05_12_10_06/logs/placement\7-global.log[1504]: max slew violation count 88
openlane/Flash/runs/23_05_12_10_06/logs/placement\7-global.log[1505]: max fanout violation count 20
openlane/Flash/runs/23_05_12_10_06/logs/placement\7-global.log[1506]: max cap violation count 2
openlane/Flash/runs/23_05_12_10_06/logs/signoff\20-rcx_mcsta.min.log[78565]: clkbuf_0_wb_clk_i/X                      10     16     -6 (VIOLATED)
openlane/Flash/runs/23_05_12_10_06/logs/signoff\20-rcx_mcsta.min.log[78566]: clkbuf_4_0_0_wb_clk_i/X                  10     13     -3 (VIOLATED)
openlane/Flash/runs/23_05_12_10_06/logs/signoff\20-rcx_mcsta.min.log[78567]: clkbuf_4_10_0_wb_clk_i/X                 10     13     -3 (VIOLATED)
openlane/Flash/runs/23_05_12_10_06/logs/signoff\20-rcx_mcsta.min.log[78568]: clkbuf_4_5_0_wb_clk_i/X                  10     13     -3 (VIOLATED)
openlane/Flash/runs/23_05_12_10_06/logs/signoff\20-rcx_mcsta.min.log[78569]: clkbuf_4_7_0_wb_clk_i/X                  10     13     -3 (VIOLATED)
openlane/Flash/runs/23_05_12_10_06/logs/signoff\20-rcx_mcsta.min.log[78570]: clkbuf_4_13_0_wb_clk_i/X                 10     12     -2 (VIOLATED)
openlane/Flash/runs/23_05_12_10_06/logs/signoff\20-rcx_mcsta.min.log[78571]: clkbuf_4_8_0_wb_clk_i/X                  10     12     -2 (VIOLATED)
openlane/Flash/runs/23_05_12_10_06/logs/signoff\20-rcx_mcsta.min.log[78572]: clkbuf_4_15_0_wb_clk_i/X                 10     11        (VIOLATED)
openlane/Flash/runs/23_05_12_10_06/logs/signoff\20-rcx_mcsta.min.log[78573]: clkbuf_4_2_0_wb_clk_i/X                  10     11        (VIOLATED)
openlane/Flash/runs/23_05_12_10_06/logs/signoff\20-rcx_mcsta.min.log[78582]: clkbuf_0_wb_clk_i/X                      10     16     -6 (VIOLATED)
openlane/Flash/runs/23_05_12_10_06/logs/signoff\20-rcx_mcsta.min.log[78583]: clkbuf_4_0_0_wb_clk_i/X                  10     13     -3 (VIOLATED)
openlane/Flash/runs/23_05_12_10_06/logs/signoff\20-rcx_mcsta.min.log[78584]: clkbuf_4_10_0_wb_clk_i/X                 10     13     -3 (VIOLATED)
openlane/Flash/runs/23_05_12_10_06/logs/signoff\20-rcx_mcsta.min.log[78585]: clkbuf_4_5_0_wb_clk_i/X                  10     13     -3 (VIOLATED)
openlane/Flash/runs/23_05_12_10_06/logs/signoff\20-rcx_mcsta.min.log[78586]: clkbuf_4_7_0_wb_clk_i/X                  10     13     -3 (VIOLATED)
openlane/Flash/runs/23_05_12_10_06/logs/signoff\20-rcx_mcsta.min.log[78587]: clkbuf_4_13_0_wb_clk_i/X                 10     12     -2 (VIOLATED)
openlane/Flash/runs/23_05_12_10_06/logs/signoff\20-rcx_mcsta.min.log[78588]: clkbuf_4_8_0_wb_clk_i/X                  10     12     -2 (VIOLATED)
openlane/Flash/runs/23_05_12_10_06/logs/signoff\20-rcx_mcsta.min.log[78589]: clkbuf_4_15_0_wb_clk_i/X                 10     11        (VIOLATED)
openlane/Flash/runs/23_05_12_10_06/logs/signoff\20-rcx_mcsta.min.log[78590]: clkbuf_4_2_0_wb_clk_i/X                  10     11        (VIOLATED)
openlane/Flash/runs/23_05_12_10_06/logs/signoff\20-rcx_mcsta.min.log[78599]: clkbuf_0_wb_clk_i/X                      10     16     -6 (VIOLATED)
openlane/Flash/runs/23_05_12_10_06/logs/signoff\20-rcx_mcsta.min.log[78600]: clkbuf_4_0_0_wb_clk_i/X                  10     13     -3 (VIOLATED)
openlane/Flash/runs/23_05_12_10_06/logs/signoff\20-rcx_mcsta.min.log[78601]: clkbuf_4_10_0_wb_clk_i/X                 10     13     -3 (VIOLATED)
openlane/Flash/runs/23_05_12_10_06/logs/signoff\20-rcx_mcsta.min.log[78602]: clkbuf_4_5_0_wb_clk_i/X                  10     13     -3 (VIOLATED)
openlane/Flash/runs/23_05_12_10_06/logs/signoff\20-rcx_mcsta.min.log[78603]: clkbuf_4_7_0_wb_clk_i/X                  10     13     -3 (VIOLATED)
openlane/Flash/runs/23_05_12_10_06/logs/signoff\20-rcx_mcsta.min.log[78604]: clkbuf_4_13_0_wb_clk_i/X                 10     12     -2 (VIOLATED)
openlane/Flash/runs/23_05_12_10_06/logs/signoff\20-rcx_mcsta.min.log[78605]: clkbuf_4_8_0_wb_clk_i/X                  10     12     -2 (VIOLATED)
openlane/Flash/runs/23_05_12_10_06/logs/signoff\20-rcx_mcsta.min.log[78606]: clkbuf_4_15_0_wb_clk_i/X                 10     11        (VIOLATED)
openlane/Flash/runs/23_05_12_10_06/logs/signoff\20-rcx_mcsta.min.log[78607]: clkbuf_4_2_0_wb_clk_i/X                  10     11        (VIOLATED)
openlane/Flash/runs/23_05_12_10_06/logs/signoff\20-rcx_mcsta.min.log[78612]: max fanout violation count 9
openlane/Flash/runs/23_05_12_10_06/logs/signoff\22-rcx_mcsta.max.log[78972]: clkbuf_0_wb_clk_i/X                      10     16     -6 (VIOLATED)
openlane/Flash/runs/23_05_12_10_06/logs/signoff\22-rcx_mcsta.max.log[78973]: clkbuf_4_0_0_wb_clk_i/X                  10     13     -3 (VIOLATED)
openlane/Flash/runs/23_05_12_10_06/logs/signoff\22-rcx_mcsta.max.log[78974]: clkbuf_4_10_0_wb_clk_i/X                 10     13     -3 (VIOLATED)
openlane/Flash/runs/23_05_12_10_06/logs/signoff\22-rcx_mcsta.max.log[78975]: clkbuf_4_5_0_wb_clk_i/X                  10     13     -3 (VIOLATED)
openlane/Flash/runs/23_05_12_10_06/logs/signoff\22-rcx_mcsta.max.log[78976]: clkbuf_4_7_0_wb_clk_i/X                  10     13     -3 (VIOLATED)
openlane/Flash/runs/23_05_12_10_06/logs/signoff\22-rcx_mcsta.max.log[78977]: clkbuf_4_13_0_wb_clk_i/X                 10     12     -2 (VIOLATED)
openlane/Flash/runs/23_05_12_10_06/logs/signoff\22-rcx_mcsta.max.log[78978]: clkbuf_4_8_0_wb_clk_i/X                  10     12     -2 (VIOLATED)
openlane/Flash/runs/23_05_12_10_06/logs/signoff\22-rcx_mcsta.max.log[78979]: clkbuf_4_15_0_wb_clk_i/X                 10     11        (VIOLATED)
openlane/Flash/runs/23_05_12_10_06/logs/signoff\22-rcx_mcsta.max.log[78980]: clkbuf_4_2_0_wb_clk_i/X                  10     11        (VIOLATED)
openlane/Flash/runs/23_05_12_10_06/logs/signoff\22-rcx_mcsta.max.log[78989]: clkbuf_0_wb_clk_i/X                      10     16     -6 (VIOLATED)
openlane/Flash/runs/23_05_12_10_06/logs/signoff\22-rcx_mcsta.max.log[78990]: clkbuf_4_0_0_wb_clk_i/X                  10     13     -3 (VIOLATED)
openlane/Flash/runs/23_05_12_10_06/logs/signoff\22-rcx_mcsta.max.log[78991]: clkbuf_4_10_0_wb_clk_i/X                 10     13     -3 (VIOLATED)
openlane/Flash/runs/23_05_12_10_06/logs/signoff\22-rcx_mcsta.max.log[78992]: clkbuf_4_5_0_wb_clk_i/X                  10     13     -3 (VIOLATED)
openlane/Flash/runs/23_05_12_10_06/logs/signoff\22-rcx_mcsta.max.log[78993]: clkbuf_4_7_0_wb_clk_i/X                  10     13     -3 (VIOLATED)
openlane/Flash/runs/23_05_12_10_06/logs/signoff\22-rcx_mcsta.max.log[78994]: clkbuf_4_13_0_wb_clk_i/X                 10     12     -2 (VIOLATED)
openlane/Flash/runs/23_05_12_10_06/logs/signoff\22-rcx_mcsta.max.log[78995]: clkbuf_4_8_0_wb_clk_i/X                  10     12     -2 (VIOLATED)
openlane/Flash/runs/23_05_12_10_06/logs/signoff\22-rcx_mcsta.max.log[78996]: clkbuf_4_15_0_wb_clk_i/X                 10     11        (VIOLATED)
openlane/Flash/runs/23_05_12_10_06/logs/signoff\22-rcx_mcsta.max.log[78997]: clkbuf_4_2_0_wb_clk_i/X                  10     11        (VIOLATED)
openlane/Flash/runs/23_05_12_10_06/logs/signoff\22-rcx_mcsta.max.log[79006]: clkbuf_0_wb_clk_i/X                      10     16     -6 (VIOLATED)
openlane/Flash/runs/23_05_12_10_06/logs/signoff\22-rcx_mcsta.max.log[79007]: clkbuf_4_0_0_wb_clk_i/X                  10     13     -3 (VIOLATED)
openlane/Flash/runs/23_05_12_10_06/logs/signoff\22-rcx_mcsta.max.log[79008]: clkbuf_4_10_0_wb_clk_i/X                 10     13     -3 (VIOLATED)
openlane/Flash/runs/23_05_12_10_06/logs/signoff\22-rcx_mcsta.max.log[79009]: clkbuf_4_5_0_wb_clk_i/X                  10     13     -3 (VIOLATED)
openlane/Flash/runs/23_05_12_10_06/logs/signoff\22-rcx_mcsta.max.log[79010]: clkbuf_4_7_0_wb_clk_i/X                  10     13     -3 (VIOLATED)
openlane/Flash/runs/23_05_12_10_06/logs/signoff\22-rcx_mcsta.max.log[79011]: clkbuf_4_13_0_wb_clk_i/X                 10     12     -2 (VIOLATED)
openlane/Flash/runs/23_05_12_10_06/logs/signoff\22-rcx_mcsta.max.log[79012]: clkbuf_4_8_0_wb_clk_i/X                  10     12     -2 (VIOLATED)
openlane/Flash/runs/23_05_12_10_06/logs/signoff\22-rcx_mcsta.max.log[79013]: clkbuf_4_15_0_wb_clk_i/X                 10     11        (VIOLATED)
openlane/Flash/runs/23_05_12_10_06/logs/signoff\22-rcx_mcsta.max.log[79014]: clkbuf_4_2_0_wb_clk_i/X                  10     11        (VIOLATED)
openlane/Flash/runs/23_05_12_10_06/logs/signoff\22-rcx_mcsta.max.log[79019]: max fanout violation count 9
openlane/Flash/runs/23_05_12_10_06/logs/signoff\24-rcx_mcsta.nom.log[78775]: clkbuf_0_wb_clk_i/X                      10     16     -6 (VIOLATED)
openlane/Flash/runs/23_05_12_10_06/logs/signoff\24-rcx_mcsta.nom.log[78776]: clkbuf_4_0_0_wb_clk_i/X                  10     13     -3 (VIOLATED)
openlane/Flash/runs/23_05_12_10_06/logs/signoff\24-rcx_mcsta.nom.log[78777]: clkbuf_4_10_0_wb_clk_i/X                 10     13     -3 (VIOLATED)
openlane/Flash/runs/23_05_12_10_06/logs/signoff\24-rcx_mcsta.nom.log[78778]: clkbuf_4_5_0_wb_clk_i/X                  10     13     -3 (VIOLATED)
openlane/Flash/runs/23_05_12_10_06/logs/signoff\24-rcx_mcsta.nom.log[78779]: clkbuf_4_7_0_wb_clk_i/X                  10     13     -3 (VIOLATED)
openlane/Flash/runs/23_05_12_10_06/logs/signoff\24-rcx_mcsta.nom.log[78780]: clkbuf_4_13_0_wb_clk_i/X                 10     12     -2 (VIOLATED)
openlane/Flash/runs/23_05_12_10_06/logs/signoff\24-rcx_mcsta.nom.log[78781]: clkbuf_4_8_0_wb_clk_i/X                  10     12     -2 (VIOLATED)
openlane/Flash/runs/23_05_12_10_06/logs/signoff\24-rcx_mcsta.nom.log[78782]: clkbuf_4_15_0_wb_clk_i/X                 10     11        (VIOLATED)
openlane/Flash/runs/23_05_12_10_06/logs/signoff\24-rcx_mcsta.nom.log[78783]: clkbuf_4_2_0_wb_clk_i/X                  10     11        (VIOLATED)
openlane/Flash/runs/23_05_12_10_06/logs/signoff\24-rcx_mcsta.nom.log[78792]: clkbuf_0_wb_clk_i/X                      10     16     -6 (VIOLATED)
openlane/Flash/runs/23_05_12_10_06/logs/signoff\24-rcx_mcsta.nom.log[78793]: clkbuf_4_0_0_wb_clk_i/X                  10     13     -3 (VIOLATED)
openlane/Flash/runs/23_05_12_10_06/logs/signoff\24-rcx_mcsta.nom.log[78794]: clkbuf_4_10_0_wb_clk_i/X                 10     13     -3 (VIOLATED)
openlane/Flash/runs/23_05_12_10_06/logs/signoff\24-rcx_mcsta.nom.log[78795]: clkbuf_4_5_0_wb_clk_i/X                  10     13     -3 (VIOLATED)
openlane/Flash/runs/23_05_12_10_06/logs/signoff\24-rcx_mcsta.nom.log[78796]: clkbuf_4_7_0_wb_clk_i/X                  10     13     -3 (VIOLATED)
openlane/Flash/runs/23_05_12_10_06/logs/signoff\24-rcx_mcsta.nom.log[78797]: clkbuf_4_13_0_wb_clk_i/X                 10     12     -2 (VIOLATED)
openlane/Flash/runs/23_05_12_10_06/logs/signoff\24-rcx_mcsta.nom.log[78798]: clkbuf_4_8_0_wb_clk_i/X                  10     12     -2 (VIOLATED)
openlane/Flash/runs/23_05_12_10_06/logs/signoff\24-rcx_mcsta.nom.log[78799]: clkbuf_4_15_0_wb_clk_i/X                 10     11        (VIOLATED)
openlane/Flash/runs/23_05_12_10_06/logs/signoff\24-rcx_mcsta.nom.log[78800]: clkbuf_4_2_0_wb_clk_i/X                  10     11        (VIOLATED)
openlane/Flash/runs/23_05_12_10_06/logs/signoff\24-rcx_mcsta.nom.log[78809]: clkbuf_0_wb_clk_i/X                      10     16     -6 (VIOLATED)
openlane/Flash/runs/23_05_12_10_06/logs/signoff\24-rcx_mcsta.nom.log[78810]: clkbuf_4_0_0_wb_clk_i/X                  10     13     -3 (VIOLATED)
openlane/Flash/runs/23_05_12_10_06/logs/signoff\24-rcx_mcsta.nom.log[78811]: clkbuf_4_10_0_wb_clk_i/X                 10     13     -3 (VIOLATED)
openlane/Flash/runs/23_05_12_10_06/logs/signoff\24-rcx_mcsta.nom.log[78812]: clkbuf_4_5_0_wb_clk_i/X                  10     13     -3 (VIOLATED)
openlane/Flash/runs/23_05_12_10_06/logs/signoff\24-rcx_mcsta.nom.log[78813]: clkbuf_4_7_0_wb_clk_i/X                  10     13     -3 (VIOLATED)
openlane/Flash/runs/23_05_12_10_06/logs/signoff\24-rcx_mcsta.nom.log[78814]: clkbuf_4_13_0_wb_clk_i/X                 10     12     -2 (VIOLATED)
openlane/Flash/runs/23_05_12_10_06/logs/signoff\24-rcx_mcsta.nom.log[78815]: clkbuf_4_8_0_wb_clk_i/X                  10     12     -2 (VIOLATED)
openlane/Flash/runs/23_05_12_10_06/logs/signoff\24-rcx_mcsta.nom.log[78816]: clkbuf_4_15_0_wb_clk_i/X                 10     11        (VIOLATED)
openlane/Flash/runs/23_05_12_10_06/logs/signoff\24-rcx_mcsta.nom.log[78817]: clkbuf_4_2_0_wb_clk_i/X                  10     11        (VIOLATED)
openlane/Flash/runs/23_05_12_10_06/logs/signoff\24-rcx_mcsta.nom.log[78822]: max fanout violation count 9
openlane/Flash/runs/23_05_12_10_06/logs/signoff\25-rcx_sta.log[604]: clkbuf_0_wb_clk_i/X                      10     16     -6 (VIOLATED)
openlane/Flash/runs/23_05_12_10_06/logs/signoff\25-rcx_sta.log[605]: clkbuf_4_0_0_wb_clk_i/X                  10     13     -3 (VIOLATED)
openlane/Flash/runs/23_05_12_10_06/logs/signoff\25-rcx_sta.log[606]: clkbuf_4_10_0_wb_clk_i/X                 10     13     -3 (VIOLATED)
openlane/Flash/runs/23_05_12_10_06/logs/signoff\25-rcx_sta.log[607]: clkbuf_4_5_0_wb_clk_i/X                  10     13     -3 (VIOLATED)
openlane/Flash/runs/23_05_12_10_06/logs/signoff\25-rcx_sta.log[608]: clkbuf_4_7_0_wb_clk_i/X                  10     13     -3 (VIOLATED)
openlane/Flash/runs/23_05_12_10_06/logs/signoff\25-rcx_sta.log[609]: clkbuf_4_13_0_wb_clk_i/X                 10     12     -2 (VIOLATED)
openlane/Flash/runs/23_05_12_10_06/logs/signoff\25-rcx_sta.log[610]: clkbuf_4_8_0_wb_clk_i/X                  10     12     -2 (VIOLATED)
openlane/Flash/runs/23_05_12_10_06/logs/signoff\25-rcx_sta.log[611]: clkbuf_4_15_0_wb_clk_i/X                 10     11        (VIOLATED)
openlane/Flash/runs/23_05_12_10_06/logs/signoff\25-rcx_sta.log[612]: clkbuf_4_2_0_wb_clk_i/X                  10     11        (VIOLATED)
openlane/Flash/runs/23_05_12_10_06/logs/signoff\25-rcx_sta.log[617]: max fanout violation count 9
openlane/Flash/runs/23_05_12_10_06/logs/signoff\30-spice.log[139]: Flash: 12034 errors
openlane/Flash/runs/23_05_12_10_06/logs/signoff\30-spice.log[140]: Total of 12034 errors (check feedback entries).
openlane/Flash/runs/23_05_12_10_06/logs/signoff\36-erc_screen.log[52]: Fatal error:could not find subcircuit: XFILLER_67_597(sky130_ef_sc_hd__decap_12) in Flash
openlane/Flash/runs/23_05_12_10_06/reports/synthesis\2-syn_sta.parasitics_check.rpt[821]: _0518_/Y                                1.49    2.33   -0.84 (VIOLATED)
openlane/Flash/runs/23_05_12_10_06/reports/synthesis\2-syn_sta.parasitics_check.rpt[822]: _0519_/A2                               1.50    2.33   -0.83 (VIOLATED)
openlane/Flash/runs/23_05_12_10_06/reports/synthesis\2-syn_sta.parasitics_check.rpt[823]: _0520_/B                                1.50    2.33   -0.83 (VIOLATED)
openlane/Flash/runs/23_05_12_10_06/reports/synthesis\2-syn_sta.parasitics_check.rpt[824]: _0521_/B                                1.50    2.33   -0.83 (VIOLATED)
openlane/Flash/runs/23_05_12_10_06/reports/synthesis\2-syn_sta.parasitics_check.rpt[825]: _0548_/C                                1.50    2.33   -0.83 (VIOLATED)
openlane/Flash/runs/23_05_12_10_06/reports/synthesis\2-syn_sta.parasitics_check.rpt[826]: _0550_/C                                1.50    2.33   -0.83 (VIOLATED)
openlane/Flash/runs/23_05_12_10_06/reports/synthesis\2-syn_sta.parasitics_check.rpt[827]: _0552_/C                                1.50    2.33   -0.83 (VIOLATED)
openlane/Flash/runs/23_05_12_10_06/reports/synthesis\2-syn_sta.parasitics_check.rpt[828]: _0554_/C                                1.50    2.33   -0.83 (VIOLATED)
openlane/Flash/runs/23_05_12_10_06/reports/synthesis\2-syn_sta.parasitics_check.rpt[829]: _0556_/C                                1.50    2.33   -0.83 (VIOLATED)
openlane/Flash/runs/23_05_12_10_06/reports/synthesis\2-syn_sta.parasitics_check.rpt[830]: _0558_/B                                1.50    2.33   -0.83 (VIOLATED)
openlane/Flash/runs/23_05_12_10_06/reports/synthesis\2-syn_sta.parasitics_check.rpt[831]: _0560_/C                                1.50    2.33   -0.83 (VIOLATED)
openlane/Flash/runs/23_05_12_10_06/reports/synthesis\2-syn_sta.parasitics_check.rpt[832]: _0562_/C                                1.50    2.33   -0.83 (VIOLATED)
openlane/Flash/runs/23_05_12_10_06/reports/synthesis\2-syn_sta.parasitics_check.rpt[833]: _0564_/C                                1.50    2.33   -0.83 (VIOLATED)
openlane/Flash/runs/23_05_12_10_06/reports/synthesis\2-syn_sta.parasitics_check.rpt[834]: _0566_/C                                1.50    2.33   -0.83 (VIOLATED)
openlane/Flash/runs/23_05_12_10_06/reports/synthesis\2-syn_sta.parasitics_check.rpt[835]: _0568_/C                                1.50    2.33   -0.83 (VIOLATED)
openlane/Flash/runs/23_05_12_10_06/reports/synthesis\2-syn_sta.parasitics_check.rpt[836]: _0570_/B                                1.50    2.33   -0.83 (VIOLATED)
openlane/Flash/runs/23_05_12_10_06/reports/synthesis\2-syn_sta.parasitics_check.rpt[837]: _0572_/B                                1.50    2.33   -0.83 (VIOLATED)
openlane/Flash/runs/23_05_12_10_06/reports/synthesis\2-syn_sta.parasitics_check.rpt[838]: _0574_/C                                1.50    2.33   -0.83 (VIOLATED)
openlane/Flash/runs/23_05_12_10_06/reports/synthesis\2-syn_sta.parasitics_check.rpt[839]: _0576_/B                                1.50    2.33   -0.83 (VIOLATED)
openlane/Flash/runs/23_05_12_10_06/reports/synthesis\2-syn_sta.parasitics_check.rpt[840]: _0578_/B                                1.50    2.33   -0.83 (VIOLATED)
openlane/Flash/runs/23_05_12_10_06/reports/synthesis\2-syn_sta.parasitics_check.rpt[841]: _0580_/B                                1.50    2.33   -0.83 (VIOLATED)
openlane/Flash/runs/23_05_12_10_06/reports/synthesis\2-syn_sta.parasitics_check.rpt[842]: _0582_/C                                1.50    2.33   -0.83 (VIOLATED)
openlane/Flash/runs/23_05_12_10_06/reports/synthesis\2-syn_sta.parasitics_check.rpt[843]: _0584_/B                                1.50    2.33   -0.83 (VIOLATED)
openlane/Flash/runs/23_05_12_10_06/reports/synthesis\2-syn_sta.parasitics_check.rpt[844]: _0586_/B                                1.50    2.33   -0.83 (VIOLATED)
openlane/Flash/runs/23_05_12_10_06/reports/synthesis\2-syn_sta.parasitics_check.rpt[845]: _0588_/C                                1.50    2.33   -0.83 (VIOLATED)
openlane/Flash/runs/23_05_12_10_06/reports/synthesis\2-syn_sta.parasitics_check.rpt[846]: _0590_/C                                1.50    2.33   -0.83 (VIOLATED)
openlane/Flash/runs/23_05_12_10_06/reports/synthesis\2-syn_sta.parasitics_check.rpt[847]: _0592_/C                                1.50    2.33   -0.83 (VIOLATED)
openlane/Flash/runs/23_05_12_10_06/reports/synthesis\2-syn_sta.parasitics_check.rpt[848]: _0594_/C                                1.50    2.33   -0.83 (VIOLATED)
openlane/Flash/runs/23_05_12_10_06/reports/synthesis\2-syn_sta.parasitics_check.rpt[849]: _0599_/A2                               1.50    2.33   -0.83 (VIOLATED)
openlane/Flash/runs/23_05_12_10_06/reports/synthesis\2-syn_sta.parasitics_check.rpt[850]: _0613_/A2                               1.50    2.33   -0.83 (VIOLATED)
openlane/Flash/runs/23_05_12_10_06/reports/synthesis\2-syn_sta.parasitics_check.rpt[851]: _0617_/A2                               1.50    2.33   -0.83 (VIOLATED)
openlane/Flash/runs/23_05_12_10_06/reports/synthesis\2-syn_sta.parasitics_check.rpt[852]: _0620_/A                                1.50    2.33   -0.83 (VIOLATED)
openlane/Flash/runs/23_05_12_10_06/reports/synthesis\2-syn_sta.parasitics_check.rpt[853]: _0676_/A1                               1.50    2.33   -0.83 (VIOLATED)
openlane/Flash/runs/23_05_12_10_06/reports/synthesis\2-syn_sta.parasitics_check.rpt[854]: _0698_/A1                               1.50    2.33   -0.83 (VIOLATED)
openlane/Flash/runs/23_05_12_10_06/reports/synthesis\2-syn_sta.parasitics_check.rpt[855]: _0700_/C                                1.50    2.33   -0.83 (VIOLATED)
openlane/Flash/runs/23_05_12_10_06/reports/synthesis\2-syn_sta.parasitics_check.rpt[856]: _0713_/C                                1.50    2.33   -0.83 (VIOLATED)
openlane/Flash/runs/23_05_12_10_06/reports/synthesis\2-syn_sta.parasitics_check.rpt[857]: _0743_/A1                               1.50    2.33   -0.83 (VIOLATED)
openlane/Flash/runs/23_05_12_10_06/reports/synthesis\2-syn_sta.parasitics_check.rpt[858]: _0764_/C1                               1.50    2.33   -0.83 (VIOLATED)
openlane/Flash/runs/23_05_12_10_06/reports/synthesis\2-syn_sta.parasitics_check.rpt[859]: _0778_/A1                               1.50    2.33   -0.83 (VIOLATED)
openlane/Flash/runs/23_05_12_10_06/reports/synthesis\2-syn_sta.parasitics_check.rpt[860]: _0782_/A1                               1.50    2.33   -0.83 (VIOLATED)
openlane/Flash/runs/23_05_12_10_06/reports/synthesis\2-syn_sta.parasitics_check.rpt[861]: _0789_/A1                               1.50    2.33   -0.83 (VIOLATED)
openlane/Flash/runs/23_05_12_10_06/reports/synthesis\2-syn_sta.parasitics_check.rpt[862]: _0793_/A1                               1.50    2.33   -0.83 (VIOLATED)
openlane/Flash/runs/23_05_12_10_06/reports/synthesis\2-syn_sta.parasitics_check.rpt[868]: _0485_/Y                                 10     47    -37 (VIOLATED)
openlane/Flash/runs/23_05_12_10_06/reports/synthesis\2-syn_sta.parasitics_check.rpt[869]: _0520_/Y                                 10     45    -35 (VIOLATED)
openlane/Flash/runs/23_05_12_10_06/reports/synthesis\2-syn_sta.parasitics_check.rpt[870]: _0518_/Y                                 10     41    -31 (VIOLATED)
openlane/Flash/runs/23_05_12_10_06/reports/synthesis\2-syn_sta.parasitics_check.rpt[871]: _0487_/X                                 10     38    -28 (VIOLATED)
openlane/Flash/runs/23_05_12_10_06/reports/synthesis\2-syn_sta.parasitics_check.rpt[872]: wb_rst_i                                 10     34    -24 (VIOLATED)
openlane/Flash/runs/23_05_12_10_06/reports/synthesis\2-syn_sta.parasitics_check.rpt[873]: _0816_/Y                                 10     33    -23 (VIOLATED)
openlane/Flash/runs/23_05_12_10_06/reports/synthesis\2-syn_sta.parasitics_check.rpt[874]: _0822_/X                                 10     33    -23 (VIOLATED)
openlane/Flash/runs/23_05_12_10_06/reports/synthesis\2-syn_sta.parasitics_check.rpt[875]: _0934_/X                                 10     25    -15 (VIOLATED)
openlane/Flash/runs/23_05_12_10_06/reports/synthesis\2-syn_sta.parasitics_check.rpt[876]: _0599_/Y                                 10     24    -14 (VIOLATED)
openlane/Flash/runs/23_05_12_10_06/reports/synthesis\2-syn_sta.parasitics_check.rpt[877]: _0812_/X                                 10     24    -14 (VIOLATED)
openlane/Flash/runs/23_05_12_10_06/reports/synthesis\2-syn_sta.parasitics_check.rpt[878]: _0814_/X                                 10     24    -14 (VIOLATED)
openlane/Flash/runs/23_05_12_10_06/reports/synthesis\2-syn_sta.parasitics_check.rpt[879]: _0813_/Y                                 10     23    -13 (VIOLATED)
openlane/Flash/runs/23_05_12_10_06/reports/synthesis\2-syn_sta.parasitics_check.rpt[880]: _0818_/Y                                 10     23    -13 (VIOLATED)
openlane/Flash/runs/23_05_12_10_06/reports/synthesis\2-syn_sta.parasitics_check.rpt[881]: _0601_/X                                 10     16     -6 (VIOLATED)
openlane/Flash/runs/23_05_12_10_06/reports/synthesis\2-syn_sta.parasitics_check.rpt[882]: _0610_/Y                                 10     15     -5 (VIOLATED)
openlane/Flash/runs/23_05_12_10_06/reports/synthesis\2-syn_sta.parasitics_check.rpt[883]: _1033_/Q                                 10     13     -3 (VIOLATED)
openlane/Flash/runs/23_05_12_10_06/reports/synthesis\2-syn_sta.parasitics_check.rpt[884]: _0605_/Y                                 10     11        (VIOLATED)
openlane/Flash/runs/23_05_12_10_06/reports/synthesis\2-syn_sta.parasitics_check.rpt[885]: _0620_/X                                 10     11        (VIOLATED)
openlane/Flash/runs/23_05_12_10_06/reports/synthesis\2-syn_sta.parasitics_check.rpt[886]: _1034_/Q                                 10     11        (VIOLATED)
openlane/Flash/runs/23_05_12_10_06/reports/synthesis\2-syn_sta.parasitics_check.rpt[887]: _1126_/Q                                 10     11        (VIOLATED)
openlane/Flash/runs/23_05_12_10_06/reports/synthesis\2-syn_sta.parasitics_check.rpt[893]: _0518_/Y                                0.06    0.11   -0.04 (VIOLATED)
openlane/Flash/runs/23_05_12_10_06/reports/synthesis\2-syn_sta.parasitics_check.rpt[897]: max slew violation count 42
openlane/Flash/runs/23_05_12_10_06/reports/synthesis\2-syn_sta.parasitics_check.rpt[898]: max fanout violation count 20
openlane/Flash/runs/23_05_12_10_06/reports/synthesis\2-syn_sta.parasitics_check.rpt[899]: max cap violation count 1
openlane/Flash/runs/23_05_12_10_06/reports/synthesis\2-syn_sta.slew.rpt[8]: _0518_/Y                                1.49    2.33   -0.84 (VIOLATED)
openlane/Flash/runs/23_05_12_10_06/reports/synthesis\2-syn_sta.slew.rpt[9]: _0519_/A2                               1.50    2.33   -0.83 (VIOLATED)
openlane/Flash/runs/23_05_12_10_06/reports/synthesis\2-syn_sta.slew.rpt[10]: _0520_/B                                1.50    2.33   -0.83 (VIOLATED)
openlane/Flash/runs/23_05_12_10_06/reports/synthesis\2-syn_sta.slew.rpt[11]: _0521_/B                                1.50    2.33   -0.83 (VIOLATED)
openlane/Flash/runs/23_05_12_10_06/reports/synthesis\2-syn_sta.slew.rpt[12]: _0548_/C                                1.50    2.33   -0.83 (VIOLATED)
openlane/Flash/runs/23_05_12_10_06/reports/synthesis\2-syn_sta.slew.rpt[13]: _0550_/C                                1.50    2.33   -0.83 (VIOLATED)
openlane/Flash/runs/23_05_12_10_06/reports/synthesis\2-syn_sta.slew.rpt[14]: _0552_/C                                1.50    2.33   -0.83 (VIOLATED)
openlane/Flash/runs/23_05_12_10_06/reports/synthesis\2-syn_sta.slew.rpt[15]: _0554_/C                                1.50    2.33   -0.83 (VIOLATED)
openlane/Flash/runs/23_05_12_10_06/reports/synthesis\2-syn_sta.slew.rpt[16]: _0556_/C                                1.50    2.33   -0.83 (VIOLATED)
openlane/Flash/runs/23_05_12_10_06/reports/synthesis\2-syn_sta.slew.rpt[17]: _0558_/B                                1.50    2.33   -0.83 (VIOLATED)
openlane/Flash/runs/23_05_12_10_06/reports/synthesis\2-syn_sta.slew.rpt[18]: _0560_/C                                1.50    2.33   -0.83 (VIOLATED)
openlane/Flash/runs/23_05_12_10_06/reports/synthesis\2-syn_sta.slew.rpt[19]: _0562_/C                                1.50    2.33   -0.83 (VIOLATED)
openlane/Flash/runs/23_05_12_10_06/reports/synthesis\2-syn_sta.slew.rpt[20]: _0564_/C                                1.50    2.33   -0.83 (VIOLATED)
openlane/Flash/runs/23_05_12_10_06/reports/synthesis\2-syn_sta.slew.rpt[21]: _0566_/C                                1.50    2.33   -0.83 (VIOLATED)
openlane/Flash/runs/23_05_12_10_06/reports/synthesis\2-syn_sta.slew.rpt[22]: _0568_/C                                1.50    2.33   -0.83 (VIOLATED)
openlane/Flash/runs/23_05_12_10_06/reports/synthesis\2-syn_sta.slew.rpt[23]: _0570_/B                                1.50    2.33   -0.83 (VIOLATED)
openlane/Flash/runs/23_05_12_10_06/reports/synthesis\2-syn_sta.slew.rpt[24]: _0572_/B                                1.50    2.33   -0.83 (VIOLATED)
openlane/Flash/runs/23_05_12_10_06/reports/synthesis\2-syn_sta.slew.rpt[25]: _0574_/C                                1.50    2.33   -0.83 (VIOLATED)
openlane/Flash/runs/23_05_12_10_06/reports/synthesis\2-syn_sta.slew.rpt[26]: _0576_/B                                1.50    2.33   -0.83 (VIOLATED)
openlane/Flash/runs/23_05_12_10_06/reports/synthesis\2-syn_sta.slew.rpt[27]: _0578_/B                                1.50    2.33   -0.83 (VIOLATED)
openlane/Flash/runs/23_05_12_10_06/reports/synthesis\2-syn_sta.slew.rpt[28]: _0580_/B                                1.50    2.33   -0.83 (VIOLATED)
openlane/Flash/runs/23_05_12_10_06/reports/synthesis\2-syn_sta.slew.rpt[29]: _0582_/C                                1.50    2.33   -0.83 (VIOLATED)
openlane/Flash/runs/23_05_12_10_06/reports/synthesis\2-syn_sta.slew.rpt[30]: _0584_/B                                1.50    2.33   -0.83 (VIOLATED)
openlane/Flash/runs/23_05_12_10_06/reports/synthesis\2-syn_sta.slew.rpt[31]: _0586_/B                                1.50    2.33   -0.83 (VIOLATED)
openlane/Flash/runs/23_05_12_10_06/reports/synthesis\2-syn_sta.slew.rpt[32]: _0588_/C                                1.50    2.33   -0.83 (VIOLATED)
openlane/Flash/runs/23_05_12_10_06/reports/synthesis\2-syn_sta.slew.rpt[33]: _0590_/C                                1.50    2.33   -0.83 (VIOLATED)
openlane/Flash/runs/23_05_12_10_06/reports/synthesis\2-syn_sta.slew.rpt[34]: _0592_/C                                1.50    2.33   -0.83 (VIOLATED)
openlane/Flash/runs/23_05_12_10_06/reports/synthesis\2-syn_sta.slew.rpt[35]: _0594_/C                                1.50    2.33   -0.83 (VIOLATED)
openlane/Flash/runs/23_05_12_10_06/reports/synthesis\2-syn_sta.slew.rpt[36]: _0599_/A2                               1.50    2.33   -0.83 (VIOLATED)
openlane/Flash/runs/23_05_12_10_06/reports/synthesis\2-syn_sta.slew.rpt[37]: _0613_/A2                               1.50    2.33   -0.83 (VIOLATED)
openlane/Flash/runs/23_05_12_10_06/reports/synthesis\2-syn_sta.slew.rpt[38]: _0617_/A2                               1.50    2.33   -0.83 (VIOLATED)
openlane/Flash/runs/23_05_12_10_06/reports/synthesis\2-syn_sta.slew.rpt[39]: _0620_/A                                1.50    2.33   -0.83 (VIOLATED)
openlane/Flash/runs/23_05_12_10_06/reports/synthesis\2-syn_sta.slew.rpt[40]: _0676_/A1                               1.50    2.33   -0.83 (VIOLATED)
openlane/Flash/runs/23_05_12_10_06/reports/synthesis\2-syn_sta.slew.rpt[41]: _0698_/A1                               1.50    2.33   -0.83 (VIOLATED)
openlane/Flash/runs/23_05_12_10_06/reports/synthesis\2-syn_sta.slew.rpt[42]: _0700_/C                                1.50    2.33   -0.83 (VIOLATED)
openlane/Flash/runs/23_05_12_10_06/reports/synthesis\2-syn_sta.slew.rpt[43]: _0713_/C                                1.50    2.33   -0.83 (VIOLATED)
openlane/Flash/runs/23_05_12_10_06/reports/synthesis\2-syn_sta.slew.rpt[44]: _0743_/A1                               1.50    2.33   -0.83 (VIOLATED)
openlane/Flash/runs/23_05_12_10_06/reports/synthesis\2-syn_sta.slew.rpt[45]: _0764_/C1                               1.50    2.33   -0.83 (VIOLATED)
openlane/Flash/runs/23_05_12_10_06/reports/synthesis\2-syn_sta.slew.rpt[46]: _0778_/A1                               1.50    2.33   -0.83 (VIOLATED)
openlane/Flash/runs/23_05_12_10_06/reports/synthesis\2-syn_sta.slew.rpt[47]: _0782_/A1                               1.50    2.33   -0.83 (VIOLATED)
openlane/Flash/runs/23_05_12_10_06/reports/synthesis\2-syn_sta.slew.rpt[48]: _0789_/A1                               1.50    2.33   -0.83 (VIOLATED)
openlane/Flash/runs/23_05_12_10_06/reports/synthesis\2-syn_sta.slew.rpt[49]: _0793_/A1                               1.50    2.33   -0.83 (VIOLATED)
openlane/Flash/runs/23_05_12_10_06/reports/synthesis\2-syn_sta.slew.rpt[55]: _0485_/Y                                 10     47    -37 (VIOLATED)
openlane/Flash/runs/23_05_12_10_06/reports/synthesis\2-syn_sta.slew.rpt[56]: _0520_/Y                                 10     45    -35 (VIOLATED)
openlane/Flash/runs/23_05_12_10_06/reports/synthesis\2-syn_sta.slew.rpt[57]: _0518_/Y                                 10     41    -31 (VIOLATED)
openlane/Flash/runs/23_05_12_10_06/reports/synthesis\2-syn_sta.slew.rpt[58]: _0487_/X                                 10     38    -28 (VIOLATED)
openlane/Flash/runs/23_05_12_10_06/reports/synthesis\2-syn_sta.slew.rpt[59]: wb_rst_i                                 10     34    -24 (VIOLATED)
openlane/Flash/runs/23_05_12_10_06/reports/synthesis\2-syn_sta.slew.rpt[60]: _0816_/Y                                 10     33    -23 (VIOLATED)
openlane/Flash/runs/23_05_12_10_06/reports/synthesis\2-syn_sta.slew.rpt[61]: _0822_/X                                 10     33    -23 (VIOLATED)
openlane/Flash/runs/23_05_12_10_06/reports/synthesis\2-syn_sta.slew.rpt[62]: _0934_/X                                 10     25    -15 (VIOLATED)
openlane/Flash/runs/23_05_12_10_06/reports/synthesis\2-syn_sta.slew.rpt[63]: _0599_/Y                                 10     24    -14 (VIOLATED)
openlane/Flash/runs/23_05_12_10_06/reports/synthesis\2-syn_sta.slew.rpt[64]: _0812_/X                                 10     24    -14 (VIOLATED)
openlane/Flash/runs/23_05_12_10_06/reports/synthesis\2-syn_sta.slew.rpt[65]: _0814_/X                                 10     24    -14 (VIOLATED)
openlane/Flash/runs/23_05_12_10_06/reports/synthesis\2-syn_sta.slew.rpt[66]: _0813_/Y                                 10     23    -13 (VIOLATED)
openlane/Flash/runs/23_05_12_10_06/reports/synthesis\2-syn_sta.slew.rpt[67]: _0818_/Y                                 10     23    -13 (VIOLATED)
openlane/Flash/runs/23_05_12_10_06/reports/synthesis\2-syn_sta.slew.rpt[68]: _0601_/X                                 10     16     -6 (VIOLATED)
openlane/Flash/runs/23_05_12_10_06/reports/synthesis\2-syn_sta.slew.rpt[69]: _0610_/Y                                 10     15     -5 (VIOLATED)
openlane/Flash/runs/23_05_12_10_06/reports/synthesis\2-syn_sta.slew.rpt[70]: _1033_/Q                                 10     13     -3 (VIOLATED)
openlane/Flash/runs/23_05_12_10_06/reports/synthesis\2-syn_sta.slew.rpt[71]: _0605_/Y                                 10     11        (VIOLATED)
openlane/Flash/runs/23_05_12_10_06/reports/synthesis\2-syn_sta.slew.rpt[72]: _0620_/X                                 10     11        (VIOLATED)
openlane/Flash/runs/23_05_12_10_06/reports/synthesis\2-syn_sta.slew.rpt[73]: _1034_/Q                                 10     11        (VIOLATED)
openlane/Flash/runs/23_05_12_10_06/reports/synthesis\2-syn_sta.slew.rpt[74]: _1126_/Q                                 10     11        (VIOLATED)
openlane/Flash/runs/23_05_12_10_06/reports/synthesis\2-syn_sta.slew.rpt[80]: _0518_/Y                                0.06    0.11   -0.04 (VIOLATED)
openlane/Flash/runs/23_05_12_10_06/reports/synthesis\2-syn_sta.slew.rpt[84]: max slew violation count 42
openlane/Flash/runs/23_05_12_10_06/reports/synthesis\2-syn_sta.slew.rpt[85]: max fanout violation count 20
openlane/Flash/runs/23_05_12_10_06/reports/synthesis\2-syn_sta.slew.rpt[86]: max cap violation count 1
openlane/Flash/runs/23_05_12_10_06/reports/routing\12-rt_rsz_sta.parasitics_check.rpt[1075]: clkbuf_0_wb_clk_i/X                      10     16     -6 (VIOLATED)
openlane/Flash/runs/23_05_12_10_06/reports/routing\12-rt_rsz_sta.parasitics_check.rpt[1076]: clkbuf_4_0_0_wb_clk_i/X                  10     13     -3 (VIOLATED)
openlane/Flash/runs/23_05_12_10_06/reports/routing\12-rt_rsz_sta.parasitics_check.rpt[1077]: clkbuf_4_10_0_wb_clk_i/X                 10     13     -3 (VIOLATED)
openlane/Flash/runs/23_05_12_10_06/reports/routing\12-rt_rsz_sta.parasitics_check.rpt[1078]: clkbuf_4_5_0_wb_clk_i/X                  10     13     -3 (VIOLATED)
openlane/Flash/runs/23_05_12_10_06/reports/routing\12-rt_rsz_sta.parasitics_check.rpt[1079]: clkbuf_4_7_0_wb_clk_i/X                  10     13     -3 (VIOLATED)
openlane/Flash/runs/23_05_12_10_06/reports/routing\12-rt_rsz_sta.parasitics_check.rpt[1080]: clkbuf_4_13_0_wb_clk_i/X                 10     12     -2 (VIOLATED)
openlane/Flash/runs/23_05_12_10_06/reports/routing\12-rt_rsz_sta.parasitics_check.rpt[1081]: clkbuf_4_8_0_wb_clk_i/X                  10     12     -2 (VIOLATED)
openlane/Flash/runs/23_05_12_10_06/reports/routing\12-rt_rsz_sta.parasitics_check.rpt[1082]: clkbuf_4_15_0_wb_clk_i/X                 10     11        (VIOLATED)
openlane/Flash/runs/23_05_12_10_06/reports/routing\12-rt_rsz_sta.parasitics_check.rpt[1083]: clkbuf_4_2_0_wb_clk_i/X                  10     11        (VIOLATED)
openlane/Flash/runs/23_05_12_10_06/reports/routing\12-rt_rsz_sta.parasitics_check.rpt[1088]: max fanout violation count 9
openlane/Flash/runs/23_05_12_10_06/reports/routing\12-rt_rsz_sta.slew.rpt[8]: clkbuf_0_wb_clk_i/X                      10     16     -6 (VIOLATED)
openlane/Flash/runs/23_05_12_10_06/reports/routing\12-rt_rsz_sta.slew.rpt[9]: clkbuf_4_0_0_wb_clk_i/X                  10     13     -3 (VIOLATED)
openlane/Flash/runs/23_05_12_10_06/reports/routing\12-rt_rsz_sta.slew.rpt[10]: clkbuf_4_10_0_wb_clk_i/X                 10     13     -3 (VIOLATED)
openlane/Flash/runs/23_05_12_10_06/reports/routing\12-rt_rsz_sta.slew.rpt[11]: clkbuf_4_5_0_wb_clk_i/X                  10     13     -3 (VIOLATED)
openlane/Flash/runs/23_05_12_10_06/reports/routing\12-rt_rsz_sta.slew.rpt[12]: clkbuf_4_7_0_wb_clk_i/X                  10     13     -3 (VIOLATED)
openlane/Flash/runs/23_05_12_10_06/reports/routing\12-rt_rsz_sta.slew.rpt[13]: clkbuf_4_13_0_wb_clk_i/X                 10     12     -2 (VIOLATED)
openlane/Flash/runs/23_05_12_10_06/reports/routing\12-rt_rsz_sta.slew.rpt[14]: clkbuf_4_8_0_wb_clk_i/X                  10     12     -2 (VIOLATED)
openlane/Flash/runs/23_05_12_10_06/reports/routing\12-rt_rsz_sta.slew.rpt[15]: clkbuf_4_15_0_wb_clk_i/X                 10     11        (VIOLATED)
openlane/Flash/runs/23_05_12_10_06/reports/routing\12-rt_rsz_sta.slew.rpt[16]: clkbuf_4_2_0_wb_clk_i/X                  10     11        (VIOLATED)
openlane/Flash/runs/23_05_12_10_06/reports/routing\12-rt_rsz_sta.slew.rpt[21]: max fanout violation count 9
openlane/Flash/runs/23_05_12_10_06/reports/routing\14-grt_sta.parasitics_check.rpt[1075]: clkbuf_0_wb_clk_i/X                      10     16     -6 (VIOLATED)
openlane/Flash/runs/23_05_12_10_06/reports/routing\14-grt_sta.parasitics_check.rpt[1076]: clkbuf_4_0_0_wb_clk_i/X                  10     13     -3 (VIOLATED)
openlane/Flash/runs/23_05_12_10_06/reports/routing\14-grt_sta.parasitics_check.rpt[1077]: clkbuf_4_10_0_wb_clk_i/X                 10     13     -3 (VIOLATED)
openlane/Flash/runs/23_05_12_10_06/reports/routing\14-grt_sta.parasitics_check.rpt[1078]: clkbuf_4_5_0_wb_clk_i/X                  10     13     -3 (VIOLATED)
openlane/Flash/runs/23_05_12_10_06/reports/routing\14-grt_sta.parasitics_check.rpt[1079]: clkbuf_4_7_0_wb_clk_i/X                  10     13     -3 (VIOLATED)
openlane/Flash/runs/23_05_12_10_06/reports/routing\14-grt_sta.parasitics_check.rpt[1080]: clkbuf_4_13_0_wb_clk_i/X                 10     12     -2 (VIOLATED)
openlane/Flash/runs/23_05_12_10_06/reports/routing\14-grt_sta.parasitics_check.rpt[1081]: clkbuf_4_8_0_wb_clk_i/X                  10     12     -2 (VIOLATED)
openlane/Flash/runs/23_05_12_10_06/reports/routing\14-grt_sta.parasitics_check.rpt[1082]: clkbuf_4_15_0_wb_clk_i/X                 10     11        (VIOLATED)
openlane/Flash/runs/23_05_12_10_06/reports/routing\14-grt_sta.parasitics_check.rpt[1083]: clkbuf_4_2_0_wb_clk_i/X                  10     11        (VIOLATED)
openlane/Flash/runs/23_05_12_10_06/reports/routing\14-grt_sta.parasitics_check.rpt[1088]: max fanout violation count 9
openlane/Flash/runs/23_05_12_10_06/reports/placement\7-gpl_sta.parasitics_check.rpt[821]: _0518_/Y                                1.49    3.66   -2.17 (VIOLATED)
openlane/Flash/runs/23_05_12_10_06/reports/placement\7-gpl_sta.parasitics_check.rpt[822]: _0578_/B                                1.50    3.66   -2.16 (VIOLATED)
openlane/Flash/runs/23_05_12_10_06/reports/placement\7-gpl_sta.parasitics_check.rpt[823]: _0588_/C                                1.50    3.66   -2.16 (VIOLATED)
openlane/Flash/runs/23_05_12_10_06/reports/placement\7-gpl_sta.parasitics_check.rpt[824]: _0778_/A1                               1.50    3.66   -2.16 (VIOLATED)
openlane/Flash/runs/23_05_12_10_06/reports/placement\7-gpl_sta.parasitics_check.rpt[825]: _0789_/A1                               1.50    3.66   -2.16 (VIOLATED)
openlane/Flash/runs/23_05_12_10_06/reports/placement\7-gpl_sta.parasitics_check.rpt[826]: _0793_/A1                               1.50    3.66   -2.16 (VIOLATED)
openlane/Flash/runs/23_05_12_10_06/reports/placement\7-gpl_sta.parasitics_check.rpt[827]: _0782_/A1                               1.50    3.66   -2.16 (VIOLATED)
openlane/Flash/runs/23_05_12_10_06/reports/placement\7-gpl_sta.parasitics_check.rpt[828]: _0580_/B                                1.50    3.66   -2.16 (VIOLATED)
openlane/Flash/runs/23_05_12_10_06/reports/placement\7-gpl_sta.parasitics_check.rpt[829]: _0584_/B                                1.50    3.66   -2.16 (VIOLATED)
openlane/Flash/runs/23_05_12_10_06/reports/placement\7-gpl_sta.parasitics_check.rpt[830]: _0599_/A2                               1.50    3.66   -2.16 (VIOLATED)
openlane/Flash/runs/23_05_12_10_06/reports/placement\7-gpl_sta.parasitics_check.rpt[831]: _0582_/C                                1.50    3.66   -2.16 (VIOLATED)
openlane/Flash/runs/23_05_12_10_06/reports/placement\7-gpl_sta.parasitics_check.rpt[832]: _0586_/B                                1.50    3.66   -2.16 (VIOLATED)
openlane/Flash/runs/23_05_12_10_06/reports/placement\7-gpl_sta.parasitics_check.rpt[833]: _0576_/B                                1.50    3.66   -2.16 (VIOLATED)
openlane/Flash/runs/23_05_12_10_06/reports/placement\7-gpl_sta.parasitics_check.rpt[834]: _0613_/A2                               1.50    3.66   -2.16 (VIOLATED)
openlane/Flash/runs/23_05_12_10_06/reports/placement\7-gpl_sta.parasitics_check.rpt[835]: _0617_/A2                               1.50    3.66   -2.16 (VIOLATED)
openlane/Flash/runs/23_05_12_10_06/reports/placement\7-gpl_sta.parasitics_check.rpt[836]: _0620_/A                                1.50    3.66   -2.16 (VIOLATED)
openlane/Flash/runs/23_05_12_10_06/reports/placement\7-gpl_sta.parasitics_check.rpt[837]: _0568_/C                                1.50    3.66   -2.16 (VIOLATED)
openlane/Flash/runs/23_05_12_10_06/reports/placement\7-gpl_sta.parasitics_check.rpt[838]: _0572_/B                                1.50    3.66   -2.16 (VIOLATED)
openlane/Flash/runs/23_05_12_10_06/reports/placement\7-gpl_sta.parasitics_check.rpt[839]: _0676_/A1                               1.50    3.66   -2.16 (VIOLATED)
openlane/Flash/runs/23_05_12_10_06/reports/placement\7-gpl_sta.parasitics_check.rpt[840]: _0764_/C1                               1.50    3.66   -2.16 (VIOLATED)
openlane/Flash/runs/23_05_12_10_06/reports/placement\7-gpl_sta.parasitics_check.rpt[841]: _0570_/B                                1.50    3.66   -2.16 (VIOLATED)
openlane/Flash/runs/23_05_12_10_06/reports/placement\7-gpl_sta.parasitics_check.rpt[842]: _0562_/C                                1.50    3.66   -2.16 (VIOLATED)
openlane/Flash/runs/23_05_12_10_06/reports/placement\7-gpl_sta.parasitics_check.rpt[843]: _0560_/C                                1.50    3.66   -2.16 (VIOLATED)
openlane/Flash/runs/23_05_12_10_06/reports/placement\7-gpl_sta.parasitics_check.rpt[844]: _0550_/C                                1.50    3.66   -2.16 (VIOLATED)
openlane/Flash/runs/23_05_12_10_06/reports/placement\7-gpl_sta.parasitics_check.rpt[845]: _0552_/C                                1.50    3.66   -2.16 (VIOLATED)
openlane/Flash/runs/23_05_12_10_06/reports/placement\7-gpl_sta.parasitics_check.rpt[846]: _0558_/B                                1.50    3.66   -2.16 (VIOLATED)
openlane/Flash/runs/23_05_12_10_06/reports/placement\7-gpl_sta.parasitics_check.rpt[847]: _0698_/A1                               1.50    3.66   -2.16 (VIOLATED)
openlane/Flash/runs/23_05_12_10_06/reports/placement\7-gpl_sta.parasitics_check.rpt[848]: _0700_/C                                1.50    3.66   -2.16 (VIOLATED)
openlane/Flash/runs/23_05_12_10_06/reports/placement\7-gpl_sta.parasitics_check.rpt[849]: _0713_/C                                1.50    3.66   -2.16 (VIOLATED)
openlane/Flash/runs/23_05_12_10_06/reports/placement\7-gpl_sta.parasitics_check.rpt[850]: _0743_/A1                               1.50    3.66   -2.16 (VIOLATED)
openlane/Flash/runs/23_05_12_10_06/reports/placement\7-gpl_sta.parasitics_check.rpt[851]: _0519_/A2                               1.50    3.66   -2.16 (VIOLATED)
openlane/Flash/runs/23_05_12_10_06/reports/placement\7-gpl_sta.parasitics_check.rpt[852]: _0520_/B                                1.50    3.66   -2.16 (VIOLATED)
openlane/Flash/runs/23_05_12_10_06/reports/placement\7-gpl_sta.parasitics_check.rpt[853]: _0521_/B                                1.50    3.66   -2.16 (VIOLATED)
openlane/Flash/runs/23_05_12_10_06/reports/placement\7-gpl_sta.parasitics_check.rpt[854]: _0548_/C                                1.50    3.66   -2.16 (VIOLATED)
openlane/Flash/runs/23_05_12_10_06/reports/placement\7-gpl_sta.parasitics_check.rpt[855]: _0554_/C                                1.50    3.66   -2.16 (VIOLATED)
openlane/Flash/runs/23_05_12_10_06/reports/placement\7-gpl_sta.parasitics_check.rpt[856]: _0556_/C                                1.50    3.66   -2.16 (VIOLATED)
openlane/Flash/runs/23_05_12_10_06/reports/placement\7-gpl_sta.parasitics_check.rpt[857]: _0564_/C                                1.50    3.66   -2.16 (VIOLATED)
openlane/Flash/runs/23_05_12_10_06/reports/placement\7-gpl_sta.parasitics_check.rpt[858]: _0566_/C                                1.50    3.66   -2.16 (VIOLATED)
openlane/Flash/runs/23_05_12_10_06/reports/placement\7-gpl_sta.parasitics_check.rpt[859]: _0574_/C                                1.50    3.66   -2.16 (VIOLATED)
openlane/Flash/runs/23_05_12_10_06/reports/placement\7-gpl_sta.parasitics_check.rpt[860]: _0590_/C                                1.50    3.66   -2.16 (VIOLATED)
openlane/Flash/runs/23_05_12_10_06/reports/placement\7-gpl_sta.parasitics_check.rpt[861]: _0592_/C                                1.50    3.66   -2.16 (VIOLATED)
openlane/Flash/runs/23_05_12_10_06/reports/placement\7-gpl_sta.parasitics_check.rpt[862]: _0594_/C                                1.50    3.66   -2.16 (VIOLATED)
openlane/Flash/runs/23_05_12_10_06/reports/placement\7-gpl_sta.parasitics_check.rpt[863]: _0520_/Y                                1.50    1.78   -0.28 (VIOLATED)
openlane/Flash/runs/23_05_12_10_06/reports/placement\7-gpl_sta.parasitics_check.rpt[864]: _0549_/A2                               1.50    1.78   -0.28 (VIOLATED)
openlane/Flash/runs/23_05_12_10_06/reports/placement\7-gpl_sta.parasitics_check.rpt[865]: _0551_/A2                               1.50    1.78   -0.28 (VIOLATED)
openlane/Flash/runs/23_05_12_10_06/reports/placement\7-gpl_sta.parasitics_check.rpt[866]: _0553_/A2                               1.50    1.78   -0.28 (VIOLATED)
openlane/Flash/runs/23_05_12_10_06/reports/placement\7-gpl_sta.parasitics_check.rpt[867]: _0555_/A2                               1.50    1.78   -0.28 (VIOLATED)
openlane/Flash/runs/23_05_12_10_06/reports/placement\7-gpl_sta.parasitics_check.rpt[868]: _0559_/B1                               1.50    1.78   -0.28 (VIOLATED)
openlane/Flash/runs/23_05_12_10_06/reports/placement\7-gpl_sta.parasitics_check.rpt[869]: _0740_/A1                               1.50    1.78   -0.28 (VIOLATED)
openlane/Flash/runs/23_05_12_10_06/reports/placement\7-gpl_sta.parasitics_check.rpt[870]: _0748_/A1                               1.50    1.78   -0.28 (VIOLATED)
openlane/Flash/runs/23_05_12_10_06/reports/placement\7-gpl_sta.parasitics_check.rpt[871]: _0800_/A1                               1.50    1.78   -0.28 (VIOLATED)
openlane/Flash/runs/23_05_12_10_06/reports/placement\7-gpl_sta.parasitics_check.rpt[872]: _0785_/C1                               1.50    1.78   -0.28 (VIOLATED)
openlane/Flash/runs/23_05_12_10_06/reports/placement\7-gpl_sta.parasitics_check.rpt[873]: _0796_/C1                               1.50    1.78   -0.28 (VIOLATED)
openlane/Flash/runs/23_05_12_10_06/reports/placement\7-gpl_sta.parasitics_check.rpt[874]: _0737_/A1                               1.50    1.78   -0.28 (VIOLATED)
openlane/Flash/runs/23_05_12_10_06/reports/placement\7-gpl_sta.parasitics_check.rpt[875]: _0750_/A1                               1.50    1.78   -0.28 (VIOLATED)
openlane/Flash/runs/23_05_12_10_06/reports/placement\7-gpl_sta.parasitics_check.rpt[876]: _0754_/A1                               1.50    1.78   -0.28 (VIOLATED)
openlane/Flash/runs/23_05_12_10_06/reports/placement\7-gpl_sta.parasitics_check.rpt[877]: _0805_/A1                               1.50    1.78   -0.28 (VIOLATED)
openlane/Flash/runs/23_05_12_10_06/reports/placement\7-gpl_sta.parasitics_check.rpt[878]: _0589_/A2                               1.50    1.78   -0.28 (VIOLATED)
openlane/Flash/runs/23_05_12_10_06/reports/placement\7-gpl_sta.parasitics_check.rpt[879]: _0758_/A1                               1.50    1.78   -0.28 (VIOLATED)
openlane/Flash/runs/23_05_12_10_06/reports/placement\7-gpl_sta.parasitics_check.rpt[880]: _0803_/A1                               1.50    1.78   -0.28 (VIOLATED)
openlane/Flash/runs/23_05_12_10_06/reports/placement\7-gpl_sta.parasitics_check.rpt[881]: _0561_/A2                               1.50    1.78   -0.28 (VIOLATED)
openlane/Flash/runs/23_05_12_10_06/reports/placement\7-gpl_sta.parasitics_check.rpt[882]: _0563_/A2                               1.50    1.78   -0.28 (VIOLATED)
openlane/Flash/runs/23_05_12_10_06/reports/placement\7-gpl_sta.parasitics_check.rpt[883]: _0587_/B1                               1.50    1.78   -0.28 (VIOLATED)
openlane/Flash/runs/23_05_12_10_06/reports/placement\7-gpl_sta.parasitics_check.rpt[884]: _0557_/A2                               1.50    1.78   -0.28 (VIOLATED)
openlane/Flash/runs/23_05_12_10_06/reports/placement\7-gpl_sta.parasitics_check.rpt[885]: _0569_/A2                               1.50    1.78   -0.28 (VIOLATED)
openlane/Flash/runs/23_05_12_10_06/reports/placement\7-gpl_sta.parasitics_check.rpt[886]: _0760_/C1                               1.50    1.78   -0.28 (VIOLATED)
openlane/Flash/runs/23_05_12_10_06/reports/placement\7-gpl_sta.parasitics_check.rpt[887]: _0571_/B1                               1.50    1.78   -0.28 (VIOLATED)
openlane/Flash/runs/23_05_12_10_06/reports/placement\7-gpl_sta.parasitics_check.rpt[888]: _0565_/A2                               1.50    1.78   -0.28 (VIOLATED)
openlane/Flash/runs/23_05_12_10_06/reports/placement\7-gpl_sta.parasitics_check.rpt[889]: _0579_/B1                               1.50    1.78   -0.28 (VIOLATED)
openlane/Flash/runs/23_05_12_10_06/reports/placement\7-gpl_sta.parasitics_check.rpt[890]: _0581_/B1                               1.50    1.78   -0.28 (VIOLATED)
openlane/Flash/runs/23_05_12_10_06/reports/placement\7-gpl_sta.parasitics_check.rpt[891]: _0585_/B1                               1.50    1.78   -0.28 (VIOLATED)
openlane/Flash/runs/23_05_12_10_06/reports/placement\7-gpl_sta.parasitics_check.rpt[892]: _0766_/B1                               1.50    1.78   -0.28 (VIOLATED)
openlane/Flash/runs/23_05_12_10_06/reports/placement\7-gpl_sta.parasitics_check.rpt[893]: _0583_/A2                               1.50    1.78   -0.28 (VIOLATED)
openlane/Flash/runs/23_05_12_10_06/reports/placement\7-gpl_sta.parasitics_check.rpt[894]: _0591_/A2                               1.50    1.78   -0.28 (VIOLATED)
openlane/Flash/runs/23_05_12_10_06/reports/placement\7-gpl_sta.parasitics_check.rpt[895]: _0573_/B1                               1.50    1.78   -0.28 (VIOLATED)
openlane/Flash/runs/23_05_12_10_06/reports/placement\7-gpl_sta.parasitics_check.rpt[896]: _0577_/B1                               1.50    1.78   -0.28 (VIOLATED)
openlane/Flash/runs/23_05_12_10_06/reports/placement\7-gpl_sta.parasitics_check.rpt[897]: _0526_/B                                1.50    1.78   -0.28 (VIOLATED)
openlane/Flash/runs/23_05_12_10_06/reports/placement\7-gpl_sta.parasitics_check.rpt[898]: _0528_/B1                               1.50    1.78   -0.28 (VIOLATED)
openlane/Flash/runs/23_05_12_10_06/reports/placement\7-gpl_sta.parasitics_check.rpt[899]: _0531_/B1                               1.50    1.78   -0.28 (VIOLATED)
openlane/Flash/runs/23_05_12_10_06/reports/placement\7-gpl_sta.parasitics_check.rpt[900]: _0534_/B1                               1.50    1.78   -0.28 (VIOLATED)
openlane/Flash/runs/23_05_12_10_06/reports/placement\7-gpl_sta.parasitics_check.rpt[901]: _0536_/B1                               1.50    1.78   -0.28 (VIOLATED)
openlane/Flash/runs/23_05_12_10_06/reports/placement\7-gpl_sta.parasitics_check.rpt[902]: _0540_/A                                1.50    1.78   -0.28 (VIOLATED)
openlane/Flash/runs/23_05_12_10_06/reports/placement\7-gpl_sta.parasitics_check.rpt[903]: _0545_/A                                1.50    1.78   -0.28 (VIOLATED)
openlane/Flash/runs/23_05_12_10_06/reports/placement\7-gpl_sta.parasitics_check.rpt[904]: _0567_/A2                               1.50    1.78   -0.28 (VIOLATED)
openlane/Flash/runs/23_05_12_10_06/reports/placement\7-gpl_sta.parasitics_check.rpt[905]: _0575_/A2                               1.50    1.78   -0.28 (VIOLATED)
openlane/Flash/runs/23_05_12_10_06/reports/placement\7-gpl_sta.parasitics_check.rpt[906]: _0593_/A2                               1.50    1.78   -0.28 (VIOLATED)
openlane/Flash/runs/23_05_12_10_06/reports/placement\7-gpl_sta.parasitics_check.rpt[907]: _0595_/A2                               1.50    1.78   -0.28 (VIOLATED)
openlane/Flash/runs/23_05_12_10_06/reports/placement\7-gpl_sta.parasitics_check.rpt[908]: _0733_/A1                               1.50    1.78   -0.28 (VIOLATED)
openlane/Flash/runs/23_05_12_10_06/reports/placement\7-gpl_sta.parasitics_check.rpt[914]: _0485_/Y                                 10     47    -37 (VIOLATED)
openlane/Flash/runs/23_05_12_10_06/reports/placement\7-gpl_sta.parasitics_check.rpt[915]: _0520_/Y                                 10     45    -35 (VIOLATED)
openlane/Flash/runs/23_05_12_10_06/reports/placement\7-gpl_sta.parasitics_check.rpt[916]: _0518_/Y                                 10     41    -31 (VIOLATED)
openlane/Flash/runs/23_05_12_10_06/reports/placement\7-gpl_sta.parasitics_check.rpt[917]: _0487_/X                                 10     38    -28 (VIOLATED)
openlane/Flash/runs/23_05_12_10_06/reports/placement\7-gpl_sta.parasitics_check.rpt[918]: wb_rst_i                                 10     34    -24 (VIOLATED)
openlane/Flash/runs/23_05_12_10_06/reports/placement\7-gpl_sta.parasitics_check.rpt[919]: _0816_/Y                                 10     33    -23 (VIOLATED)
openlane/Flash/runs/23_05_12_10_06/reports/placement\7-gpl_sta.parasitics_check.rpt[920]: _0822_/X                                 10     33    -23 (VIOLATED)
openlane/Flash/runs/23_05_12_10_06/reports/placement\7-gpl_sta.parasitics_check.rpt[921]: _0934_/X                                 10     25    -15 (VIOLATED)
openlane/Flash/runs/23_05_12_10_06/reports/placement\7-gpl_sta.parasitics_check.rpt[922]: _0599_/Y                                 10     24    -14 (VIOLATED)
openlane/Flash/runs/23_05_12_10_06/reports/placement\7-gpl_sta.parasitics_check.rpt[923]: _0812_/X                                 10     24    -14 (VIOLATED)
openlane/Flash/runs/23_05_12_10_06/reports/placement\7-gpl_sta.parasitics_check.rpt[924]: _0814_/X                                 10     24    -14 (VIOLATED)
openlane/Flash/runs/23_05_12_10_06/reports/placement\7-gpl_sta.parasitics_check.rpt[925]: _0813_/Y                                 10     23    -13 (VIOLATED)
openlane/Flash/runs/23_05_12_10_06/reports/placement\7-gpl_sta.parasitics_check.rpt[926]: _0818_/Y                                 10     23    -13 (VIOLATED)
openlane/Flash/runs/23_05_12_10_06/reports/placement\7-gpl_sta.parasitics_check.rpt[927]: _0601_/X                                 10     16     -6 (VIOLATED)
openlane/Flash/runs/23_05_12_10_06/reports/placement\7-gpl_sta.parasitics_check.rpt[928]: _0610_/Y                                 10     15     -5 (VIOLATED)
openlane/Flash/runs/23_05_12_10_06/reports/placement\7-gpl_sta.parasitics_check.rpt[929]: _1033_/Q                                 10     13     -3 (VIOLATED)
openlane/Flash/runs/23_05_12_10_06/reports/placement\7-gpl_sta.parasitics_check.rpt[930]: _0605_/Y                                 10     11        (VIOLATED)
openlane/Flash/runs/23_05_12_10_06/reports/placement\7-gpl_sta.parasitics_check.rpt[931]: _0620_/X                                 10     11        (VIOLATED)
openlane/Flash/runs/23_05_12_10_06/reports/placement\7-gpl_sta.parasitics_check.rpt[932]: _1034_/Q                                 10     11        (VIOLATED)
openlane/Flash/runs/23_05_12_10_06/reports/placement\7-gpl_sta.parasitics_check.rpt[933]: _1126_/Q                                 10     11        (VIOLATED)
openlane/Flash/runs/23_05_12_10_06/reports/placement\7-gpl_sta.parasitics_check.rpt[939]: _0518_/Y                                0.06    0.17   -0.10 (VIOLATED)
openlane/Flash/runs/23_05_12_10_06/reports/placement\7-gpl_sta.parasitics_check.rpt[940]: _0520_/Y                                0.14    0.17   -0.03 (VIOLATED)
openlane/Flash/runs/23_05_12_10_06/reports/placement\7-gpl_sta.parasitics_check.rpt[944]: max slew violation count 88
openlane/Flash/runs/23_05_12_10_06/reports/placement\7-gpl_sta.parasitics_check.rpt[945]: max fanout violation count 20
openlane/Flash/runs/23_05_12_10_06/reports/placement\7-gpl_sta.parasitics_check.rpt[946]: max cap violation count 2
openlane/Flash/runs/23_05_12_10_06/reports/signoff\25-rcx_sta.parasitics_check.rpt[69]: clkbuf_0_wb_clk_i/X                      10     16     -6 (VIOLATED)
openlane/Flash/runs/23_05_12_10_06/reports/signoff\25-rcx_sta.parasitics_check.rpt[70]: clkbuf_4_0_0_wb_clk_i/X                  10     13     -3 (VIOLATED)
openlane/Flash/runs/23_05_12_10_06/reports/signoff\25-rcx_sta.parasitics_check.rpt[71]: clkbuf_4_10_0_wb_clk_i/X                 10     13     -3 (VIOLATED)
openlane/Flash/runs/23_05_12_10_06/reports/signoff\25-rcx_sta.parasitics_check.rpt[72]: clkbuf_4_5_0_wb_clk_i/X                  10     13     -3 (VIOLATED)
openlane/Flash/runs/23_05_12_10_06/reports/signoff\25-rcx_sta.parasitics_check.rpt[73]: clkbuf_4_7_0_wb_clk_i/X                  10     13     -3 (VIOLATED)
openlane/Flash/runs/23_05_12_10_06/reports/signoff\25-rcx_sta.parasitics_check.rpt[74]: clkbuf_4_13_0_wb_clk_i/X                 10     12     -2 (VIOLATED)
openlane/Flash/runs/23_05_12_10_06/reports/signoff\25-rcx_sta.parasitics_check.rpt[75]: clkbuf_4_8_0_wb_clk_i/X                  10     12     -2 (VIOLATED)
openlane/Flash/runs/23_05_12_10_06/reports/signoff\25-rcx_sta.parasitics_check.rpt[76]: clkbuf_4_15_0_wb_clk_i/X                 10     11        (VIOLATED)
openlane/Flash/runs/23_05_12_10_06/reports/signoff\25-rcx_sta.parasitics_check.rpt[77]: clkbuf_4_2_0_wb_clk_i/X                  10     11        (VIOLATED)
openlane/Flash/runs/23_05_12_10_06/reports/signoff\25-rcx_sta.parasitics_check.rpt[82]: max fanout violation count 9
openlane/Flash/runs/23_05_12_10_06/reports/signoff\25-rcx_sta.slew.rpt[8]: clkbuf_0_wb_clk_i/X                      10     16     -6 (VIOLATED)
openlane/Flash/runs/23_05_12_10_06/reports/signoff\25-rcx_sta.slew.rpt[9]: clkbuf_4_0_0_wb_clk_i/X                  10     13     -3 (VIOLATED)
openlane/Flash/runs/23_05_12_10_06/reports/signoff\25-rcx_sta.slew.rpt[10]: clkbuf_4_10_0_wb_clk_i/X                 10     13     -3 (VIOLATED)
openlane/Flash/runs/23_05_12_10_06/reports/signoff\25-rcx_sta.slew.rpt[11]: clkbuf_4_5_0_wb_clk_i/X                  10     13     -3 (VIOLATED)
openlane/Flash/runs/23_05_12_10_06/reports/signoff\25-rcx_sta.slew.rpt[12]: clkbuf_4_7_0_wb_clk_i/X                  10     13     -3 (VIOLATED)
openlane/Flash/runs/23_05_12_10_06/reports/signoff\25-rcx_sta.slew.rpt[13]: clkbuf_4_13_0_wb_clk_i/X                 10     12     -2 (VIOLATED)
openlane/Flash/runs/23_05_12_10_06/reports/signoff\25-rcx_sta.slew.rpt[14]: clkbuf_4_8_0_wb_clk_i/X                  10     12     -2 (VIOLATED)
openlane/Flash/runs/23_05_12_10_06/reports/signoff\25-rcx_sta.slew.rpt[15]: clkbuf_4_15_0_wb_clk_i/X                 10     11        (VIOLATED)
openlane/Flash/runs/23_05_12_10_06/reports/signoff\25-rcx_sta.slew.rpt[16]: clkbuf_4_2_0_wb_clk_i/X                  10     11        (VIOLATED)
openlane/Flash/runs/23_05_12_10_06/reports/signoff\25-rcx_sta.slew.rpt[21]: max fanout violation count 9
