openlane/WishboneInterconnect\runs\WishboneInterconnect\logs\synthesis\1-synthesis.log[1192]: ABC: Error: The network is combinational.
openlane/WishboneInterconnect\runs\WishboneInterconnect\logs\routing\23-detailed.log[194]: [INFO DRT-0199]   Number of violations = 1832.
openlane/WishboneInterconnect\runs\WishboneInterconnect\logs\routing\23-detailed.log[238]: [INFO DRT-0199]   Number of violations = 341.
openlane/WishboneInterconnect\runs\WishboneInterconnect\logs\routing\23-detailed.log[282]: [INFO DRT-0199]   Number of violations = 220.
openlane/WishboneInterconnect\runs\WishboneInterconnect\logs\routing\23-detailed.log[326]: [INFO DRT-0199]   Number of violations = 15.
openlane/WishboneInterconnect\runs\WishboneInterconnect\logs\placement\7-global.log[2262]: _1148_/Y                                1.50    2.35   -0.86 (VIOLATED)
openlane/WishboneInterconnect\runs\WishboneInterconnect\logs\placement\7-global.log[2263]: _2465_/B                                1.50    2.36   -0.86 (VIOLATED)
openlane/WishboneInterconnect\runs\WishboneInterconnect\logs\placement\7-global.log[2264]: _1169_/A                                1.50    2.36   -0.86 (VIOLATED)
openlane/WishboneInterconnect\runs\WishboneInterconnect\logs\placement\7-global.log[2265]: _1149_/A                                1.50    2.35   -0.85 (VIOLATED)
openlane/WishboneInterconnect\runs\WishboneInterconnect\logs\placement\7-global.log[2266]: _1287_/A                                1.50    2.35   -0.85 (VIOLATED)
openlane/WishboneInterconnect\runs\WishboneInterconnect\logs\placement\7-global.log[2267]: _1348_/S                                1.50    2.35   -0.85 (VIOLATED)
openlane/WishboneInterconnect\runs\WishboneInterconnect\logs\placement\7-global.log[2268]: _1746_/Y                                1.49    2.17   -0.68 (VIOLATED)
openlane/WishboneInterconnect\runs\WishboneInterconnect\logs\placement\7-global.log[2269]: _1747_/B                                1.50    2.17   -0.67 (VIOLATED)
openlane/WishboneInterconnect\runs\WishboneInterconnect\logs\placement\7-global.log[2270]: _2663_/A2                               1.50    2.17   -0.67 (VIOLATED)
openlane/WishboneInterconnect\runs\WishboneInterconnect\logs\placement\7-global.log[2271]: _2653_/A2                               1.50    2.17   -0.67 (VIOLATED)
openlane/WishboneInterconnect\runs\WishboneInterconnect\logs\placement\7-global.log[2272]: _2651_/B1                               1.50    2.17   -0.67 (VIOLATED)
openlane/WishboneInterconnect\runs\WishboneInterconnect\logs\placement\7-global.log[2273]: _2478_/A                                1.50    2.17   -0.67 (VIOLATED)
openlane/WishboneInterconnect\runs\WishboneInterconnect\logs\placement\7-global.log[2274]: _2104_/A                                1.50    2.09   -0.59 (VIOLATED)
openlane/WishboneInterconnect\runs\WishboneInterconnect\logs\placement\7-global.log[2275]: _2676_/A1                               1.50    2.09   -0.59 (VIOLATED)
openlane/WishboneInterconnect\runs\WishboneInterconnect\logs\placement\7-global.log[2276]: _1744_/A                                1.50    2.09   -0.59 (VIOLATED)
openlane/WishboneInterconnect\runs\WishboneInterconnect\logs\placement\7-global.log[2277]: _2689_/A                                1.50    2.09   -0.59 (VIOLATED)
openlane/WishboneInterconnect\runs\WishboneInterconnect\logs\placement\7-global.log[2278]: _1924_/A                                1.50    2.09   -0.59 (VIOLATED)
openlane/WishboneInterconnect\runs\WishboneInterconnect\logs\placement\7-global.log[2279]: _1743_/X                                1.51    2.09   -0.58 (VIOLATED)
openlane/WishboneInterconnect\runs\WishboneInterconnect\logs\placement\7-global.log[2280]: _1367_/Y                                1.50    1.86   -0.36 (VIOLATED)
openlane/WishboneInterconnect\runs\WishboneInterconnect\logs\placement\7-global.log[2281]: _1518_/A                                1.50    1.86   -0.36 (VIOLATED)
openlane/WishboneInterconnect\runs\WishboneInterconnect\logs\placement\7-global.log[2282]: _1368_/A                                1.50    1.86   -0.36 (VIOLATED)
openlane/WishboneInterconnect\runs\WishboneInterconnect\logs\placement\7-global.log[2283]: _2464_/B                                1.50    1.86   -0.36 (VIOLATED)
openlane/WishboneInterconnect\runs\WishboneInterconnect\logs\placement\7-global.log[2284]: _1544_/A                                1.50    1.86   -0.36 (VIOLATED)
openlane/WishboneInterconnect\runs\WishboneInterconnect\logs\placement\7-global.log[2285]: _1564_/S                                1.50    1.86   -0.36 (VIOLATED)
openlane/WishboneInterconnect\runs\WishboneInterconnect\logs\placement\7-global.log[2286]: _2678_/D1                               1.50    1.77   -0.27 (VIOLATED)
openlane/WishboneInterconnect\runs\WishboneInterconnect\logs\placement\7-global.log[2287]: _2673_/A1                               1.50    1.77   -0.27 (VIOLATED)
openlane/WishboneInterconnect\runs\WishboneInterconnect\logs\placement\7-global.log[2288]: _2663_/A1                               1.50    1.77   -0.27 (VIOLATED)
openlane/WishboneInterconnect\runs\WishboneInterconnect\logs\placement\7-global.log[2289]: _2670_/A1                               1.50    1.76   -0.26 (VIOLATED)
openlane/WishboneInterconnect\runs\WishboneInterconnect\logs\placement\7-global.log[2290]: _2665_/A1                               1.50    1.76   -0.26 (VIOLATED)
openlane/WishboneInterconnect\runs\WishboneInterconnect\logs\placement\7-global.log[2291]: _2662_/X                                1.51    1.76   -0.26 (VIOLATED)
openlane/WishboneInterconnect\runs\WishboneInterconnect\logs\placement\7-global.log[2292]: _2667_/C1                               1.50    1.70   -0.20 (VIOLATED)
openlane/WishboneInterconnect\runs\WishboneInterconnect\logs\placement\7-global.log[2293]: _2671_/C1                               1.50    1.70   -0.20 (VIOLATED)
openlane/WishboneInterconnect\runs\WishboneInterconnect\logs\placement\7-global.log[2294]: _2664_/C1                               1.50    1.70   -0.20 (VIOLATED)
openlane/WishboneInterconnect\runs\WishboneInterconnect\logs\placement\7-global.log[2295]: _2659_/C1                               1.50    1.70   -0.20 (VIOLATED)
openlane/WishboneInterconnect\runs\WishboneInterconnect\logs\placement\7-global.log[2296]: _2675_/C1                               1.50    1.70   -0.20 (VIOLATED)
openlane/WishboneInterconnect\runs\WishboneInterconnect\logs\placement\7-global.log[2297]: _2658_/X                                1.51    1.70   -0.19 (VIOLATED)
openlane/WishboneInterconnect\runs\WishboneInterconnect\logs\placement\7-global.log[2298]: _2672_/A                                1.50    1.69   -0.19 (VIOLATED)
openlane/WishboneInterconnect\runs\WishboneInterconnect\logs\placement\7-global.log[2299]: _2108_/A1                               1.50    1.69   -0.19 (VIOLATED)
openlane/WishboneInterconnect\runs\WishboneInterconnect\logs\placement\7-global.log[2300]: _1749_/A1                               1.50    1.69   -0.19 (VIOLATED)
openlane/WishboneInterconnect\runs\WishboneInterconnect\logs\placement\7-global.log[2301]: _1929_/A1                               1.50    1.69   -0.19 (VIOLATED)
openlane/WishboneInterconnect\runs\WishboneInterconnect\logs\placement\7-global.log[2302]: _2688_/A                                1.50    1.69   -0.19 (VIOLATED)
openlane/WishboneInterconnect\runs\WishboneInterconnect\logs\placement\7-global.log[2303]: _1748_/X                                1.51    1.69   -0.18 (VIOLATED)
openlane/WishboneInterconnect\runs\WishboneInterconnect\logs\placement\7-global.log[2304]: _2674_/A1                               1.50    1.59   -0.09 (VIOLATED)
openlane/WishboneInterconnect\runs\WishboneInterconnect\logs\placement\7-global.log[2305]: _2656_/A1                               1.50    1.59   -0.09 (VIOLATED)
openlane/WishboneInterconnect\runs\WishboneInterconnect\logs\placement\7-global.log[2306]: _2660_/B2                               1.50    1.59   -0.09 (VIOLATED)
openlane/WishboneInterconnect\runs\WishboneInterconnect\logs\placement\7-global.log[2307]: _2666_/A1                               1.50    1.59   -0.09 (VIOLATED)
openlane/WishboneInterconnect\runs\WishboneInterconnect\logs\placement\7-global.log[2308]: _2668_/B2                               1.50    1.59   -0.09 (VIOLATED)
openlane/WishboneInterconnect\runs\WishboneInterconnect\logs\placement\7-global.log[2309]: _2655_/X                                1.51    1.59   -0.09 (VIOLATED)
openlane/WishboneInterconnect\runs\WishboneInterconnect\logs\placement\7-global.log[2310]: _2672_/B                                1.50    1.57   -0.07 (VIOLATED)
openlane/WishboneInterconnect\runs\WishboneInterconnect\logs\placement\7-global.log[2311]: _2108_/A2                               1.50    1.57   -0.07 (VIOLATED)
openlane/WishboneInterconnect\runs\WishboneInterconnect\logs\placement\7-global.log[2312]: _1511_/A                                1.50    1.57   -0.07 (VIOLATED)
openlane/WishboneInterconnect\runs\WishboneInterconnect\logs\placement\7-global.log[2313]: _1538_/A                                1.50    1.57   -0.07 (VIOLATED)
openlane/WishboneInterconnect\runs\WishboneInterconnect\logs\placement\7-global.log[2314]: _1373_/A                                1.50    1.57   -0.07 (VIOLATED)
openlane/WishboneInterconnect\runs\WishboneInterconnect\logs\placement\7-global.log[2315]: _1372_/X                                1.51    1.57   -0.06 (VIOLATED)
openlane/WishboneInterconnect\runs\WishboneInterconnect\logs\placement\7-global.log[2316]: _2649_/A2                               1.50    1.51   -0.01 (VIOLATED)
openlane/WishboneInterconnect\runs\WishboneInterconnect\logs\placement\7-global.log[2317]: _2650_/A1                               1.50    1.51   -0.01 (VIOLATED)
openlane/WishboneInterconnect\runs\WishboneInterconnect\logs\placement\7-global.log[2318]: _2477_/B1                               1.50    1.51   -0.01 (VIOLATED)
openlane/WishboneInterconnect\runs\WishboneInterconnect\logs\placement\7-global.log[2319]: _2678_/B1                               1.50    1.51   -0.01 (VIOLATED)
openlane/WishboneInterconnect\runs\WishboneInterconnect\logs\placement\7-global.log[2320]: _2673_/A3                               1.50    1.51   -0.01 (VIOLATED)
openlane/WishboneInterconnect\runs\WishboneInterconnect\logs\placement\7-global.log[2321]: _2472_/X                                1.51    1.51   -0.00 (VIOLATED)
openlane/WishboneInterconnect\runs\WishboneInterconnect\logs\placement\7-global.log[2327]: _1743_/X                                0.13    0.18   -0.05 (VIOLATED)
openlane/WishboneInterconnect\runs\WishboneInterconnect\logs\placement\7-global.log[2328]: _1148_/Y                                0.07    0.11   -0.04 (VIOLATED)
openlane/WishboneInterconnect\runs\WishboneInterconnect\logs\placement\7-global.log[2329]: _1746_/Y                                0.06    0.10   -0.03 (VIOLATED)
openlane/WishboneInterconnect\runs\WishboneInterconnect\logs\placement\7-global.log[2330]: _2662_/X                                0.13    0.16   -0.03 (VIOLATED)
openlane/WishboneInterconnect\runs\WishboneInterconnect\logs\placement\7-global.log[2331]: _2658_/X                                0.13    0.15   -0.02 (VIOLATED)
openlane/WishboneInterconnect\runs\WishboneInterconnect\logs\placement\7-global.log[2332]: _1748_/X                                0.13    0.15   -0.02 (VIOLATED)
openlane/WishboneInterconnect\runs\WishboneInterconnect\logs\placement\7-global.log[2333]: _1367_/Y                                0.07    0.08   -0.02 (VIOLATED)
openlane/WishboneInterconnect\runs\WishboneInterconnect\logs\placement\7-global.log[2334]: _2655_/X                                0.13    0.14   -0.01 (VIOLATED)
openlane/WishboneInterconnect\runs\WishboneInterconnect\logs\placement\7-global.log[2335]: _1372_/X                                0.13    0.14   -0.01 (VIOLATED)
openlane/WishboneInterconnect\runs\WishboneInterconnect\logs\placement\7-global.log[2336]: _2472_/X                                0.13    0.13   -0.00 (VIOLATED)
openlane/WishboneInterconnect\runs\WishboneInterconnect\logs\placement\7-global.log[2340]: max slew violation count 60
openlane/WishboneInterconnect\runs\WishboneInterconnect\logs\placement\7-global.log[2342]: max cap violation count 10
openlane/WishboneInterconnect\runs\WishboneInterconnect\logs\signoff\27-parasitics_multi_corner_sta.log[133277]: _1367_/Y                                1.49    2.05   -0.55 (VIOLATED)
openlane/WishboneInterconnect\runs\WishboneInterconnect\logs\signoff\27-parasitics_multi_corner_sta.log[133278]: _1518_/A                                1.50    2.05   -0.55 (VIOLATED)
openlane/WishboneInterconnect\runs\WishboneInterconnect\logs\signoff\27-parasitics_multi_corner_sta.log[133279]: ANTENNA__1518__A/DIODE                  1.50    2.05   -0.55 (VIOLATED)
openlane/WishboneInterconnect\runs\WishboneInterconnect\logs\signoff\27-parasitics_multi_corner_sta.log[133280]: _1368_/A                                1.50    2.05   -0.55 (VIOLATED)
openlane/WishboneInterconnect\runs\WishboneInterconnect\logs\signoff\27-parasitics_multi_corner_sta.log[133281]: ANTENNA__1368__A/DIODE                  1.50    2.05   -0.55 (VIOLATED)
openlane/WishboneInterconnect\runs\WishboneInterconnect\logs\signoff\27-parasitics_multi_corner_sta.log[133282]: ANTENNA__2464__B/DIODE                  1.50    2.05   -0.55 (VIOLATED)
openlane/WishboneInterconnect\runs\WishboneInterconnect\logs\signoff\27-parasitics_multi_corner_sta.log[133283]: _2464_/B                                1.50    2.05   -0.55 (VIOLATED)
openlane/WishboneInterconnect\runs\WishboneInterconnect\logs\signoff\27-parasitics_multi_corner_sta.log[133284]: ANTENNA__1564__S/DIODE                  1.50    2.05   -0.55 (VIOLATED)
openlane/WishboneInterconnect\runs\WishboneInterconnect\logs\signoff\27-parasitics_multi_corner_sta.log[133285]: _1564_/S                                1.50    2.05   -0.55 (VIOLATED)
openlane/WishboneInterconnect\runs\WishboneInterconnect\logs\signoff\27-parasitics_multi_corner_sta.log[133286]: ANTENNA__1544__A/DIODE                  1.50    2.05   -0.55 (VIOLATED)
openlane/WishboneInterconnect\runs\WishboneInterconnect\logs\signoff\27-parasitics_multi_corner_sta.log[133287]: _1544_/A                                1.50    2.05   -0.55 (VIOLATED)
openlane/WishboneInterconnect\runs\WishboneInterconnect\logs\signoff\27-parasitics_multi_corner_sta.log[133293]: _1367_/Y                                0.07    0.10   -0.03 (VIOLATED)
openlane/WishboneInterconnect\runs\WishboneInterconnect\logs\signoff\27-parasitics_multi_corner_sta.log[133303]: max slew violation count 11
openlane/WishboneInterconnect\runs\WishboneInterconnect\logs\signoff\27-parasitics_multi_corner_sta.log[133305]: max cap violation count 1
openlane/WishboneInterconnect\runs\WishboneInterconnect\logs\signoff\34-WishboneInterconnect.lef.log[1019]: HI                                         |(no matching pin)
openlane/WishboneInterconnect\runs\WishboneInterconnect\logs\signoff\36-antenna.log[17]: [INFO ANT-0002] Found 18 net violations in 2777 nets.
openlane/WishboneInterconnect\runs\WishboneInterconnect\reports\signoff\27-rcx_mca_sta.slew.rpt[11]: _1367_/Y                                1.49    2.05   -0.55 (VIOLATED)
openlane/WishboneInterconnect\runs\WishboneInterconnect\reports\signoff\27-rcx_mca_sta.slew.rpt[12]: _1518_/A                                1.50    2.05   -0.55 (VIOLATED)
openlane/WishboneInterconnect\runs\WishboneInterconnect\reports\signoff\27-rcx_mca_sta.slew.rpt[13]: ANTENNA__1518__A/DIODE                  1.50    2.05   -0.55 (VIOLATED)
openlane/WishboneInterconnect\runs\WishboneInterconnect\reports\signoff\27-rcx_mca_sta.slew.rpt[14]: _1368_/A                                1.50    2.05   -0.55 (VIOLATED)
openlane/WishboneInterconnect\runs\WishboneInterconnect\reports\signoff\27-rcx_mca_sta.slew.rpt[15]: ANTENNA__1368__A/DIODE                  1.50    2.05   -0.55 (VIOLATED)
openlane/WishboneInterconnect\runs\WishboneInterconnect\reports\signoff\27-rcx_mca_sta.slew.rpt[16]: ANTENNA__2464__B/DIODE                  1.50    2.05   -0.55 (VIOLATED)
openlane/WishboneInterconnect\runs\WishboneInterconnect\reports\signoff\27-rcx_mca_sta.slew.rpt[17]: _2464_/B                                1.50    2.05   -0.55 (VIOLATED)
openlane/WishboneInterconnect\runs\WishboneInterconnect\reports\signoff\27-rcx_mca_sta.slew.rpt[18]: ANTENNA__1564__S/DIODE                  1.50    2.05   -0.55 (VIOLATED)
openlane/WishboneInterconnect\runs\WishboneInterconnect\reports\signoff\27-rcx_mca_sta.slew.rpt[19]: _1564_/S                                1.50    2.05   -0.55 (VIOLATED)
openlane/WishboneInterconnect\runs\WishboneInterconnect\reports\signoff\27-rcx_mca_sta.slew.rpt[20]: ANTENNA__1544__A/DIODE                  1.50    2.05   -0.55 (VIOLATED)
openlane/WishboneInterconnect\runs\WishboneInterconnect\reports\signoff\27-rcx_mca_sta.slew.rpt[21]: _1544_/A                                1.50    2.05   -0.55 (VIOLATED)
openlane/WishboneInterconnect\runs\WishboneInterconnect\reports\signoff\27-rcx_mca_sta.slew.rpt[27]: _1367_/Y                                0.07    0.10   -0.03 (VIOLATED)
openlane/WishboneInterconnect\runs\WishboneInterconnect\reports\signoff\27-rcx_mca_sta.slew.rpt[37]: max slew violation count 11
openlane/WishboneInterconnect\runs\WishboneInterconnect\reports\signoff\27-rcx_mca_sta.slew.rpt[39]: max cap violation count 1
openlane/WishboneInterconnect\runs\WishboneInterconnect\reports\signoff\antenna.rpt[158395]: Number of pins violated: 18
openlane/WishboneInterconnect\runs\WishboneInterconnect\reports\signoff\antenna.rpt[158396]: Number of nets violated: 18
