openlane/WishboneInterconnect\runs\WishboneInterconnect\logs\synthesis\1-synthesis.log[1171]: ABC: Warning: Detected 2 multi-output gates (for example, "sky130_fd_sc_hd__fa_1").
openlane/WishboneInterconnect\runs\WishboneInterconnect\logs\synthesis\1-synthesis.log[1324]: Warning: Wire WishboneInterconnect.\slave4_wb_we_i is used but has no driver.
openlane/WishboneInterconnect\runs\WishboneInterconnect\logs\synthesis\1-synthesis.log[1325]: Warning: Wire WishboneInterconnect.\slave4_wb_stb_i is used but has no driver.
openlane/WishboneInterconnect\runs\WishboneInterconnect\logs\synthesis\1-synthesis.log[1326]: Warning: Wire WishboneInterconnect.\slave4_wb_sel_i [3] is used but has no driver.
openlane/WishboneInterconnect\runs\WishboneInterconnect\logs\synthesis\1-synthesis.log[1327]: Warning: Wire WishboneInterconnect.\slave4_wb_sel_i [2] is used but has no driver.
openlane/WishboneInterconnect\runs\WishboneInterconnect\logs\synthesis\1-synthesis.log[1328]: Warning: Wire WishboneInterconnect.\slave4_wb_sel_i [1] is used but has no driver.
openlane/WishboneInterconnect\runs\WishboneInterconnect\logs\synthesis\1-synthesis.log[1329]: Warning: Wire WishboneInterconnect.\slave4_wb_sel_i [0] is used but has no driver.
openlane/WishboneInterconnect\runs\WishboneInterconnect\logs\synthesis\1-synthesis.log[1330]: Warning: Wire WishboneInterconnect.\slave4_wb_data_i [31] is used but has no driver.
openlane/WishboneInterconnect\runs\WishboneInterconnect\logs\synthesis\1-synthesis.log[1331]: Warning: Wire WishboneInterconnect.\slave4_wb_data_i [30] is used but has no driver.
openlane/WishboneInterconnect\runs\WishboneInterconnect\logs\synthesis\1-synthesis.log[1332]: Warning: Wire WishboneInterconnect.\slave4_wb_data_i [29] is used but has no driver.
openlane/WishboneInterconnect\runs\WishboneInterconnect\logs\synthesis\1-synthesis.log[1333]: Warning: Wire WishboneInterconnect.\slave4_wb_data_i [28] is used but has no driver.
openlane/WishboneInterconnect\runs\WishboneInterconnect\logs\synthesis\1-synthesis.log[1334]: Warning: Wire WishboneInterconnect.\slave4_wb_data_i [27] is used but has no driver.
openlane/WishboneInterconnect\runs\WishboneInterconnect\logs\synthesis\1-synthesis.log[1335]: Warning: Wire WishboneInterconnect.\slave4_wb_data_i [26] is used but has no driver.
openlane/WishboneInterconnect\runs\WishboneInterconnect\logs\synthesis\1-synthesis.log[1336]: Warning: Wire WishboneInterconnect.\slave4_wb_data_i [25] is used but has no driver.
openlane/WishboneInterconnect\runs\WishboneInterconnect\logs\synthesis\1-synthesis.log[1337]: Warning: Wire WishboneInterconnect.\slave4_wb_data_i [24] is used but has no driver.
openlane/WishboneInterconnect\runs\WishboneInterconnect\logs\synthesis\1-synthesis.log[1338]: Warning: Wire WishboneInterconnect.\slave4_wb_data_i [23] is used but has no driver.
openlane/WishboneInterconnect\runs\WishboneInterconnect\logs\synthesis\1-synthesis.log[1339]: Warning: Wire WishboneInterconnect.\slave4_wb_data_i [22] is used but has no driver.
openlane/WishboneInterconnect\runs\WishboneInterconnect\logs\synthesis\1-synthesis.log[1340]: Warning: Wire WishboneInterconnect.\slave4_wb_data_i [21] is used but has no driver.
openlane/WishboneInterconnect\runs\WishboneInterconnect\logs\synthesis\1-synthesis.log[1341]: Warning: Wire WishboneInterconnect.\slave4_wb_data_i [20] is used but has no driver.
openlane/WishboneInterconnect\runs\WishboneInterconnect\logs\synthesis\1-synthesis.log[1342]: Warning: Wire WishboneInterconnect.\slave4_wb_data_i [19] is used but has no driver.
openlane/WishboneInterconnect\runs\WishboneInterconnect\logs\synthesis\1-synthesis.log[1343]: Warning: Wire WishboneInterconnect.\slave4_wb_data_i [18] is used but has no driver.
openlane/WishboneInterconnect\runs\WishboneInterconnect\logs\synthesis\1-synthesis.log[1344]: Warning: Wire WishboneInterconnect.\slave4_wb_data_i [17] is used but has no driver.
openlane/WishboneInterconnect\runs\WishboneInterconnect\logs\synthesis\1-synthesis.log[1345]: Warning: Wire WishboneInterconnect.\slave4_wb_data_i [16] is used but has no driver.
openlane/WishboneInterconnect\runs\WishboneInterconnect\logs\synthesis\1-synthesis.log[1346]: Warning: Wire WishboneInterconnect.\slave4_wb_data_i [15] is used but has no driver.
openlane/WishboneInterconnect\runs\WishboneInterconnect\logs\synthesis\1-synthesis.log[1347]: Warning: Wire WishboneInterconnect.\slave4_wb_data_i [14] is used but has no driver.
openlane/WishboneInterconnect\runs\WishboneInterconnect\logs\synthesis\1-synthesis.log[1348]: Warning: Wire WishboneInterconnect.\slave4_wb_data_i [13] is used but has no driver.
openlane/WishboneInterconnect\runs\WishboneInterconnect\logs\synthesis\1-synthesis.log[1349]: Warning: Wire WishboneInterconnect.\slave4_wb_data_i [12] is used but has no driver.
openlane/WishboneInterconnect\runs\WishboneInterconnect\logs\synthesis\1-synthesis.log[1350]: Warning: Wire WishboneInterconnect.\slave4_wb_data_i [11] is used but has no driver.
openlane/WishboneInterconnect\runs\WishboneInterconnect\logs\synthesis\1-synthesis.log[1351]: Warning: Wire WishboneInterconnect.\slave4_wb_data_i [10] is used but has no driver.
openlane/WishboneInterconnect\runs\WishboneInterconnect\logs\synthesis\1-synthesis.log[1352]: Warning: Wire WishboneInterconnect.\slave4_wb_data_i [9] is used but has no driver.
openlane/WishboneInterconnect\runs\WishboneInterconnect\logs\synthesis\1-synthesis.log[1353]: Warning: Wire WishboneInterconnect.\slave4_wb_data_i [8] is used but has no driver.
openlane/WishboneInterconnect\runs\WishboneInterconnect\logs\synthesis\1-synthesis.log[1354]: Warning: Wire WishboneInterconnect.\slave4_wb_data_i [7] is used but has no driver.
openlane/WishboneInterconnect\runs\WishboneInterconnect\logs\synthesis\1-synthesis.log[1355]: Warning: Wire WishboneInterconnect.\slave4_wb_data_i [6] is used but has no driver.
openlane/WishboneInterconnect\runs\WishboneInterconnect\logs\synthesis\1-synthesis.log[1356]: Warning: Wire WishboneInterconnect.\slave4_wb_data_i [5] is used but has no driver.
openlane/WishboneInterconnect\runs\WishboneInterconnect\logs\synthesis\1-synthesis.log[1357]: Warning: Wire WishboneInterconnect.\slave4_wb_data_i [4] is used but has no driver.
openlane/WishboneInterconnect\runs\WishboneInterconnect\logs\synthesis\1-synthesis.log[1358]: Warning: Wire WishboneInterconnect.\slave4_wb_data_i [3] is used but has no driver.
openlane/WishboneInterconnect\runs\WishboneInterconnect\logs\synthesis\1-synthesis.log[1359]: Warning: Wire WishboneInterconnect.\slave4_wb_data_i [2] is used but has no driver.
openlane/WishboneInterconnect\runs\WishboneInterconnect\logs\synthesis\1-synthesis.log[1360]: Warning: Wire WishboneInterconnect.\slave4_wb_data_i [1] is used but has no driver.
openlane/WishboneInterconnect\runs\WishboneInterconnect\logs\synthesis\1-synthesis.log[1361]: Warning: Wire WishboneInterconnect.\slave4_wb_data_i [0] is used but has no driver.
openlane/WishboneInterconnect\runs\WishboneInterconnect\logs\synthesis\1-synthesis.log[1362]: Warning: Wire WishboneInterconnect.\slave4_wb_cyc_i is used but has no driver.
openlane/WishboneInterconnect\runs\WishboneInterconnect\logs\synthesis\1-synthesis.log[1363]: Warning: Wire WishboneInterconnect.\slave4_wb_adr_i [23] is used but has no driver.
openlane/WishboneInterconnect\runs\WishboneInterconnect\logs\synthesis\1-synthesis.log[1364]: Warning: Wire WishboneInterconnect.\slave4_wb_adr_i [22] is used but has no driver.
openlane/WishboneInterconnect\runs\WishboneInterconnect\logs\synthesis\1-synthesis.log[1365]: Warning: Wire WishboneInterconnect.\slave4_wb_adr_i [21] is used but has no driver.
openlane/WishboneInterconnect\runs\WishboneInterconnect\logs\synthesis\1-synthesis.log[1366]: Warning: Wire WishboneInterconnect.\slave4_wb_adr_i [20] is used but has no driver.
openlane/WishboneInterconnect\runs\WishboneInterconnect\logs\synthesis\1-synthesis.log[1367]: Warning: Wire WishboneInterconnect.\slave4_wb_adr_i [19] is used but has no driver.
openlane/WishboneInterconnect\runs\WishboneInterconnect\logs\synthesis\1-synthesis.log[1368]: Warning: Wire WishboneInterconnect.\slave4_wb_adr_i [18] is used but has no driver.
openlane/WishboneInterconnect\runs\WishboneInterconnect\logs\synthesis\1-synthesis.log[1369]: Warning: Wire WishboneInterconnect.\slave4_wb_adr_i [17] is used but has no driver.
openlane/WishboneInterconnect\runs\WishboneInterconnect\logs\synthesis\1-synthesis.log[1370]: Warning: Wire WishboneInterconnect.\slave4_wb_adr_i [16] is used but has no driver.
openlane/WishboneInterconnect\runs\WishboneInterconnect\logs\synthesis\1-synthesis.log[1371]: Warning: Wire WishboneInterconnect.\slave4_wb_adr_i [15] is used but has no driver.
openlane/WishboneInterconnect\runs\WishboneInterconnect\logs\synthesis\1-synthesis.log[1372]: Warning: Wire WishboneInterconnect.\slave4_wb_adr_i [14] is used but has no driver.
openlane/WishboneInterconnect\runs\WishboneInterconnect\logs\synthesis\1-synthesis.log[1373]: Warning: Wire WishboneInterconnect.\slave4_wb_adr_i [13] is used but has no driver.
openlane/WishboneInterconnect\runs\WishboneInterconnect\logs\synthesis\1-synthesis.log[1374]: Warning: Wire WishboneInterconnect.\slave4_wb_adr_i [12] is used but has no driver.
openlane/WishboneInterconnect\runs\WishboneInterconnect\logs\synthesis\1-synthesis.log[1375]: Warning: Wire WishboneInterconnect.\slave4_wb_adr_i [11] is used but has no driver.
openlane/WishboneInterconnect\runs\WishboneInterconnect\logs\synthesis\1-synthesis.log[1376]: Warning: Wire WishboneInterconnect.\slave4_wb_adr_i [10] is used but has no driver.
openlane/WishboneInterconnect\runs\WishboneInterconnect\logs\synthesis\1-synthesis.log[1377]: Warning: Wire WishboneInterconnect.\slave4_wb_adr_i [9] is used but has no driver.
openlane/WishboneInterconnect\runs\WishboneInterconnect\logs\synthesis\1-synthesis.log[1378]: Warning: Wire WishboneInterconnect.\slave4_wb_adr_i [8] is used but has no driver.
openlane/WishboneInterconnect\runs\WishboneInterconnect\logs\synthesis\1-synthesis.log[1379]: Warning: Wire WishboneInterconnect.\slave4_wb_adr_i [7] is used but has no driver.
openlane/WishboneInterconnect\runs\WishboneInterconnect\logs\synthesis\1-synthesis.log[1380]: Warning: Wire WishboneInterconnect.\slave4_wb_adr_i [6] is used but has no driver.
openlane/WishboneInterconnect\runs\WishboneInterconnect\logs\synthesis\1-synthesis.log[1381]: Warning: Wire WishboneInterconnect.\slave4_wb_adr_i [5] is used but has no driver.
openlane/WishboneInterconnect\runs\WishboneInterconnect\logs\synthesis\1-synthesis.log[1382]: Warning: Wire WishboneInterconnect.\slave4_wb_adr_i [4] is used but has no driver.
openlane/WishboneInterconnect\runs\WishboneInterconnect\logs\synthesis\1-synthesis.log[1383]: Warning: Wire WishboneInterconnect.\slave4_wb_adr_i [3] is used but has no driver.
openlane/WishboneInterconnect\runs\WishboneInterconnect\logs\synthesis\1-synthesis.log[1384]: Warning: Wire WishboneInterconnect.\slave4_wb_adr_i [2] is used but has no driver.
openlane/WishboneInterconnect\runs\WishboneInterconnect\logs\synthesis\1-synthesis.log[1385]: Warning: Wire WishboneInterconnect.\slave4_wb_adr_i [1] is used but has no driver.
openlane/WishboneInterconnect\runs\WishboneInterconnect\logs\synthesis\1-synthesis.log[1386]: Warning: Wire WishboneInterconnect.\slave4_wb_adr_i [0] is used but has no driver.
openlane/WishboneInterconnect\runs\WishboneInterconnect\logs\synthesis\1-synthesis.log[1387]: Warning: Wire WishboneInterconnect.\slave3_wb_we_i is used but has no driver.
openlane/WishboneInterconnect\runs\WishboneInterconnect\logs\synthesis\1-synthesis.log[1388]: Warning: Wire WishboneInterconnect.\slave3_wb_stb_i is used but has no driver.
openlane/WishboneInterconnect\runs\WishboneInterconnect\logs\synthesis\1-synthesis.log[1389]: Warning: Wire WishboneInterconnect.\slave3_wb_sel_i [3] is used but has no driver.
openlane/WishboneInterconnect\runs\WishboneInterconnect\logs\synthesis\1-synthesis.log[1390]: Warning: Wire WishboneInterconnect.\slave3_wb_sel_i [2] is used but has no driver.
openlane/WishboneInterconnect\runs\WishboneInterconnect\logs\synthesis\1-synthesis.log[1391]: Warning: Wire WishboneInterconnect.\slave3_wb_sel_i [1] is used but has no driver.
openlane/WishboneInterconnect\runs\WishboneInterconnect\logs\synthesis\1-synthesis.log[1392]: Warning: Wire WishboneInterconnect.\slave3_wb_sel_i [0] is used but has no driver.
openlane/WishboneInterconnect\runs\WishboneInterconnect\logs\synthesis\1-synthesis.log[1393]: Warning: Wire WishboneInterconnect.\slave3_wb_data_i [31] is used but has no driver.
openlane/WishboneInterconnect\runs\WishboneInterconnect\logs\synthesis\1-synthesis.log[1394]: Warning: Wire WishboneInterconnect.\slave3_wb_data_i [30] is used but has no driver.
openlane/WishboneInterconnect\runs\WishboneInterconnect\logs\synthesis\1-synthesis.log[1395]: Warning: Wire WishboneInterconnect.\slave3_wb_data_i [29] is used but has no driver.
openlane/WishboneInterconnect\runs\WishboneInterconnect\logs\synthesis\1-synthesis.log[1396]: Warning: Wire WishboneInterconnect.\slave3_wb_data_i [28] is used but has no driver.
openlane/WishboneInterconnect\runs\WishboneInterconnect\logs\synthesis\1-synthesis.log[1397]: Warning: Wire WishboneInterconnect.\slave3_wb_data_i [27] is used but has no driver.
openlane/WishboneInterconnect\runs\WishboneInterconnect\logs\synthesis\1-synthesis.log[1398]: Warning: Wire WishboneInterconnect.\slave3_wb_data_i [26] is used but has no driver.
openlane/WishboneInterconnect\runs\WishboneInterconnect\logs\synthesis\1-synthesis.log[1399]: Warning: Wire WishboneInterconnect.\slave3_wb_data_i [25] is used but has no driver.
openlane/WishboneInterconnect\runs\WishboneInterconnect\logs\synthesis\1-synthesis.log[1400]: Warning: Wire WishboneInterconnect.\slave3_wb_data_i [24] is used but has no driver.
openlane/WishboneInterconnect\runs\WishboneInterconnect\logs\synthesis\1-synthesis.log[1401]: Warning: Wire WishboneInterconnect.\slave3_wb_data_i [23] is used but has no driver.
openlane/WishboneInterconnect\runs\WishboneInterconnect\logs\synthesis\1-synthesis.log[1402]: Warning: Wire WishboneInterconnect.\slave3_wb_data_i [22] is used but has no driver.
openlane/WishboneInterconnect\runs\WishboneInterconnect\logs\synthesis\1-synthesis.log[1403]: Warning: Wire WishboneInterconnect.\slave3_wb_data_i [21] is used but has no driver.
openlane/WishboneInterconnect\runs\WishboneInterconnect\logs\synthesis\1-synthesis.log[1404]: Warning: Wire WishboneInterconnect.\slave3_wb_data_i [20] is used but has no driver.
openlane/WishboneInterconnect\runs\WishboneInterconnect\logs\synthesis\1-synthesis.log[1405]: Warning: Wire WishboneInterconnect.\slave3_wb_data_i [19] is used but has no driver.
openlane/WishboneInterconnect\runs\WishboneInterconnect\logs\synthesis\1-synthesis.log[1406]: Warning: Wire WishboneInterconnect.\slave3_wb_data_i [18] is used but has no driver.
openlane/WishboneInterconnect\runs\WishboneInterconnect\logs\synthesis\1-synthesis.log[1407]: Warning: Wire WishboneInterconnect.\slave3_wb_data_i [17] is used but has no driver.
openlane/WishboneInterconnect\runs\WishboneInterconnect\logs\synthesis\1-synthesis.log[1408]: Warning: Wire WishboneInterconnect.\slave3_wb_data_i [16] is used but has no driver.
openlane/WishboneInterconnect\runs\WishboneInterconnect\logs\synthesis\1-synthesis.log[1409]: Warning: Wire WishboneInterconnect.\slave3_wb_data_i [15] is used but has no driver.
openlane/WishboneInterconnect\runs\WishboneInterconnect\logs\synthesis\1-synthesis.log[1410]: Warning: Wire WishboneInterconnect.\slave3_wb_data_i [14] is used but has no driver.
openlane/WishboneInterconnect\runs\WishboneInterconnect\logs\synthesis\1-synthesis.log[1411]: Warning: Wire WishboneInterconnect.\slave3_wb_data_i [13] is used but has no driver.
openlane/WishboneInterconnect\runs\WishboneInterconnect\logs\synthesis\1-synthesis.log[1412]: Warning: Wire WishboneInterconnect.\slave3_wb_data_i [12] is used but has no driver.
openlane/WishboneInterconnect\runs\WishboneInterconnect\logs\synthesis\1-synthesis.log[1413]: Warning: Wire WishboneInterconnect.\slave3_wb_data_i [11] is used but has no driver.
openlane/WishboneInterconnect\runs\WishboneInterconnect\logs\synthesis\1-synthesis.log[1414]: Warning: Wire WishboneInterconnect.\slave3_wb_data_i [10] is used but has no driver.
openlane/WishboneInterconnect\runs\WishboneInterconnect\logs\synthesis\1-synthesis.log[1415]: Warning: Wire WishboneInterconnect.\slave3_wb_data_i [9] is used but has no driver.
openlane/WishboneInterconnect\runs\WishboneInterconnect\logs\synthesis\1-synthesis.log[1416]: Warning: Wire WishboneInterconnect.\slave3_wb_data_i [8] is used but has no driver.
openlane/WishboneInterconnect\runs\WishboneInterconnect\logs\synthesis\1-synthesis.log[1417]: Warning: Wire WishboneInterconnect.\slave3_wb_data_i [7] is used but has no driver.
openlane/WishboneInterconnect\runs\WishboneInterconnect\logs\synthesis\1-synthesis.log[1418]: Warning: Wire WishboneInterconnect.\slave3_wb_data_i [6] is used but has no driver.
openlane/WishboneInterconnect\runs\WishboneInterconnect\logs\synthesis\1-synthesis.log[1419]: Warning: Wire WishboneInterconnect.\slave3_wb_data_i [5] is used but has no driver.
openlane/WishboneInterconnect\runs\WishboneInterconnect\logs\synthesis\1-synthesis.log[1420]: Warning: Wire WishboneInterconnect.\slave3_wb_data_i [4] is used but has no driver.
openlane/WishboneInterconnect\runs\WishboneInterconnect\logs\synthesis\1-synthesis.log[1421]: Warning: Wire WishboneInterconnect.\slave3_wb_data_i [3] is used but has no driver.
openlane/WishboneInterconnect\runs\WishboneInterconnect\logs\synthesis\1-synthesis.log[1422]: Warning: Wire WishboneInterconnect.\slave3_wb_data_i [2] is used but has no driver.
openlane/WishboneInterconnect\runs\WishboneInterconnect\logs\synthesis\1-synthesis.log[1423]: Warning: Wire WishboneInterconnect.\slave3_wb_data_i [1] is used but has no driver.
openlane/WishboneInterconnect\runs\WishboneInterconnect\logs\synthesis\1-synthesis.log[1424]: Warning: Wire WishboneInterconnect.\slave3_wb_data_i [0] is used but has no driver.
openlane/WishboneInterconnect\runs\WishboneInterconnect\logs\synthesis\1-synthesis.log[1425]: Warning: Wire WishboneInterconnect.\slave3_wb_cyc_i is used but has no driver.
openlane/WishboneInterconnect\runs\WishboneInterconnect\logs\synthesis\1-synthesis.log[1426]: Warning: Wire WishboneInterconnect.\slave3_wb_adr_i [23] is used but has no driver.
openlane/WishboneInterconnect\runs\WishboneInterconnect\logs\synthesis\1-synthesis.log[1427]: Warning: Wire WishboneInterconnect.\slave3_wb_adr_i [22] is used but has no driver.
openlane/WishboneInterconnect\runs\WishboneInterconnect\logs\synthesis\1-synthesis.log[1428]: Warning: Wire WishboneInterconnect.\slave3_wb_adr_i [21] is used but has no driver.
openlane/WishboneInterconnect\runs\WishboneInterconnect\logs\synthesis\1-synthesis.log[1429]: Warning: Wire WishboneInterconnect.\slave3_wb_adr_i [20] is used but has no driver.
openlane/WishboneInterconnect\runs\WishboneInterconnect\logs\synthesis\1-synthesis.log[1430]: Warning: Wire WishboneInterconnect.\slave3_wb_adr_i [19] is used but has no driver.
openlane/WishboneInterconnect\runs\WishboneInterconnect\logs\synthesis\1-synthesis.log[1431]: Warning: Wire WishboneInterconnect.\slave3_wb_adr_i [18] is used but has no driver.
openlane/WishboneInterconnect\runs\WishboneInterconnect\logs\synthesis\1-synthesis.log[1432]: Warning: Wire WishboneInterconnect.\slave3_wb_adr_i [17] is used but has no driver.
openlane/WishboneInterconnect\runs\WishboneInterconnect\logs\synthesis\1-synthesis.log[1433]: Warning: Wire WishboneInterconnect.\slave3_wb_adr_i [16] is used but has no driver.
openlane/WishboneInterconnect\runs\WishboneInterconnect\logs\synthesis\1-synthesis.log[1434]: Warning: Wire WishboneInterconnect.\slave3_wb_adr_i [15] is used but has no driver.
openlane/WishboneInterconnect\runs\WishboneInterconnect\logs\synthesis\1-synthesis.log[1435]: Warning: Wire WishboneInterconnect.\slave3_wb_adr_i [14] is used but has no driver.
openlane/WishboneInterconnect\runs\WishboneInterconnect\logs\synthesis\1-synthesis.log[1436]: Warning: Wire WishboneInterconnect.\slave3_wb_adr_i [13] is used but has no driver.
openlane/WishboneInterconnect\runs\WishboneInterconnect\logs\synthesis\1-synthesis.log[1437]: Warning: Wire WishboneInterconnect.\slave3_wb_adr_i [12] is used but has no driver.
openlane/WishboneInterconnect\runs\WishboneInterconnect\logs\synthesis\1-synthesis.log[1438]: Warning: Wire WishboneInterconnect.\slave3_wb_adr_i [11] is used but has no driver.
openlane/WishboneInterconnect\runs\WishboneInterconnect\logs\synthesis\1-synthesis.log[1439]: Warning: Wire WishboneInterconnect.\slave3_wb_adr_i [10] is used but has no driver.
openlane/WishboneInterconnect\runs\WishboneInterconnect\logs\synthesis\1-synthesis.log[1440]: Warning: Wire WishboneInterconnect.\slave3_wb_adr_i [9] is used but has no driver.
openlane/WishboneInterconnect\runs\WishboneInterconnect\logs\synthesis\1-synthesis.log[1441]: Warning: Wire WishboneInterconnect.\slave3_wb_adr_i [8] is used but has no driver.
openlane/WishboneInterconnect\runs\WishboneInterconnect\logs\synthesis\1-synthesis.log[1442]: Warning: Wire WishboneInterconnect.\slave3_wb_adr_i [7] is used but has no driver.
openlane/WishboneInterconnect\runs\WishboneInterconnect\logs\synthesis\1-synthesis.log[1443]: Warning: Wire WishboneInterconnect.\slave3_wb_adr_i [6] is used but has no driver.
openlane/WishboneInterconnect\runs\WishboneInterconnect\logs\synthesis\1-synthesis.log[1444]: Warning: Wire WishboneInterconnect.\slave3_wb_adr_i [5] is used but has no driver.
openlane/WishboneInterconnect\runs\WishboneInterconnect\logs\synthesis\1-synthesis.log[1445]: Warning: Wire WishboneInterconnect.\slave3_wb_adr_i [4] is used but has no driver.
openlane/WishboneInterconnect\runs\WishboneInterconnect\logs\synthesis\1-synthesis.log[1446]: Warning: Wire WishboneInterconnect.\slave3_wb_adr_i [3] is used but has no driver.
openlane/WishboneInterconnect\runs\WishboneInterconnect\logs\synthesis\1-synthesis.log[1447]: Warning: Wire WishboneInterconnect.\slave3_wb_adr_i [2] is used but has no driver.
openlane/WishboneInterconnect\runs\WishboneInterconnect\logs\synthesis\1-synthesis.log[1448]: Warning: Wire WishboneInterconnect.\slave3_wb_adr_i [1] is used but has no driver.
openlane/WishboneInterconnect\runs\WishboneInterconnect\logs\synthesis\1-synthesis.log[1449]: Warning: Wire WishboneInterconnect.\slave3_wb_adr_i [0] is used but has no driver.
openlane/WishboneInterconnect\runs\WishboneInterconnect\logs\synthesis\1-synthesis.log[1450]: Warning: Wire WishboneInterconnect.\slave2_wb_we_i is used but has no driver.
openlane/WishboneInterconnect\runs\WishboneInterconnect\logs\synthesis\1-synthesis.log[1451]: Warning: Wire WishboneInterconnect.\slave2_wb_stb_i is used but has no driver.
openlane/WishboneInterconnect\runs\WishboneInterconnect\logs\synthesis\1-synthesis.log[1452]: Warning: Wire WishboneInterconnect.\slave2_wb_sel_i [3] is used but has no driver.
openlane/WishboneInterconnect\runs\WishboneInterconnect\logs\synthesis\1-synthesis.log[1453]: Warning: Wire WishboneInterconnect.\slave2_wb_sel_i [2] is used but has no driver.
openlane/WishboneInterconnect\runs\WishboneInterconnect\logs\synthesis\1-synthesis.log[1454]: Warning: Wire WishboneInterconnect.\slave2_wb_sel_i [1] is used but has no driver.
openlane/WishboneInterconnect\runs\WishboneInterconnect\logs\synthesis\1-synthesis.log[1455]: Warning: Wire WishboneInterconnect.\slave2_wb_sel_i [0] is used but has no driver.
openlane/WishboneInterconnect\runs\WishboneInterconnect\logs\synthesis\1-synthesis.log[1456]: Warning: Wire WishboneInterconnect.\slave2_wb_data_i [31] is used but has no driver.
openlane/WishboneInterconnect\runs\WishboneInterconnect\logs\synthesis\1-synthesis.log[1457]: Warning: Wire WishboneInterconnect.\slave2_wb_data_i [30] is used but has no driver.
openlane/WishboneInterconnect\runs\WishboneInterconnect\logs\synthesis\1-synthesis.log[1458]: Warning: Wire WishboneInterconnect.\slave2_wb_data_i [29] is used but has no driver.
openlane/WishboneInterconnect\runs\WishboneInterconnect\logs\synthesis\1-synthesis.log[1459]: Warning: Wire WishboneInterconnect.\slave2_wb_data_i [28] is used but has no driver.
openlane/WishboneInterconnect\runs\WishboneInterconnect\logs\synthesis\1-synthesis.log[1460]: Warning: Wire WishboneInterconnect.\slave2_wb_data_i [27] is used but has no driver.
openlane/WishboneInterconnect\runs\WishboneInterconnect\logs\synthesis\1-synthesis.log[1461]: Warning: Wire WishboneInterconnect.\slave2_wb_data_i [26] is used but has no driver.
openlane/WishboneInterconnect\runs\WishboneInterconnect\logs\synthesis\1-synthesis.log[1462]: Warning: Wire WishboneInterconnect.\slave2_wb_data_i [25] is used but has no driver.
openlane/WishboneInterconnect\runs\WishboneInterconnect\logs\synthesis\1-synthesis.log[1463]: Warning: Wire WishboneInterconnect.\slave2_wb_data_i [24] is used but has no driver.
openlane/WishboneInterconnect\runs\WishboneInterconnect\logs\synthesis\1-synthesis.log[1464]: Warning: Wire WishboneInterconnect.\slave2_wb_data_i [23] is used but has no driver.
openlane/WishboneInterconnect\runs\WishboneInterconnect\logs\synthesis\1-synthesis.log[1465]: Warning: Wire WishboneInterconnect.\slave2_wb_data_i [22] is used but has no driver.
openlane/WishboneInterconnect\runs\WishboneInterconnect\logs\synthesis\1-synthesis.log[1466]: Warning: Wire WishboneInterconnect.\slave2_wb_data_i [21] is used but has no driver.
openlane/WishboneInterconnect\runs\WishboneInterconnect\logs\synthesis\1-synthesis.log[1467]: Warning: Wire WishboneInterconnect.\slave2_wb_data_i [20] is used but has no driver.
openlane/WishboneInterconnect\runs\WishboneInterconnect\logs\synthesis\1-synthesis.log[1468]: Warning: Wire WishboneInterconnect.\slave2_wb_data_i [19] is used but has no driver.
openlane/WishboneInterconnect\runs\WishboneInterconnect\logs\synthesis\1-synthesis.log[1469]: Warning: Wire WishboneInterconnect.\slave2_wb_data_i [18] is used but has no driver.
openlane/WishboneInterconnect\runs\WishboneInterconnect\logs\synthesis\1-synthesis.log[1470]: Warning: Wire WishboneInterconnect.\slave2_wb_data_i [17] is used but has no driver.
openlane/WishboneInterconnect\runs\WishboneInterconnect\logs\synthesis\1-synthesis.log[1471]: Warning: Wire WishboneInterconnect.\slave2_wb_data_i [16] is used but has no driver.
openlane/WishboneInterconnect\runs\WishboneInterconnect\logs\synthesis\1-synthesis.log[1472]: Warning: Wire WishboneInterconnect.\slave2_wb_data_i [15] is used but has no driver.
openlane/WishboneInterconnect\runs\WishboneInterconnect\logs\synthesis\1-synthesis.log[1473]: Warning: Wire WishboneInterconnect.\slave2_wb_data_i [14] is used but has no driver.
openlane/WishboneInterconnect\runs\WishboneInterconnect\logs\synthesis\1-synthesis.log[1474]: Warning: Wire WishboneInterconnect.\slave2_wb_data_i [13] is used but has no driver.
openlane/WishboneInterconnect\runs\WishboneInterconnect\logs\synthesis\1-synthesis.log[1475]: Warning: Wire WishboneInterconnect.\slave2_wb_data_i [12] is used but has no driver.
openlane/WishboneInterconnect\runs\WishboneInterconnect\logs\synthesis\1-synthesis.log[1476]: Warning: Wire WishboneInterconnect.\slave2_wb_data_i [11] is used but has no driver.
openlane/WishboneInterconnect\runs\WishboneInterconnect\logs\synthesis\1-synthesis.log[1477]: Warning: Wire WishboneInterconnect.\slave2_wb_data_i [10] is used but has no driver.
openlane/WishboneInterconnect\runs\WishboneInterconnect\logs\synthesis\1-synthesis.log[1478]: Warning: Wire WishboneInterconnect.\slave2_wb_data_i [9] is used but has no driver.
openlane/WishboneInterconnect\runs\WishboneInterconnect\logs\synthesis\1-synthesis.log[1479]: Warning: Wire WishboneInterconnect.\slave2_wb_data_i [8] is used but has no driver.
openlane/WishboneInterconnect\runs\WishboneInterconnect\logs\synthesis\1-synthesis.log[1480]: Warning: Wire WishboneInterconnect.\slave2_wb_data_i [7] is used but has no driver.
openlane/WishboneInterconnect\runs\WishboneInterconnect\logs\synthesis\1-synthesis.log[1481]: Warning: Wire WishboneInterconnect.\slave2_wb_data_i [6] is used but has no driver.
openlane/WishboneInterconnect\runs\WishboneInterconnect\logs\synthesis\1-synthesis.log[1482]: Warning: Wire WishboneInterconnect.\slave2_wb_data_i [5] is used but has no driver.
openlane/WishboneInterconnect\runs\WishboneInterconnect\logs\synthesis\1-synthesis.log[1483]: Warning: Wire WishboneInterconnect.\slave2_wb_data_i [4] is used but has no driver.
openlane/WishboneInterconnect\runs\WishboneInterconnect\logs\synthesis\1-synthesis.log[1484]: Warning: Wire WishboneInterconnect.\slave2_wb_data_i [3] is used but has no driver.
openlane/WishboneInterconnect\runs\WishboneInterconnect\logs\synthesis\1-synthesis.log[1485]: Warning: Wire WishboneInterconnect.\slave2_wb_data_i [2] is used but has no driver.
openlane/WishboneInterconnect\runs\WishboneInterconnect\logs\synthesis\1-synthesis.log[1486]: Warning: Wire WishboneInterconnect.\slave2_wb_data_i [1] is used but has no driver.
openlane/WishboneInterconnect\runs\WishboneInterconnect\logs\synthesis\1-synthesis.log[1487]: Warning: Wire WishboneInterconnect.\slave2_wb_data_i [0] is used but has no driver.
openlane/WishboneInterconnect\runs\WishboneInterconnect\logs\synthesis\1-synthesis.log[1488]: Warning: Wire WishboneInterconnect.\slave2_wb_cyc_i is used but has no driver.
openlane/WishboneInterconnect\runs\WishboneInterconnect\logs\synthesis\1-synthesis.log[1489]: Warning: Wire WishboneInterconnect.\slave2_wb_adr_i [23] is used but has no driver.
openlane/WishboneInterconnect\runs\WishboneInterconnect\logs\synthesis\1-synthesis.log[1490]: Warning: Wire WishboneInterconnect.\slave2_wb_adr_i [22] is used but has no driver.
openlane/WishboneInterconnect\runs\WishboneInterconnect\logs\synthesis\1-synthesis.log[1491]: Warning: Wire WishboneInterconnect.\slave2_wb_adr_i [21] is used but has no driver.
openlane/WishboneInterconnect\runs\WishboneInterconnect\logs\synthesis\1-synthesis.log[1492]: Warning: Wire WishboneInterconnect.\slave2_wb_adr_i [20] is used but has no driver.
openlane/WishboneInterconnect\runs\WishboneInterconnect\logs\synthesis\1-synthesis.log[1493]: Warning: Wire WishboneInterconnect.\slave2_wb_adr_i [19] is used but has no driver.
openlane/WishboneInterconnect\runs\WishboneInterconnect\logs\synthesis\1-synthesis.log[1494]: Warning: Wire WishboneInterconnect.\slave2_wb_adr_i [18] is used but has no driver.
openlane/WishboneInterconnect\runs\WishboneInterconnect\logs\synthesis\1-synthesis.log[1495]: Warning: Wire WishboneInterconnect.\slave2_wb_adr_i [17] is used but has no driver.
openlane/WishboneInterconnect\runs\WishboneInterconnect\logs\synthesis\1-synthesis.log[1496]: Warning: Wire WishboneInterconnect.\slave2_wb_adr_i [16] is used but has no driver.
openlane/WishboneInterconnect\runs\WishboneInterconnect\logs\synthesis\1-synthesis.log[1497]: Warning: Wire WishboneInterconnect.\slave2_wb_adr_i [15] is used but has no driver.
openlane/WishboneInterconnect\runs\WishboneInterconnect\logs\synthesis\1-synthesis.log[1498]: Warning: Wire WishboneInterconnect.\slave2_wb_adr_i [14] is used but has no driver.
openlane/WishboneInterconnect\runs\WishboneInterconnect\logs\synthesis\1-synthesis.log[1499]: Warning: Wire WishboneInterconnect.\slave2_wb_adr_i [13] is used but has no driver.
openlane/WishboneInterconnect\runs\WishboneInterconnect\logs\synthesis\1-synthesis.log[1500]: Warning: Wire WishboneInterconnect.\slave2_wb_adr_i [12] is used but has no driver.
openlane/WishboneInterconnect\runs\WishboneInterconnect\logs\synthesis\1-synthesis.log[1501]: Warning: Wire WishboneInterconnect.\slave2_wb_adr_i [11] is used but has no driver.
openlane/WishboneInterconnect\runs\WishboneInterconnect\logs\synthesis\1-synthesis.log[1502]: Warning: Wire WishboneInterconnect.\slave2_wb_adr_i [10] is used but has no driver.
openlane/WishboneInterconnect\runs\WishboneInterconnect\logs\synthesis\1-synthesis.log[1503]: Warning: Wire WishboneInterconnect.\slave2_wb_adr_i [9] is used but has no driver.
openlane/WishboneInterconnect\runs\WishboneInterconnect\logs\synthesis\1-synthesis.log[1504]: Warning: Wire WishboneInterconnect.\slave2_wb_adr_i [8] is used but has no driver.
openlane/WishboneInterconnect\runs\WishboneInterconnect\logs\synthesis\1-synthesis.log[1505]: Warning: Wire WishboneInterconnect.\slave2_wb_adr_i [7] is used but has no driver.
openlane/WishboneInterconnect\runs\WishboneInterconnect\logs\synthesis\1-synthesis.log[1506]: Warning: Wire WishboneInterconnect.\slave2_wb_adr_i [6] is used but has no driver.
openlane/WishboneInterconnect\runs\WishboneInterconnect\logs\synthesis\1-synthesis.log[1507]: Warning: Wire WishboneInterconnect.\slave2_wb_adr_i [5] is used but has no driver.
openlane/WishboneInterconnect\runs\WishboneInterconnect\logs\synthesis\1-synthesis.log[1508]: Warning: Wire WishboneInterconnect.\slave2_wb_adr_i [4] is used but has no driver.
openlane/WishboneInterconnect\runs\WishboneInterconnect\logs\synthesis\1-synthesis.log[1509]: Warning: Wire WishboneInterconnect.\slave2_wb_adr_i [3] is used but has no driver.
openlane/WishboneInterconnect\runs\WishboneInterconnect\logs\synthesis\1-synthesis.log[1510]: Warning: Wire WishboneInterconnect.\slave2_wb_adr_i [2] is used but has no driver.
openlane/WishboneInterconnect\runs\WishboneInterconnect\logs\synthesis\1-synthesis.log[1511]: Warning: Wire WishboneInterconnect.\slave2_wb_adr_i [1] is used but has no driver.
openlane/WishboneInterconnect\runs\WishboneInterconnect\logs\synthesis\1-synthesis.log[1512]: Warning: Wire WishboneInterconnect.\slave2_wb_adr_i [0] is used but has no driver.
openlane/WishboneInterconnect\runs\WishboneInterconnect\logs\synthesis\1-synthesis.log[1513]: Warning: Wire WishboneInterconnect.\slave1_wb_we_i is used but has no driver.
openlane/WishboneInterconnect\runs\WishboneInterconnect\logs\synthesis\1-synthesis.log[1514]: Warning: Wire WishboneInterconnect.\slave1_wb_stb_i is used but has no driver.
openlane/WishboneInterconnect\runs\WishboneInterconnect\logs\synthesis\1-synthesis.log[1515]: Warning: Wire WishboneInterconnect.\slave1_wb_sel_i [3] is used but has no driver.
openlane/WishboneInterconnect\runs\WishboneInterconnect\logs\synthesis\1-synthesis.log[1516]: Warning: Wire WishboneInterconnect.\slave1_wb_sel_i [2] is used but has no driver.
openlane/WishboneInterconnect\runs\WishboneInterconnect\logs\synthesis\1-synthesis.log[1517]: Warning: Wire WishboneInterconnect.\slave1_wb_sel_i [1] is used but has no driver.
openlane/WishboneInterconnect\runs\WishboneInterconnect\logs\synthesis\1-synthesis.log[1518]: Warning: Wire WishboneInterconnect.\slave1_wb_sel_i [0] is used but has no driver.
openlane/WishboneInterconnect\runs\WishboneInterconnect\logs\synthesis\1-synthesis.log[1519]: Warning: Wire WishboneInterconnect.\slave1_wb_data_i [31] is used but has no driver.
openlane/WishboneInterconnect\runs\WishboneInterconnect\logs\synthesis\1-synthesis.log[1520]: Warning: Wire WishboneInterconnect.\slave1_wb_data_i [30] is used but has no driver.
openlane/WishboneInterconnect\runs\WishboneInterconnect\logs\synthesis\1-synthesis.log[1521]: Warning: Wire WishboneInterconnect.\slave1_wb_data_i [29] is used but has no driver.
openlane/WishboneInterconnect\runs\WishboneInterconnect\logs\synthesis\1-synthesis.log[1522]: Warning: Wire WishboneInterconnect.\slave1_wb_data_i [28] is used but has no driver.
openlane/WishboneInterconnect\runs\WishboneInterconnect\logs\synthesis\1-synthesis.log[1523]: Warning: Wire WishboneInterconnect.\slave1_wb_data_i [27] is used but has no driver.
openlane/WishboneInterconnect\runs\WishboneInterconnect\logs\synthesis\1-synthesis.log[1524]: Warning: Wire WishboneInterconnect.\slave1_wb_data_i [26] is used but has no driver.
openlane/WishboneInterconnect\runs\WishboneInterconnect\logs\synthesis\1-synthesis.log[1525]: Warning: Wire WishboneInterconnect.\slave1_wb_data_i [25] is used but has no driver.
openlane/WishboneInterconnect\runs\WishboneInterconnect\logs\synthesis\1-synthesis.log[1526]: Warning: Wire WishboneInterconnect.\slave1_wb_data_i [24] is used but has no driver.
openlane/WishboneInterconnect\runs\WishboneInterconnect\logs\synthesis\1-synthesis.log[1527]: Warning: Wire WishboneInterconnect.\slave1_wb_data_i [23] is used but has no driver.
openlane/WishboneInterconnect\runs\WishboneInterconnect\logs\synthesis\1-synthesis.log[1528]: Warning: Wire WishboneInterconnect.\slave1_wb_data_i [22] is used but has no driver.
openlane/WishboneInterconnect\runs\WishboneInterconnect\logs\synthesis\1-synthesis.log[1529]: Warning: Wire WishboneInterconnect.\slave1_wb_data_i [21] is used but has no driver.
openlane/WishboneInterconnect\runs\WishboneInterconnect\logs\synthesis\1-synthesis.log[1530]: Warning: Wire WishboneInterconnect.\slave1_wb_data_i [20] is used but has no driver.
openlane/WishboneInterconnect\runs\WishboneInterconnect\logs\synthesis\1-synthesis.log[1531]: Warning: Wire WishboneInterconnect.\slave1_wb_data_i [19] is used but has no driver.
openlane/WishboneInterconnect\runs\WishboneInterconnect\logs\synthesis\1-synthesis.log[1532]: Warning: Wire WishboneInterconnect.\slave1_wb_data_i [18] is used but has no driver.
openlane/WishboneInterconnect\runs\WishboneInterconnect\logs\synthesis\1-synthesis.log[1533]: Warning: Wire WishboneInterconnect.\slave1_wb_data_i [17] is used but has no driver.
openlane/WishboneInterconnect\runs\WishboneInterconnect\logs\synthesis\1-synthesis.log[1534]: Warning: Wire WishboneInterconnect.\slave1_wb_data_i [16] is used but has no driver.
openlane/WishboneInterconnect\runs\WishboneInterconnect\logs\synthesis\1-synthesis.log[1535]: Warning: Wire WishboneInterconnect.\slave1_wb_data_i [15] is used but has no driver.
openlane/WishboneInterconnect\runs\WishboneInterconnect\logs\synthesis\1-synthesis.log[1536]: Warning: Wire WishboneInterconnect.\slave1_wb_data_i [14] is used but has no driver.
openlane/WishboneInterconnect\runs\WishboneInterconnect\logs\synthesis\1-synthesis.log[1537]: Warning: Wire WishboneInterconnect.\slave1_wb_data_i [13] is used but has no driver.
openlane/WishboneInterconnect\runs\WishboneInterconnect\logs\synthesis\1-synthesis.log[1538]: Warning: Wire WishboneInterconnect.\slave1_wb_data_i [12] is used but has no driver.
openlane/WishboneInterconnect\runs\WishboneInterconnect\logs\synthesis\1-synthesis.log[1539]: Warning: Wire WishboneInterconnect.\slave1_wb_data_i [11] is used but has no driver.
openlane/WishboneInterconnect\runs\WishboneInterconnect\logs\synthesis\1-synthesis.log[1540]: Warning: Wire WishboneInterconnect.\slave1_wb_data_i [10] is used but has no driver.
openlane/WishboneInterconnect\runs\WishboneInterconnect\logs\synthesis\1-synthesis.log[1541]: Warning: Wire WishboneInterconnect.\slave1_wb_data_i [9] is used but has no driver.
openlane/WishboneInterconnect\runs\WishboneInterconnect\logs\synthesis\1-synthesis.log[1542]: Warning: Wire WishboneInterconnect.\slave1_wb_data_i [8] is used but has no driver.
openlane/WishboneInterconnect\runs\WishboneInterconnect\logs\synthesis\1-synthesis.log[1543]: Warning: Wire WishboneInterconnect.\slave1_wb_data_i [7] is used but has no driver.
openlane/WishboneInterconnect\runs\WishboneInterconnect\logs\synthesis\1-synthesis.log[1544]: Warning: Wire WishboneInterconnect.\slave1_wb_data_i [6] is used but has no driver.
openlane/WishboneInterconnect\runs\WishboneInterconnect\logs\synthesis\1-synthesis.log[1545]: Warning: Wire WishboneInterconnect.\slave1_wb_data_i [5] is used but has no driver.
openlane/WishboneInterconnect\runs\WishboneInterconnect\logs\synthesis\1-synthesis.log[1546]: Warning: Wire WishboneInterconnect.\slave1_wb_data_i [4] is used but has no driver.
openlane/WishboneInterconnect\runs\WishboneInterconnect\logs\synthesis\1-synthesis.log[1547]: Warning: Wire WishboneInterconnect.\slave1_wb_data_i [3] is used but has no driver.
openlane/WishboneInterconnect\runs\WishboneInterconnect\logs\synthesis\1-synthesis.log[1548]: Warning: Wire WishboneInterconnect.\slave1_wb_data_i [2] is used but has no driver.
openlane/WishboneInterconnect\runs\WishboneInterconnect\logs\synthesis\1-synthesis.log[1549]: Warning: Wire WishboneInterconnect.\slave1_wb_data_i [1] is used but has no driver.
openlane/WishboneInterconnect\runs\WishboneInterconnect\logs\synthesis\1-synthesis.log[1550]: Warning: Wire WishboneInterconnect.\slave1_wb_data_i [0] is used but has no driver.
openlane/WishboneInterconnect\runs\WishboneInterconnect\logs\synthesis\1-synthesis.log[1551]: Warning: Wire WishboneInterconnect.\slave1_wb_cyc_i is used but has no driver.
openlane/WishboneInterconnect\runs\WishboneInterconnect\logs\synthesis\1-synthesis.log[1552]: Warning: Wire WishboneInterconnect.\slave1_wb_adr_i [23] is used but has no driver.
openlane/WishboneInterconnect\runs\WishboneInterconnect\logs\synthesis\1-synthesis.log[1553]: Warning: Wire WishboneInterconnect.\slave1_wb_adr_i [22] is used but has no driver.
openlane/WishboneInterconnect\runs\WishboneInterconnect\logs\synthesis\1-synthesis.log[1554]: Warning: Wire WishboneInterconnect.\slave1_wb_adr_i [21] is used but has no driver.
openlane/WishboneInterconnect\runs\WishboneInterconnect\logs\synthesis\1-synthesis.log[1555]: Warning: Wire WishboneInterconnect.\slave1_wb_adr_i [20] is used but has no driver.
openlane/WishboneInterconnect\runs\WishboneInterconnect\logs\synthesis\1-synthesis.log[1556]: Warning: Wire WishboneInterconnect.\slave1_wb_adr_i [19] is used but has no driver.
openlane/WishboneInterconnect\runs\WishboneInterconnect\logs\synthesis\1-synthesis.log[1557]: Warning: Wire WishboneInterconnect.\slave1_wb_adr_i [18] is used but has no driver.
openlane/WishboneInterconnect\runs\WishboneInterconnect\logs\synthesis\1-synthesis.log[1558]: Warning: Wire WishboneInterconnect.\slave1_wb_adr_i [17] is used but has no driver.
openlane/WishboneInterconnect\runs\WishboneInterconnect\logs\synthesis\1-synthesis.log[1559]: Warning: Wire WishboneInterconnect.\slave1_wb_adr_i [16] is used but has no driver.
openlane/WishboneInterconnect\runs\WishboneInterconnect\logs\synthesis\1-synthesis.log[1560]: Warning: Wire WishboneInterconnect.\slave1_wb_adr_i [15] is used but has no driver.
openlane/WishboneInterconnect\runs\WishboneInterconnect\logs\synthesis\1-synthesis.log[1561]: Warning: Wire WishboneInterconnect.\slave1_wb_adr_i [14] is used but has no driver.
openlane/WishboneInterconnect\runs\WishboneInterconnect\logs\synthesis\1-synthesis.log[1562]: Warning: Wire WishboneInterconnect.\slave1_wb_adr_i [13] is used but has no driver.
openlane/WishboneInterconnect\runs\WishboneInterconnect\logs\synthesis\1-synthesis.log[1563]: Warning: Wire WishboneInterconnect.\slave1_wb_adr_i [12] is used but has no driver.
openlane/WishboneInterconnect\runs\WishboneInterconnect\logs\synthesis\1-synthesis.log[1564]: Warning: Wire WishboneInterconnect.\slave1_wb_adr_i [11] is used but has no driver.
openlane/WishboneInterconnect\runs\WishboneInterconnect\logs\synthesis\1-synthesis.log[1565]: Warning: Wire WishboneInterconnect.\slave1_wb_adr_i [10] is used but has no driver.
openlane/WishboneInterconnect\runs\WishboneInterconnect\logs\synthesis\1-synthesis.log[1566]: Warning: Wire WishboneInterconnect.\slave1_wb_adr_i [9] is used but has no driver.
openlane/WishboneInterconnect\runs\WishboneInterconnect\logs\synthesis\1-synthesis.log[1567]: Warning: Wire WishboneInterconnect.\slave1_wb_adr_i [8] is used but has no driver.
openlane/WishboneInterconnect\runs\WishboneInterconnect\logs\synthesis\1-synthesis.log[1568]: Warning: Wire WishboneInterconnect.\slave1_wb_adr_i [7] is used but has no driver.
openlane/WishboneInterconnect\runs\WishboneInterconnect\logs\synthesis\1-synthesis.log[1569]: Warning: Wire WishboneInterconnect.\slave1_wb_adr_i [6] is used but has no driver.
openlane/WishboneInterconnect\runs\WishboneInterconnect\logs\synthesis\1-synthesis.log[1570]: Warning: Wire WishboneInterconnect.\slave1_wb_adr_i [5] is used but has no driver.
openlane/WishboneInterconnect\runs\WishboneInterconnect\logs\synthesis\1-synthesis.log[1571]: Warning: Wire WishboneInterconnect.\slave1_wb_adr_i [4] is used but has no driver.
openlane/WishboneInterconnect\runs\WishboneInterconnect\logs\synthesis\1-synthesis.log[1572]: Warning: Wire WishboneInterconnect.\slave1_wb_adr_i [3] is used but has no driver.
openlane/WishboneInterconnect\runs\WishboneInterconnect\logs\synthesis\1-synthesis.log[1573]: Warning: Wire WishboneInterconnect.\slave1_wb_adr_i [2] is used but has no driver.
openlane/WishboneInterconnect\runs\WishboneInterconnect\logs\synthesis\1-synthesis.log[1574]: Warning: Wire WishboneInterconnect.\slave1_wb_adr_i [1] is used but has no driver.
openlane/WishboneInterconnect\runs\WishboneInterconnect\logs\synthesis\1-synthesis.log[1575]: Warning: Wire WishboneInterconnect.\slave1_wb_adr_i [0] is used but has no driver.
openlane/WishboneInterconnect\runs\WishboneInterconnect\logs\synthesis\1-synthesis.log[1576]: Warning: Wire WishboneInterconnect.\slave0_wb_we_i is used but has no driver.
openlane/WishboneInterconnect\runs\WishboneInterconnect\logs\synthesis\1-synthesis.log[1577]: Warning: Wire WishboneInterconnect.\slave0_wb_stb_i is used but has no driver.
openlane/WishboneInterconnect\runs\WishboneInterconnect\logs\synthesis\1-synthesis.log[1578]: Warning: Wire WishboneInterconnect.\slave0_wb_sel_i [3] is used but has no driver.
openlane/WishboneInterconnect\runs\WishboneInterconnect\logs\synthesis\1-synthesis.log[1579]: Warning: Wire WishboneInterconnect.\slave0_wb_sel_i [2] is used but has no driver.
openlane/WishboneInterconnect\runs\WishboneInterconnect\logs\synthesis\1-synthesis.log[1580]: Warning: Wire WishboneInterconnect.\slave0_wb_sel_i [1] is used but has no driver.
openlane/WishboneInterconnect\runs\WishboneInterconnect\logs\synthesis\1-synthesis.log[1581]: Warning: Wire WishboneInterconnect.\slave0_wb_sel_i [0] is used but has no driver.
openlane/WishboneInterconnect\runs\WishboneInterconnect\logs\synthesis\1-synthesis.log[1582]: Warning: Wire WishboneInterconnect.\slave0_wb_data_i [31] is used but has no driver.
openlane/WishboneInterconnect\runs\WishboneInterconnect\logs\synthesis\1-synthesis.log[1583]: Warning: Wire WishboneInterconnect.\slave0_wb_data_i [30] is used but has no driver.
openlane/WishboneInterconnect\runs\WishboneInterconnect\logs\synthesis\1-synthesis.log[1584]: Warning: Wire WishboneInterconnect.\slave0_wb_data_i [29] is used but has no driver.
openlane/WishboneInterconnect\runs\WishboneInterconnect\logs\synthesis\1-synthesis.log[1585]: Warning: Wire WishboneInterconnect.\slave0_wb_data_i [28] is used but has no driver.
openlane/WishboneInterconnect\runs\WishboneInterconnect\logs\synthesis\1-synthesis.log[1586]: Warning: Wire WishboneInterconnect.\slave0_wb_data_i [27] is used but has no driver.
openlane/WishboneInterconnect\runs\WishboneInterconnect\logs\synthesis\1-synthesis.log[1587]: Warning: Wire WishboneInterconnect.\slave0_wb_data_i [26] is used but has no driver.
openlane/WishboneInterconnect\runs\WishboneInterconnect\logs\synthesis\1-synthesis.log[1588]: Warning: Wire WishboneInterconnect.\slave0_wb_data_i [25] is used but has no driver.
openlane/WishboneInterconnect\runs\WishboneInterconnect\logs\synthesis\1-synthesis.log[1589]: Warning: Wire WishboneInterconnect.\slave0_wb_data_i [24] is used but has no driver.
openlane/WishboneInterconnect\runs\WishboneInterconnect\logs\synthesis\1-synthesis.log[1590]: Warning: Wire WishboneInterconnect.\slave0_wb_data_i [23] is used but has no driver.
openlane/WishboneInterconnect\runs\WishboneInterconnect\logs\synthesis\1-synthesis.log[1591]: Warning: Wire WishboneInterconnect.\slave0_wb_data_i [22] is used but has no driver.
openlane/WishboneInterconnect\runs\WishboneInterconnect\logs\synthesis\1-synthesis.log[1592]: Warning: Wire WishboneInterconnect.\slave0_wb_data_i [21] is used but has no driver.
openlane/WishboneInterconnect\runs\WishboneInterconnect\logs\synthesis\1-synthesis.log[1593]: Warning: Wire WishboneInterconnect.\slave0_wb_data_i [20] is used but has no driver.
openlane/WishboneInterconnect\runs\WishboneInterconnect\logs\synthesis\1-synthesis.log[1594]: Warning: Wire WishboneInterconnect.\slave0_wb_data_i [19] is used but has no driver.
openlane/WishboneInterconnect\runs\WishboneInterconnect\logs\synthesis\1-synthesis.log[1595]: Warning: Wire WishboneInterconnect.\slave0_wb_data_i [18] is used but has no driver.
openlane/WishboneInterconnect\runs\WishboneInterconnect\logs\synthesis\1-synthesis.log[1596]: Warning: Wire WishboneInterconnect.\slave0_wb_data_i [17] is used but has no driver.
openlane/WishboneInterconnect\runs\WishboneInterconnect\logs\synthesis\1-synthesis.log[1597]: Warning: Wire WishboneInterconnect.\slave0_wb_data_i [16] is used but has no driver.
openlane/WishboneInterconnect\runs\WishboneInterconnect\logs\synthesis\1-synthesis.log[1598]: Warning: Wire WishboneInterconnect.\slave0_wb_data_i [15] is used but has no driver.
openlane/WishboneInterconnect\runs\WishboneInterconnect\logs\synthesis\1-synthesis.log[1599]: Warning: Wire WishboneInterconnect.\slave0_wb_data_i [14] is used but has no driver.
openlane/WishboneInterconnect\runs\WishboneInterconnect\logs\synthesis\1-synthesis.log[1600]: Warning: Wire WishboneInterconnect.\slave0_wb_data_i [13] is used but has no driver.
openlane/WishboneInterconnect\runs\WishboneInterconnect\logs\synthesis\1-synthesis.log[1601]: Warning: Wire WishboneInterconnect.\slave0_wb_data_i [12] is used but has no driver.
openlane/WishboneInterconnect\runs\WishboneInterconnect\logs\synthesis\1-synthesis.log[1602]: Warning: Wire WishboneInterconnect.\slave0_wb_data_i [11] is used but has no driver.
openlane/WishboneInterconnect\runs\WishboneInterconnect\logs\synthesis\1-synthesis.log[1603]: Warning: Wire WishboneInterconnect.\slave0_wb_data_i [10] is used but has no driver.
openlane/WishboneInterconnect\runs\WishboneInterconnect\logs\synthesis\1-synthesis.log[1604]: Warning: Wire WishboneInterconnect.\slave0_wb_data_i [9] is used but has no driver.
openlane/WishboneInterconnect\runs\WishboneInterconnect\logs\synthesis\1-synthesis.log[1605]: Warning: Wire WishboneInterconnect.\slave0_wb_data_i [8] is used but has no driver.
openlane/WishboneInterconnect\runs\WishboneInterconnect\logs\synthesis\1-synthesis.log[1606]: Warning: Wire WishboneInterconnect.\slave0_wb_data_i [7] is used but has no driver.
openlane/WishboneInterconnect\runs\WishboneInterconnect\logs\synthesis\1-synthesis.log[1607]: Warning: Wire WishboneInterconnect.\slave0_wb_data_i [6] is used but has no driver.
openlane/WishboneInterconnect\runs\WishboneInterconnect\logs\synthesis\1-synthesis.log[1608]: Warning: Wire WishboneInterconnect.\slave0_wb_data_i [5] is used but has no driver.
openlane/WishboneInterconnect\runs\WishboneInterconnect\logs\synthesis\1-synthesis.log[1609]: Warning: Wire WishboneInterconnect.\slave0_wb_data_i [4] is used but has no driver.
openlane/WishboneInterconnect\runs\WishboneInterconnect\logs\synthesis\1-synthesis.log[1610]: Warning: Wire WishboneInterconnect.\slave0_wb_data_i [3] is used but has no driver.
openlane/WishboneInterconnect\runs\WishboneInterconnect\logs\synthesis\1-synthesis.log[1611]: Warning: Wire WishboneInterconnect.\slave0_wb_data_i [2] is used but has no driver.
openlane/WishboneInterconnect\runs\WishboneInterconnect\logs\synthesis\1-synthesis.log[1612]: Warning: Wire WishboneInterconnect.\slave0_wb_data_i [1] is used but has no driver.
openlane/WishboneInterconnect\runs\WishboneInterconnect\logs\synthesis\1-synthesis.log[1613]: Warning: Wire WishboneInterconnect.\slave0_wb_data_i [0] is used but has no driver.
openlane/WishboneInterconnect\runs\WishboneInterconnect\logs\synthesis\1-synthesis.log[1614]: Warning: Wire WishboneInterconnect.\slave0_wb_cyc_i is used but has no driver.
openlane/WishboneInterconnect\runs\WishboneInterconnect\logs\synthesis\1-synthesis.log[1615]: Warning: Wire WishboneInterconnect.\slave0_wb_adr_i [23] is used but has no driver.
openlane/WishboneInterconnect\runs\WishboneInterconnect\logs\synthesis\1-synthesis.log[1616]: Warning: Wire WishboneInterconnect.\slave0_wb_adr_i [22] is used but has no driver.
openlane/WishboneInterconnect\runs\WishboneInterconnect\logs\synthesis\1-synthesis.log[1617]: Warning: Wire WishboneInterconnect.\slave0_wb_adr_i [21] is used but has no driver.
openlane/WishboneInterconnect\runs\WishboneInterconnect\logs\synthesis\1-synthesis.log[1618]: Warning: Wire WishboneInterconnect.\slave0_wb_adr_i [20] is used but has no driver.
openlane/WishboneInterconnect\runs\WishboneInterconnect\logs\synthesis\1-synthesis.log[1619]: Warning: Wire WishboneInterconnect.\slave0_wb_adr_i [19] is used but has no driver.
openlane/WishboneInterconnect\runs\WishboneInterconnect\logs\synthesis\1-synthesis.log[1620]: Warning: Wire WishboneInterconnect.\slave0_wb_adr_i [18] is used but has no driver.
openlane/WishboneInterconnect\runs\WishboneInterconnect\logs\synthesis\1-synthesis.log[1621]: Warning: Wire WishboneInterconnect.\slave0_wb_adr_i [17] is used but has no driver.
openlane/WishboneInterconnect\runs\WishboneInterconnect\logs\synthesis\1-synthesis.log[1622]: Warning: Wire WishboneInterconnect.\slave0_wb_adr_i [16] is used but has no driver.
openlane/WishboneInterconnect\runs\WishboneInterconnect\logs\synthesis\1-synthesis.log[1623]: Warning: Wire WishboneInterconnect.\slave0_wb_adr_i [15] is used but has no driver.
openlane/WishboneInterconnect\runs\WishboneInterconnect\logs\synthesis\1-synthesis.log[1624]: Warning: Wire WishboneInterconnect.\slave0_wb_adr_i [14] is used but has no driver.
openlane/WishboneInterconnect\runs\WishboneInterconnect\logs\synthesis\1-synthesis.log[1625]: Warning: Wire WishboneInterconnect.\slave0_wb_adr_i [13] is used but has no driver.
openlane/WishboneInterconnect\runs\WishboneInterconnect\logs\synthesis\1-synthesis.log[1626]: Warning: Wire WishboneInterconnect.\slave0_wb_adr_i [12] is used but has no driver.
openlane/WishboneInterconnect\runs\WishboneInterconnect\logs\synthesis\1-synthesis.log[1627]: Warning: Wire WishboneInterconnect.\slave0_wb_adr_i [11] is used but has no driver.
openlane/WishboneInterconnect\runs\WishboneInterconnect\logs\synthesis\1-synthesis.log[1628]: Warning: Wire WishboneInterconnect.\slave0_wb_adr_i [10] is used but has no driver.
openlane/WishboneInterconnect\runs\WishboneInterconnect\logs\synthesis\1-synthesis.log[1629]: Warning: Wire WishboneInterconnect.\slave0_wb_adr_i [9] is used but has no driver.
openlane/WishboneInterconnect\runs\WishboneInterconnect\logs\synthesis\1-synthesis.log[1630]: Warning: Wire WishboneInterconnect.\slave0_wb_adr_i [8] is used but has no driver.
openlane/WishboneInterconnect\runs\WishboneInterconnect\logs\synthesis\1-synthesis.log[1631]: Warning: Wire WishboneInterconnect.\slave0_wb_adr_i [7] is used but has no driver.
openlane/WishboneInterconnect\runs\WishboneInterconnect\logs\synthesis\1-synthesis.log[1632]: Warning: Wire WishboneInterconnect.\slave0_wb_adr_i [6] is used but has no driver.
openlane/WishboneInterconnect\runs\WishboneInterconnect\logs\synthesis\1-synthesis.log[1633]: Warning: Wire WishboneInterconnect.\slave0_wb_adr_i [5] is used but has no driver.
openlane/WishboneInterconnect\runs\WishboneInterconnect\logs\synthesis\1-synthesis.log[1634]: Warning: Wire WishboneInterconnect.\slave0_wb_adr_i [4] is used but has no driver.
openlane/WishboneInterconnect\runs\WishboneInterconnect\logs\synthesis\1-synthesis.log[1635]: Warning: Wire WishboneInterconnect.\slave0_wb_adr_i [3] is used but has no driver.
openlane/WishboneInterconnect\runs\WishboneInterconnect\logs\synthesis\1-synthesis.log[1636]: Warning: Wire WishboneInterconnect.\slave0_wb_adr_i [2] is used but has no driver.
openlane/WishboneInterconnect\runs\WishboneInterconnect\logs\synthesis\1-synthesis.log[1637]: Warning: Wire WishboneInterconnect.\slave0_wb_adr_i [1] is used but has no driver.
openlane/WishboneInterconnect\runs\WishboneInterconnect\logs\synthesis\1-synthesis.log[1638]: Warning: Wire WishboneInterconnect.\slave0_wb_adr_i [0] is used but has no driver.
openlane/WishboneInterconnect\runs\WishboneInterconnect\logs\synthesis\1-synthesis.log[1639]: Warning: Wire WishboneInterconnect.\probe_slave3_currentMaster [1] is used but has no driver.
openlane/WishboneInterconnect\runs\WishboneInterconnect\logs\synthesis\1-synthesis.log[1640]: Warning: Wire WishboneInterconnect.\probe_slave3_currentMaster [0] is used but has no driver.
openlane/WishboneInterconnect\runs\WishboneInterconnect\logs\synthesis\1-synthesis.log[1641]: Warning: Wire WishboneInterconnect.\probe_slave2_currentMaster [1] is used but has no driver.
openlane/WishboneInterconnect\runs\WishboneInterconnect\logs\synthesis\1-synthesis.log[1642]: Warning: Wire WishboneInterconnect.\probe_slave2_currentMaster [0] is used but has no driver.
openlane/WishboneInterconnect\runs\WishboneInterconnect\logs\synthesis\1-synthesis.log[1643]: Warning: Wire WishboneInterconnect.\probe_slave1_currentMaster [1] is used but has no driver.
openlane/WishboneInterconnect\runs\WishboneInterconnect\logs\synthesis\1-synthesis.log[1644]: Warning: Wire WishboneInterconnect.\probe_slave1_currentMaster [0] is used but has no driver.
openlane/WishboneInterconnect\runs\WishboneInterconnect\logs\synthesis\1-synthesis.log[1645]: Warning: Wire WishboneInterconnect.\probe_slave0_currentMaster [1] is used but has no driver.
openlane/WishboneInterconnect\runs\WishboneInterconnect\logs\synthesis\1-synthesis.log[1646]: Warning: Wire WishboneInterconnect.\probe_slave0_currentMaster [0] is used but has no driver.
openlane/WishboneInterconnect\runs\WishboneInterconnect\logs\synthesis\1-synthesis.log[1647]: Warning: Wire WishboneInterconnect.\probe_master3_currentSlave [1] is used but has no driver.
openlane/WishboneInterconnect\runs\WishboneInterconnect\logs\synthesis\1-synthesis.log[1648]: Warning: Wire WishboneInterconnect.\probe_master3_currentSlave [0] is used but has no driver.
openlane/WishboneInterconnect\runs\WishboneInterconnect\logs\synthesis\1-synthesis.log[1649]: Warning: Wire WishboneInterconnect.\probe_master2_currentSlave [1] is used but has no driver.
openlane/WishboneInterconnect\runs\WishboneInterconnect\logs\synthesis\1-synthesis.log[1650]: Warning: Wire WishboneInterconnect.\probe_master2_currentSlave [0] is used but has no driver.
openlane/WishboneInterconnect\runs\WishboneInterconnect\logs\synthesis\1-synthesis.log[1651]: Warning: Wire WishboneInterconnect.\probe_master1_currentSlave [1] is used but has no driver.
openlane/WishboneInterconnect\runs\WishboneInterconnect\logs\synthesis\1-synthesis.log[1652]: Warning: Wire WishboneInterconnect.\probe_master1_currentSlave [0] is used but has no driver.
openlane/WishboneInterconnect\runs\WishboneInterconnect\logs\synthesis\1-synthesis.log[1653]: Warning: Wire WishboneInterconnect.\probe_master0_currentSlave [1] is used but has no driver.
openlane/WishboneInterconnect\runs\WishboneInterconnect\logs\synthesis\1-synthesis.log[1654]: Warning: Wire WishboneInterconnect.\probe_master0_currentSlave [0] is used but has no driver.
openlane/WishboneInterconnect\runs\WishboneInterconnect\logs\synthesis\1-synthesis.log[1655]: Warning: Wire WishboneInterconnect.\master2_wb_stall_i is used but has no driver.
openlane/WishboneInterconnect\runs\WishboneInterconnect\logs\synthesis\1-synthesis.log[1656]: Warning: Wire WishboneInterconnect.\master2_wb_error_i is used but has no driver.
openlane/WishboneInterconnect\runs\WishboneInterconnect\logs\synthesis\1-synthesis.log[1657]: Warning: Wire WishboneInterconnect.\master2_wb_data_i [31] is used but has no driver.
openlane/WishboneInterconnect\runs\WishboneInterconnect\logs\synthesis\1-synthesis.log[1658]: Warning: Wire WishboneInterconnect.\master2_wb_data_i [30] is used but has no driver.
openlane/WishboneInterconnect\runs\WishboneInterconnect\logs\synthesis\1-synthesis.log[1659]: Warning: Wire WishboneInterconnect.\master2_wb_data_i [29] is used but has no driver.
openlane/WishboneInterconnect\runs\WishboneInterconnect\logs\synthesis\1-synthesis.log[1660]: Warning: Wire WishboneInterconnect.\master2_wb_data_i [28] is used but has no driver.
openlane/WishboneInterconnect\runs\WishboneInterconnect\logs\synthesis\1-synthesis.log[1661]: Warning: Wire WishboneInterconnect.\master2_wb_data_i [27] is used but has no driver.
openlane/WishboneInterconnect\runs\WishboneInterconnect\logs\synthesis\1-synthesis.log[1662]: Warning: Wire WishboneInterconnect.\master2_wb_data_i [26] is used but has no driver.
openlane/WishboneInterconnect\runs\WishboneInterconnect\logs\synthesis\1-synthesis.log[1663]: Warning: Wire WishboneInterconnect.\master2_wb_data_i [25] is used but has no driver.
openlane/WishboneInterconnect\runs\WishboneInterconnect\logs\synthesis\1-synthesis.log[1664]: Warning: Wire WishboneInterconnect.\master2_wb_data_i [24] is used but has no driver.
openlane/WishboneInterconnect\runs\WishboneInterconnect\logs\synthesis\1-synthesis.log[1665]: Warning: Wire WishboneInterconnect.\master2_wb_data_i [23] is used but has no driver.
openlane/WishboneInterconnect\runs\WishboneInterconnect\logs\synthesis\1-synthesis.log[1666]: Warning: Wire WishboneInterconnect.\master2_wb_data_i [22] is used but has no driver.
openlane/WishboneInterconnect\runs\WishboneInterconnect\logs\synthesis\1-synthesis.log[1667]: Warning: Wire WishboneInterconnect.\master2_wb_data_i [21] is used but has no driver.
openlane/WishboneInterconnect\runs\WishboneInterconnect\logs\synthesis\1-synthesis.log[1668]: Warning: Wire WishboneInterconnect.\master2_wb_data_i [20] is used but has no driver.
openlane/WishboneInterconnect\runs\WishboneInterconnect\logs\synthesis\1-synthesis.log[1669]: Warning: Wire WishboneInterconnect.\master2_wb_data_i [19] is used but has no driver.
openlane/WishboneInterconnect\runs\WishboneInterconnect\logs\synthesis\1-synthesis.log[1670]: Warning: Wire WishboneInterconnect.\master2_wb_data_i [18] is used but has no driver.
openlane/WishboneInterconnect\runs\WishboneInterconnect\logs\synthesis\1-synthesis.log[1671]: Warning: Wire WishboneInterconnect.\master2_wb_data_i [17] is used but has no driver.
openlane/WishboneInterconnect\runs\WishboneInterconnect\logs\synthesis\1-synthesis.log[1672]: Warning: Wire WishboneInterconnect.\master2_wb_data_i [16] is used but has no driver.
openlane/WishboneInterconnect\runs\WishboneInterconnect\logs\synthesis\1-synthesis.log[1673]: Warning: Wire WishboneInterconnect.\master2_wb_data_i [15] is used but has no driver.
openlane/WishboneInterconnect\runs\WishboneInterconnect\logs\synthesis\1-synthesis.log[1674]: Warning: Wire WishboneInterconnect.\master2_wb_data_i [14] is used but has no driver.
openlane/WishboneInterconnect\runs\WishboneInterconnect\logs\synthesis\1-synthesis.log[1675]: Warning: Wire WishboneInterconnect.\master2_wb_data_i [13] is used but has no driver.
openlane/WishboneInterconnect\runs\WishboneInterconnect\logs\synthesis\1-synthesis.log[1676]: Warning: Wire WishboneInterconnect.\master2_wb_data_i [12] is used but has no driver.
openlane/WishboneInterconnect\runs\WishboneInterconnect\logs\synthesis\1-synthesis.log[1677]: Warning: Wire WishboneInterconnect.\master2_wb_data_i [11] is used but has no driver.
openlane/WishboneInterconnect\runs\WishboneInterconnect\logs\synthesis\1-synthesis.log[1678]: Warning: Wire WishboneInterconnect.\master2_wb_data_i [10] is used but has no driver.
openlane/WishboneInterconnect\runs\WishboneInterconnect\logs\synthesis\1-synthesis.log[1679]: Warning: Wire WishboneInterconnect.\master2_wb_data_i [9] is used but has no driver.
openlane/WishboneInterconnect\runs\WishboneInterconnect\logs\synthesis\1-synthesis.log[1680]: Warning: Wire WishboneInterconnect.\master2_wb_data_i [8] is used but has no driver.
openlane/WishboneInterconnect\runs\WishboneInterconnect\logs\synthesis\1-synthesis.log[1681]: Warning: Wire WishboneInterconnect.\master2_wb_data_i [7] is used but has no driver.
openlane/WishboneInterconnect\runs\WishboneInterconnect\logs\synthesis\1-synthesis.log[1682]: Warning: Wire WishboneInterconnect.\master2_wb_data_i [6] is used but has no driver.
openlane/WishboneInterconnect\runs\WishboneInterconnect\logs\synthesis\1-synthesis.log[1683]: Warning: Wire WishboneInterconnect.\master2_wb_data_i [5] is used but has no driver.
openlane/WishboneInterconnect\runs\WishboneInterconnect\logs\synthesis\1-synthesis.log[1684]: Warning: Wire WishboneInterconnect.\master2_wb_data_i [4] is used but has no driver.
openlane/WishboneInterconnect\runs\WishboneInterconnect\logs\synthesis\1-synthesis.log[1685]: Warning: Wire WishboneInterconnect.\master2_wb_data_i [3] is used but has no driver.
openlane/WishboneInterconnect\runs\WishboneInterconnect\logs\synthesis\1-synthesis.log[1686]: Warning: Wire WishboneInterconnect.\master2_wb_data_i [2] is used but has no driver.
openlane/WishboneInterconnect\runs\WishboneInterconnect\logs\synthesis\1-synthesis.log[1687]: Warning: Wire WishboneInterconnect.\master2_wb_data_i [1] is used but has no driver.
openlane/WishboneInterconnect\runs\WishboneInterconnect\logs\synthesis\1-synthesis.log[1688]: Warning: Wire WishboneInterconnect.\master2_wb_data_i [0] is used but has no driver.
openlane/WishboneInterconnect\runs\WishboneInterconnect\logs\synthesis\1-synthesis.log[1689]: Warning: Wire WishboneInterconnect.\master2_wb_ack_i is used but has no driver.
openlane/WishboneInterconnect\runs\WishboneInterconnect\logs\synthesis\1-synthesis.log[1690]: Warning: Wire WishboneInterconnect.\master1_wb_stall_i is used but has no driver.
openlane/WishboneInterconnect\runs\WishboneInterconnect\logs\synthesis\1-synthesis.log[1691]: Warning: Wire WishboneInterconnect.\master1_wb_error_i is used but has no driver.
openlane/WishboneInterconnect\runs\WishboneInterconnect\logs\synthesis\1-synthesis.log[1692]: Warning: Wire WishboneInterconnect.\master1_wb_data_i [31] is used but has no driver.
openlane/WishboneInterconnect\runs\WishboneInterconnect\logs\synthesis\1-synthesis.log[1693]: Warning: Wire WishboneInterconnect.\master1_wb_data_i [30] is used but has no driver.
openlane/WishboneInterconnect\runs\WishboneInterconnect\logs\synthesis\1-synthesis.log[1694]: Warning: Wire WishboneInterconnect.\master1_wb_data_i [29] is used but has no driver.
openlane/WishboneInterconnect\runs\WishboneInterconnect\logs\synthesis\1-synthesis.log[1695]: Warning: Wire WishboneInterconnect.\master1_wb_data_i [28] is used but has no driver.
openlane/WishboneInterconnect\runs\WishboneInterconnect\logs\synthesis\1-synthesis.log[1696]: Warning: Wire WishboneInterconnect.\master1_wb_data_i [27] is used but has no driver.
openlane/WishboneInterconnect\runs\WishboneInterconnect\logs\synthesis\1-synthesis.log[1697]: Warning: Wire WishboneInterconnect.\master1_wb_data_i [26] is used but has no driver.
openlane/WishboneInterconnect\runs\WishboneInterconnect\logs\synthesis\1-synthesis.log[1698]: Warning: Wire WishboneInterconnect.\master1_wb_data_i [25] is used but has no driver.
openlane/WishboneInterconnect\runs\WishboneInterconnect\logs\synthesis\1-synthesis.log[1699]: Warning: Wire WishboneInterconnect.\master1_wb_data_i [24] is used but has no driver.
openlane/WishboneInterconnect\runs\WishboneInterconnect\logs\synthesis\1-synthesis.log[1700]: Warning: Wire WishboneInterconnect.\master1_wb_data_i [23] is used but has no driver.
openlane/WishboneInterconnect\runs\WishboneInterconnect\logs\synthesis\1-synthesis.log[1701]: Warning: Wire WishboneInterconnect.\master1_wb_data_i [22] is used but has no driver.
openlane/WishboneInterconnect\runs\WishboneInterconnect\logs\synthesis\1-synthesis.log[1702]: Warning: Wire WishboneInterconnect.\master1_wb_data_i [21] is used but has no driver.
openlane/WishboneInterconnect\runs\WishboneInterconnect\logs\synthesis\1-synthesis.log[1703]: Warning: Wire WishboneInterconnect.\master1_wb_data_i [20] is used but has no driver.
openlane/WishboneInterconnect\runs\WishboneInterconnect\logs\synthesis\1-synthesis.log[1704]: Warning: Wire WishboneInterconnect.\master1_wb_data_i [19] is used but has no driver.
openlane/WishboneInterconnect\runs\WishboneInterconnect\logs\synthesis\1-synthesis.log[1705]: Warning: Wire WishboneInterconnect.\master1_wb_data_i [18] is used but has no driver.
openlane/WishboneInterconnect\runs\WishboneInterconnect\logs\synthesis\1-synthesis.log[1706]: Warning: Wire WishboneInterconnect.\master1_wb_data_i [17] is used but has no driver.
openlane/WishboneInterconnect\runs\WishboneInterconnect\logs\synthesis\1-synthesis.log[1707]: Warning: Wire WishboneInterconnect.\master1_wb_data_i [16] is used but has no driver.
openlane/WishboneInterconnect\runs\WishboneInterconnect\logs\synthesis\1-synthesis.log[1708]: Warning: Wire WishboneInterconnect.\master1_wb_data_i [15] is used but has no driver.
openlane/WishboneInterconnect\runs\WishboneInterconnect\logs\synthesis\1-synthesis.log[1709]: Warning: Wire WishboneInterconnect.\master1_wb_data_i [14] is used but has no driver.
openlane/WishboneInterconnect\runs\WishboneInterconnect\logs\synthesis\1-synthesis.log[1710]: Warning: Wire WishboneInterconnect.\master1_wb_data_i [13] is used but has no driver.
openlane/WishboneInterconnect\runs\WishboneInterconnect\logs\synthesis\1-synthesis.log[1711]: Warning: Wire WishboneInterconnect.\master1_wb_data_i [12] is used but has no driver.
openlane/WishboneInterconnect\runs\WishboneInterconnect\logs\synthesis\1-synthesis.log[1712]: Warning: Wire WishboneInterconnect.\master1_wb_data_i [11] is used but has no driver.
openlane/WishboneInterconnect\runs\WishboneInterconnect\logs\synthesis\1-synthesis.log[1713]: Warning: Wire WishboneInterconnect.\master1_wb_data_i [10] is used but has no driver.
openlane/WishboneInterconnect\runs\WishboneInterconnect\logs\synthesis\1-synthesis.log[1714]: Warning: Wire WishboneInterconnect.\master1_wb_data_i [9] is used but has no driver.
openlane/WishboneInterconnect\runs\WishboneInterconnect\logs\synthesis\1-synthesis.log[1715]: Warning: Wire WishboneInterconnect.\master1_wb_data_i [8] is used but has no driver.
openlane/WishboneInterconnect\runs\WishboneInterconnect\logs\synthesis\1-synthesis.log[1716]: Warning: Wire WishboneInterconnect.\master1_wb_data_i [7] is used but has no driver.
openlane/WishboneInterconnect\runs\WishboneInterconnect\logs\synthesis\1-synthesis.log[1717]: Warning: Wire WishboneInterconnect.\master1_wb_data_i [6] is used but has no driver.
openlane/WishboneInterconnect\runs\WishboneInterconnect\logs\synthesis\1-synthesis.log[1718]: Warning: Wire WishboneInterconnect.\master1_wb_data_i [5] is used but has no driver.
openlane/WishboneInterconnect\runs\WishboneInterconnect\logs\synthesis\1-synthesis.log[1719]: Warning: Wire WishboneInterconnect.\master1_wb_data_i [4] is used but has no driver.
openlane/WishboneInterconnect\runs\WishboneInterconnect\logs\synthesis\1-synthesis.log[1720]: Warning: Wire WishboneInterconnect.\master1_wb_data_i [3] is used but has no driver.
openlane/WishboneInterconnect\runs\WishboneInterconnect\logs\synthesis\1-synthesis.log[1721]: Warning: Wire WishboneInterconnect.\master1_wb_data_i [2] is used but has no driver.
openlane/WishboneInterconnect\runs\WishboneInterconnect\logs\synthesis\1-synthesis.log[1722]: Warning: Wire WishboneInterconnect.\master1_wb_data_i [1] is used but has no driver.
openlane/WishboneInterconnect\runs\WishboneInterconnect\logs\synthesis\1-synthesis.log[1723]: Warning: Wire WishboneInterconnect.\master1_wb_data_i [0] is used but has no driver.
openlane/WishboneInterconnect\runs\WishboneInterconnect\logs\synthesis\1-synthesis.log[1724]: Warning: Wire WishboneInterconnect.\master1_wb_ack_i is used but has no driver.
openlane/WishboneInterconnect\runs\WishboneInterconnect\logs\synthesis\1-synthesis.log[1725]: Warning: Wire WishboneInterconnect.\master0_wb_stall_i is used but has no driver.
openlane/WishboneInterconnect\runs\WishboneInterconnect\logs\synthesis\1-synthesis.log[1726]: Warning: Wire WishboneInterconnect.\master0_wb_error_i is used but has no driver.
openlane/WishboneInterconnect\runs\WishboneInterconnect\logs\synthesis\1-synthesis.log[1727]: Warning: Wire WishboneInterconnect.\master0_wb_data_i [31] is used but has no driver.
openlane/WishboneInterconnect\runs\WishboneInterconnect\logs\synthesis\1-synthesis.log[1728]: Warning: Wire WishboneInterconnect.\master0_wb_data_i [30] is used but has no driver.
openlane/WishboneInterconnect\runs\WishboneInterconnect\logs\synthesis\1-synthesis.log[1729]: Warning: Wire WishboneInterconnect.\master0_wb_data_i [29] is used but has no driver.
openlane/WishboneInterconnect\runs\WishboneInterconnect\logs\synthesis\1-synthesis.log[1730]: Warning: Wire WishboneInterconnect.\master0_wb_data_i [28] is used but has no driver.
openlane/WishboneInterconnect\runs\WishboneInterconnect\logs\synthesis\1-synthesis.log[1731]: Warning: Wire WishboneInterconnect.\master0_wb_data_i [27] is used but has no driver.
openlane/WishboneInterconnect\runs\WishboneInterconnect\logs\synthesis\1-synthesis.log[1732]: Warning: Wire WishboneInterconnect.\master0_wb_data_i [26] is used but has no driver.
openlane/WishboneInterconnect\runs\WishboneInterconnect\logs\synthesis\1-synthesis.log[1733]: Warning: Wire WishboneInterconnect.\master0_wb_data_i [25] is used but has no driver.
openlane/WishboneInterconnect\runs\WishboneInterconnect\logs\synthesis\1-synthesis.log[1734]: Warning: Wire WishboneInterconnect.\master0_wb_data_i [24] is used but has no driver.
openlane/WishboneInterconnect\runs\WishboneInterconnect\logs\synthesis\1-synthesis.log[1735]: Warning: Wire WishboneInterconnect.\master0_wb_data_i [23] is used but has no driver.
openlane/WishboneInterconnect\runs\WishboneInterconnect\logs\synthesis\1-synthesis.log[1736]: Warning: Wire WishboneInterconnect.\master0_wb_data_i [22] is used but has no driver.
openlane/WishboneInterconnect\runs\WishboneInterconnect\logs\synthesis\1-synthesis.log[1737]: Warning: Wire WishboneInterconnect.\master0_wb_data_i [21] is used but has no driver.
openlane/WishboneInterconnect\runs\WishboneInterconnect\logs\synthesis\1-synthesis.log[1738]: Warning: Wire WishboneInterconnect.\master0_wb_data_i [20] is used but has no driver.
openlane/WishboneInterconnect\runs\WishboneInterconnect\logs\synthesis\1-synthesis.log[1739]: Warning: Wire WishboneInterconnect.\master0_wb_data_i [19] is used but has no driver.
openlane/WishboneInterconnect\runs\WishboneInterconnect\logs\synthesis\1-synthesis.log[1740]: Warning: Wire WishboneInterconnect.\master0_wb_data_i [18] is used but has no driver.
openlane/WishboneInterconnect\runs\WishboneInterconnect\logs\synthesis\1-synthesis.log[1741]: Warning: Wire WishboneInterconnect.\master0_wb_data_i [17] is used but has no driver.
openlane/WishboneInterconnect\runs\WishboneInterconnect\logs\synthesis\1-synthesis.log[1742]: Warning: Wire WishboneInterconnect.\master0_wb_data_i [16] is used but has no driver.
openlane/WishboneInterconnect\runs\WishboneInterconnect\logs\synthesis\1-synthesis.log[1743]: Warning: Wire WishboneInterconnect.\master0_wb_data_i [15] is used but has no driver.
openlane/WishboneInterconnect\runs\WishboneInterconnect\logs\synthesis\1-synthesis.log[1744]: Warning: Wire WishboneInterconnect.\master0_wb_data_i [14] is used but has no driver.
openlane/WishboneInterconnect\runs\WishboneInterconnect\logs\synthesis\1-synthesis.log[1745]: Warning: Wire WishboneInterconnect.\master0_wb_data_i [13] is used but has no driver.
openlane/WishboneInterconnect\runs\WishboneInterconnect\logs\synthesis\1-synthesis.log[1746]: Warning: Wire WishboneInterconnect.\master0_wb_data_i [12] is used but has no driver.
openlane/WishboneInterconnect\runs\WishboneInterconnect\logs\synthesis\1-synthesis.log[1747]: Warning: Wire WishboneInterconnect.\master0_wb_data_i [11] is used but has no driver.
openlane/WishboneInterconnect\runs\WishboneInterconnect\logs\synthesis\1-synthesis.log[1748]: Warning: Wire WishboneInterconnect.\master0_wb_data_i [10] is used but has no driver.
openlane/WishboneInterconnect\runs\WishboneInterconnect\logs\synthesis\1-synthesis.log[1749]: Warning: Wire WishboneInterconnect.\master0_wb_data_i [9] is used but has no driver.
openlane/WishboneInterconnect\runs\WishboneInterconnect\logs\synthesis\1-synthesis.log[1750]: Warning: Wire WishboneInterconnect.\master0_wb_data_i [8] is used but has no driver.
openlane/WishboneInterconnect\runs\WishboneInterconnect\logs\synthesis\1-synthesis.log[1751]: Warning: Wire WishboneInterconnect.\master0_wb_data_i [7] is used but has no driver.
openlane/WishboneInterconnect\runs\WishboneInterconnect\logs\synthesis\1-synthesis.log[1752]: Warning: Wire WishboneInterconnect.\master0_wb_data_i [6] is used but has no driver.
openlane/WishboneInterconnect\runs\WishboneInterconnect\logs\synthesis\1-synthesis.log[1753]: Warning: Wire WishboneInterconnect.\master0_wb_data_i [5] is used but has no driver.
openlane/WishboneInterconnect\runs\WishboneInterconnect\logs\synthesis\1-synthesis.log[1754]: Warning: Wire WishboneInterconnect.\master0_wb_data_i [4] is used but has no driver.
openlane/WishboneInterconnect\runs\WishboneInterconnect\logs\synthesis\1-synthesis.log[1755]: Warning: Wire WishboneInterconnect.\master0_wb_data_i [3] is used but has no driver.
openlane/WishboneInterconnect\runs\WishboneInterconnect\logs\synthesis\1-synthesis.log[1756]: Warning: Wire WishboneInterconnect.\master0_wb_data_i [2] is used but has no driver.
openlane/WishboneInterconnect\runs\WishboneInterconnect\logs\synthesis\1-synthesis.log[1757]: Warning: Wire WishboneInterconnect.\master0_wb_data_i [1] is used but has no driver.
openlane/WishboneInterconnect\runs\WishboneInterconnect\logs\synthesis\1-synthesis.log[1758]: Warning: Wire WishboneInterconnect.\master0_wb_data_i [0] is used but has no driver.
openlane/WishboneInterconnect\runs\WishboneInterconnect\logs\synthesis\1-synthesis.log[1759]: Warning: Wire WishboneInterconnect.\master0_wb_ack_i is used but has no driver.
openlane/WishboneInterconnect\runs\WishboneInterconnect\logs\synthesis\1-synthesis.log[1824]: Warnings: 436 unique messages, 436 total
openlane/WishboneInterconnect\runs\WishboneInterconnect\logs\finishing\29-gdsii-klayout.log[12]: WARNING: no fill config file specified
openlane/WishboneInterconnect\runs\WishboneInterconnect\logs\finishing\34-lef.log[1]: Warning: netgen command 'format' use fully-qualified name '::netgen::format'
openlane/WishboneInterconnect\runs\WishboneInterconnect\logs\finishing\34-lef.log[2]: Warning: netgen command 'global' use fully-qualified name '::netgen::global'
openlane/WishboneInterconnect\runs\WishboneInterconnect\logs\finishing\34-lef.log[6]: Warning:  A case-insensitive file has been read and so the	verilog file must be treated case-insensitive to match.
openlane/WishboneInterconnect\runs\WishboneInterconnect\reports\finishing\antenna.rpt[0]: Warning - class CORE ANTENNACELL is not found. This message can be ignored if not in the antenna-avoid flow
