openlane/user_proj_example\runs\user_proj_example\logs\synthesis\1-synthesis.log[790]: ABC: Error: The network is combinational.
openlane/user_proj_example\runs\user_proj_example\reports\routing\27-parasitics_multi_corner_sta.max.rpt[113]: -0.17   slack (VIOLATED)
openlane/user_proj_example\runs\user_proj_example\reports\routing\27-parasitics_multi_corner_sta.min.rpt[66]: -1.12   slack (VIOLATED)
openlane/user_proj_example\runs\user_proj_example\reports\routing\27-parasitics_multi_corner_sta.min.rpt[125]: -1.11   slack (VIOLATED)
openlane/user_proj_example\runs\user_proj_example\reports\routing\27-parasitics_multi_corner_sta.min.rpt[184]: -1.10   slack (VIOLATED)
openlane/user_proj_example\runs\user_proj_example\reports\routing\27-parasitics_multi_corner_sta.min.rpt[246]: -0.95   slack (VIOLATED)
openlane/user_proj_example\runs\user_proj_example\reports\routing\27-parasitics_multi_corner_sta.min.rpt[308]: -0.94   slack (VIOLATED)
openlane/user_proj_example\runs\user_proj_example\reports\routing\27-parasitics_multi_corner_sta.min.rpt[367]: -0.92   slack (VIOLATED)
openlane/user_proj_example\runs\user_proj_example\reports\routing\27-parasitics_multi_corner_sta.min.rpt[426]: -0.91   slack (VIOLATED)
openlane/user_proj_example\runs\user_proj_example\reports\routing\27-parasitics_multi_corner_sta.min.rpt[485]: -0.91   slack (VIOLATED)
openlane/user_proj_example\runs\user_proj_example\reports\routing\27-parasitics_multi_corner_sta.min.rpt[544]: -0.88   slack (VIOLATED)
openlane/user_proj_example\runs\user_proj_example\reports\routing\27-parasitics_multi_corner_sta.min.rpt[603]: -0.87   slack (VIOLATED)
openlane/user_proj_example\runs\user_proj_example\reports\routing\27-parasitics_multi_corner_sta.min.rpt[665]: -0.85   slack (VIOLATED)
openlane/user_proj_example\runs\user_proj_example\reports\routing\27-parasitics_multi_corner_sta.min.rpt[724]: -0.82   slack (VIOLATED)
openlane/user_proj_example\runs\user_proj_example\reports\routing\27-parasitics_multi_corner_sta.min.rpt[783]: -0.82   slack (VIOLATED)
openlane/user_proj_example\runs\user_proj_example\reports\routing\27-parasitics_multi_corner_sta.min.rpt[842]: -0.81   slack (VIOLATED)
openlane/user_proj_example\runs\user_proj_example\reports\routing\27-parasitics_multi_corner_sta.min.rpt[904]: -0.71   slack (VIOLATED)
openlane/user_proj_example\runs\user_proj_example\reports\routing\27-parasitics_multi_corner_sta.min.rpt[966]: -0.69   slack (VIOLATED)
openlane/user_proj_example\runs\user_proj_example\reports\routing\27-parasitics_multi_corner_sta.min.rpt[1025]: -0.68   slack (VIOLATED)
openlane/user_proj_example\runs\user_proj_example\reports\routing\27-parasitics_multi_corner_sta.min.rpt[1084]: -0.68   slack (VIOLATED)
openlane/user_proj_example\runs\user_proj_example\reports\routing\27-parasitics_multi_corner_sta.min.rpt[1143]: -0.67   slack (VIOLATED)
openlane/user_proj_example\runs\user_proj_example\reports\routing\27-parasitics_multi_corner_sta.min.rpt[1202]: -0.58   slack (VIOLATED)
openlane/user_proj_example\runs\user_proj_example\reports\routing\27-parasitics_multi_corner_sta.min.rpt[1261]: -0.58   slack (VIOLATED)
openlane/user_proj_example\runs\user_proj_example\reports\routing\27-parasitics_multi_corner_sta.min.rpt[1320]: -0.53   slack (VIOLATED)
openlane/user_proj_example\runs\user_proj_example\reports\routing\27-parasitics_multi_corner_sta.min.rpt[1382]: -0.50   slack (VIOLATED)
openlane/user_proj_example\runs\user_proj_example\reports\routing\27-parasitics_multi_corner_sta.min.rpt[1441]: -0.35   slack (VIOLATED)
openlane/user_proj_example\runs\user_proj_example\reports\routing\27-parasitics_multi_corner_sta.min.rpt[1500]: -0.34   slack (VIOLATED)
openlane/user_proj_example\runs\user_proj_example\reports\routing\27-parasitics_multi_corner_sta.min.rpt[1559]: -0.29   slack (VIOLATED)
openlane/user_proj_example\runs\user_proj_example\reports\routing\27-parasitics_multi_corner_sta.min.rpt[1618]: -0.27   slack (VIOLATED)
openlane/user_proj_example\runs\user_proj_example\reports\routing\27-parasitics_multi_corner_sta.min.rpt[1677]: -0.27   slack (VIOLATED)
openlane/user_proj_example\runs\user_proj_example\reports\routing\27-parasitics_multi_corner_sta.min.rpt[1742]: -0.26   slack (VIOLATED)
openlane/user_proj_example\runs\user_proj_example\reports\routing\27-parasitics_multi_corner_sta.min.rpt[1804]: -0.25   slack (VIOLATED)
openlane/user_proj_example\runs\user_proj_example\reports\routing\27-parasitics_multi_corner_sta.min.rpt[1872]: -0.09   slack (VIOLATED)
openlane/user_proj_example\runs\user_proj_example\reports\routing\27-parasitics_multi_corner_sta.min.rpt[1934]: -0.07   slack (VIOLATED)
openlane/user_proj_example\runs\user_proj_example\reports\routing\27-parasitics_multi_corner_sta.rpt[113]: -0.17   slack (VIOLATED)
openlane/user_proj_example\runs\user_proj_example\reports\routing\27-parasitics_multi_corner_sta.rpt[335]: -0.17   slack (VIOLATED)
openlane/user_proj_example\runs\user_proj_example\reports\routing\27-parasitics_multi_corner_sta.slew.rpt[11]: _411_/A1                                1.50    1.66   -0.16 (VIOLATED)
openlane/user_proj_example\runs\user_proj_example\reports\routing\27-parasitics_multi_corner_sta.slew.rpt[12]: ANTENNA__411__A1/DIODE                  1.50    1.66   -0.16 (VIOLATED)
openlane/user_proj_example\runs\user_proj_example\reports\routing\27-parasitics_multi_corner_sta.slew.rpt[13]: _408_/Y                                 1.50    1.66   -0.16 (VIOLATED)
openlane/user_proj_example\runs\user_proj_example\reports\routing\27-parasitics_multi_corner_sta.slew.rpt[14]: _493_/X                                 1.50    1.58   -0.08 (VIOLATED)
openlane/user_proj_example\runs\user_proj_example\reports\routing\27-parasitics_multi_corner_sta.slew.rpt[15]: _494_/A                                 1.50    1.58   -0.08 (VIOLATED)
openlane/user_proj_example\runs\user_proj_example\reports\routing\27-parasitics_multi_corner_sta.slew.rpt[16]: ANTENNA__494__A/DIODE                   1.50    1.58   -0.08 (VIOLATED)
openlane/user_proj_example\runs\user_proj_example\reports\routing\27-parasitics_multi_corner_sta.slew.rpt[17]: ANTENNA__546__B1/DIODE                  1.50    1.58   -0.08 (VIOLATED)
openlane/user_proj_example\runs\user_proj_example\reports\routing\27-parasitics_multi_corner_sta.slew.rpt[18]: ANTENNA__539__B1/DIODE                  1.50    1.58   -0.08 (VIOLATED)
openlane/user_proj_example\runs\user_proj_example\reports\routing\27-parasitics_multi_corner_sta.slew.rpt[19]: _468_/Y                                 1.48    1.56   -0.08 (VIOLATED)
openlane/user_proj_example\runs\user_proj_example\reports\routing\27-parasitics_multi_corner_sta.slew.rpt[20]: ANTENNA__554__B1/DIODE                  1.50    1.58   -0.08 (VIOLATED)
openlane/user_proj_example\runs\user_proj_example\reports\routing\27-parasitics_multi_corner_sta.slew.rpt[21]: _539_/B1                                1.50    1.58   -0.08 (VIOLATED)
openlane/user_proj_example\runs\user_proj_example\reports\routing\27-parasitics_multi_corner_sta.slew.rpt[22]: _546_/B1                                1.50    1.58   -0.08 (VIOLATED)
openlane/user_proj_example\runs\user_proj_example\reports\routing\27-parasitics_multi_corner_sta.slew.rpt[23]: _554_/B1                                1.50    1.58   -0.08 (VIOLATED)
openlane/user_proj_example\runs\user_proj_example\reports\routing\27-parasitics_multi_corner_sta.slew.rpt[24]: _470_/B1                                1.50    1.56   -0.06 (VIOLATED)
openlane/user_proj_example\runs\user_proj_example\reports\routing\27-parasitics_multi_corner_sta.slew.rpt[30]: _493_/X                                 0.10    0.11   -0.01 (VIOLATED)
openlane/user_proj_example\runs\user_proj_example\reports\routing\27-parasitics_multi_corner_sta.slew.rpt[31]: _408_/Y                                 0.04    0.05   -0.01 (VIOLATED)
openlane/user_proj_example\runs\user_proj_example\reports\routing\27-parasitics_multi_corner_sta.slew.rpt[32]: _468_/Y                                 0.05    0.05   -0.00 (VIOLATED)
