openlane/user_proj_example\runs\user_proj_example\logs\synthesis\1-synthesis.log[769]: ABC: Warning: Detected 2 multi-output gates (for example, "sky130_fd_sc_hd__fa_1").
openlane/user_proj_example\runs\user_proj_example\logs\synthesis\1-synthesis.log[975]: Warning: Wire user_proj_example.\wbs_dat_o [31] is used but has no driver.
openlane/user_proj_example\runs\user_proj_example\logs\synthesis\1-synthesis.log[976]: Warning: Wire user_proj_example.\wbs_dat_o [30] is used but has no driver.
openlane/user_proj_example\runs\user_proj_example\logs\synthesis\1-synthesis.log[977]: Warning: Wire user_proj_example.\wbs_dat_o [29] is used but has no driver.
openlane/user_proj_example\runs\user_proj_example\logs\synthesis\1-synthesis.log[978]: Warning: Wire user_proj_example.\wbs_dat_o [28] is used but has no driver.
openlane/user_proj_example\runs\user_proj_example\logs\synthesis\1-synthesis.log[979]: Warning: Wire user_proj_example.\wbs_dat_o [27] is used but has no driver.
openlane/user_proj_example\runs\user_proj_example\logs\synthesis\1-synthesis.log[980]: Warning: Wire user_proj_example.\wbs_dat_o [26] is used but has no driver.
openlane/user_proj_example\runs\user_proj_example\logs\synthesis\1-synthesis.log[981]: Warning: Wire user_proj_example.\wbs_dat_o [25] is used but has no driver.
openlane/user_proj_example\runs\user_proj_example\logs\synthesis\1-synthesis.log[982]: Warning: Wire user_proj_example.\wbs_dat_o [24] is used but has no driver.
openlane/user_proj_example\runs\user_proj_example\logs\synthesis\1-synthesis.log[983]: Warning: Wire user_proj_example.\wbs_dat_o [23] is used but has no driver.
openlane/user_proj_example\runs\user_proj_example\logs\synthesis\1-synthesis.log[984]: Warning: Wire user_proj_example.\wbs_dat_o [22] is used but has no driver.
openlane/user_proj_example\runs\user_proj_example\logs\synthesis\1-synthesis.log[985]: Warning: Wire user_proj_example.\wbs_dat_o [21] is used but has no driver.
openlane/user_proj_example\runs\user_proj_example\logs\synthesis\1-synthesis.log[986]: Warning: Wire user_proj_example.\wbs_dat_o [20] is used but has no driver.
openlane/user_proj_example\runs\user_proj_example\logs\synthesis\1-synthesis.log[987]: Warning: Wire user_proj_example.\wbs_dat_o [19] is used but has no driver.
openlane/user_proj_example\runs\user_proj_example\logs\synthesis\1-synthesis.log[988]: Warning: Wire user_proj_example.\wbs_dat_o [18] is used but has no driver.
openlane/user_proj_example\runs\user_proj_example\logs\synthesis\1-synthesis.log[989]: Warning: Wire user_proj_example.\wbs_dat_o [17] is used but has no driver.
openlane/user_proj_example\runs\user_proj_example\logs\synthesis\1-synthesis.log[990]: Warning: Wire user_proj_example.\wbs_dat_o [16] is used but has no driver.
openlane/user_proj_example\runs\user_proj_example\logs\synthesis\1-synthesis.log[991]: Warning: Wire user_proj_example.\wbs_dat_o [15] is used but has no driver.
openlane/user_proj_example\runs\user_proj_example\logs\synthesis\1-synthesis.log[992]: Warning: Wire user_proj_example.\wbs_dat_o [14] is used but has no driver.
openlane/user_proj_example\runs\user_proj_example\logs\synthesis\1-synthesis.log[993]: Warning: Wire user_proj_example.\wbs_dat_o [13] is used but has no driver.
openlane/user_proj_example\runs\user_proj_example\logs\synthesis\1-synthesis.log[994]: Warning: Wire user_proj_example.\wbs_dat_o [12] is used but has no driver.
openlane/user_proj_example\runs\user_proj_example\logs\synthesis\1-synthesis.log[995]: Warning: Wire user_proj_example.\wbs_dat_o [11] is used but has no driver.
openlane/user_proj_example\runs\user_proj_example\logs\synthesis\1-synthesis.log[996]: Warning: Wire user_proj_example.\wbs_dat_o [10] is used but has no driver.
openlane/user_proj_example\runs\user_proj_example\logs\synthesis\1-synthesis.log[997]: Warning: Wire user_proj_example.\wbs_dat_o [9] is used but has no driver.
openlane/user_proj_example\runs\user_proj_example\logs\synthesis\1-synthesis.log[998]: Warning: Wire user_proj_example.\wbs_dat_o [8] is used but has no driver.
openlane/user_proj_example\runs\user_proj_example\logs\synthesis\1-synthesis.log[999]: Warning: Wire user_proj_example.\wbs_dat_o [7] is used but has no driver.
openlane/user_proj_example\runs\user_proj_example\logs\synthesis\1-synthesis.log[1000]: Warning: Wire user_proj_example.\wbs_dat_o [6] is used but has no driver.
openlane/user_proj_example\runs\user_proj_example\logs\synthesis\1-synthesis.log[1001]: Warning: Wire user_proj_example.\wbs_dat_o [5] is used but has no driver.
openlane/user_proj_example\runs\user_proj_example\logs\synthesis\1-synthesis.log[1002]: Warning: Wire user_proj_example.\wbs_dat_o [4] is used but has no driver.
openlane/user_proj_example\runs\user_proj_example\logs\synthesis\1-synthesis.log[1003]: Warning: Wire user_proj_example.\wbs_dat_o [3] is used but has no driver.
openlane/user_proj_example\runs\user_proj_example\logs\synthesis\1-synthesis.log[1004]: Warning: Wire user_proj_example.\wbs_dat_o [2] is used but has no driver.
openlane/user_proj_example\runs\user_proj_example\logs\synthesis\1-synthesis.log[1005]: Warning: Wire user_proj_example.\wbs_dat_o [1] is used but has no driver.
openlane/user_proj_example\runs\user_proj_example\logs\synthesis\1-synthesis.log[1006]: Warning: Wire user_proj_example.\wbs_dat_o [0] is used but has no driver.
openlane/user_proj_example\runs\user_proj_example\logs\synthesis\1-synthesis.log[1007]: Warning: Wire user_proj_example.\wbs_ack_o is used but has no driver.
openlane/user_proj_example\runs\user_proj_example\logs\synthesis\1-synthesis.log[1008]: Warning: Wire user_proj_example.\la_data_out [127] is used but has no driver.
openlane/user_proj_example\runs\user_proj_example\logs\synthesis\1-synthesis.log[1009]: Warning: Wire user_proj_example.\la_data_out [126] is used but has no driver.
openlane/user_proj_example\runs\user_proj_example\logs\synthesis\1-synthesis.log[1010]: Warning: Wire user_proj_example.\la_data_out [125] is used but has no driver.
openlane/user_proj_example\runs\user_proj_example\logs\synthesis\1-synthesis.log[1011]: Warning: Wire user_proj_example.\la_data_out [124] is used but has no driver.
openlane/user_proj_example\runs\user_proj_example\logs\synthesis\1-synthesis.log[1012]: Warning: Wire user_proj_example.\la_data_out [123] is used but has no driver.
openlane/user_proj_example\runs\user_proj_example\logs\synthesis\1-synthesis.log[1013]: Warning: Wire user_proj_example.\la_data_out [122] is used but has no driver.
openlane/user_proj_example\runs\user_proj_example\logs\synthesis\1-synthesis.log[1014]: Warning: Wire user_proj_example.\la_data_out [121] is used but has no driver.
openlane/user_proj_example\runs\user_proj_example\logs\synthesis\1-synthesis.log[1015]: Warning: Wire user_proj_example.\la_data_out [120] is used but has no driver.
openlane/user_proj_example\runs\user_proj_example\logs\synthesis\1-synthesis.log[1016]: Warning: Wire user_proj_example.\la_data_out [119] is used but has no driver.
openlane/user_proj_example\runs\user_proj_example\logs\synthesis\1-synthesis.log[1017]: Warning: Wire user_proj_example.\la_data_out [118] is used but has no driver.
openlane/user_proj_example\runs\user_proj_example\logs\synthesis\1-synthesis.log[1018]: Warning: Wire user_proj_example.\la_data_out [117] is used but has no driver.
openlane/user_proj_example\runs\user_proj_example\logs\synthesis\1-synthesis.log[1019]: Warning: Wire user_proj_example.\la_data_out [116] is used but has no driver.
openlane/user_proj_example\runs\user_proj_example\logs\synthesis\1-synthesis.log[1020]: Warning: Wire user_proj_example.\la_data_out [115] is used but has no driver.
openlane/user_proj_example\runs\user_proj_example\logs\synthesis\1-synthesis.log[1021]: Warning: Wire user_proj_example.\la_data_out [114] is used but has no driver.
openlane/user_proj_example\runs\user_proj_example\logs\synthesis\1-synthesis.log[1022]: Warning: Wire user_proj_example.\la_data_out [113] is used but has no driver.
openlane/user_proj_example\runs\user_proj_example\logs\synthesis\1-synthesis.log[1023]: Warning: Wire user_proj_example.\la_data_out [112] is used but has no driver.
openlane/user_proj_example\runs\user_proj_example\logs\synthesis\1-synthesis.log[1024]: Warning: Wire user_proj_example.\la_data_out [111] is used but has no driver.
openlane/user_proj_example\runs\user_proj_example\logs\synthesis\1-synthesis.log[1025]: Warning: Wire user_proj_example.\la_data_out [110] is used but has no driver.
openlane/user_proj_example\runs\user_proj_example\logs\synthesis\1-synthesis.log[1026]: Warning: Wire user_proj_example.\la_data_out [109] is used but has no driver.
openlane/user_proj_example\runs\user_proj_example\logs\synthesis\1-synthesis.log[1027]: Warning: Wire user_proj_example.\la_data_out [108] is used but has no driver.
openlane/user_proj_example\runs\user_proj_example\logs\synthesis\1-synthesis.log[1028]: Warning: Wire user_proj_example.\la_data_out [107] is used but has no driver.
openlane/user_proj_example\runs\user_proj_example\logs\synthesis\1-synthesis.log[1029]: Warning: Wire user_proj_example.\la_data_out [106] is used but has no driver.
openlane/user_proj_example\runs\user_proj_example\logs\synthesis\1-synthesis.log[1030]: Warning: Wire user_proj_example.\la_data_out [105] is used but has no driver.
openlane/user_proj_example\runs\user_proj_example\logs\synthesis\1-synthesis.log[1031]: Warning: Wire user_proj_example.\la_data_out [104] is used but has no driver.
openlane/user_proj_example\runs\user_proj_example\logs\synthesis\1-synthesis.log[1032]: Warning: Wire user_proj_example.\la_data_out [103] is used but has no driver.
openlane/user_proj_example\runs\user_proj_example\logs\synthesis\1-synthesis.log[1033]: Warning: Wire user_proj_example.\la_data_out [102] is used but has no driver.
openlane/user_proj_example\runs\user_proj_example\logs\synthesis\1-synthesis.log[1034]: Warning: Wire user_proj_example.\la_data_out [101] is used but has no driver.
openlane/user_proj_example\runs\user_proj_example\logs\synthesis\1-synthesis.log[1035]: Warning: Wire user_proj_example.\la_data_out [100] is used but has no driver.
openlane/user_proj_example\runs\user_proj_example\logs\synthesis\1-synthesis.log[1036]: Warning: Wire user_proj_example.\la_data_out [99] is used but has no driver.
openlane/user_proj_example\runs\user_proj_example\logs\synthesis\1-synthesis.log[1037]: Warning: Wire user_proj_example.\la_data_out [98] is used but has no driver.
openlane/user_proj_example\runs\user_proj_example\logs\synthesis\1-synthesis.log[1038]: Warning: Wire user_proj_example.\la_data_out [97] is used but has no driver.
openlane/user_proj_example\runs\user_proj_example\logs\synthesis\1-synthesis.log[1039]: Warning: Wire user_proj_example.\la_data_out [96] is used but has no driver.
openlane/user_proj_example\runs\user_proj_example\logs\synthesis\1-synthesis.log[1040]: Warning: Wire user_proj_example.\la_data_out [95] is used but has no driver.
openlane/user_proj_example\runs\user_proj_example\logs\synthesis\1-synthesis.log[1041]: Warning: Wire user_proj_example.\la_data_out [94] is used but has no driver.
openlane/user_proj_example\runs\user_proj_example\logs\synthesis\1-synthesis.log[1042]: Warning: Wire user_proj_example.\la_data_out [93] is used but has no driver.
openlane/user_proj_example\runs\user_proj_example\logs\synthesis\1-synthesis.log[1043]: Warning: Wire user_proj_example.\la_data_out [92] is used but has no driver.
openlane/user_proj_example\runs\user_proj_example\logs\synthesis\1-synthesis.log[1044]: Warning: Wire user_proj_example.\la_data_out [91] is used but has no driver.
openlane/user_proj_example\runs\user_proj_example\logs\synthesis\1-synthesis.log[1045]: Warning: Wire user_proj_example.\la_data_out [90] is used but has no driver.
openlane/user_proj_example\runs\user_proj_example\logs\synthesis\1-synthesis.log[1046]: Warning: Wire user_proj_example.\la_data_out [89] is used but has no driver.
openlane/user_proj_example\runs\user_proj_example\logs\synthesis\1-synthesis.log[1047]: Warning: Wire user_proj_example.\la_data_out [88] is used but has no driver.
openlane/user_proj_example\runs\user_proj_example\logs\synthesis\1-synthesis.log[1048]: Warning: Wire user_proj_example.\la_data_out [87] is used but has no driver.
openlane/user_proj_example\runs\user_proj_example\logs\synthesis\1-synthesis.log[1049]: Warning: Wire user_proj_example.\la_data_out [86] is used but has no driver.
openlane/user_proj_example\runs\user_proj_example\logs\synthesis\1-synthesis.log[1050]: Warning: Wire user_proj_example.\la_data_out [85] is used but has no driver.
openlane/user_proj_example\runs\user_proj_example\logs\synthesis\1-synthesis.log[1051]: Warning: Wire user_proj_example.\la_data_out [84] is used but has no driver.
openlane/user_proj_example\runs\user_proj_example\logs\synthesis\1-synthesis.log[1052]: Warning: Wire user_proj_example.\la_data_out [83] is used but has no driver.
openlane/user_proj_example\runs\user_proj_example\logs\synthesis\1-synthesis.log[1053]: Warning: Wire user_proj_example.\la_data_out [82] is used but has no driver.
openlane/user_proj_example\runs\user_proj_example\logs\synthesis\1-synthesis.log[1054]: Warning: Wire user_proj_example.\la_data_out [81] is used but has no driver.
openlane/user_proj_example\runs\user_proj_example\logs\synthesis\1-synthesis.log[1055]: Warning: Wire user_proj_example.\la_data_out [80] is used but has no driver.
openlane/user_proj_example\runs\user_proj_example\logs\synthesis\1-synthesis.log[1056]: Warning: Wire user_proj_example.\la_data_out [79] is used but has no driver.
openlane/user_proj_example\runs\user_proj_example\logs\synthesis\1-synthesis.log[1057]: Warning: Wire user_proj_example.\la_data_out [78] is used but has no driver.
openlane/user_proj_example\runs\user_proj_example\logs\synthesis\1-synthesis.log[1058]: Warning: Wire user_proj_example.\la_data_out [77] is used but has no driver.
openlane/user_proj_example\runs\user_proj_example\logs\synthesis\1-synthesis.log[1059]: Warning: Wire user_proj_example.\la_data_out [76] is used but has no driver.
openlane/user_proj_example\runs\user_proj_example\logs\synthesis\1-synthesis.log[1060]: Warning: Wire user_proj_example.\la_data_out [75] is used but has no driver.
openlane/user_proj_example\runs\user_proj_example\logs\synthesis\1-synthesis.log[1061]: Warning: Wire user_proj_example.\la_data_out [74] is used but has no driver.
openlane/user_proj_example\runs\user_proj_example\logs\synthesis\1-synthesis.log[1062]: Warning: Wire user_proj_example.\la_data_out [73] is used but has no driver.
openlane/user_proj_example\runs\user_proj_example\logs\synthesis\1-synthesis.log[1063]: Warning: Wire user_proj_example.\la_data_out [72] is used but has no driver.
openlane/user_proj_example\runs\user_proj_example\logs\synthesis\1-synthesis.log[1064]: Warning: Wire user_proj_example.\la_data_out [71] is used but has no driver.
openlane/user_proj_example\runs\user_proj_example\logs\synthesis\1-synthesis.log[1065]: Warning: Wire user_proj_example.\la_data_out [70] is used but has no driver.
openlane/user_proj_example\runs\user_proj_example\logs\synthesis\1-synthesis.log[1066]: Warning: Wire user_proj_example.\la_data_out [69] is used but has no driver.
openlane/user_proj_example\runs\user_proj_example\logs\synthesis\1-synthesis.log[1067]: Warning: Wire user_proj_example.\la_data_out [68] is used but has no driver.
openlane/user_proj_example\runs\user_proj_example\logs\synthesis\1-synthesis.log[1068]: Warning: Wire user_proj_example.\la_data_out [67] is used but has no driver.
openlane/user_proj_example\runs\user_proj_example\logs\synthesis\1-synthesis.log[1069]: Warning: Wire user_proj_example.\la_data_out [66] is used but has no driver.
openlane/user_proj_example\runs\user_proj_example\logs\synthesis\1-synthesis.log[1070]: Warning: Wire user_proj_example.\la_data_out [65] is used but has no driver.
openlane/user_proj_example\runs\user_proj_example\logs\synthesis\1-synthesis.log[1071]: Warning: Wire user_proj_example.\la_data_out [64] is used but has no driver.
openlane/user_proj_example\runs\user_proj_example\logs\synthesis\1-synthesis.log[1072]: Warning: Wire user_proj_example.\la_data_out [63] is used but has no driver.
openlane/user_proj_example\runs\user_proj_example\logs\synthesis\1-synthesis.log[1073]: Warning: Wire user_proj_example.\la_data_out [62] is used but has no driver.
openlane/user_proj_example\runs\user_proj_example\logs\synthesis\1-synthesis.log[1074]: Warning: Wire user_proj_example.\la_data_out [61] is used but has no driver.
openlane/user_proj_example\runs\user_proj_example\logs\synthesis\1-synthesis.log[1075]: Warning: Wire user_proj_example.\la_data_out [60] is used but has no driver.
openlane/user_proj_example\runs\user_proj_example\logs\synthesis\1-synthesis.log[1076]: Warning: Wire user_proj_example.\la_data_out [59] is used but has no driver.
openlane/user_proj_example\runs\user_proj_example\logs\synthesis\1-synthesis.log[1077]: Warning: Wire user_proj_example.\la_data_out [58] is used but has no driver.
openlane/user_proj_example\runs\user_proj_example\logs\synthesis\1-synthesis.log[1078]: Warning: Wire user_proj_example.\la_data_out [57] is used but has no driver.
openlane/user_proj_example\runs\user_proj_example\logs\synthesis\1-synthesis.log[1079]: Warning: Wire user_proj_example.\la_data_out [56] is used but has no driver.
openlane/user_proj_example\runs\user_proj_example\logs\synthesis\1-synthesis.log[1080]: Warning: Wire user_proj_example.\la_data_out [55] is used but has no driver.
openlane/user_proj_example\runs\user_proj_example\logs\synthesis\1-synthesis.log[1081]: Warning: Wire user_proj_example.\la_data_out [54] is used but has no driver.
openlane/user_proj_example\runs\user_proj_example\logs\synthesis\1-synthesis.log[1082]: Warning: Wire user_proj_example.\la_data_out [53] is used but has no driver.
openlane/user_proj_example\runs\user_proj_example\logs\synthesis\1-synthesis.log[1083]: Warning: Wire user_proj_example.\la_data_out [52] is used but has no driver.
openlane/user_proj_example\runs\user_proj_example\logs\synthesis\1-synthesis.log[1084]: Warning: Wire user_proj_example.\la_data_out [51] is used but has no driver.
openlane/user_proj_example\runs\user_proj_example\logs\synthesis\1-synthesis.log[1085]: Warning: Wire user_proj_example.\la_data_out [50] is used but has no driver.
openlane/user_proj_example\runs\user_proj_example\logs\synthesis\1-synthesis.log[1086]: Warning: Wire user_proj_example.\la_data_out [49] is used but has no driver.
openlane/user_proj_example\runs\user_proj_example\logs\synthesis\1-synthesis.log[1087]: Warning: Wire user_proj_example.\la_data_out [48] is used but has no driver.
openlane/user_proj_example\runs\user_proj_example\logs\synthesis\1-synthesis.log[1088]: Warning: Wire user_proj_example.\la_data_out [47] is used but has no driver.
openlane/user_proj_example\runs\user_proj_example\logs\synthesis\1-synthesis.log[1089]: Warning: Wire user_proj_example.\la_data_out [46] is used but has no driver.
openlane/user_proj_example\runs\user_proj_example\logs\synthesis\1-synthesis.log[1090]: Warning: Wire user_proj_example.\la_data_out [45] is used but has no driver.
openlane/user_proj_example\runs\user_proj_example\logs\synthesis\1-synthesis.log[1091]: Warning: Wire user_proj_example.\la_data_out [44] is used but has no driver.
openlane/user_proj_example\runs\user_proj_example\logs\synthesis\1-synthesis.log[1092]: Warning: Wire user_proj_example.\la_data_out [43] is used but has no driver.
openlane/user_proj_example\runs\user_proj_example\logs\synthesis\1-synthesis.log[1093]: Warning: Wire user_proj_example.\la_data_out [42] is used but has no driver.
openlane/user_proj_example\runs\user_proj_example\logs\synthesis\1-synthesis.log[1094]: Warning: Wire user_proj_example.\la_data_out [41] is used but has no driver.
openlane/user_proj_example\runs\user_proj_example\logs\synthesis\1-synthesis.log[1095]: Warning: Wire user_proj_example.\la_data_out [40] is used but has no driver.
openlane/user_proj_example\runs\user_proj_example\logs\synthesis\1-synthesis.log[1096]: Warning: Wire user_proj_example.\la_data_out [39] is used but has no driver.
openlane/user_proj_example\runs\user_proj_example\logs\synthesis\1-synthesis.log[1097]: Warning: Wire user_proj_example.\la_data_out [38] is used but has no driver.
openlane/user_proj_example\runs\user_proj_example\logs\synthesis\1-synthesis.log[1098]: Warning: Wire user_proj_example.\la_data_out [37] is used but has no driver.
openlane/user_proj_example\runs\user_proj_example\logs\synthesis\1-synthesis.log[1099]: Warning: Wire user_proj_example.\la_data_out [36] is used but has no driver.
openlane/user_proj_example\runs\user_proj_example\logs\synthesis\1-synthesis.log[1100]: Warning: Wire user_proj_example.\la_data_out [35] is used but has no driver.
openlane/user_proj_example\runs\user_proj_example\logs\synthesis\1-synthesis.log[1101]: Warning: Wire user_proj_example.\la_data_out [34] is used but has no driver.
openlane/user_proj_example\runs\user_proj_example\logs\synthesis\1-synthesis.log[1102]: Warning: Wire user_proj_example.\la_data_out [33] is used but has no driver.
openlane/user_proj_example\runs\user_proj_example\logs\synthesis\1-synthesis.log[1103]: Warning: Wire user_proj_example.\la_data_out [32] is used but has no driver.
openlane/user_proj_example\runs\user_proj_example\logs\synthesis\1-synthesis.log[1104]: Warning: Wire user_proj_example.\la_data_out [31] is used but has no driver.
openlane/user_proj_example\runs\user_proj_example\logs\synthesis\1-synthesis.log[1105]: Warning: Wire user_proj_example.\la_data_out [30] is used but has no driver.
openlane/user_proj_example\runs\user_proj_example\logs\synthesis\1-synthesis.log[1106]: Warning: Wire user_proj_example.\la_data_out [29] is used but has no driver.
openlane/user_proj_example\runs\user_proj_example\logs\synthesis\1-synthesis.log[1107]: Warning: Wire user_proj_example.\la_data_out [28] is used but has no driver.
openlane/user_proj_example\runs\user_proj_example\logs\synthesis\1-synthesis.log[1108]: Warning: Wire user_proj_example.\la_data_out [27] is used but has no driver.
openlane/user_proj_example\runs\user_proj_example\logs\synthesis\1-synthesis.log[1109]: Warning: Wire user_proj_example.\la_data_out [26] is used but has no driver.
openlane/user_proj_example\runs\user_proj_example\logs\synthesis\1-synthesis.log[1110]: Warning: Wire user_proj_example.\la_data_out [25] is used but has no driver.
openlane/user_proj_example\runs\user_proj_example\logs\synthesis\1-synthesis.log[1111]: Warning: Wire user_proj_example.\la_data_out [24] is used but has no driver.
openlane/user_proj_example\runs\user_proj_example\logs\synthesis\1-synthesis.log[1112]: Warning: Wire user_proj_example.\la_data_out [23] is used but has no driver.
openlane/user_proj_example\runs\user_proj_example\logs\synthesis\1-synthesis.log[1113]: Warning: Wire user_proj_example.\la_data_out [22] is used but has no driver.
openlane/user_proj_example\runs\user_proj_example\logs\synthesis\1-synthesis.log[1114]: Warning: Wire user_proj_example.\la_data_out [21] is used but has no driver.
openlane/user_proj_example\runs\user_proj_example\logs\synthesis\1-synthesis.log[1115]: Warning: Wire user_proj_example.\la_data_out [20] is used but has no driver.
openlane/user_proj_example\runs\user_proj_example\logs\synthesis\1-synthesis.log[1116]: Warning: Wire user_proj_example.\la_data_out [19] is used but has no driver.
openlane/user_proj_example\runs\user_proj_example\logs\synthesis\1-synthesis.log[1117]: Warning: Wire user_proj_example.\la_data_out [18] is used but has no driver.
openlane/user_proj_example\runs\user_proj_example\logs\synthesis\1-synthesis.log[1118]: Warning: Wire user_proj_example.\la_data_out [17] is used but has no driver.
openlane/user_proj_example\runs\user_proj_example\logs\synthesis\1-synthesis.log[1119]: Warning: Wire user_proj_example.\la_data_out [16] is used but has no driver.
openlane/user_proj_example\runs\user_proj_example\logs\synthesis\1-synthesis.log[1120]: Warning: Wire user_proj_example.\la_data_out [15] is used but has no driver.
openlane/user_proj_example\runs\user_proj_example\logs\synthesis\1-synthesis.log[1121]: Warning: Wire user_proj_example.\la_data_out [14] is used but has no driver.
openlane/user_proj_example\runs\user_proj_example\logs\synthesis\1-synthesis.log[1122]: Warning: Wire user_proj_example.\la_data_out [13] is used but has no driver.
openlane/user_proj_example\runs\user_proj_example\logs\synthesis\1-synthesis.log[1123]: Warning: Wire user_proj_example.\la_data_out [12] is used but has no driver.
openlane/user_proj_example\runs\user_proj_example\logs\synthesis\1-synthesis.log[1124]: Warning: Wire user_proj_example.\la_data_out [11] is used but has no driver.
openlane/user_proj_example\runs\user_proj_example\logs\synthesis\1-synthesis.log[1125]: Warning: Wire user_proj_example.\la_data_out [10] is used but has no driver.
openlane/user_proj_example\runs\user_proj_example\logs\synthesis\1-synthesis.log[1126]: Warning: Wire user_proj_example.\la_data_out [9] is used but has no driver.
openlane/user_proj_example\runs\user_proj_example\logs\synthesis\1-synthesis.log[1127]: Warning: Wire user_proj_example.\la_data_out [8] is used but has no driver.
openlane/user_proj_example\runs\user_proj_example\logs\synthesis\1-synthesis.log[1128]: Warning: Wire user_proj_example.\la_data_out [7] is used but has no driver.
openlane/user_proj_example\runs\user_proj_example\logs\synthesis\1-synthesis.log[1129]: Warning: Wire user_proj_example.\la_data_out [6] is used but has no driver.
openlane/user_proj_example\runs\user_proj_example\logs\synthesis\1-synthesis.log[1130]: Warning: Wire user_proj_example.\la_data_out [5] is used but has no driver.
openlane/user_proj_example\runs\user_proj_example\logs\synthesis\1-synthesis.log[1131]: Warning: Wire user_proj_example.\la_data_out [4] is used but has no driver.
openlane/user_proj_example\runs\user_proj_example\logs\synthesis\1-synthesis.log[1132]: Warning: Wire user_proj_example.\la_data_out [3] is used but has no driver.
openlane/user_proj_example\runs\user_proj_example\logs\synthesis\1-synthesis.log[1133]: Warning: Wire user_proj_example.\la_data_out [2] is used but has no driver.
openlane/user_proj_example\runs\user_proj_example\logs\synthesis\1-synthesis.log[1134]: Warning: Wire user_proj_example.\la_data_out [1] is used but has no driver.
openlane/user_proj_example\runs\user_proj_example\logs\synthesis\1-synthesis.log[1135]: Warning: Wire user_proj_example.\la_data_out [0] is used but has no driver.
openlane/user_proj_example\runs\user_proj_example\logs\synthesis\1-synthesis.log[1136]: Warning: Wire user_proj_example.\irq [2] is used but has no driver.
openlane/user_proj_example\runs\user_proj_example\logs\synthesis\1-synthesis.log[1137]: Warning: Wire user_proj_example.\irq [1] is used but has no driver.
openlane/user_proj_example\runs\user_proj_example\logs\synthesis\1-synthesis.log[1138]: Warning: Wire user_proj_example.\irq [0] is used but has no driver.
openlane/user_proj_example\runs\user_proj_example\logs\synthesis\1-synthesis.log[1139]: Warning: Wire user_proj_example.\io_out [37] is used but has no driver.
openlane/user_proj_example\runs\user_proj_example\logs\synthesis\1-synthesis.log[1140]: Warning: Wire user_proj_example.\io_out [36] is used but has no driver.
openlane/user_proj_example\runs\user_proj_example\logs\synthesis\1-synthesis.log[1141]: Warning: Wire user_proj_example.\io_out [35] is used but has no driver.
openlane/user_proj_example\runs\user_proj_example\logs\synthesis\1-synthesis.log[1142]: Warning: Wire user_proj_example.\io_out [34] is used but has no driver.
openlane/user_proj_example\runs\user_proj_example\logs\synthesis\1-synthesis.log[1143]: Warning: Wire user_proj_example.\io_out [33] is used but has no driver.
openlane/user_proj_example\runs\user_proj_example\logs\synthesis\1-synthesis.log[1144]: Warning: Wire user_proj_example.\io_out [32] is used but has no driver.
openlane/user_proj_example\runs\user_proj_example\logs\synthesis\1-synthesis.log[1145]: Warning: Wire user_proj_example.\io_out [31] is used but has no driver.
openlane/user_proj_example\runs\user_proj_example\logs\synthesis\1-synthesis.log[1146]: Warning: Wire user_proj_example.\io_out [30] is used but has no driver.
openlane/user_proj_example\runs\user_proj_example\logs\synthesis\1-synthesis.log[1147]: Warning: Wire user_proj_example.\io_out [29] is used but has no driver.
openlane/user_proj_example\runs\user_proj_example\logs\synthesis\1-synthesis.log[1148]: Warning: Wire user_proj_example.\io_out [28] is used but has no driver.
openlane/user_proj_example\runs\user_proj_example\logs\synthesis\1-synthesis.log[1149]: Warning: Wire user_proj_example.\io_out [27] is used but has no driver.
openlane/user_proj_example\runs\user_proj_example\logs\synthesis\1-synthesis.log[1150]: Warning: Wire user_proj_example.\io_out [26] is used but has no driver.
openlane/user_proj_example\runs\user_proj_example\logs\synthesis\1-synthesis.log[1151]: Warning: Wire user_proj_example.\io_out [25] is used but has no driver.
openlane/user_proj_example\runs\user_proj_example\logs\synthesis\1-synthesis.log[1152]: Warning: Wire user_proj_example.\io_out [24] is used but has no driver.
openlane/user_proj_example\runs\user_proj_example\logs\synthesis\1-synthesis.log[1153]: Warning: Wire user_proj_example.\io_out [23] is used but has no driver.
openlane/user_proj_example\runs\user_proj_example\logs\synthesis\1-synthesis.log[1154]: Warning: Wire user_proj_example.\io_out [22] is used but has no driver.
openlane/user_proj_example\runs\user_proj_example\logs\synthesis\1-synthesis.log[1155]: Warning: Wire user_proj_example.\io_out [21] is used but has no driver.
openlane/user_proj_example\runs\user_proj_example\logs\synthesis\1-synthesis.log[1156]: Warning: Wire user_proj_example.\io_out [20] is used but has no driver.
openlane/user_proj_example\runs\user_proj_example\logs\synthesis\1-synthesis.log[1157]: Warning: Wire user_proj_example.\io_out [19] is used but has no driver.
openlane/user_proj_example\runs\user_proj_example\logs\synthesis\1-synthesis.log[1158]: Warning: Wire user_proj_example.\io_out [18] is used but has no driver.
openlane/user_proj_example\runs\user_proj_example\logs\synthesis\1-synthesis.log[1159]: Warning: Wire user_proj_example.\io_out [17] is used but has no driver.
openlane/user_proj_example\runs\user_proj_example\logs\synthesis\1-synthesis.log[1160]: Warning: Wire user_proj_example.\io_out [16] is used but has no driver.
openlane/user_proj_example\runs\user_proj_example\logs\synthesis\1-synthesis.log[1161]: Warning: Wire user_proj_example.\io_out [15] is used but has no driver.
openlane/user_proj_example\runs\user_proj_example\logs\synthesis\1-synthesis.log[1162]: Warning: Wire user_proj_example.\io_out [14] is used but has no driver.
openlane/user_proj_example\runs\user_proj_example\logs\synthesis\1-synthesis.log[1163]: Warning: Wire user_proj_example.\io_out [13] is used but has no driver.
openlane/user_proj_example\runs\user_proj_example\logs\synthesis\1-synthesis.log[1164]: Warning: Wire user_proj_example.\io_out [12] is used but has no driver.
openlane/user_proj_example\runs\user_proj_example\logs\synthesis\1-synthesis.log[1165]: Warning: Wire user_proj_example.\io_out [11] is used but has no driver.
openlane/user_proj_example\runs\user_proj_example\logs\synthesis\1-synthesis.log[1166]: Warning: Wire user_proj_example.\io_out [10] is used but has no driver.
openlane/user_proj_example\runs\user_proj_example\logs\synthesis\1-synthesis.log[1167]: Warning: Wire user_proj_example.\io_out [9] is used but has no driver.
openlane/user_proj_example\runs\user_proj_example\logs\synthesis\1-synthesis.log[1168]: Warning: Wire user_proj_example.\io_out [8] is used but has no driver.
openlane/user_proj_example\runs\user_proj_example\logs\synthesis\1-synthesis.log[1169]: Warning: Wire user_proj_example.\io_out [7] is used but has no driver.
openlane/user_proj_example\runs\user_proj_example\logs\synthesis\1-synthesis.log[1170]: Warning: Wire user_proj_example.\io_out [6] is used but has no driver.
openlane/user_proj_example\runs\user_proj_example\logs\synthesis\1-synthesis.log[1171]: Warning: Wire user_proj_example.\io_out [5] is used but has no driver.
openlane/user_proj_example\runs\user_proj_example\logs\synthesis\1-synthesis.log[1172]: Warning: Wire user_proj_example.\io_out [4] is used but has no driver.
openlane/user_proj_example\runs\user_proj_example\logs\synthesis\1-synthesis.log[1173]: Warning: Wire user_proj_example.\io_out [3] is used but has no driver.
openlane/user_proj_example\runs\user_proj_example\logs\synthesis\1-synthesis.log[1174]: Warning: Wire user_proj_example.\io_out [2] is used but has no driver.
openlane/user_proj_example\runs\user_proj_example\logs\synthesis\1-synthesis.log[1175]: Warning: Wire user_proj_example.\io_out [1] is used but has no driver.
openlane/user_proj_example\runs\user_proj_example\logs\synthesis\1-synthesis.log[1176]: Warning: Wire user_proj_example.\io_out [0] is used but has no driver.
openlane/user_proj_example\runs\user_proj_example\logs\synthesis\1-synthesis.log[1177]: Warning: Wire user_proj_example.\io_oeb [37] is used but has no driver.
openlane/user_proj_example\runs\user_proj_example\logs\synthesis\1-synthesis.log[1178]: Warning: Wire user_proj_example.\io_oeb [36] is used but has no driver.
openlane/user_proj_example\runs\user_proj_example\logs\synthesis\1-synthesis.log[1179]: Warning: Wire user_proj_example.\io_oeb [35] is used but has no driver.
openlane/user_proj_example\runs\user_proj_example\logs\synthesis\1-synthesis.log[1180]: Warning: Wire user_proj_example.\io_oeb [34] is used but has no driver.
openlane/user_proj_example\runs\user_proj_example\logs\synthesis\1-synthesis.log[1181]: Warning: Wire user_proj_example.\io_oeb [33] is used but has no driver.
openlane/user_proj_example\runs\user_proj_example\logs\synthesis\1-synthesis.log[1182]: Warning: Wire user_proj_example.\io_oeb [32] is used but has no driver.
openlane/user_proj_example\runs\user_proj_example\logs\synthesis\1-synthesis.log[1183]: Warning: Wire user_proj_example.\io_oeb [31] is used but has no driver.
openlane/user_proj_example\runs\user_proj_example\logs\synthesis\1-synthesis.log[1184]: Warning: Wire user_proj_example.\io_oeb [30] is used but has no driver.
openlane/user_proj_example\runs\user_proj_example\logs\synthesis\1-synthesis.log[1185]: Warning: Wire user_proj_example.\io_oeb [29] is used but has no driver.
openlane/user_proj_example\runs\user_proj_example\logs\synthesis\1-synthesis.log[1186]: Warning: Wire user_proj_example.\io_oeb [28] is used but has no driver.
openlane/user_proj_example\runs\user_proj_example\logs\synthesis\1-synthesis.log[1187]: Warning: Wire user_proj_example.\io_oeb [27] is used but has no driver.
openlane/user_proj_example\runs\user_proj_example\logs\synthesis\1-synthesis.log[1188]: Warning: Wire user_proj_example.\io_oeb [26] is used but has no driver.
openlane/user_proj_example\runs\user_proj_example\logs\synthesis\1-synthesis.log[1189]: Warning: Wire user_proj_example.\io_oeb [25] is used but has no driver.
openlane/user_proj_example\runs\user_proj_example\logs\synthesis\1-synthesis.log[1190]: Warning: Wire user_proj_example.\io_oeb [24] is used but has no driver.
openlane/user_proj_example\runs\user_proj_example\logs\synthesis\1-synthesis.log[1191]: Warning: Wire user_proj_example.\io_oeb [23] is used but has no driver.
openlane/user_proj_example\runs\user_proj_example\logs\synthesis\1-synthesis.log[1192]: Warning: Wire user_proj_example.\io_oeb [22] is used but has no driver.
openlane/user_proj_example\runs\user_proj_example\logs\synthesis\1-synthesis.log[1193]: Warning: Wire user_proj_example.\io_oeb [21] is used but has no driver.
openlane/user_proj_example\runs\user_proj_example\logs\synthesis\1-synthesis.log[1194]: Warning: Wire user_proj_example.\io_oeb [20] is used but has no driver.
openlane/user_proj_example\runs\user_proj_example\logs\synthesis\1-synthesis.log[1195]: Warning: Wire user_proj_example.\io_oeb [19] is used but has no driver.
openlane/user_proj_example\runs\user_proj_example\logs\synthesis\1-synthesis.log[1196]: Warning: Wire user_proj_example.\io_oeb [18] is used but has no driver.
openlane/user_proj_example\runs\user_proj_example\logs\synthesis\1-synthesis.log[1197]: Warning: Wire user_proj_example.\io_oeb [17] is used but has no driver.
openlane/user_proj_example\runs\user_proj_example\logs\synthesis\1-synthesis.log[1198]: Warning: Wire user_proj_example.\io_oeb [16] is used but has no driver.
openlane/user_proj_example\runs\user_proj_example\logs\synthesis\1-synthesis.log[1199]: Warning: Wire user_proj_example.\io_oeb [15] is used but has no driver.
openlane/user_proj_example\runs\user_proj_example\logs\synthesis\1-synthesis.log[1200]: Warning: Wire user_proj_example.\io_oeb [14] is used but has no driver.
openlane/user_proj_example\runs\user_proj_example\logs\synthesis\1-synthesis.log[1201]: Warning: Wire user_proj_example.\io_oeb [13] is used but has no driver.
openlane/user_proj_example\runs\user_proj_example\logs\synthesis\1-synthesis.log[1202]: Warning: Wire user_proj_example.\io_oeb [12] is used but has no driver.
openlane/user_proj_example\runs\user_proj_example\logs\synthesis\1-synthesis.log[1203]: Warning: Wire user_proj_example.\io_oeb [11] is used but has no driver.
openlane/user_proj_example\runs\user_proj_example\logs\synthesis\1-synthesis.log[1204]: Warning: Wire user_proj_example.\io_oeb [10] is used but has no driver.
openlane/user_proj_example\runs\user_proj_example\logs\synthesis\1-synthesis.log[1205]: Warning: Wire user_proj_example.\io_oeb [9] is used but has no driver.
openlane/user_proj_example\runs\user_proj_example\logs\synthesis\1-synthesis.log[1206]: Warning: Wire user_proj_example.\io_oeb [8] is used but has no driver.
openlane/user_proj_example\runs\user_proj_example\logs\synthesis\1-synthesis.log[1207]: Warning: Wire user_proj_example.\io_oeb [7] is used but has no driver.
openlane/user_proj_example\runs\user_proj_example\logs\synthesis\1-synthesis.log[1208]: Warning: Wire user_proj_example.\io_oeb [6] is used but has no driver.
openlane/user_proj_example\runs\user_proj_example\logs\synthesis\1-synthesis.log[1209]: Warning: Wire user_proj_example.\io_oeb [5] is used but has no driver.
openlane/user_proj_example\runs\user_proj_example\logs\synthesis\1-synthesis.log[1210]: Warning: Wire user_proj_example.\io_oeb [4] is used but has no driver.
openlane/user_proj_example\runs\user_proj_example\logs\synthesis\1-synthesis.log[1211]: Warning: Wire user_proj_example.\io_oeb [3] is used but has no driver.
openlane/user_proj_example\runs\user_proj_example\logs\synthesis\1-synthesis.log[1212]: Warning: Wire user_proj_example.\io_oeb [2] is used but has no driver.
openlane/user_proj_example\runs\user_proj_example\logs\synthesis\1-synthesis.log[1213]: Warning: Wire user_proj_example.\io_oeb [1] is used but has no driver.
openlane/user_proj_example\runs\user_proj_example\logs\synthesis\1-synthesis.log[1214]: Warning: Wire user_proj_example.\io_oeb [0] is used but has no driver.
openlane/user_proj_example\runs\user_proj_example\logs\synthesis\1-synthesis.log[1264]: Warnings: 240 unique messages, 240 total
