openlane/Peripheral_GPIO\runs\Peripheral_GPIO\logs\synthesis\1-synthesis.log[996]: ABC: Warning: Detected 2 multi-output gates (for example, "sky130_fd_sc_hd__fa_1").
openlane/Peripheral_GPIO\runs\Peripheral_GPIO\logs\synthesis\1-synthesis.log[1124]: Warning: Wire GPIO.\requestOutput is used but has no driver.
openlane/Peripheral_GPIO\runs\Peripheral_GPIO\logs\synthesis\1-synthesis.log[1125]: Warning: Wire GPIO.\peripheralBus_dataOut [31] is used but has no driver.
openlane/Peripheral_GPIO\runs\Peripheral_GPIO\logs\synthesis\1-synthesis.log[1126]: Warning: Wire GPIO.\peripheralBus_dataOut [30] is used but has no driver.
openlane/Peripheral_GPIO\runs\Peripheral_GPIO\logs\synthesis\1-synthesis.log[1127]: Warning: Wire GPIO.\peripheralBus_dataOut [29] is used but has no driver.
openlane/Peripheral_GPIO\runs\Peripheral_GPIO\logs\synthesis\1-synthesis.log[1128]: Warning: Wire GPIO.\peripheralBus_dataOut [28] is used but has no driver.
openlane/Peripheral_GPIO\runs\Peripheral_GPIO\logs\synthesis\1-synthesis.log[1129]: Warning: Wire GPIO.\peripheralBus_dataOut [27] is used but has no driver.
openlane/Peripheral_GPIO\runs\Peripheral_GPIO\logs\synthesis\1-synthesis.log[1130]: Warning: Wire GPIO.\peripheralBus_dataOut [26] is used but has no driver.
openlane/Peripheral_GPIO\runs\Peripheral_GPIO\logs\synthesis\1-synthesis.log[1131]: Warning: Wire GPIO.\peripheralBus_dataOut [25] is used but has no driver.
openlane/Peripheral_GPIO\runs\Peripheral_GPIO\logs\synthesis\1-synthesis.log[1132]: Warning: Wire GPIO.\peripheralBus_dataOut [24] is used but has no driver.
openlane/Peripheral_GPIO\runs\Peripheral_GPIO\logs\synthesis\1-synthesis.log[1133]: Warning: Wire GPIO.\peripheralBus_dataOut [23] is used but has no driver.
openlane/Peripheral_GPIO\runs\Peripheral_GPIO\logs\synthesis\1-synthesis.log[1134]: Warning: Wire GPIO.\peripheralBus_dataOut [22] is used but has no driver.
openlane/Peripheral_GPIO\runs\Peripheral_GPIO\logs\synthesis\1-synthesis.log[1135]: Warning: Wire GPIO.\peripheralBus_dataOut [21] is used but has no driver.
openlane/Peripheral_GPIO\runs\Peripheral_GPIO\logs\synthesis\1-synthesis.log[1136]: Warning: Wire GPIO.\peripheralBus_dataOut [20] is used but has no driver.
openlane/Peripheral_GPIO\runs\Peripheral_GPIO\logs\synthesis\1-synthesis.log[1137]: Warning: Wire GPIO.\peripheralBus_dataOut [19] is used but has no driver.
openlane/Peripheral_GPIO\runs\Peripheral_GPIO\logs\synthesis\1-synthesis.log[1138]: Warning: Wire GPIO.\peripheralBus_dataOut [18] is used but has no driver.
openlane/Peripheral_GPIO\runs\Peripheral_GPIO\logs\synthesis\1-synthesis.log[1139]: Warning: Wire GPIO.\peripheralBus_dataOut [17] is used but has no driver.
openlane/Peripheral_GPIO\runs\Peripheral_GPIO\logs\synthesis\1-synthesis.log[1140]: Warning: Wire GPIO.\peripheralBus_dataOut [16] is used but has no driver.
openlane/Peripheral_GPIO\runs\Peripheral_GPIO\logs\synthesis\1-synthesis.log[1141]: Warning: Wire GPIO.\peripheralBus_dataOut [15] is used but has no driver.
openlane/Peripheral_GPIO\runs\Peripheral_GPIO\logs\synthesis\1-synthesis.log[1142]: Warning: Wire GPIO.\peripheralBus_dataOut [14] is used but has no driver.
openlane/Peripheral_GPIO\runs\Peripheral_GPIO\logs\synthesis\1-synthesis.log[1143]: Warning: Wire GPIO.\peripheralBus_dataOut [13] is used but has no driver.
openlane/Peripheral_GPIO\runs\Peripheral_GPIO\logs\synthesis\1-synthesis.log[1144]: Warning: Wire GPIO.\peripheralBus_dataOut [12] is used but has no driver.
openlane/Peripheral_GPIO\runs\Peripheral_GPIO\logs\synthesis\1-synthesis.log[1145]: Warning: Wire GPIO.\peripheralBus_dataOut [11] is used but has no driver.
openlane/Peripheral_GPIO\runs\Peripheral_GPIO\logs\synthesis\1-synthesis.log[1146]: Warning: Wire GPIO.\peripheralBus_dataOut [10] is used but has no driver.
openlane/Peripheral_GPIO\runs\Peripheral_GPIO\logs\synthesis\1-synthesis.log[1147]: Warning: Wire GPIO.\peripheralBus_dataOut [9] is used but has no driver.
openlane/Peripheral_GPIO\runs\Peripheral_GPIO\logs\synthesis\1-synthesis.log[1148]: Warning: Wire GPIO.\peripheralBus_dataOut [8] is used but has no driver.
openlane/Peripheral_GPIO\runs\Peripheral_GPIO\logs\synthesis\1-synthesis.log[1149]: Warning: Wire GPIO.\peripheralBus_dataOut [7] is used but has no driver.
openlane/Peripheral_GPIO\runs\Peripheral_GPIO\logs\synthesis\1-synthesis.log[1150]: Warning: Wire GPIO.\peripheralBus_dataOut [6] is used but has no driver.
openlane/Peripheral_GPIO\runs\Peripheral_GPIO\logs\synthesis\1-synthesis.log[1151]: Warning: Wire GPIO.\peripheralBus_dataOut [5] is used but has no driver.
openlane/Peripheral_GPIO\runs\Peripheral_GPIO\logs\synthesis\1-synthesis.log[1152]: Warning: Wire GPIO.\peripheralBus_dataOut [4] is used but has no driver.
openlane/Peripheral_GPIO\runs\Peripheral_GPIO\logs\synthesis\1-synthesis.log[1153]: Warning: Wire GPIO.\peripheralBus_dataOut [3] is used but has no driver.
openlane/Peripheral_GPIO\runs\Peripheral_GPIO\logs\synthesis\1-synthesis.log[1154]: Warning: Wire GPIO.\peripheralBus_dataOut [2] is used but has no driver.
openlane/Peripheral_GPIO\runs\Peripheral_GPIO\logs\synthesis\1-synthesis.log[1155]: Warning: Wire GPIO.\peripheralBus_dataOut [1] is used but has no driver.
openlane/Peripheral_GPIO\runs\Peripheral_GPIO\logs\synthesis\1-synthesis.log[1156]: Warning: Wire GPIO.\peripheralBus_dataOut [0] is used but has no driver.
openlane/Peripheral_GPIO\runs\Peripheral_GPIO\logs\synthesis\1-synthesis.log[1157]: Warning: Wire GPIO.\peripheralBus_busy is used but has no driver.
openlane/Peripheral_GPIO\runs\Peripheral_GPIO\logs\synthesis\1-synthesis.log[1158]: Warning: Wire GPIO.\gpio1_output [18] is used but has no driver.
openlane/Peripheral_GPIO\runs\Peripheral_GPIO\logs\synthesis\1-synthesis.log[1159]: Warning: Wire GPIO.\gpio1_output [17] is used but has no driver.
openlane/Peripheral_GPIO\runs\Peripheral_GPIO\logs\synthesis\1-synthesis.log[1160]: Warning: Wire GPIO.\gpio1_output [16] is used but has no driver.
openlane/Peripheral_GPIO\runs\Peripheral_GPIO\logs\synthesis\1-synthesis.log[1161]: Warning: Wire GPIO.\gpio1_output [15] is used but has no driver.
openlane/Peripheral_GPIO\runs\Peripheral_GPIO\logs\synthesis\1-synthesis.log[1162]: Warning: Wire GPIO.\gpio1_output [14] is used but has no driver.
openlane/Peripheral_GPIO\runs\Peripheral_GPIO\logs\synthesis\1-synthesis.log[1163]: Warning: Wire GPIO.\gpio1_output [13] is used but has no driver.
openlane/Peripheral_GPIO\runs\Peripheral_GPIO\logs\synthesis\1-synthesis.log[1164]: Warning: Wire GPIO.\gpio1_output [12] is used but has no driver.
openlane/Peripheral_GPIO\runs\Peripheral_GPIO\logs\synthesis\1-synthesis.log[1165]: Warning: Wire GPIO.\gpio1_output [11] is used but has no driver.
openlane/Peripheral_GPIO\runs\Peripheral_GPIO\logs\synthesis\1-synthesis.log[1166]: Warning: Wire GPIO.\gpio1_output [10] is used but has no driver.
openlane/Peripheral_GPIO\runs\Peripheral_GPIO\logs\synthesis\1-synthesis.log[1167]: Warning: Wire GPIO.\gpio1_output [9] is used but has no driver.
openlane/Peripheral_GPIO\runs\Peripheral_GPIO\logs\synthesis\1-synthesis.log[1168]: Warning: Wire GPIO.\gpio1_output [8] is used but has no driver.
openlane/Peripheral_GPIO\runs\Peripheral_GPIO\logs\synthesis\1-synthesis.log[1169]: Warning: Wire GPIO.\gpio1_output [7] is used but has no driver.
openlane/Peripheral_GPIO\runs\Peripheral_GPIO\logs\synthesis\1-synthesis.log[1170]: Warning: Wire GPIO.\gpio1_output [6] is used but has no driver.
openlane/Peripheral_GPIO\runs\Peripheral_GPIO\logs\synthesis\1-synthesis.log[1171]: Warning: Wire GPIO.\gpio1_output [5] is used but has no driver.
openlane/Peripheral_GPIO\runs\Peripheral_GPIO\logs\synthesis\1-synthesis.log[1172]: Warning: Wire GPIO.\gpio1_output [4] is used but has no driver.
openlane/Peripheral_GPIO\runs\Peripheral_GPIO\logs\synthesis\1-synthesis.log[1173]: Warning: Wire GPIO.\gpio1_output [3] is used but has no driver.
openlane/Peripheral_GPIO\runs\Peripheral_GPIO\logs\synthesis\1-synthesis.log[1174]: Warning: Wire GPIO.\gpio1_output [2] is used but has no driver.
openlane/Peripheral_GPIO\runs\Peripheral_GPIO\logs\synthesis\1-synthesis.log[1175]: Warning: Wire GPIO.\gpio1_output [1] is used but has no driver.
openlane/Peripheral_GPIO\runs\Peripheral_GPIO\logs\synthesis\1-synthesis.log[1176]: Warning: Wire GPIO.\gpio1_output [0] is used but has no driver.
openlane/Peripheral_GPIO\runs\Peripheral_GPIO\logs\synthesis\1-synthesis.log[1177]: Warning: Wire GPIO.\gpio1_oe [18] is used but has no driver.
openlane/Peripheral_GPIO\runs\Peripheral_GPIO\logs\synthesis\1-synthesis.log[1178]: Warning: Wire GPIO.\gpio1_oe [17] is used but has no driver.
openlane/Peripheral_GPIO\runs\Peripheral_GPIO\logs\synthesis\1-synthesis.log[1179]: Warning: Wire GPIO.\gpio1_oe [16] is used but has no driver.
openlane/Peripheral_GPIO\runs\Peripheral_GPIO\logs\synthesis\1-synthesis.log[1180]: Warning: Wire GPIO.\gpio1_oe [15] is used but has no driver.
openlane/Peripheral_GPIO\runs\Peripheral_GPIO\logs\synthesis\1-synthesis.log[1181]: Warning: Wire GPIO.\gpio1_oe [14] is used but has no driver.
openlane/Peripheral_GPIO\runs\Peripheral_GPIO\logs\synthesis\1-synthesis.log[1182]: Warning: Wire GPIO.\gpio1_oe [13] is used but has no driver.
openlane/Peripheral_GPIO\runs\Peripheral_GPIO\logs\synthesis\1-synthesis.log[1183]: Warning: Wire GPIO.\gpio1_oe [12] is used but has no driver.
openlane/Peripheral_GPIO\runs\Peripheral_GPIO\logs\synthesis\1-synthesis.log[1184]: Warning: Wire GPIO.\gpio1_oe [11] is used but has no driver.
openlane/Peripheral_GPIO\runs\Peripheral_GPIO\logs\synthesis\1-synthesis.log[1185]: Warning: Wire GPIO.\gpio1_oe [10] is used but has no driver.
openlane/Peripheral_GPIO\runs\Peripheral_GPIO\logs\synthesis\1-synthesis.log[1186]: Warning: Wire GPIO.\gpio1_oe [9] is used but has no driver.
openlane/Peripheral_GPIO\runs\Peripheral_GPIO\logs\synthesis\1-synthesis.log[1187]: Warning: Wire GPIO.\gpio1_oe [8] is used but has no driver.
openlane/Peripheral_GPIO\runs\Peripheral_GPIO\logs\synthesis\1-synthesis.log[1188]: Warning: Wire GPIO.\gpio1_oe [7] is used but has no driver.
openlane/Peripheral_GPIO\runs\Peripheral_GPIO\logs\synthesis\1-synthesis.log[1189]: Warning: Wire GPIO.\gpio1_oe [6] is used but has no driver.
openlane/Peripheral_GPIO\runs\Peripheral_GPIO\logs\synthesis\1-synthesis.log[1190]: Warning: Wire GPIO.\gpio1_oe [5] is used but has no driver.
openlane/Peripheral_GPIO\runs\Peripheral_GPIO\logs\synthesis\1-synthesis.log[1191]: Warning: Wire GPIO.\gpio1_oe [4] is used but has no driver.
openlane/Peripheral_GPIO\runs\Peripheral_GPIO\logs\synthesis\1-synthesis.log[1192]: Warning: Wire GPIO.\gpio1_oe [3] is used but has no driver.
openlane/Peripheral_GPIO\runs\Peripheral_GPIO\logs\synthesis\1-synthesis.log[1193]: Warning: Wire GPIO.\gpio1_oe [2] is used but has no driver.
openlane/Peripheral_GPIO\runs\Peripheral_GPIO\logs\synthesis\1-synthesis.log[1194]: Warning: Wire GPIO.\gpio1_oe [1] is used but has no driver.
openlane/Peripheral_GPIO\runs\Peripheral_GPIO\logs\synthesis\1-synthesis.log[1195]: Warning: Wire GPIO.\gpio1_oe [0] is used but has no driver.
openlane/Peripheral_GPIO\runs\Peripheral_GPIO\logs\synthesis\1-synthesis.log[1196]: Warning: Wire GPIO.\gpio0_output [18] is used but has no driver.
openlane/Peripheral_GPIO\runs\Peripheral_GPIO\logs\synthesis\1-synthesis.log[1197]: Warning: Wire GPIO.\gpio0_output [17] is used but has no driver.
openlane/Peripheral_GPIO\runs\Peripheral_GPIO\logs\synthesis\1-synthesis.log[1198]: Warning: Wire GPIO.\gpio0_output [16] is used but has no driver.
openlane/Peripheral_GPIO\runs\Peripheral_GPIO\logs\synthesis\1-synthesis.log[1199]: Warning: Wire GPIO.\gpio0_output [15] is used but has no driver.
openlane/Peripheral_GPIO\runs\Peripheral_GPIO\logs\synthesis\1-synthesis.log[1200]: Warning: Wire GPIO.\gpio0_output [14] is used but has no driver.
openlane/Peripheral_GPIO\runs\Peripheral_GPIO\logs\synthesis\1-synthesis.log[1201]: Warning: Wire GPIO.\gpio0_output [13] is used but has no driver.
openlane/Peripheral_GPIO\runs\Peripheral_GPIO\logs\synthesis\1-synthesis.log[1202]: Warning: Wire GPIO.\gpio0_output [12] is used but has no driver.
openlane/Peripheral_GPIO\runs\Peripheral_GPIO\logs\synthesis\1-synthesis.log[1203]: Warning: Wire GPIO.\gpio0_output [11] is used but has no driver.
openlane/Peripheral_GPIO\runs\Peripheral_GPIO\logs\synthesis\1-synthesis.log[1204]: Warning: Wire GPIO.\gpio0_output [10] is used but has no driver.
openlane/Peripheral_GPIO\runs\Peripheral_GPIO\logs\synthesis\1-synthesis.log[1205]: Warning: Wire GPIO.\gpio0_output [9] is used but has no driver.
openlane/Peripheral_GPIO\runs\Peripheral_GPIO\logs\synthesis\1-synthesis.log[1206]: Warning: Wire GPIO.\gpio0_output [8] is used but has no driver.
openlane/Peripheral_GPIO\runs\Peripheral_GPIO\logs\synthesis\1-synthesis.log[1207]: Warning: Wire GPIO.\gpio0_output [7] is used but has no driver.
openlane/Peripheral_GPIO\runs\Peripheral_GPIO\logs\synthesis\1-synthesis.log[1208]: Warning: Wire GPIO.\gpio0_output [6] is used but has no driver.
openlane/Peripheral_GPIO\runs\Peripheral_GPIO\logs\synthesis\1-synthesis.log[1209]: Warning: Wire GPIO.\gpio0_output [5] is used but has no driver.
openlane/Peripheral_GPIO\runs\Peripheral_GPIO\logs\synthesis\1-synthesis.log[1210]: Warning: Wire GPIO.\gpio0_output [4] is used but has no driver.
openlane/Peripheral_GPIO\runs\Peripheral_GPIO\logs\synthesis\1-synthesis.log[1211]: Warning: Wire GPIO.\gpio0_output [3] is used but has no driver.
openlane/Peripheral_GPIO\runs\Peripheral_GPIO\logs\synthesis\1-synthesis.log[1212]: Warning: Wire GPIO.\gpio0_output [2] is used but has no driver.
openlane/Peripheral_GPIO\runs\Peripheral_GPIO\logs\synthesis\1-synthesis.log[1213]: Warning: Wire GPIO.\gpio0_output [1] is used but has no driver.
openlane/Peripheral_GPIO\runs\Peripheral_GPIO\logs\synthesis\1-synthesis.log[1214]: Warning: Wire GPIO.\gpio0_output [0] is used but has no driver.
openlane/Peripheral_GPIO\runs\Peripheral_GPIO\logs\synthesis\1-synthesis.log[1215]: Warning: Wire GPIO.\gpio0_oe [18] is used but has no driver.
openlane/Peripheral_GPIO\runs\Peripheral_GPIO\logs\synthesis\1-synthesis.log[1216]: Warning: Wire GPIO.\gpio0_oe [17] is used but has no driver.
openlane/Peripheral_GPIO\runs\Peripheral_GPIO\logs\synthesis\1-synthesis.log[1217]: Warning: Wire GPIO.\gpio0_oe [16] is used but has no driver.
openlane/Peripheral_GPIO\runs\Peripheral_GPIO\logs\synthesis\1-synthesis.log[1218]: Warning: Wire GPIO.\gpio0_oe [15] is used but has no driver.
openlane/Peripheral_GPIO\runs\Peripheral_GPIO\logs\synthesis\1-synthesis.log[1219]: Warning: Wire GPIO.\gpio0_oe [14] is used but has no driver.
openlane/Peripheral_GPIO\runs\Peripheral_GPIO\logs\synthesis\1-synthesis.log[1220]: Warning: Wire GPIO.\gpio0_oe [13] is used but has no driver.
openlane/Peripheral_GPIO\runs\Peripheral_GPIO\logs\synthesis\1-synthesis.log[1221]: Warning: Wire GPIO.\gpio0_oe [12] is used but has no driver.
openlane/Peripheral_GPIO\runs\Peripheral_GPIO\logs\synthesis\1-synthesis.log[1222]: Warning: Wire GPIO.\gpio0_oe [11] is used but has no driver.
openlane/Peripheral_GPIO\runs\Peripheral_GPIO\logs\synthesis\1-synthesis.log[1223]: Warning: Wire GPIO.\gpio0_oe [10] is used but has no driver.
openlane/Peripheral_GPIO\runs\Peripheral_GPIO\logs\synthesis\1-synthesis.log[1224]: Warning: Wire GPIO.\gpio0_oe [9] is used but has no driver.
openlane/Peripheral_GPIO\runs\Peripheral_GPIO\logs\synthesis\1-synthesis.log[1225]: Warning: Wire GPIO.\gpio0_oe [8] is used but has no driver.
openlane/Peripheral_GPIO\runs\Peripheral_GPIO\logs\synthesis\1-synthesis.log[1226]: Warning: Wire GPIO.\gpio0_oe [7] is used but has no driver.
openlane/Peripheral_GPIO\runs\Peripheral_GPIO\logs\synthesis\1-synthesis.log[1227]: Warning: Wire GPIO.\gpio0_oe [6] is used but has no driver.
openlane/Peripheral_GPIO\runs\Peripheral_GPIO\logs\synthesis\1-synthesis.log[1228]: Warning: Wire GPIO.\gpio0_oe [5] is used but has no driver.
openlane/Peripheral_GPIO\runs\Peripheral_GPIO\logs\synthesis\1-synthesis.log[1229]: Warning: Wire GPIO.\gpio0_oe [4] is used but has no driver.
openlane/Peripheral_GPIO\runs\Peripheral_GPIO\logs\synthesis\1-synthesis.log[1230]: Warning: Wire GPIO.\gpio0_oe [3] is used but has no driver.
openlane/Peripheral_GPIO\runs\Peripheral_GPIO\logs\synthesis\1-synthesis.log[1231]: Warning: Wire GPIO.\gpio0_oe [2] is used but has no driver.
openlane/Peripheral_GPIO\runs\Peripheral_GPIO\logs\synthesis\1-synthesis.log[1232]: Warning: Wire GPIO.\gpio0_oe [1] is used but has no driver.
openlane/Peripheral_GPIO\runs\Peripheral_GPIO\logs\synthesis\1-synthesis.log[1233]: Warning: Wire GPIO.\gpio0_oe [0] is used but has no driver.
openlane/Peripheral_GPIO\runs\Peripheral_GPIO\logs\synthesis\1-synthesis.log[1277]: Warnings: 110 unique messages, 110 total
