[WARNING]: Skipping Tap/Decap Insertion.
[WARNING]: All internal macros will not be connected to power.
[WARNING]: All internal macros will not be connected to power.
[WARNING]: All internal macros will not be connected to power.
openlane/user_project_wrapper\runs\user_project_wrapper\logs\synthesis\1-synthesis.log[71]: /home/crab/windows/ASIC/PDKs/sky130A/libs.ref/sky130_sram_macros/verilog/sky130_sram_2kbyte_1rw1r_32x512_8.v:0: Warning: System task `$display' outside initial block is unsupported.
openlane/user_project_wrapper\runs\user_project_wrapper\logs\synthesis\1-synthesis.log[72]: /home/crab/windows/ASIC/PDKs/sky130A/libs.ref/sky130_sram_macros/verilog/sky130_sram_2kbyte_1rw1r_32x512_8.v:0: Warning: System task `$display' outside initial block is unsupported.
openlane/user_project_wrapper\runs\user_project_wrapper\logs\synthesis\1-synthesis.log[73]: /home/crab/windows/ASIC/PDKs/sky130A/libs.ref/sky130_sram_macros/verilog/sky130_sram_2kbyte_1rw1r_32x512_8.v:0: Warning: System task `$display' outside initial block is unsupported.
openlane/user_project_wrapper\runs\user_project_wrapper\logs\synthesis\1-synthesis.log[74]: /home/crab/windows/ASIC/PDKs/sky130A/libs.ref/sky130_sram_macros/verilog/sky130_sram_2kbyte_1rw1r_32x512_8.v:0: Warning: System task `$display' outside initial block is unsupported.
openlane/user_project_wrapper\runs\user_project_wrapper\logs\synthesis\1-synthesis.log[169]: Warning: Wire ExperiarSoC.\irq_en is used but has no driver.
openlane/user_project_wrapper\runs\user_project_wrapper\logs\synthesis\1-synthesis.log[170]: Warning: Wire ExperiarSoC.\flash_sck is used but has no driver.
openlane/user_project_wrapper\runs\user_project_wrapper\logs\synthesis\1-synthesis.log[171]: Warning: Wire ExperiarSoC.\flash_io1_write is used but has no driver.
openlane/user_project_wrapper\runs\user_project_wrapper\logs\synthesis\1-synthesis.log[172]: Warning: Wire ExperiarSoC.\flash_io1_we is used but has no driver.
openlane/user_project_wrapper\runs\user_project_wrapper\logs\synthesis\1-synthesis.log[173]: Warning: Wire ExperiarSoC.\flash_io0_write is used but has no driver.
openlane/user_project_wrapper\runs\user_project_wrapper\logs\synthesis\1-synthesis.log[174]: Warning: Wire ExperiarSoC.\flash_io0_we is used but has no driver.
openlane/user_project_wrapper\runs\user_project_wrapper\logs\synthesis\1-synthesis.log[175]: Warning: Wire ExperiarSoC.\flash_csb is used but has no driver.
openlane/user_project_wrapper\runs\user_project_wrapper\logs\synthesis\1-synthesis.log[177]: Warning: Wire user_project_wrapper.\user_irq [2] is used but has no driver.
openlane/user_project_wrapper\runs\user_project_wrapper\logs\synthesis\1-synthesis.log[178]: Warning: Wire user_project_wrapper.\user_irq [1] is used but has no driver.
openlane/user_project_wrapper\runs\user_project_wrapper\logs\synthesis\1-synthesis.log[179]: Warning: Wire user_project_wrapper.\user_irq [0] is used but has no driver.
openlane/user_project_wrapper\runs\user_project_wrapper\logs\synthesis\1-synthesis.log[259]: Warnings: 11 unique messages, 14 total
openlane/user_project_wrapper\runs\user_project_wrapper\logs\synthesis\2-synthesis.log[71]: /home/crab/windows/ASIC/PDKs/sky130A/libs.ref/sky130_sram_macros/verilog/sky130_sram_2kbyte_1rw1r_32x512_8.v:0: Warning: System task `$display' outside initial block is unsupported.
openlane/user_project_wrapper\runs\user_project_wrapper\logs\synthesis\2-synthesis.log[72]: /home/crab/windows/ASIC/PDKs/sky130A/libs.ref/sky130_sram_macros/verilog/sky130_sram_2kbyte_1rw1r_32x512_8.v:0: Warning: System task `$display' outside initial block is unsupported.
openlane/user_project_wrapper\runs\user_project_wrapper\logs\synthesis\2-synthesis.log[73]: /home/crab/windows/ASIC/PDKs/sky130A/libs.ref/sky130_sram_macros/verilog/sky130_sram_2kbyte_1rw1r_32x512_8.v:0: Warning: System task `$display' outside initial block is unsupported.
openlane/user_project_wrapper\runs\user_project_wrapper\logs\synthesis\2-synthesis.log[74]: /home/crab/windows/ASIC/PDKs/sky130A/libs.ref/sky130_sram_macros/verilog/sky130_sram_2kbyte_1rw1r_32x512_8.v:0: Warning: System task `$display' outside initial block is unsupported.
openlane/user_project_wrapper\runs\user_project_wrapper\logs\synthesis\2-synthesis.log[169]: Warning: Wire ExperiarSoC.\irq_en is used but has no driver.
openlane/user_project_wrapper\runs\user_project_wrapper\logs\synthesis\2-synthesis.log[170]: Warning: Wire ExperiarSoC.\flash_sck is used but has no driver.
openlane/user_project_wrapper\runs\user_project_wrapper\logs\synthesis\2-synthesis.log[171]: Warning: Wire ExperiarSoC.\flash_io1_write is used but has no driver.
openlane/user_project_wrapper\runs\user_project_wrapper\logs\synthesis\2-synthesis.log[172]: Warning: Wire ExperiarSoC.\flash_io1_we is used but has no driver.
openlane/user_project_wrapper\runs\user_project_wrapper\logs\synthesis\2-synthesis.log[173]: Warning: Wire ExperiarSoC.\flash_io0_write is used but has no driver.
openlane/user_project_wrapper\runs\user_project_wrapper\logs\synthesis\2-synthesis.log[174]: Warning: Wire ExperiarSoC.\flash_io0_we is used but has no driver.
openlane/user_project_wrapper\runs\user_project_wrapper\logs\synthesis\2-synthesis.log[175]: Warning: Wire ExperiarSoC.\flash_csb is used but has no driver.
openlane/user_project_wrapper\runs\user_project_wrapper\logs\synthesis\2-synthesis.log[177]: Warning: Wire user_project_wrapper.\user_irq [2] is used but has no driver.
openlane/user_project_wrapper\runs\user_project_wrapper\logs\synthesis\2-synthesis.log[178]: Warning: Wire user_project_wrapper.\user_irq [1] is used but has no driver.
openlane/user_project_wrapper\runs\user_project_wrapper\logs\synthesis\2-synthesis.log[179]: Warning: Wire user_project_wrapper.\user_irq [0] is used but has no driver.
openlane/user_project_wrapper\runs\user_project_wrapper\logs\synthesis\2-synthesis.log[259]: Warnings: 11 unique messages, 14 total
openlane/user_project_wrapper\runs\user_project_wrapper\logs\finishing\24-gdsii.log[85]: DEF Read: encountered 10 warnings total.
openlane/user_project_wrapper\runs\user_project_wrapper\logs\finishing\24-gdsii.log[926]: CIF file read warning: CIF style sky130(vendor): units rescaled by factor of 5 / 1
openlane/user_project_wrapper\runs\user_project_wrapper\logs\finishing\24-gdsii.log[927]: CIF file read warning: Input off lambda grid by 2/5; snapped to grid.
openlane/user_project_wrapper\runs\user_project_wrapper\logs\finishing\24-gds_ptrs.log[119]: CIF file read warning: CIF style sky130(vendor): units rescaled by factor of 5 / 1
openlane/user_project_wrapper\runs\user_project_wrapper\logs\finishing\24-gds_ptrs.log[402]: CIF file read warning: Input off lambda grid by 2/5; snapped to grid.
openlane/user_project_wrapper\runs\user_project_wrapper\logs\finishing\25-gdsii-klayout.log[20]: WARNING: no fill config file specified
openlane/user_project_wrapper\runs\user_project_wrapper\logs\finishing\26-spice.log[85]: DEF Read: encountered 10 warnings total.
openlane/user_project_wrapper\runs\user_project_wrapper\logs\finishing\27-write_powered_def.log[36]: warning: `//.tclsh-history' is not writable.
openlane/user_project_wrapper\runs\user_project_wrapper\logs\finishing\29-lef.log[1]: Warning: netgen command 'format' use fully-qualified name '::netgen::format'
openlane/user_project_wrapper\runs\user_project_wrapper\logs\finishing\29-lef.log[2]: Warning: netgen command 'global' use fully-qualified name '::netgen::global'
openlane/user_project_wrapper\runs\user_project_wrapper\logs\finishing\29-lef.log[6]: Warning:  A case-insensitive file has been read and so the	verilog file must be treated case-insensitive to match.
openlane/user_project_wrapper\runs\user_project_wrapper\logs\finishing\30-drc.log[119]: CIF file read warning: CIF style sky130(vendor): units rescaled by factor of 5 / 1
openlane/user_project_wrapper\runs\user_project_wrapper\logs\finishing\30-drc.log[420]: CIF file read warning: Input off lambda grid by 2/5; snapped to grid.
openlane/user_project_wrapper\runs\user_project_wrapper\reports\synthesis\1-synthesis.chk.rpt[3]: Warning: Wire ExperiarSoC.\irq_en is used but has no driver.
openlane/user_project_wrapper\runs\user_project_wrapper\reports\synthesis\1-synthesis.chk.rpt[4]: Warning: Wire ExperiarSoC.\flash_sck is used but has no driver.
openlane/user_project_wrapper\runs\user_project_wrapper\reports\synthesis\1-synthesis.chk.rpt[5]: Warning: Wire ExperiarSoC.\flash_io1_write is used but has no driver.
openlane/user_project_wrapper\runs\user_project_wrapper\reports\synthesis\1-synthesis.chk.rpt[6]: Warning: Wire ExperiarSoC.\flash_io1_we is used but has no driver.
openlane/user_project_wrapper\runs\user_project_wrapper\reports\synthesis\1-synthesis.chk.rpt[7]: Warning: Wire ExperiarSoC.\flash_io0_write is used but has no driver.
openlane/user_project_wrapper\runs\user_project_wrapper\reports\synthesis\1-synthesis.chk.rpt[8]: Warning: Wire ExperiarSoC.\flash_io0_we is used but has no driver.
openlane/user_project_wrapper\runs\user_project_wrapper\reports\synthesis\1-synthesis.chk.rpt[9]: Warning: Wire ExperiarSoC.\flash_csb is used but has no driver.
openlane/user_project_wrapper\runs\user_project_wrapper\reports\synthesis\1-synthesis.chk.rpt[11]: Warning: Wire user_project_wrapper.\user_irq [2] is used but has no driver.
openlane/user_project_wrapper\runs\user_project_wrapper\reports\synthesis\1-synthesis.chk.rpt[12]: Warning: Wire user_project_wrapper.\user_irq [1] is used but has no driver.
openlane/user_project_wrapper\runs\user_project_wrapper\reports\synthesis\1-synthesis.chk.rpt[13]: Warning: Wire user_project_wrapper.\user_irq [0] is used but has no driver.
openlane/user_project_wrapper\runs\user_project_wrapper\reports\synthesis\2-synthesis.chk.rpt[3]: Warning: Wire ExperiarSoC.\irq_en is used but has no driver.
openlane/user_project_wrapper\runs\user_project_wrapper\reports\synthesis\2-synthesis.chk.rpt[4]: Warning: Wire ExperiarSoC.\flash_sck is used but has no driver.
openlane/user_project_wrapper\runs\user_project_wrapper\reports\synthesis\2-synthesis.chk.rpt[5]: Warning: Wire ExperiarSoC.\flash_io1_write is used but has no driver.
openlane/user_project_wrapper\runs\user_project_wrapper\reports\synthesis\2-synthesis.chk.rpt[6]: Warning: Wire ExperiarSoC.\flash_io1_we is used but has no driver.
openlane/user_project_wrapper\runs\user_project_wrapper\reports\synthesis\2-synthesis.chk.rpt[7]: Warning: Wire ExperiarSoC.\flash_io0_write is used but has no driver.
openlane/user_project_wrapper\runs\user_project_wrapper\reports\synthesis\2-synthesis.chk.rpt[8]: Warning: Wire ExperiarSoC.\flash_io0_we is used but has no driver.
openlane/user_project_wrapper\runs\user_project_wrapper\reports\synthesis\2-synthesis.chk.rpt[9]: Warning: Wire ExperiarSoC.\flash_csb is used but has no driver.
openlane/user_project_wrapper\runs\user_project_wrapper\reports\synthesis\2-synthesis.chk.rpt[11]: Warning: Wire user_project_wrapper.\user_irq [2] is used but has no driver.
openlane/user_project_wrapper\runs\user_project_wrapper\reports\synthesis\2-synthesis.chk.rpt[12]: Warning: Wire user_project_wrapper.\user_irq [1] is used but has no driver.
openlane/user_project_wrapper\runs\user_project_wrapper\reports\synthesis\2-synthesis.chk.rpt[13]: Warning: Wire user_project_wrapper.\user_irq [0] is used but has no driver.
